[ 2015-08-10T14:29:51+08:00 ] 127.0.0.1 /myProject/thinkphpFrame/index.php/home/Data/showAll/
INFO: [ app_init ] --START--
INFO: Run Behavior\BuildLiteBehavior [ RunTime:0.000011s ]
INFO: [ app_init ] --END-- [ RunTime:0.000327s ]
INFO: [ app_begin ] --START--
INFO: Run Behavior\ReadHtmlCacheBehavior [ RunTime:0.000590s ]
INFO: [ app_begin ] --END-- [ RunTime:0.000638s ]
SQL: SHOW COLUMNS FROM `think_data` [ RunTime:0.0098s ]
SQL: SELECT * FROM `think_data`  [ RunTime:0.0003s ]
INFO: [ view_parse ] --START--
INFO: [ template_filter ] --START--
INFO: Run Behavior\ContentReplaceBehavior [ RunTime:0.000031s ]
INFO: [ template_filter ] --END-- [ RunTime:0.000075s ]
NOTIC: [8] Undefined index: name D:\wamp\www\myProject\thinkphpFrame\Application\Runtime\Cache\Home\dc8eb72084e95dabb1791de3a0a52a0c.php 第 1 行.
NOTIC: [8] Undefined index: name D:\wamp\www\myProject\thinkphpFrame\Application\Runtime\Cache\Home\dc8eb72084e95dabb1791de3a0a52a0c.php 第 1 行.
NOTIC: [8] Undefined index: name D:\wamp\www\myProject\thinkphpFrame\Application\Runtime\Cache\Home\dc8eb72084e95dabb1791de3a0a52a0c.php 第 1 行.
NOTIC: [8] Undefined index: name D:\wamp\www\myProject\thinkphpFrame\Application\Runtime\Cache\Home\dc8eb72084e95dabb1791de3a0a52a0c.php 第 1 行.
NOTIC: [8] Undefined index: name D:\wamp\www\myProject\thinkphpFrame\Application\Runtime\Cache\Home\dc8eb72084e95dabb1791de3a0a52a0c.php 第 1 行.
NOTIC: [8] Undefined index: name D:\wamp\www\myProject\thinkphpFrame\Application\Runtime\Cache\Home\dc8eb72084e95dabb1791de3a0a52a0c.php 第 1 行.
NOTIC: [8] Undefined index: name D:\wamp\www\myProject\thinkphpFrame\Application\Runtime\Cache\Home\dc8eb72084e95dabb1791de3a0a52a0c.php 第 1 行.
NOTIC: [8] Undefined index: name D:\wamp\www\myProject\thinkphpFrame\Application\Runtime\Cache\Home\dc8eb72084e95dabb1791de3a0a52a0c.php 第 1 行.
NOTIC: [8] Undefined index: name D:\wamp\www\myProject\thinkphpFrame\Application\Runtime\Cache\Home\dc8eb72084e95dabb1791de3a0a52a0c.php 第 1 行.
NOTIC: [8] Undefined index: name D:\wamp\www\myProject\thinkphpFrame\Application\Runtime\Cache\Home\dc8eb72084e95dabb1791de3a0a52a0c.php 第 1 行.
INFO: Run Behavior\ParseTemplateBehavior [ RunTime:0.009460s ]
INFO: [ view_parse ] --END-- [ RunTime:0.009506s ]
INFO: [ view_filter ] --START--
INFO: Run Behavior\WriteHtmlCacheBehavior [ RunTime:0.000321s ]
INFO: [ view_filter ] --END-- [ RunTime:0.000357s ]
INFO: [ app_end ] --START--
INFO: Run Behavior\ShowPageTraceBehavior [ RunTime:0.000520s ]
INFO: [ app_end ] --END-- [ RunTime:0.000560s ]

[ 2015-08-10T14:30:13+08:00 ] 127.0.0.1 /myProject/thinkphpFrame/index.php/home/Data/showAll/
INFO: [ app_init ] --START--
INFO: Run Behavior\BuildLiteBehavior [ RunTime:0.000033s ]
INFO: [ app_init ] --END-- [ RunTime:0.000791s ]
INFO: [ app_begin ] --START--
INFO: Run Behavior\ReadHtmlCacheBehavior [ RunTime:0.000594s ]
INFO: [ app_begin ] --END-- [ RunTime:0.000640s ]
SQL: SHOW COLUMNS FROM `think_data` [ RunTime:0.0038s ]
SQL: SELECT * FROM `think_data`  [ RunTime:0.0006s ]
INFO: [ view_parse ] --START--
INFO: [ template_filter ] --START--
INFO: Run Behavior\ContentReplaceBehavior [ RunTime:0.000033s ]
INFO: [ template_filter ] --END-- [ RunTime:0.000082s ]
INFO: Run Behavior\ParseTemplateBehavior [ RunTime:0.009502s ]
INFO: [ view_parse ] --END-- [ RunTime:0.009576s ]
INFO: [ view_filter ] --START--
INFO: Run Behavior\WriteHtmlCacheBehavior [ RunTime:0.000393s ]
INFO: [ view_filter ] --END-- [ RunTime:0.000439s ]
INFO: [ app_end ] --START--
INFO: Run Behavior\ShowPageTraceBehavior [ RunTime:0.000609s ]
INFO: [ app_end ] --END-- [ RunTime:0.000650s ]

[ 2015-08-10T14:31:24+08:00 ] 127.0.0.1 /myProject/thinkphpFrame/index.php/home/Data/showall/
INFO: [ app_init ] --START--
INFO: Run Behavior\BuildLiteBehavior [ RunTime:0.000012s ]
INFO: [ app_init ] --END-- [ RunTime:0.000291s ]
INFO: [ app_begin ] --START--
INFO: Run Behavior\ReadHtmlCacheBehavior [ RunTime:0.000542s ]
INFO: [ app_begin ] --END-- [ RunTime:0.000594s ]
SQL: SHOW COLUMNS FROM `think_data` [ RunTime:0.0032s ]
SQL: SELECT * FROM `think_data`  [ RunTime:0.0003s ]
INFO: [ view_parse ] --START--
INFO: [ template_filter ] --START--
INFO: Run Behavior\ContentReplaceBehavior [ RunTime:0.000038s ]
INFO: [ template_filter ] --END-- [ RunTime:0.000089s ]
INFO: Run Behavior\ParseTemplateBehavior [ RunTime:0.005837s ]
INFO: [ view_parse ] --END-- [ RunTime:0.005893s ]
INFO: [ view_filter ] --START--
INFO: Run Behavior\WriteHtmlCacheBehavior [ RunTime:0.000340s ]
INFO: [ view_filter ] --END-- [ RunTime:0.000378s ]
INFO: [ app_end ] --START--
INFO: Run Behavior\ShowPageTraceBehavior [ RunTime:0.000537s ]
INFO: [ app_end ] --END-- [ RunTime:0.000577s ]

[ 2015-08-10T14:31:37+08:00 ] 127.0.0.1 /myProject/thinkphpFrame/index.php/home/Data/showall/
INFO: [ app_init ] --START--
INFO: Run Behavior\BuildLiteBehavior [ RunTime:0.000019s ]
INFO: [ app_init ] --END-- [ RunTime:0.000507s ]
INFO: [ app_begin ] --START--
INFO: Run Behavior\ReadHtmlCacheBehavior [ RunTime:0.000840s ]
INFO: [ app_begin ] --END-- [ RunTime:0.000915s ]
SQL: SHOW COLUMNS FROM `think_data` [ RunTime:0.0034s ]
SQL: SELECT * FROM `think_data`  [ RunTime:0.0003s ]
INFO: [ view_parse ] --START--
INFO: [ template_filter ] --START--
INFO: Run Behavior\ContentReplaceBehavior [ RunTime:0.000047s ]
INFO: [ template_filter ] --END-- [ RunTime:0.000120s ]
INFO: Run Behavior\ParseTemplateBehavior [ RunTime:0.006886s ]
INFO: [ view_parse ] --END-- [ RunTime:0.006957s ]
INFO: [ view_filter ] --START--
INFO: Run Behavior\WriteHtmlCacheBehavior [ RunTime:0.000413s ]
INFO: [ view_filter ] --END-- [ RunTime:0.000459s ]
INFO: [ app_end ] --START--
INFO: Run Behavior\ShowPageTraceBehavior [ RunTime:0.000642s ]
INFO: [ app_end ] --END-- [ RunTime:0.000691s ]

[ 2015-08-10T14:33:07+08:00 ] 127.0.0.1 /myProject/thinkphpFrame/index.php/home/Data/showall/
INFO: [ app_init ] --START--
INFO: Run Behavior\BuildLiteBehavior [ RunTime:0.000017s ]
INFO: [ app_init ] --END-- [ RunTime:0.000465s ]
INFO: [ app_begin ] --START--
INFO: Run Behavior\ReadHtmlCacheBehavior [ RunTime:0.000864s ]
INFO: [ app_begin ] --END-- [ RunTime:0.000938s ]
SQL: SHOW COLUMNS FROM `think_data` [ RunTime:0.0030s ]
SQL: SELECT * FROM `think_data` LIMIT 5   [ RunTime:0.0003s ]
INFO: [ view_parse ] --START--
INFO: [ template_filter ] --START--
INFO: Run Behavior\ContentReplaceBehavior [ RunTime:0.000030s ]
INFO: [ template_filter ] --END-- [ RunTime:0.000075s ]
INFO: Run Behavior\ParseTemplateBehavior [ RunTime:0.005320s ]
INFO: [ view_parse ] --END-- [ RunTime:0.005372s ]
INFO: [ view_filter ] --START--
INFO: Run Behavior\WriteHtmlCacheBehavior [ RunTime:0.000318s ]
INFO: [ view_filter ] --END-- [ RunTime:0.000362s ]
INFO: [ app_end ] --START--
INFO: Run Behavior\ShowPageTraceBehavior [ RunTime:0.000526s ]
INFO: [ app_end ] --END-- [ RunTime:0.000571s ]

[ 2015-08-10T14:34:15+08:00 ] 127.0.0.1 /myProject/thinkphpFrame/index.php/home/Data/showall/
INFO: [ app_init ] --START--
INFO: Run Behavior\BuildLiteBehavior [ RunTime:0.000023s ]
INFO: [ app_init ] --END-- [ RunTime:0.000663s ]
INFO: [ app_begin ] --START--
INFO: Run Behavior\ReadHtmlCacheBehavior [ RunTime:0.000521s ]
INFO: [ app_begin ] --END-- [ RunTime:0.000567s ]
SQL: SHOW COLUMNS FROM `think_data` [ RunTime:0.0026s ]
SQL: SELECT * FROM `think_data` LIMIT 10   [ RunTime:0.0002s ]
INFO: [ view_parse ] --START--
INFO: [ template_filter ] --START--
INFO: Run Behavior\ContentReplaceBehavior [ RunTime:0.000031s ]
INFO: [ template_filter ] --END-- [ RunTime:0.000076s ]
INFO: Run Behavior\ParseTemplateBehavior [ RunTime:0.005337s ]
INFO: [ view_parse ] --END-- [ RunTime:0.005386s ]
INFO: [ view_filter ] --START--
INFO: Run Behavior\WriteHtmlCacheBehavior [ RunTime:0.000310s ]
INFO: [ view_filter ] --END-- [ RunTime:0.000347s ]
INFO: [ app_end ] --START--
INFO: Run Behavior\ShowPageTraceBehavior [ RunTime:0.000509s ]
INFO: [ app_end ] --END-- [ RunTime:0.000548s ]

[ 2015-08-10T14:34:40+08:00 ] 127.0.0.1 /myProject/thinkphpFrame/index.php/home/Data/showall/
INFO: [ app_init ] --START--
INFO: Run Behavior\BuildLiteBehavior [ RunTime:0.000019s ]
INFO: [ app_init ] --END-- [ RunTime:0.000498s ]
INFO: [ app_begin ] --START--
INFO: Run Behavior\ReadHtmlCacheBehavior [ RunTime:0.000712s ]
INFO: [ app_begin ] --END-- [ RunTime:0.000788s ]
SQL: SHOW COLUMNS FROM `think_data` [ RunTime:0.0027s ]
SQL: SELECT * FROM `think_data` LIMIT 10   [ RunTime:0.0003s ]
INFO: [ view_parse ] --START--
INFO: [ template_filter ] --START--
INFO: Run Behavior\ContentReplaceBehavior [ RunTime:0.000033s ]
INFO: [ template_filter ] --END-- [ RunTime:0.000082s ]
INFO: Run Behavior\ParseTemplateBehavior [ RunTime:0.008811s ]
INFO: [ view_parse ] --END-- [ RunTime:0.008864s ]
INFO: [ view_filter ] --START--
INFO: Run Behavior\WriteHtmlCacheBehavior [ RunTime:0.000235s ]
INFO: [ view_filter ] --END-- [ RunTime:0.000274s ]
INFO: [ app_end ] --START--
INFO: Run Behavior\ShowPageTraceBehavior [ RunTime:0.000434s ]
INFO: [ app_end ] --END-- [ RunTime:0.000473s ]

[ 2015-08-10T14:36:19+08:00 ] 127.0.0.1 /myProject/thinkphpFrame/index.php/home/Data/showall/
INFO: [ app_init ] --START--
INFO: Run Behavior\BuildLiteBehavior [ RunTime:0.000019s ]
INFO: [ app_init ] --END-- [ RunTime:0.000551s ]
INFO: [ app_begin ] --START--
INFO: Run Behavior\ReadHtmlCacheBehavior [ RunTime:0.000876s ]
INFO: [ app_begin ] --END-- [ RunTime:0.000977s ]
SQL: SHOW COLUMNS FROM `think_data` [ RunTime:0.0030s ]
SQL: SELECT * FROM `think_data` LIMIT 10   [ RunTime:0.0003s ]
INFO: [ view_parse ] --START--
INFO: [ template_filter ] --START--
INFO: Run Behavior\ContentReplaceBehavior [ RunTime:0.000035s ]
INFO: [ template_filter ] --END-- [ RunTime:0.000087s ]
NOTIC: [8] Undefined index: name D:\wamp\www\myProject\thinkphpFrame\Application\Runtime\Cache\Home\6e68960f7143fdf8ebcdd0e1ccc1a7ef.php 第 1 行.
NOTIC: [8] Undefined index: name D:\wamp\www\myProject\thinkphpFrame\Application\Runtime\Cache\Home\6e68960f7143fdf8ebcdd0e1ccc1a7ef.php 第 1 行.
NOTIC: [8] Undefined index: name D:\wamp\www\myProject\thinkphpFrame\Application\Runtime\Cache\Home\6e68960f7143fdf8ebcdd0e1ccc1a7ef.php 第 1 行.
NOTIC: [8] Undefined index: name D:\wamp\www\myProject\thinkphpFrame\Application\Runtime\Cache\Home\6e68960f7143fdf8ebcdd0e1ccc1a7ef.php 第 1 行.
NOTIC: [8] Undefined index: name D:\wamp\www\myProject\thinkphpFrame\Application\Runtime\Cache\Home\6e68960f7143fdf8ebcdd0e1ccc1a7ef.php 第 1 行.
INFO: Run Behavior\ParseTemplateBehavior [ RunTime:0.010594s ]
INFO: [ view_parse ] --END-- [ RunTime:0.010652s ]
INFO: [ view_filter ] --START--
INFO: Run Behavior\WriteHtmlCacheBehavior [ RunTime:0.000276s ]
INFO: [ view_filter ] --END-- [ RunTime:0.000317s ]
INFO: [ app_end ] --START--
INFO: Run Behavior\ShowPageTraceBehavior [ RunTime:0.000467s ]
INFO: [ app_end ] --END-- [ RunTime:0.000510s ]

[ 2015-08-10T14:36:33+08:00 ] 127.0.0.1 /myProject/thinkphpFrame/index.php/home/Data/showall/
INFO: [ app_init ] --START--
INFO: Run Behavior\BuildLiteBehavior [ RunTime:0.000023s ]
INFO: [ app_init ] --END-- [ RunTime:0.000439s ]
INFO: [ app_begin ] --START--
INFO: Run Behavior\ReadHtmlCacheBehavior [ RunTime:0.000587s ]
INFO: [ app_begin ] --END-- [ RunTime:0.000663s ]
SQL: SHOW COLUMNS FROM `think_data` [ RunTime:0.0026s ]
SQL: SELECT * FROM `think_data` LIMIT 10   [ RunTime:0.0002s ]
INFO: [ view_parse ] --START--
INFO: [ template_filter ] --START--
INFO: Run Behavior\ContentReplaceBehavior [ RunTime:0.000031s ]
INFO: [ template_filter ] --END-- [ RunTime:0.000080s ]
INFO: Run Behavior\ParseTemplateBehavior [ RunTime:0.005581s ]
INFO: [ view_parse ] --END-- [ RunTime:0.005631s ]
INFO: [ view_filter ] --START--
INFO: Run Behavior\WriteHtmlCacheBehavior [ RunTime:0.000162s ]
INFO: [ view_filter ] --END-- [ RunTime:0.000198s ]
INFO: [ app_end ] --START--
INFO: Run Behavior\ShowPageTraceBehavior [ RunTime:0.000356s ]
INFO: [ app_end ] --END-- [ RunTime:0.000394s ]

[ 2015-08-10T14:37:12+08:00 ] 127.0.0.1 /myProject/thinkphpFrame/index.php/home/Data/showall/
INFO: [ app_init ] --START--
INFO: Run Behavior\BuildLiteBehavior [ RunTime:0.000011s ]
INFO: [ app_init ] --END-- [ RunTime:0.000279s ]
INFO: [ app_begin ] --START--
INFO: Run Behavior\ReadHtmlCacheBehavior [ RunTime:0.000417s ]
INFO: [ app_begin ] --END-- [ RunTime:0.000461s ]
SQL: SHOW COLUMNS FROM `think_data` [ RunTime:0.0030s ]
SQL: SELECT * FROM `think_data` LIMIT 10   [ RunTime:0.0002s ]
INFO: [ view_parse ] --START--
INFO: [ template_filter ] --START--
INFO: Run Behavior\ContentReplaceBehavior [ RunTime:0.000031s ]
INFO: [ template_filter ] --END-- [ RunTime:0.000076s ]
INFO: Run Behavior\ParseTemplateBehavior [ RunTime:0.004874s ]
INFO: [ view_parse ] --END-- [ RunTime:0.004924s ]
INFO: [ view_filter ] --START--
INFO: Run Behavior\WriteHtmlCacheBehavior [ RunTime:0.000229s ]
INFO: [ view_filter ] --END-- [ RunTime:0.000265s ]
INFO: [ app_end ] --START--
INFO: Run Behavior\ShowPageTraceBehavior [ RunTime:0.000468s ]
INFO: [ app_end ] --END-- [ RunTime:0.000510s ]

[ 2015-08-10T14:44:09+08:00 ] 127.0.0.1 /myProject/thinkphpFrame/index.php/home/Data/showall/
INFO: [ app_init ] --START--
INFO: Run Behavior\BuildLiteBehavior [ RunTime:0.000029s ]
INFO: [ app_init ] --END-- [ RunTime:0.000790s ]
INFO: [ app_begin ] --START--
INFO: Run Behavior\ReadHtmlCacheBehavior [ RunTime:0.001124s ]
INFO: [ app_begin ] --END-- [ RunTime:0.001247s ]
SQL: SHOW COLUMNS FROM `think_data` [ RunTime:0.0040s ]
SQL: SELECT * FROM `think_data` LIMIT 10   [ RunTime:0.0004s ]
INFO: [ view_parse ] --START--
INFO: [ template_filter ] --START--
INFO: Run Behavior\ContentReplaceBehavior [ RunTime:0.000041s ]
INFO: [ template_filter ] --END-- [ RunTime:0.000106s ]
INFO: Run Behavior\ParseTemplateBehavior [ RunTime:0.012789s ]
INFO: [ view_parse ] --END-- [ RunTime:0.012868s ]
INFO: [ view_filter ] --START--
INFO: Run Behavior\WriteHtmlCacheBehavior [ RunTime:0.000318s ]
INFO: [ view_filter ] --END-- [ RunTime:0.000369s ]
INFO: [ app_end ] --START--
INFO: Run Behavior\ShowPageTraceBehavior [ RunTime:0.000705s ]
INFO: [ app_end ] --END-- [ RunTime:0.000764s ]

[ 2015-08-10T14:48:49+08:00 ] 127.0.0.1 /myProject/thinkphpFrame/index.php/home/Data/showall/
INFO: [ app_init ] --START--
INFO: Run Behavior\BuildLiteBehavior [ RunTime:0.000027s ]
INFO: [ app_init ] --END-- [ RunTime:0.000719s ]
INFO: [ app_begin ] --START--
INFO: Run Behavior\ReadHtmlCacheBehavior [ RunTime:0.000831s ]
INFO: [ app_begin ] --END-- [ RunTime:0.000907s ]
SQL: SHOW COLUMNS FROM `think_data` [ RunTime:0.0030s ]
SQL: SELECT * FROM `think_data` LIMIT 10   [ RunTime:0.0003s ]
INFO: [ view_parse ] --START--
INFO: [ template_filter ] --START--
INFO: Run Behavior\ContentReplaceBehavior [ RunTime:0.000030s ]
INFO: [ template_filter ] --END-- [ RunTime:0.000081s ]
INFO: Run Behavior\ParseTemplateBehavior [ RunTime:0.005604s ]
INFO: [ view_parse ] --END-- [ RunTime:0.005661s ]
INFO: [ view_filter ] --START--
INFO: Run Behavior\WriteHtmlCacheBehavior [ RunTime:0.000269s ]
INFO: [ view_filter ] --END-- [ RunTime:0.000309s ]
INFO: [ app_end ] --START--
INFO: Run Behavior\ShowPageTraceBehavior [ RunTime:0.000478s ]
INFO: [ app_end ] --END-- [ RunTime:0.000521s ]

[ 2015-08-10T14:49:33+08:00 ] 127.0.0.1 /myProject/thinkphpFrame/index.php/home/Data/showall/
INFO: [ app_init ] --START--
INFO: Run Behavior\BuildLiteBehavior [ RunTime:0.000020s ]
INFO: [ app_init ] --END-- [ RunTime:0.000544s ]
INFO: [ app_begin ] --START--
INFO: Run Behavior\ReadHtmlCacheBehavior [ RunTime:0.000826s ]
INFO: [ app_begin ] --END-- [ RunTime:0.000912s ]
SQL: SHOW COLUMNS FROM `think_data` [ RunTime:0.0037s ]
SQL: SELECT * FROM `think_data` LIMIT 10   [ RunTime:0.0003s ]
INFO: [ view_parse ] --START--
INFO: [ template_filter ] --START--
INFO: Run Behavior\ContentReplaceBehavior [ RunTime:0.000030s ]
INFO: [ template_filter ] --END-- [ RunTime:0.000076s ]
INFO: Run Behavior\ParseTemplateBehavior [ RunTime:0.004819s ]
INFO: [ view_parse ] --END-- [ RunTime:0.004868s ]
INFO: [ view_filter ] --START--
INFO: Run Behavior\WriteHtmlCacheBehavior [ RunTime:0.000221s ]
INFO: [ view_filter ] --END-- [ RunTime:0.000257s ]
INFO: [ app_end ] --START--
INFO: Run Behavior\ShowPageTraceBehavior [ RunTime:0.000413s ]
INFO: [ app_end ] --END-- [ RunTime:0.000450s ]

[ 2015-08-10T14:58:09+08:00 ] 127.0.0.1 /myProject/thinkphpFrame/index.php/home/Data/showall/
INFO: [ app_init ] --START--
INFO: Run Behavior\BuildLiteBehavior [ RunTime:0.000021s ]
INFO: [ app_init ] --END-- [ RunTime:0.000575s ]
INFO: [ app_begin ] --START--
INFO: Run Behavior\ReadHtmlCacheBehavior [ RunTime:0.000432s ]
INFO: [ app_begin ] --END-- [ RunTime:0.000478s ]
SQL: SHOW COLUMNS FROM `think_data` [ RunTime:0.0030s ]
SQL: SELECT * FROM `think_data` LIMIT 10   [ RunTime:0.0003s ]
INFO: [ view_parse ] --START--
INFO: [ template_filter ] --START--
INFO: Run Behavior\ContentReplaceBehavior [ RunTime:0.000028s ]
INFO: [ template_filter ] --END-- [ RunTime:0.000071s ]
INFO: Run Behavior\ParseTemplateBehavior [ RunTime:0.004689s ]
INFO: [ view_parse ] --END-- [ RunTime:0.004738s ]
INFO: [ view_filter ] --START--
INFO: Run Behavior\WriteHtmlCacheBehavior [ RunTime:0.000218s ]
INFO: [ view_filter ] --END-- [ RunTime:0.000255s ]
INFO: [ app_end ] --START--
INFO: Run Behavior\ShowPageTraceBehavior [ RunTime:0.000508s ]
INFO: [ app_end ] --END-- [ RunTime:0.000555s ]

[ 2015-08-10T14:58:19+08:00 ] 127.0.0.1 /myProject/thinkphpFrame/index.php/home/Data/showall/
INFO: [ app_init ] --START--
INFO: Run Behavior\BuildLiteBehavior [ RunTime:0.000018s ]
INFO: [ app_init ] --END-- [ RunTime:0.000500s ]
INFO: [ app_begin ] --START--
INFO: Run Behavior\ReadHtmlCacheBehavior [ RunTime:0.000444s ]
INFO: [ app_begin ] --END-- [ RunTime:0.000493s ]
SQL: SHOW COLUMNS FROM `think_data` [ RunTime:0.0027s ]
SQL: SELECT * FROM `think_data` LIMIT 10   [ RunTime:0.0002s ]
INFO: [ view_parse ] --START--
INFO: [ template_filter ] --START--
INFO: Run Behavior\ContentReplaceBehavior [ RunTime:0.000029s ]
INFO: [ template_filter ] --END-- [ RunTime:0.000073s ]
INFO: Run Behavior\ParseTemplateBehavior [ RunTime:0.004678s ]
INFO: [ view_parse ] --END-- [ RunTime:0.004729s ]
INFO: [ view_filter ] --START--
INFO: Run Behavior\WriteHtmlCacheBehavior [ RunTime:0.000219s ]
INFO: [ view_filter ] --END-- [ RunTime:0.000254s ]
INFO: [ app_end ] --START--
INFO: Run Behavior\ShowPageTraceBehavior [ RunTime:0.000420s ]
INFO: [ app_end ] --END-- [ RunTime:0.000460s ]

[ 2015-08-10T15:02:45+08:00 ] 127.0.0.1 /myProject/thinkphpFrame/index.php/home/Data/showall/
INFO: [ app_init ] --START--
INFO: Run Behavior\BuildLiteBehavior [ RunTime:0.000014s ]
INFO: [ app_init ] --END-- [ RunTime:0.000376s ]
INFO: [ app_begin ] --START--
INFO: Run Behavior\ReadHtmlCacheBehavior [ RunTime:0.000662s ]
INFO: [ app_begin ] --END-- [ RunTime:0.000727s ]
SQL: SHOW COLUMNS FROM `think_data` [ RunTime:0.0035s ]
SQL: SELECT * FROM `think_data` LIMIT 10   [ RunTime:0.0003s ]
INFO: [ view_parse ] --START--
INFO: [ template_filter ] --START--
INFO: Run Behavior\ContentReplaceBehavior [ RunTime:0.000027s ]
INFO: [ template_filter ] --END-- [ RunTime:0.000072s ]
NOTIC: [8] Undefined variable: Data D:\wamp\www\myProject\thinkphpFrame\Application\Runtime\Cache\Home\6e68960f7143fdf8ebcdd0e1ccc1a7ef.php 第 1 行.
INFO: Run Behavior\ParseTemplateBehavior [ RunTime:0.004398s ]
INFO: [ view_parse ] --END-- [ RunTime:0.004443s ]
INFO: [ view_filter ] --START--
INFO: Run Behavior\WriteHtmlCacheBehavior [ RunTime:0.000220s ]
INFO: [ view_filter ] --END-- [ RunTime:0.000256s ]
INFO: [ app_end ] --START--
INFO: Run Behavior\ShowPageTraceBehavior [ RunTime:0.000440s ]
INFO: [ app_end ] --END-- [ RunTime:0.000479s ]

[ 2015-08-10T15:03:48+08:00 ] 127.0.0.1 /myProject/thinkphpFrame/index.php/home/Data/showall/
INFO: [ app_init ] --START--
INFO: Run Behavior\BuildLiteBehavior [ RunTime:0.000026s ]
INFO: [ app_init ] --END-- [ RunTime:0.000723s ]
INFO: [ app_begin ] --START--
INFO: Run Behavior\ReadHtmlCacheBehavior [ RunTime:0.001093s ]
INFO: [ app_begin ] --END-- [ RunTime:0.001208s ]
SQL: SHOW COLUMNS FROM `think_data` [ RunTime:0.0029s ]
SQL: SELECT * FROM `think_data` LIMIT 10   [ RunTime:0.0003s ]
INFO: [ view_parse ] --START--
INFO: [ template_filter ] --START--
INFO: Run Behavior\ContentReplaceBehavior [ RunTime:0.000030s ]
INFO: [ template_filter ] --END-- [ RunTime:0.000078s ]
NOTIC: [8] Undefined variable: Data D:\wamp\www\myProject\thinkphpFrame\Application\Runtime\Cache\Home\6e68960f7143fdf8ebcdd0e1ccc1a7ef.php 第 1 行.
INFO: Run Behavior\ParseTemplateBehavior [ RunTime:0.004644s ]
INFO: [ view_parse ] --END-- [ RunTime:0.004691s ]
INFO: [ view_filter ] --START--
INFO: Run Behavior\WriteHtmlCacheBehavior [ RunTime:0.000230s ]
INFO: [ view_filter ] --END-- [ RunTime:0.000270s ]
INFO: [ app_end ] --START--
INFO: Run Behavior\ShowPageTraceBehavior [ RunTime:0.000445s ]
INFO: [ app_end ] --END-- [ RunTime:0.000486s ]

[ 2015-08-10T15:03:51+08:00 ] 127.0.0.1 /myProject/thinkphpFrame/index.php/home/Data/showall/
INFO: [ app_init ] --START--
INFO: Run Behavior\BuildLiteBehavior [ RunTime:0.000014s ]
INFO: [ app_init ] --END-- [ RunTime:0.000349s ]
INFO: [ app_begin ] --START--
INFO: Run Behavior\ReadHtmlCacheBehavior [ RunTime:0.000493s ]
INFO: [ app_begin ] --END-- [ RunTime:0.000555s ]
SQL: SHOW COLUMNS FROM `think_data` [ RunTime:0.0036s ]
SQL: SELECT * FROM `think_data` LIMIT 10   [ RunTime:0.0002s ]
INFO: [ view_parse ] --START--
INFO: [ template_filter ] --START--
INFO: Run Behavior\ContentReplaceBehavior [ RunTime:0.000028s ]
INFO: [ template_filter ] --END-- [ RunTime:0.000071s ]
NOTIC: [8] Undefined variable: Data D:\wamp\www\myProject\thinkphpFrame\Application\Runtime\Cache\Home\6e68960f7143fdf8ebcdd0e1ccc1a7ef.php 第 1 行.
INFO: Run Behavior\ParseTemplateBehavior [ RunTime:0.004109s ]
INFO: [ view_parse ] --END-- [ RunTime:0.004150s ]
INFO: [ view_filter ] --START--
INFO: Run Behavior\WriteHtmlCacheBehavior [ RunTime:0.000153s ]
INFO: [ view_filter ] --END-- [ RunTime:0.000189s ]
INFO: [ app_end ] --START--
INFO: Run Behavior\ShowPageTraceBehavior [ RunTime:0.000365s ]
INFO: [ app_end ] --END-- [ RunTime:0.000402s ]

[ 2015-08-10T15:03:51+08:00 ] 127.0.0.1 /myProject/thinkphpFrame/index.php/home/Data/showall/
INFO: [ app_init ] --START--
INFO: Run Behavior\BuildLiteBehavior [ RunTime:0.000019s ]
INFO: [ app_init ] --END-- [ RunTime:0.000447s ]
INFO: [ app_begin ] --START--
INFO: Run Behavior\ReadHtmlCacheBehavior [ RunTime:0.000604s ]
INFO: [ app_begin ] --END-- [ RunTime:0.000680s ]
SQL: SHOW COLUMNS FROM `think_data` [ RunTime:0.0029s ]
SQL: SELECT * FROM `think_data` LIMIT 10   [ RunTime:0.0002s ]
INFO: [ view_parse ] --START--
INFO: [ template_filter ] --START--
INFO: Run Behavior\ContentReplaceBehavior [ RunTime:0.000028s ]
INFO: [ template_filter ] --END-- [ RunTime:0.000078s ]
NOTIC: [8] Undefined variable: Data D:\wamp\www\myProject\thinkphpFrame\Application\Runtime\Cache\Home\6e68960f7143fdf8ebcdd0e1ccc1a7ef.php 第 1 行.
INFO: Run Behavior\ParseTemplateBehavior [ RunTime:0.004356s ]
INFO: [ view_parse ] --END-- [ RunTime:0.004400s ]
INFO: [ view_filter ] --START--
INFO: Run Behavior\WriteHtmlCacheBehavior [ RunTime:0.000158s ]
INFO: [ view_filter ] --END-- [ RunTime:0.000193s ]
INFO: [ app_end ] --START--
INFO: Run Behavior\ShowPageTraceBehavior [ RunTime:0.000372s ]
INFO: [ app_end ] --END-- [ RunTime:0.000410s ]

[ 2015-08-10T15:03:51+08:00 ] 127.0.0.1 /myProject/thinkphpFrame/index.php/home/Data/showall/
INFO: [ app_init ] --START--
INFO: Run Behavior\BuildLiteBehavior [ RunTime:0.000010s ]
INFO: [ app_init ] --END-- [ RunTime:0.000250s ]
INFO: [ app_begin ] --START--
INFO: Run Behavior\ReadHtmlCacheBehavior [ RunTime:0.000349s ]
INFO: [ app_begin ] --END-- [ RunTime:0.000392s ]
SQL: SHOW COLUMNS FROM `think_data` [ RunTime:0.0028s ]
SQL: SELECT * FROM `think_data` LIMIT 10   [ RunTime:0.0002s ]
INFO: [ view_parse ] --START--
INFO: [ template_filter ] --START--
INFO: Run Behavior\ContentReplaceBehavior [ RunTime:0.000029s ]
INFO: [ template_filter ] --END-- [ RunTime:0.000073s ]
NOTIC: [8] Undefined variable: Data D:\wamp\www\myProject\thinkphpFrame\Application\Runtime\Cache\Home\6e68960f7143fdf8ebcdd0e1ccc1a7ef.php 第 1 行.
INFO: Run Behavior\ParseTemplateBehavior [ RunTime:0.004181s ]
INFO: [ view_parse ] --END-- [ RunTime:0.004225s ]
INFO: [ view_filter ] --START--
INFO: Run Behavior\WriteHtmlCacheBehavior [ RunTime:0.000158s ]
INFO: [ view_filter ] --END-- [ RunTime:0.000193s ]
INFO: [ app_end ] --START--
INFO: Run Behavior\ShowPageTraceBehavior [ RunTime:0.000491s ]
INFO: [ app_end ] --END-- [ RunTime:0.000537s ]

[ 2015-08-10T15:03:52+08:00 ] 127.0.0.1 /myProject/thinkphpFrame/index.php/home/Data/showall/
INFO: [ app_init ] --START--
INFO: Run Behavior\BuildLiteBehavior [ RunTime:0.000012s ]
INFO: [ app_init ] --END-- [ RunTime:0.000263s ]
INFO: [ app_begin ] --START--
INFO: Run Behavior\ReadHtmlCacheBehavior [ RunTime:0.000500s ]
INFO: [ app_begin ] --END-- [ RunTime:0.000552s ]
SQL: SHOW COLUMNS FROM `think_data` [ RunTime:0.0028s ]
SQL: SELECT * FROM `think_data` LIMIT 10   [ RunTime:0.0003s ]
INFO: [ view_parse ] --START--
INFO: [ template_filter ] --START--
INFO: Run Behavior\ContentReplaceBehavior [ RunTime:0.000030s ]
INFO: [ template_filter ] --END-- [ RunTime:0.000076s ]
NOTIC: [8] Undefined variable: Data D:\wamp\www\myProject\thinkphpFrame\Application\Runtime\Cache\Home\6e68960f7143fdf8ebcdd0e1ccc1a7ef.php 第 1 行.
INFO: Run Behavior\ParseTemplateBehavior [ RunTime:0.004351s ]
INFO: [ view_parse ] --END-- [ RunTime:0.004395s ]
INFO: [ view_filter ] --START--
INFO: Run Behavior\WriteHtmlCacheBehavior [ RunTime:0.000158s ]
INFO: [ view_filter ] --END-- [ RunTime:0.000199s ]
INFO: [ app_end ] --START--
INFO: Run Behavior\ShowPageTraceBehavior [ RunTime:0.000364s ]
INFO: [ app_end ] --END-- [ RunTime:0.000402s ]

[ 2015-08-10T15:03:56+08:00 ] 127.0.0.1 /myProject/thinkphpFrame/index.php/home/Data/showall/
INFO: [ app_init ] --START--
INFO: Run Behavior\BuildLiteBehavior [ RunTime:0.000012s ]
INFO: [ app_init ] --END-- [ RunTime:0.000269s ]
INFO: [ app_begin ] --START--
INFO: Run Behavior\ReadHtmlCacheBehavior [ RunTime:0.000376s ]
INFO: [ app_begin ] --END-- [ RunTime:0.000422s ]
SQL: SHOW COLUMNS FROM `think_data` [ RunTime:0.0028s ]
SQL: SELECT * FROM `think_data` LIMIT 10   [ RunTime:0.0003s ]
INFO: [ view_parse ] --START--
INFO: [ template_filter ] --START--
INFO: Run Behavior\ContentReplaceBehavior [ RunTime:0.000031s ]
INFO: [ template_filter ] --END-- [ RunTime:0.000086s ]
NOTIC: [8] Undefined variable: Data D:\wamp\www\myProject\thinkphpFrame\Application\Runtime\Cache\Home\6e68960f7143fdf8ebcdd0e1ccc1a7ef.php 第 1 行.
INFO: Run Behavior\ParseTemplateBehavior [ RunTime:0.005386s ]
INFO: [ view_parse ] --END-- [ RunTime:0.005430s ]
INFO: [ view_filter ] --START--
INFO: Run Behavior\WriteHtmlCacheBehavior [ RunTime:0.000166s ]
INFO: [ view_filter ] --END-- [ RunTime:0.000203s ]
INFO: [ app_end ] --START--
INFO: Run Behavior\ShowPageTraceBehavior [ RunTime:0.000515s ]
INFO: [ app_end ] --END-- [ RunTime:0.000558s ]

[ 2015-08-10T15:03:57+08:00 ] 127.0.0.1 /myProject/thinkphpFrame/index.php/home/Data/showall/
INFO: [ app_init ] --START--
INFO: Run Behavior\BuildLiteBehavior [ RunTime:0.000017s ]
INFO: [ app_init ] --END-- [ RunTime:0.000393s ]
INFO: [ app_begin ] --START--
INFO: Run Behavior\ReadHtmlCacheBehavior [ RunTime:0.000550s ]
INFO: [ app_begin ] --END-- [ RunTime:0.000619s ]
SQL: SHOW COLUMNS FROM `think_data` [ RunTime:0.0031s ]
SQL: SELECT * FROM `think_data` LIMIT 10   [ RunTime:0.0002s ]
INFO: [ view_parse ] --START--
INFO: [ template_filter ] --START--
INFO: Run Behavior\ContentReplaceBehavior [ RunTime:0.000031s ]
INFO: [ template_filter ] --END-- [ RunTime:0.000080s ]
NOTIC: [8] Undefined variable: Data D:\wamp\www\myProject\thinkphpFrame\Application\Runtime\Cache\Home\6e68960f7143fdf8ebcdd0e1ccc1a7ef.php 第 1 行.
INFO: Run Behavior\ParseTemplateBehavior [ RunTime:0.004856s ]
INFO: [ view_parse ] --END-- [ RunTime:0.004908s ]
INFO: [ view_filter ] --START--
INFO: Run Behavior\WriteHtmlCacheBehavior [ RunTime:0.000168s ]
INFO: [ view_filter ] --END-- [ RunTime:0.000207s ]
INFO: [ app_end ] --START--
INFO: Run Behavior\ShowPageTraceBehavior [ RunTime:0.000379s ]
INFO: [ app_end ] --END-- [ RunTime:0.000418s ]

[ 2015-08-10T15:03:57+08:00 ] 127.0.0.1 /myProject/thinkphpFrame/index.php/home/Data/showall/
INFO: [ app_init ] --START--
INFO: Run Behavior\BuildLiteBehavior [ RunTime:0.000011s ]
INFO: [ app_init ] --END-- [ RunTime:0.000256s ]
INFO: [ app_begin ] --START--
INFO: Run Behavior\ReadHtmlCacheBehavior [ RunTime:0.000350s ]
INFO: [ app_begin ] --END-- [ RunTime:0.000395s ]
SQL: SHOW COLUMNS FROM `think_data` [ RunTime:0.0026s ]
SQL: SELECT * FROM `think_data` LIMIT 10   [ RunTime:0.0002s ]
INFO: [ view_parse ] --START--
INFO: [ template_filter ] --START--
INFO: Run Behavior\ContentReplaceBehavior [ RunTime:0.000028s ]
INFO: [ template_filter ] --END-- [ RunTime:0.000076s ]
NOTIC: [8] Undefined variable: Data D:\wamp\www\myProject\thinkphpFrame\Application\Runtime\Cache\Home\6e68960f7143fdf8ebcdd0e1ccc1a7ef.php 第 1 行.
INFO: Run Behavior\ParseTemplateBehavior [ RunTime:0.004212s ]
INFO: [ view_parse ] --END-- [ RunTime:0.004254s ]
INFO: [ view_filter ] --START--
INFO: Run Behavior\WriteHtmlCacheBehavior [ RunTime:0.000156s ]
INFO: [ view_filter ] --END-- [ RunTime:0.000195s ]
INFO: [ app_end ] --START--
INFO: Run Behavior\ShowPageTraceBehavior [ RunTime:0.000364s ]
INFO: [ app_end ] --END-- [ RunTime:0.000403s ]

[ 2015-08-10T15:05:10+08:00 ] 127.0.0.1 /myProject/thinkphpFrame/index.php/home/Data/showall/
INFO: [ app_init ] --START--
INFO: Run Behavior\BuildLiteBehavior [ RunTime:0.000016s ]
INFO: [ app_init ] --END-- [ RunTime:0.000382s ]
INFO: [ app_begin ] --START--
INFO: Run Behavior\ReadHtmlCacheBehavior [ RunTime:0.000558s ]
INFO: [ app_begin ] --END-- [ RunTime:0.000628s ]
SQL: SHOW COLUMNS FROM `think_data` [ RunTime:0.0041s ]
SQL: SELECT * FROM `think_data` LIMIT 10   [ RunTime:0.0004s ]
INFO: [ view_parse ] --START--
INFO: [ template_filter ] --START--
INFO: Run Behavior\ContentReplaceBehavior [ RunTime:0.000031s ]
INFO: [ template_filter ] --END-- [ RunTime:0.000084s ]
NOTIC: [8] Undefined variable: Data D:\wamp\www\myProject\thinkphpFrame\Application\Runtime\Cache\Home\6e68960f7143fdf8ebcdd0e1ccc1a7ef.php 第 1 行.
INFO: Run Behavior\ParseTemplateBehavior [ RunTime:0.005916s ]
INFO: [ view_parse ] --END-- [ RunTime:0.005971s ]
INFO: [ view_filter ] --START--
INFO: Run Behavior\WriteHtmlCacheBehavior [ RunTime:0.000164s ]
INFO: [ view_filter ] --END-- [ RunTime:0.000200s ]
INFO: [ app_end ] --START--
INFO: Run Behavior\ShowPageTraceBehavior [ RunTime:0.000372s ]
INFO: [ app_end ] --END-- [ RunTime:0.000411s ]

[ 2015-08-10T15:05:29+08:00 ] 127.0.0.1 /myProject/thinkphpFrame/index.php/home/Data/showall/
INFO: [ app_init ] --START--
INFO: Run Behavior\BuildLiteBehavior [ RunTime:0.000017s ]
INFO: [ app_init ] --END-- [ RunTime:0.000458s ]
INFO: [ app_begin ] --START--
INFO: Run Behavior\ReadHtmlCacheBehavior [ RunTime:0.000708s ]
INFO: [ app_begin ] --END-- [ RunTime:0.000785s ]
SQL: SHOW COLUMNS FROM `think_data` [ RunTime:0.0045s ]
SQL: SELECT * FROM `think_data` LIMIT 10   [ RunTime:0.0005s ]
INFO: [ view_parse ] --START--
INFO: [ template_filter ] --START--
INFO: Run Behavior\ContentReplaceBehavior [ RunTime:0.000029s ]
INFO: [ template_filter ] --END-- [ RunTime:0.000080s ]
NOTIC: [8] Undefined variable: Data D:\wamp\www\myProject\thinkphpFrame\Application\Runtime\Cache\Home\6e68960f7143fdf8ebcdd0e1ccc1a7ef.php 第 1 行.
INFO: Run Behavior\ParseTemplateBehavior [ RunTime:0.006178s ]
INFO: [ view_parse ] --END-- [ RunTime:0.006238s ]
INFO: [ view_filter ] --START--
INFO: Run Behavior\WriteHtmlCacheBehavior [ RunTime:0.000221s ]
INFO: [ view_filter ] --END-- [ RunTime:0.000257s ]
INFO: [ app_end ] --START--
INFO: Run Behavior\ShowPageTraceBehavior [ RunTime:0.000436s ]
INFO: [ app_end ] --END-- [ RunTime:0.000474s ]

[ 2015-08-10T15:05:30+08:00 ] 127.0.0.1 /myProject/thinkphpFrame/index.php/home/Data/showall/
INFO: [ app_init ] --START--
INFO: Run Behavior\BuildLiteBehavior [ RunTime:0.000010s ]
INFO: [ app_init ] --END-- [ RunTime:0.000247s ]
INFO: [ app_begin ] --START--
INFO: Run Behavior\ReadHtmlCacheBehavior [ RunTime:0.000344s ]
INFO: [ app_begin ] --END-- [ RunTime:0.000386s ]
SQL: SHOW COLUMNS FROM `think_data` [ RunTime:0.0028s ]
SQL: SELECT * FROM `think_data` LIMIT 10   [ RunTime:0.0003s ]
INFO: [ view_parse ] --START--
INFO: [ template_filter ] --START--
INFO: Run Behavior\ContentReplaceBehavior [ RunTime:0.000029s ]
INFO: [ template_filter ] --END-- [ RunTime:0.000078s ]
NOTIC: [8] Undefined variable: Data D:\wamp\www\myProject\thinkphpFrame\Application\Runtime\Cache\Home\6e68960f7143fdf8ebcdd0e1ccc1a7ef.php 第 1 行.
INFO: Run Behavior\ParseTemplateBehavior [ RunTime:0.004236s ]
INFO: [ view_parse ] --END-- [ RunTime:0.004281s ]
INFO: [ view_filter ] --START--
INFO: Run Behavior\WriteHtmlCacheBehavior [ RunTime:0.000171s ]
INFO: [ view_filter ] --END-- [ RunTime:0.000208s ]
INFO: [ app_end ] --START--
INFO: Run Behavior\ShowPageTraceBehavior [ RunTime:0.000376s ]
INFO: [ app_end ] --END-- [ RunTime:0.000415s ]

[ 2015-08-10T15:05:30+08:00 ] 127.0.0.1 /myProject/thinkphpFrame/index.php/home/Data/showall/
INFO: [ app_init ] --START--
INFO: Run Behavior\BuildLiteBehavior [ RunTime:0.000012s ]
INFO: [ app_init ] --END-- [ RunTime:0.000273s ]
INFO: [ app_begin ] --START--
INFO: Run Behavior\ReadHtmlCacheBehavior [ RunTime:0.000506s ]
INFO: [ app_begin ] --END-- [ RunTime:0.000572s ]
SQL: SHOW COLUMNS FROM `think_data` [ RunTime:0.0027s ]
SQL: SELECT * FROM `think_data` LIMIT 10   [ RunTime:0.0002s ]
INFO: [ view_parse ] --START--
INFO: [ template_filter ] --START--
INFO: Run Behavior\ContentReplaceBehavior [ RunTime:0.000028s ]
INFO: [ template_filter ] --END-- [ RunTime:0.000072s ]
NOTIC: [8] Undefined variable: Data D:\wamp\www\myProject\thinkphpFrame\Application\Runtime\Cache\Home\6e68960f7143fdf8ebcdd0e1ccc1a7ef.php 第 1 行.
INFO: Run Behavior\ParseTemplateBehavior [ RunTime:0.004096s ]
INFO: [ view_parse ] --END-- [ RunTime:0.004139s ]
INFO: [ view_filter ] --START--
INFO: Run Behavior\WriteHtmlCacheBehavior [ RunTime:0.000157s ]
INFO: [ view_filter ] --END-- [ RunTime:0.000192s ]
INFO: [ app_end ] --START--
INFO: Run Behavior\ShowPageTraceBehavior [ RunTime:0.000364s ]
INFO: [ app_end ] --END-- [ RunTime:0.000401s ]

[ 2015-08-10T15:05:30+08:00 ] 127.0.0.1 /myProject/thinkphpFrame/index.php/home/Data/showall/
INFO: [ app_init ] --START--
INFO: Run Behavior\BuildLiteBehavior [ RunTime:0.000027s ]
INFO: [ app_init ] --END-- [ RunTime:0.000267s ]
INFO: [ app_begin ] --START--
INFO: Run Behavior\ReadHtmlCacheBehavior [ RunTime:0.000344s ]
INFO: [ app_begin ] --END-- [ RunTime:0.000386s ]
SQL: SHOW COLUMNS FROM `think_data` [ RunTime:0.0034s ]
SQL: SELECT * FROM `think_data` LIMIT 10   [ RunTime:0.0003s ]
INFO: [ view_parse ] --START--
INFO: [ template_filter ] --START--
INFO: Run Behavior\ContentReplaceBehavior [ RunTime:0.000028s ]
INFO: [ template_filter ] --END-- [ RunTime:0.000073s ]
NOTIC: [8] Undefined variable: Data D:\wamp\www\myProject\thinkphpFrame\Application\Runtime\Cache\Home\6e68960f7143fdf8ebcdd0e1ccc1a7ef.php 第 1 行.
INFO: Run Behavior\ParseTemplateBehavior [ RunTime:0.004097s ]
INFO: [ view_parse ] --END-- [ RunTime:0.004139s ]
INFO: [ view_filter ] --START--
INFO: Run Behavior\WriteHtmlCacheBehavior [ RunTime:0.000156s ]
INFO: [ view_filter ] --END-- [ RunTime:0.000191s ]
INFO: [ app_end ] --START--
INFO: Run Behavior\ShowPageTraceBehavior [ RunTime:0.000366s ]
INFO: [ app_end ] --END-- [ RunTime:0.000404s ]

[ 2015-08-10T15:05:52+08:00 ] 127.0.0.1 /myProject/thinkphpFrame/index.php/home/Data/showall/
INFO: [ app_init ] --START--
INFO: Run Behavior\BuildLiteBehavior [ RunTime:0.000027s ]
INFO: [ app_init ] --END-- [ RunTime:0.000721s ]
INFO: [ app_begin ] --START--
INFO: Run Behavior\ReadHtmlCacheBehavior [ RunTime:0.001110s ]
INFO: [ app_begin ] --END-- [ RunTime:0.001231s ]
SQL: SHOW COLUMNS FROM `think_data` [ RunTime:0.0029s ]
SQL: SELECT * FROM `think_data` LIMIT 1   [ RunTime:0.0003s ]
INFO: [ view_parse ] --START--
INFO: [ template_filter ] --START--
INFO: Run Behavior\ContentReplaceBehavior [ RunTime:0.000033s ]
INFO: [ template_filter ] --END-- [ RunTime:0.000086s ]
NOTIC: [8] Undefined variable: Data D:\wamp\www\myProject\thinkphpFrame\Application\Runtime\Cache\Home\6e68960f7143fdf8ebcdd0e1ccc1a7ef.php 第 1 行.
INFO: Run Behavior\ParseTemplateBehavior [ RunTime:0.005107s ]
INFO: [ view_parse ] --END-- [ RunTime:0.005163s ]
INFO: [ view_filter ] --START--
INFO: Run Behavior\WriteHtmlCacheBehavior [ RunTime:0.000250s ]
INFO: [ view_filter ] --END-- [ RunTime:0.000292s ]
INFO: [ app_end ] --START--
INFO: Run Behavior\ShowPageTraceBehavior [ RunTime:0.000493s ]
INFO: [ app_end ] --END-- [ RunTime:0.000537s ]

[ 2015-08-10T15:05:55+08:00 ] 127.0.0.1 /myProject/thinkphpFrame/index.php/home/Data/showall/
INFO: [ app_init ] --START--
INFO: Run Behavior\BuildLiteBehavior [ RunTime:0.000017s ]
INFO: [ app_init ] --END-- [ RunTime:0.000423s ]
INFO: [ app_begin ] --START--
INFO: Run Behavior\ReadHtmlCacheBehavior [ RunTime:0.000606s ]
INFO: [ app_begin ] --END-- [ RunTime:0.000685s ]
SQL: SHOW COLUMNS FROM `think_data` [ RunTime:0.0059s ]
SQL: SELECT * FROM `think_data` LIMIT 1   [ RunTime:0.0004s ]
INFO: [ view_parse ] --START--
INFO: [ template_filter ] --START--
INFO: Run Behavior\ContentReplaceBehavior [ RunTime:0.000045s ]
INFO: [ template_filter ] --END-- [ RunTime:0.000123s ]
NOTIC: [8] Undefined variable: Data D:\wamp\www\myProject\thinkphpFrame\Application\Runtime\Cache\Home\6e68960f7143fdf8ebcdd0e1ccc1a7ef.php 第 1 行.
INFO: Run Behavior\ParseTemplateBehavior [ RunTime:0.007329s ]
INFO: [ view_parse ] --END-- [ RunTime:0.007400s ]
INFO: [ view_filter ] --START--
INFO: Run Behavior\WriteHtmlCacheBehavior [ RunTime:0.000278s ]
INFO: [ view_filter ] --END-- [ RunTime:0.000342s ]
INFO: [ app_end ] --START--
INFO: Run Behavior\ShowPageTraceBehavior [ RunTime:0.000622s ]
INFO: [ app_end ] --END-- [ RunTime:0.000686s ]

[ 2015-08-10T15:06:22+08:00 ] 127.0.0.1 /myProject/thinkphpFrame/index.php/home/Data/showall/
INFO: [ app_init ] --START--
INFO: Run Behavior\BuildLiteBehavior [ RunTime:0.000021s ]
INFO: [ app_init ] --END-- [ RunTime:0.000518s ]
INFO: [ app_begin ] --START--
INFO: Run Behavior\ReadHtmlCacheBehavior [ RunTime:0.000830s ]
INFO: [ app_begin ] --END-- [ RunTime:0.000926s ]
SQL: SHOW COLUMNS FROM `think_data` [ RunTime:0.0033s ]
SQL: SELECT * FROM `think_data` LIMIT 1   [ RunTime:0.0003s ]
INFO: [ view_parse ] --START--
INFO: [ template_filter ] --START--
INFO: Run Behavior\ContentReplaceBehavior [ RunTime:0.000037s ]
INFO: [ template_filter ] --END-- [ RunTime:0.000098s ]
NOTIC: [8] Undefined index: id D:\wamp\www\myProject\thinkphpFrame\Application\Runtime\Cache\Home\6e68960f7143fdf8ebcdd0e1ccc1a7ef.php 第 1 行.
INFO: Run Behavior\ParseTemplateBehavior [ RunTime:0.005434s ]
INFO: [ view_parse ] --END-- [ RunTime:0.005488s ]
INFO: [ view_filter ] --START--
INFO: Run Behavior\WriteHtmlCacheBehavior [ RunTime:0.000253s ]
INFO: [ view_filter ] --END-- [ RunTime:0.000303s ]
INFO: [ app_end ] --START--
INFO: Run Behavior\ShowPageTraceBehavior [ RunTime:0.000471s ]
INFO: [ app_end ] --END-- [ RunTime:0.000520s ]

[ 2015-08-10T15:06:23+08:00 ] 127.0.0.1 /myProject/thinkphpFrame/index.php/home/Data/showall/
INFO: [ app_init ] --START--
INFO: Run Behavior\BuildLiteBehavior [ RunTime:0.000018s ]
INFO: [ app_init ] --END-- [ RunTime:0.000423s ]
INFO: [ app_begin ] --START--
INFO: Run Behavior\ReadHtmlCacheBehavior [ RunTime:0.000807s ]
INFO: [ app_begin ] --END-- [ RunTime:0.000896s ]
SQL: SHOW COLUMNS FROM `think_data` [ RunTime:0.0026s ]
SQL: SELECT * FROM `think_data` LIMIT 1   [ RunTime:0.0003s ]
INFO: [ view_parse ] --START--
INFO: [ template_filter ] --START--
INFO: Run Behavior\ContentReplaceBehavior [ RunTime:0.000035s ]
INFO: [ template_filter ] --END-- [ RunTime:0.000094s ]
NOTIC: [8] Undefined index: id D:\wamp\www\myProject\thinkphpFrame\Application\Runtime\Cache\Home\6e68960f7143fdf8ebcdd0e1ccc1a7ef.php 第 1 行.
INFO: Run Behavior\ParseTemplateBehavior [ RunTime:0.004379s ]
INFO: [ view_parse ] --END-- [ RunTime:0.004424s ]
INFO: [ view_filter ] --START--
INFO: Run Behavior\WriteHtmlCacheBehavior [ RunTime:0.000170s ]
INFO: [ view_filter ] --END-- [ RunTime:0.000206s ]
INFO: [ app_end ] --START--
INFO: Run Behavior\ShowPageTraceBehavior [ RunTime:0.000389s ]
INFO: [ app_end ] --END-- [ RunTime:0.000429s ]

[ 2015-08-10T15:06:24+08:00 ] 127.0.0.1 /myProject/thinkphpFrame/index.php/home/Data/showall/
INFO: [ app_init ] --START--
INFO: Run Behavior\BuildLiteBehavior [ RunTime:0.000011s ]
INFO: [ app_init ] --END-- [ RunTime:0.000265s ]
INFO: [ app_begin ] --START--
INFO: Run Behavior\ReadHtmlCacheBehavior [ RunTime:0.000349s ]
INFO: [ app_begin ] --END-- [ RunTime:0.000393s ]
SQL: SHOW COLUMNS FROM `think_data` [ RunTime:0.0026s ]
SQL: SELECT * FROM `think_data` LIMIT 1   [ RunTime:0.0003s ]
INFO: [ view_parse ] --START--
INFO: [ template_filter ] --START--
INFO: Run Behavior\ContentReplaceBehavior [ RunTime:0.000033s ]
INFO: [ template_filter ] --END-- [ RunTime:0.000088s ]
NOTIC: [8] Undefined index: id D:\wamp\www\myProject\thinkphpFrame\Application\Runtime\Cache\Home\6e68960f7143fdf8ebcdd0e1ccc1a7ef.php 第 1 行.
INFO: Run Behavior\ParseTemplateBehavior [ RunTime:0.004753s ]
INFO: [ view_parse ] --END-- [ RunTime:0.004796s ]
INFO: [ view_filter ] --START--
INFO: Run Behavior\WriteHtmlCacheBehavior [ RunTime:0.000165s ]
INFO: [ view_filter ] --END-- [ RunTime:0.000200s ]
INFO: [ app_end ] --START--
INFO: Run Behavior\ShowPageTraceBehavior [ RunTime:0.000403s ]
INFO: [ app_end ] --END-- [ RunTime:0.000443s ]

[ 2015-08-10T15:07:16+08:00 ] 127.0.0.1 /myProject/thinkphpFrame/index.php/home/Data/showall/
INFO: [ app_init ] --START--
INFO: Run Behavior\BuildLiteBehavior [ RunTime:0.000033s ]
INFO: [ app_init ] --END-- [ RunTime:0.000876s ]
INFO: [ app_begin ] --START--
INFO: Run Behavior\ReadHtmlCacheBehavior [ RunTime:0.001267s ]
INFO: [ app_begin ] --END-- [ RunTime:0.001419s ]
SQL: SHOW COLUMNS FROM `think_data` [ RunTime:0.0041s ]
SQL: SELECT * FROM `think_data` LIMIT 1   [ RunTime:0.0003s ]
INFO: [ view_parse ] --START--
INFO: [ template_filter ] --START--
INFO: Run Behavior\ContentReplaceBehavior [ RunTime:0.000042s ]
INFO: [ template_filter ] --END-- [ RunTime:0.000113s ]
NOTIC: [8] Undefined index: id D:\wamp\www\myProject\thinkphpFrame\Application\Runtime\Cache\Home\6e68960f7143fdf8ebcdd0e1ccc1a7ef.php 第 1 行.
INFO: Run Behavior\ParseTemplateBehavior [ RunTime:0.006406s ]
INFO: [ view_parse ] --END-- [ RunTime:0.006470s ]
INFO: [ view_filter ] --START--
INFO: Run Behavior\WriteHtmlCacheBehavior [ RunTime:0.000237s ]
INFO: [ view_filter ] --END-- [ RunTime:0.000292s ]
INFO: [ app_end ] --START--
INFO: Run Behavior\ShowPageTraceBehavior [ RunTime:0.000580s ]
INFO: [ app_end ] --END-- [ RunTime:0.000637s ]

[ 2015-08-10T15:18:51+08:00 ] 127.0.0.1 /myProject/thinkphpFrame/index.php/home/Data/showall/
INFO: [ app_init ] --START--
INFO: Run Behavior\BuildLiteBehavior [ RunTime:0.000022s ]
INFO: [ app_init ] --END-- [ RunTime:0.000564s ]
INFO: [ app_begin ] --START--
INFO: Run Behavior\ReadHtmlCacheBehavior [ RunTime:0.000839s ]
INFO: [ app_begin ] --END-- [ RunTime:0.000928s ]
SQL: SHOW COLUMNS FROM `think_data` [ RunTime:0.0029s ]
SQL: SELECT * FROM `think_data` LIMIT 1   [ RunTime:0.0002s ]
INFO: [ view_parse ] --START--
INFO: [ template_filter ] --START--
INFO: Run Behavior\ContentReplaceBehavior [ RunTime:0.000029s ]
INFO: [ template_filter ] --END-- [ RunTime:0.000073s ]
NOTIC: [8] Undefined index: id D:\wamp\www\myProject\thinkphpFrame\Application\Runtime\Cache\Home\6e68960f7143fdf8ebcdd0e1ccc1a7ef.php 第 1 行.
INFO: Run Behavior\ParseTemplateBehavior [ RunTime:0.004509s ]
INFO: [ view_parse ] --END-- [ RunTime:0.004555s ]
INFO: [ view_filter ] --START--
INFO: Run Behavior\WriteHtmlCacheBehavior [ RunTime:0.000226s ]
INFO: [ view_filter ] --END-- [ RunTime:0.000262s ]
INFO: [ app_end ] --START--
INFO: Run Behavior\ShowPageTraceBehavior [ RunTime:0.000429s ]
INFO: [ app_end ] --END-- [ RunTime:0.000468s ]

[ 2015-08-10T15:21:09+08:00 ] 127.0.0.1 /myProject/thinkphpFrame/index.php/home/Data/showall/
INFO: [ app_init ] --START--
INFO: Run Behavior\BuildLiteBehavior [ RunTime:0.000031s ]
INFO: [ app_init ] --END-- [ RunTime:0.000842s ]
INFO: [ app_begin ] --START--
INFO: Run Behavior\ReadHtmlCacheBehavior [ RunTime:0.000959s ]
INFO: [ app_begin ] --END-- [ RunTime:0.001062s ]
SQL: SHOW COLUMNS FROM `think_data` [ RunTime:0.0037s ]
SQL: SELECT * FROM `think_data` LIMIT 1   [ RunTime:0.0003s ]
INFO: [ view_parse ] --START--
NOTIC: [8] Undefined index: item D:\wamp\www\myProject\thinkphpFrame\ThinkPHP\Library\Think\Template\TagLib\Cx.class.php 第 113 行.
INFO: [ template_filter ] --START--
INFO: Run Behavior\ContentReplaceBehavior [ RunTime:0.000039s ]
INFO: [ template_filter ] --END-- [ RunTime:0.000096s ]

[ 2015-08-10T15:23:17+08:00 ] 127.0.0.1 /myProject/thinkphpFrame/index.php/home/Data/showall/
INFO: [ app_init ] --START--
INFO: Run Behavior\BuildLiteBehavior [ RunTime:0.000017s ]
INFO: [ app_init ] --END-- [ RunTime:0.000460s ]
INFO: [ app_begin ] --START--
INFO: Run Behavior\ReadHtmlCacheBehavior [ RunTime:0.000705s ]
INFO: [ app_begin ] --END-- [ RunTime:0.000779s ]
SQL: SHOW COLUMNS FROM `think_data` [ RunTime:0.0027s ]
SQL: SELECT * FROM `think_data` LIMIT 1   [ RunTime:0.0003s ]
INFO: [ view_parse ] --START--
NOTIC: [8] Undefined index: item D:\wamp\www\myProject\thinkphpFrame\ThinkPHP\Library\Think\Template\TagLib\Cx.class.php 第 113 行.
INFO: [ template_filter ] --START--
INFO: Run Behavior\ContentReplaceBehavior [ RunTime:0.000038s ]
INFO: [ template_filter ] --END-- [ RunTime:0.000080s ]

[ 2015-08-10T15:23:19+08:00 ] 127.0.0.1 /myProject/thinkphpFrame/index.php/home/Data/showall/
INFO: [ app_init ] --START--
INFO: Run Behavior\BuildLiteBehavior [ RunTime:0.000022s ]
INFO: [ app_init ] --END-- [ RunTime:0.000553s ]
INFO: [ app_begin ] --START--
INFO: Run Behavior\ReadHtmlCacheBehavior [ RunTime:0.000809s ]
INFO: [ app_begin ] --END-- [ RunTime:0.000874s ]
SQL: SHOW COLUMNS FROM `think_data` [ RunTime:0.0028s ]
SQL: SELECT * FROM `think_data` LIMIT 1   [ RunTime:0.0002s ]
INFO: [ view_parse ] --START--
NOTIC: [8] Undefined index: item D:\wamp\www\myProject\thinkphpFrame\ThinkPHP\Library\Think\Template\TagLib\Cx.class.php 第 113 行.
INFO: [ template_filter ] --START--
INFO: Run Behavior\ContentReplaceBehavior [ RunTime:0.000030s ]
INFO: [ template_filter ] --END-- [ RunTime:0.000074s ]

[ 2015-08-10T15:23:21+08:00 ] 127.0.0.1 /myProject/thinkphpFrame/index.php/home/Data/showall/
INFO: [ app_init ] --START--
INFO: Run Behavior\BuildLiteBehavior [ RunTime:0.000017s ]
INFO: [ app_init ] --END-- [ RunTime:0.000417s ]
INFO: [ app_begin ] --START--
INFO: Run Behavior\ReadHtmlCacheBehavior [ RunTime:0.000585s ]
INFO: [ app_begin ] --END-- [ RunTime:0.000657s ]
SQL: SHOW COLUMNS FROM `think_data` [ RunTime:0.0029s ]
SQL: SELECT * FROM `think_data` LIMIT 1   [ RunTime:0.0003s ]
INFO: [ view_parse ] --START--
NOTIC: [8] Undefined index: item D:\wamp\www\myProject\thinkphpFrame\ThinkPHP\Library\Think\Template\TagLib\Cx.class.php 第 113 行.
INFO: [ template_filter ] --START--
INFO: Run Behavior\ContentReplaceBehavior [ RunTime:0.000030s ]
INFO: [ template_filter ] --END-- [ RunTime:0.000073s ]

[ 2015-08-10T15:23:22+08:00 ] 127.0.0.1 /myProject/thinkphpFrame/index.php/home/Data/showall/
INFO: [ app_init ] --START--
INFO: Run Behavior\BuildLiteBehavior [ RunTime:0.000017s ]
INFO: [ app_init ] --END-- [ RunTime:0.000414s ]
INFO: [ app_begin ] --START--
INFO: Run Behavior\ReadHtmlCacheBehavior [ RunTime:0.000583s ]
INFO: [ app_begin ] --END-- [ RunTime:0.000655s ]
SQL: SHOW COLUMNS FROM `think_data` [ RunTime:0.0032s ]
SQL: SELECT * FROM `think_data` LIMIT 1   [ RunTime:0.0003s ]
INFO: [ view_parse ] --START--
NOTIC: [8] Undefined index: item D:\wamp\www\myProject\thinkphpFrame\ThinkPHP\Library\Think\Template\TagLib\Cx.class.php 第 113 行.
INFO: [ template_filter ] --START--
INFO: Run Behavior\ContentReplaceBehavior [ RunTime:0.000030s ]
INFO: [ template_filter ] --END-- [ RunTime:0.000073s ]

[ 2015-08-10T15:23:23+08:00 ] 127.0.0.1 /myProject/thinkphpFrame/index.php/home/Data/showall/
INFO: [ app_init ] --START--
INFO: Run Behavior\BuildLiteBehavior [ RunTime:0.000011s ]
INFO: [ app_init ] --END-- [ RunTime:0.000249s ]
INFO: [ app_begin ] --START--
INFO: Run Behavior\ReadHtmlCacheBehavior [ RunTime:0.000345s ]
INFO: [ app_begin ] --END-- [ RunTime:0.000387s ]
SQL: SHOW COLUMNS FROM `think_data` [ RunTime:0.0027s ]
SQL: SELECT * FROM `think_data` LIMIT 1   [ RunTime:0.0002s ]
INFO: [ view_parse ] --START--
NOTIC: [8] Undefined index: item D:\wamp\www\myProject\thinkphpFrame\ThinkPHP\Library\Think\Template\TagLib\Cx.class.php 第 113 行.
INFO: [ template_filter ] --START--
INFO: Run Behavior\ContentReplaceBehavior [ RunTime:0.000029s ]
INFO: [ template_filter ] --END-- [ RunTime:0.000076s ]

[ 2015-08-10T15:23:23+08:00 ] 127.0.0.1 /myProject/thinkphpFrame/index.php/home/Data/showall/
INFO: [ app_init ] --START--
INFO: Run Behavior\BuildLiteBehavior [ RunTime:0.000011s ]
INFO: [ app_init ] --END-- [ RunTime:0.000250s ]
INFO: [ app_begin ] --START--
INFO: Run Behavior\ReadHtmlCacheBehavior [ RunTime:0.000347s ]
INFO: [ app_begin ] --END-- [ RunTime:0.000389s ]
SQL: SHOW COLUMNS FROM `think_data` [ RunTime:0.0032s ]
SQL: SELECT * FROM `think_data` LIMIT 1   [ RunTime:0.0002s ]
INFO: [ view_parse ] --START--
NOTIC: [8] Undefined index: item D:\wamp\www\myProject\thinkphpFrame\ThinkPHP\Library\Think\Template\TagLib\Cx.class.php 第 113 行.
INFO: [ template_filter ] --START--
INFO: Run Behavior\ContentReplaceBehavior [ RunTime:0.000028s ]
INFO: [ template_filter ] --END-- [ RunTime:0.000068s ]

[ 2015-08-10T15:23:23+08:00 ] 127.0.0.1 /myProject/thinkphpFrame/index.php/home/Data/showall/
INFO: [ app_init ] --START--
INFO: Run Behavior\BuildLiteBehavior [ RunTime:0.000016s ]
INFO: [ app_init ] --END-- [ RunTime:0.000288s ]
INFO: [ app_begin ] --START--
INFO: Run Behavior\ReadHtmlCacheBehavior [ RunTime:0.000485s ]
INFO: [ app_begin ] --END-- [ RunTime:0.000550s ]
SQL: SHOW COLUMNS FROM `think_data` [ RunTime:0.0026s ]
SQL: SELECT * FROM `think_data` LIMIT 1   [ RunTime:0.0002s ]
INFO: [ view_parse ] --START--
NOTIC: [8] Undefined index: item D:\wamp\www\myProject\thinkphpFrame\ThinkPHP\Library\Think\Template\TagLib\Cx.class.php 第 113 行.
INFO: [ template_filter ] --START--
INFO: Run Behavior\ContentReplaceBehavior [ RunTime:0.000029s ]
INFO: [ template_filter ] --END-- [ RunTime:0.000071s ]

[ 2015-08-10T15:25:16+08:00 ] 127.0.0.1 /myProject/thinkphpFrame/index.php/home/Data/showall/
INFO: [ app_init ] --START--
INFO: Run Behavior\BuildLiteBehavior [ RunTime:0.000024s ]
INFO: [ app_init ] --END-- [ RunTime:0.000652s ]
INFO: [ app_begin ] --START--
INFO: Run Behavior\ReadHtmlCacheBehavior [ RunTime:0.000945s ]
INFO: [ app_begin ] --END-- [ RunTime:0.001046s ]
SQL: SHOW COLUMNS FROM `think_data` [ RunTime:0.0042s ]
SQL: SELECT * FROM `think_data` LIMIT 1   [ RunTime:0.0004s ]
INFO: [ view_parse ] --START--
NOTIC: [8] Undefined index: item D:\wamp\www\myProject\thinkphpFrame\ThinkPHP\Library\Think\Template\TagLib\Cx.class.php 第 113 行.
INFO: [ template_filter ] --START--
INFO: Run Behavior\ContentReplaceBehavior [ RunTime:0.000042s ]
INFO: [ template_filter ] --END-- [ RunTime:0.000105s ]

[ 2015-08-10T15:25:18+08:00 ] 127.0.0.1 /myProject/thinkphpFrame/index.php/home/Data/showall/
INFO: [ app_init ] --START--
INFO: Run Behavior\BuildLiteBehavior [ RunTime:0.000015s ]
INFO: [ app_init ] --END-- [ RunTime:0.000385s ]
INFO: [ app_begin ] --START--
INFO: Run Behavior\ReadHtmlCacheBehavior [ RunTime:0.000764s ]
INFO: [ app_begin ] --END-- [ RunTime:0.000843s ]
SQL: SHOW COLUMNS FROM `think_data` [ RunTime:0.0028s ]
SQL: SELECT * FROM `think_data` LIMIT 1   [ RunTime:0.0003s ]
INFO: [ view_parse ] --START--
NOTIC: [8] Undefined index: item D:\wamp\www\myProject\thinkphpFrame\ThinkPHP\Library\Think\Template\TagLib\Cx.class.php 第 113 行.
INFO: [ template_filter ] --START--
INFO: Run Behavior\ContentReplaceBehavior [ RunTime:0.000030s ]
INFO: [ template_filter ] --END-- [ RunTime:0.000074s ]

[ 2015-08-10T15:25:40+08:00 ] 127.0.0.1 /myProject/thinkphpFrame/index.php/home/Data/showall/
INFO: [ app_init ] --START--
INFO: Run Behavior\BuildLiteBehavior [ RunTime:0.000027s ]
INFO: [ app_init ] --END-- [ RunTime:0.000742s ]
INFO: [ app_begin ] --START--
INFO: Run Behavior\ReadHtmlCacheBehavior [ RunTime:0.001081s ]
INFO: [ app_begin ] --END-- [ RunTime:0.001193s ]
SQL: SHOW COLUMNS FROM `think_data` [ RunTime:0.0034s ]
SQL: SELECT * FROM `think_data` LIMIT 1   [ RunTime:0.0002s ]
INFO: [ view_parse ] --START--
NOTIC: [8] Undefined index: item D:\wamp\www\myProject\thinkphpFrame\ThinkPHP\Library\Think\Template\TagLib\Cx.class.php 第 113 行.
INFO: [ template_filter ] --START--
INFO: Run Behavior\ContentReplaceBehavior [ RunTime:0.000030s ]
INFO: [ template_filter ] --END-- [ RunTime:0.000075s ]

[ 2015-08-10T15:26:37+08:00 ] 127.0.0.1 /myProject/thinkphpFrame/index.php/home/Data/showall/
INFO: [ app_init ] --START--
INFO: Run Behavior\BuildLiteBehavior [ RunTime:0.000021s ]
INFO: [ app_init ] --END-- [ RunTime:0.000549s ]
INFO: [ app_begin ] --START--
INFO: Run Behavior\ReadHtmlCacheBehavior [ RunTime:0.000944s ]
INFO: [ app_begin ] --END-- [ RunTime:0.001049s ]
SQL: SHOW COLUMNS FROM `think_data` [ RunTime:0.0027s ]
SQL: SELECT * FROM `think_data` LIMIT 1   [ RunTime:0.0003s ]
INFO: [ view_parse ] --START--
INFO: [ template_filter ] --START--
INFO: Run Behavior\ContentReplaceBehavior [ RunTime:0.000029s ]
INFO: [ template_filter ] --END-- [ RunTime:0.000078s ]
INFO: Run Behavior\ParseTemplateBehavior [ RunTime:0.004723s ]
INFO: [ view_parse ] --END-- [ RunTime:0.004774s ]
INFO: [ view_filter ] --START--
INFO: Run Behavior\WriteHtmlCacheBehavior [ RunTime:0.000236s ]
INFO: [ view_filter ] --END-- [ RunTime:0.000272s ]
INFO: [ app_end ] --START--
INFO: Run Behavior\ShowPageTraceBehavior [ RunTime:0.000483s ]
INFO: [ app_end ] --END-- [ RunTime:0.000522s ]

[ 2015-08-10T15:26:58+08:00 ] 127.0.0.1 /myProject/thinkphpFrame/index.php/home/Data/showall/
INFO: [ app_init ] --START--
INFO: Run Behavior\BuildLiteBehavior [ RunTime:0.000019s ]
INFO: [ app_init ] --END-- [ RunTime:0.000484s ]
INFO: [ app_begin ] --START--
INFO: Run Behavior\ReadHtmlCacheBehavior [ RunTime:0.000759s ]
INFO: [ app_begin ] --END-- [ RunTime:0.000847s ]
SQL: SHOW COLUMNS FROM `think_data` [ RunTime:0.0027s ]
SQL: SELECT * FROM `think_data` LIMIT 10   [ RunTime:0.0002s ]
INFO: [ view_parse ] --START--
INFO: [ template_filter ] --START--
INFO: Run Behavior\ContentReplaceBehavior [ RunTime:0.000028s ]
INFO: [ template_filter ] --END-- [ RunTime:0.000074s ]
INFO: Run Behavior\ParseTemplateBehavior [ RunTime:0.004622s ]
INFO: [ view_parse ] --END-- [ RunTime:0.004673s ]
INFO: [ view_filter ] --START--
INFO: Run Behavior\WriteHtmlCacheBehavior [ RunTime:0.000232s ]
INFO: [ view_filter ] --END-- [ RunTime:0.000269s ]
INFO: [ app_end ] --START--
INFO: Run Behavior\ShowPageTraceBehavior [ RunTime:0.000440s ]
INFO: [ app_end ] --END-- [ RunTime:0.000480s ]

[ 2015-08-10T15:29:01+08:00 ] 127.0.0.1 /myProject/thinkphpFrame/index.php/home/Data/showall/
INFO: [ app_init ] --START--
INFO: Run Behavior\BuildLiteBehavior [ RunTime:0.000022s ]
INFO: [ app_init ] --END-- [ RunTime:0.000581s ]
INFO: [ app_begin ] --START--
INFO: Run Behavior\ReadHtmlCacheBehavior [ RunTime:0.000809s ]
INFO: [ app_begin ] --END-- [ RunTime:0.000894s ]
SQL: SHOW COLUMNS FROM `think_data` [ RunTime:0.0028s ]
SQL: SELECT * FROM `think_data` LIMIT 10   [ RunTime:0.0005s ]
INFO: [ view_parse ] --START--
INFO: [ template_filter ] --START--
INFO: Run Behavior\ContentReplaceBehavior [ RunTime:0.000030s ]
INFO: [ template_filter ] --END-- [ RunTime:0.000075s ]
INFO: Run Behavior\ParseTemplateBehavior [ RunTime:0.005027s ]
INFO: [ view_parse ] --END-- [ RunTime:0.005078s ]
INFO: [ view_filter ] --START--
INFO: Run Behavior\WriteHtmlCacheBehavior [ RunTime:0.000222s ]
INFO: [ view_filter ] --END-- [ RunTime:0.000257s ]
INFO: [ app_end ] --START--
INFO: Run Behavior\ShowPageTraceBehavior [ RunTime:0.000424s ]
INFO: [ app_end ] --END-- [ RunTime:0.000464s ]

[ 2015-08-10T15:31:36+08:00 ] 127.0.0.1 /myProject/thinkphpFrame/index.php/home/Data/showall/
INFO: [ app_init ] --START--
INFO: Run Behavior\BuildLiteBehavior [ RunTime:0.000023s ]
INFO: [ app_init ] --END-- [ RunTime:0.000618s ]
INFO: [ app_begin ] --START--
INFO: Run Behavior\ReadHtmlCacheBehavior [ RunTime:0.001000s ]
INFO: [ app_begin ] --END-- [ RunTime:0.001105s ]
SQL: SHOW COLUMNS FROM `think_data` [ RunTime:0.0035s ]
SQL: SELECT * FROM `think_data` LIMIT 10   [ RunTime:0.0003s ]
INFO: [ view_parse ] --START--
INFO: [ template_filter ] --START--
INFO: Run Behavior\ContentReplaceBehavior [ RunTime:0.000034s ]
INFO: [ template_filter ] --END-- [ RunTime:0.000089s ]
INFO: Run Behavior\ParseTemplateBehavior [ RunTime:0.006113s ]
INFO: [ view_parse ] --END-- [ RunTime:0.006180s ]
INFO: [ view_filter ] --START--
INFO: Run Behavior\WriteHtmlCacheBehavior [ RunTime:0.000361s ]
INFO: [ view_filter ] --END-- [ RunTime:0.000412s ]
INFO: [ app_end ] --START--
INFO: Run Behavior\ShowPageTraceBehavior [ RunTime:0.000534s ]
INFO: [ app_end ] --END-- [ RunTime:0.000584s ]

[ 2015-08-10T15:31:38+08:00 ] 127.0.0.1 /myProject/thinkphpFrame/index.php/home/Data/showall/
INFO: [ app_init ] --START--
INFO: Run Behavior\BuildLiteBehavior [ RunTime:0.000017s ]
INFO: [ app_init ] --END-- [ RunTime:0.000427s ]
INFO: [ app_begin ] --START--
INFO: Run Behavior\ReadHtmlCacheBehavior [ RunTime:0.000608s ]
INFO: [ app_begin ] --END-- [ RunTime:0.000681s ]
SQL: SHOW COLUMNS FROM `think_data` [ RunTime:0.0028s ]
SQL: SELECT * FROM `think_data` LIMIT 10   [ RunTime:0.0003s ]
INFO: [ view_parse ] --START--
INFO: [ template_filter ] --START--
INFO: Run Behavior\ContentReplaceBehavior [ RunTime:0.000027s ]
INFO: [ template_filter ] --END-- [ RunTime:0.000074s ]
INFO: Run Behavior\ParseTemplateBehavior [ RunTime:0.004601s ]
INFO: [ view_parse ] --END-- [ RunTime:0.004649s ]
INFO: [ view_filter ] --START--
INFO: Run Behavior\WriteHtmlCacheBehavior [ RunTime:0.000155s ]
INFO: [ view_filter ] --END-- [ RunTime:0.000191s ]
INFO: [ app_end ] --START--
INFO: Run Behavior\ShowPageTraceBehavior [ RunTime:0.000361s ]
INFO: [ app_end ] --END-- [ RunTime:0.000398s ]

[ 2015-08-10T15:32:44+08:00 ] 127.0.0.1 /myProject/thinkphpFrame/index.php/home/Data/showall/
INFO: [ app_init ] --START--
INFO: Run Behavior\BuildLiteBehavior [ RunTime:0.000021s ]
INFO: [ app_init ] --END-- [ RunTime:0.000572s ]
INFO: [ app_begin ] --START--
INFO: Run Behavior\ReadHtmlCacheBehavior [ RunTime:0.000850s ]
INFO: [ app_begin ] --END-- [ RunTime:0.000939s ]
SQL: SHOW COLUMNS FROM `think_data` [ RunTime:0.0027s ]
SQL: SELECT * FROM `think_data` LIMIT 10   [ RunTime:0.0002s ]
INFO: [ view_parse ] --START--
INFO: [ template_filter ] --START--
INFO: Run Behavior\ContentReplaceBehavior [ RunTime:0.000027s ]
INFO: [ template_filter ] --END-- [ RunTime:0.000071s ]
NOTIC: [8] Trying to get property of non-object D:\wamp\www\myProject\thinkphpFrame\Application\Runtime\Cache\Home\6e68960f7143fdf8ebcdd0e1ccc1a7ef.php 第 1 行.
NOTIC: [8] Trying to get property of non-object D:\wamp\www\myProject\thinkphpFrame\Application\Runtime\Cache\Home\6e68960f7143fdf8ebcdd0e1ccc1a7ef.php 第 1 行.
NOTIC: [8] Trying to get property of non-object D:\wamp\www\myProject\thinkphpFrame\Application\Runtime\Cache\Home\6e68960f7143fdf8ebcdd0e1ccc1a7ef.php 第 1 行.
NOTIC: [8] Trying to get property of non-object D:\wamp\www\myProject\thinkphpFrame\Application\Runtime\Cache\Home\6e68960f7143fdf8ebcdd0e1ccc1a7ef.php 第 1 行.
NOTIC: [8] Trying to get property of non-object D:\wamp\www\myProject\thinkphpFrame\Application\Runtime\Cache\Home\6e68960f7143fdf8ebcdd0e1ccc1a7ef.php 第 1 行.
NOTIC: [8] Trying to get property of non-object D:\wamp\www\myProject\thinkphpFrame\Application\Runtime\Cache\Home\6e68960f7143fdf8ebcdd0e1ccc1a7ef.php 第 1 行.
NOTIC: [8] Trying to get property of non-object D:\wamp\www\myProject\thinkphpFrame\Application\Runtime\Cache\Home\6e68960f7143fdf8ebcdd0e1ccc1a7ef.php 第 1 行.
NOTIC: [8] Trying to get property of non-object D:\wamp\www\myProject\thinkphpFrame\Application\Runtime\Cache\Home\6e68960f7143fdf8ebcdd0e1ccc1a7ef.php 第 1 行.
NOTIC: [8] Trying to get property of non-object D:\wamp\www\myProject\thinkphpFrame\Application\Runtime\Cache\Home\6e68960f7143fdf8ebcdd0e1ccc1a7ef.php 第 1 行.
NOTIC: [8] Trying to get property of non-object D:\wamp\www\myProject\thinkphpFrame\Application\Runtime\Cache\Home\6e68960f7143fdf8ebcdd0e1ccc1a7ef.php 第 1 行.
INFO: Run Behavior\ParseTemplateBehavior [ RunTime:0.004946s ]
INFO: [ view_parse ] --END-- [ RunTime:0.004989s ]
INFO: [ view_filter ] --START--
INFO: Run Behavior\WriteHtmlCacheBehavior [ RunTime:0.000220s ]
INFO: [ view_filter ] --END-- [ RunTime:0.000255s ]
INFO: [ app_end ] --START--
INFO: Run Behavior\ShowPageTraceBehavior [ RunTime:0.000417s ]
INFO: [ app_end ] --END-- [ RunTime:0.000456s ]

[ 2015-08-10T15:33:30+08:00 ] 127.0.0.1 /myProject/thinkphpFrame/index.php/home/Data/showall/
INFO: [ app_init ] --START--
INFO: Run Behavior\BuildLiteBehavior [ RunTime:0.000014s ]
INFO: [ app_init ] --END-- [ RunTime:0.000338s ]
INFO: [ app_begin ] --START--
INFO: Run Behavior\ReadHtmlCacheBehavior [ RunTime:0.000520s ]
INFO: [ app_begin ] --END-- [ RunTime:0.000588s ]
SQL: SHOW COLUMNS FROM `think_data` [ RunTime:0.0037s ]
SQL: SELECT * FROM `think_data` LIMIT 10   [ RunTime:0.0003s ]
INFO: [ view_parse ] --START--
INFO: [ template_filter ] --START--
INFO: Run Behavior\ContentReplaceBehavior [ RunTime:0.000036s ]
INFO: [ template_filter ] --END-- [ RunTime:0.000102s ]
NOTIC: [8] Trying to get property of non-object D:\wamp\www\myProject\thinkphpFrame\Application\Runtime\Cache\Home\6e68960f7143fdf8ebcdd0e1ccc1a7ef.php 第 1 行.
NOTIC: [8] Trying to get property of non-object D:\wamp\www\myProject\thinkphpFrame\Application\Runtime\Cache\Home\6e68960f7143fdf8ebcdd0e1ccc1a7ef.php 第 1 行.
NOTIC: [8] Trying to get property of non-object D:\wamp\www\myProject\thinkphpFrame\Application\Runtime\Cache\Home\6e68960f7143fdf8ebcdd0e1ccc1a7ef.php 第 1 行.
NOTIC: [8] Trying to get property of non-object D:\wamp\www\myProject\thinkphpFrame\Application\Runtime\Cache\Home\6e68960f7143fdf8ebcdd0e1ccc1a7ef.php 第 1 行.
NOTIC: [8] Trying to get property of non-object D:\wamp\www\myProject\thinkphpFrame\Application\Runtime\Cache\Home\6e68960f7143fdf8ebcdd0e1ccc1a7ef.php 第 1 行.
NOTIC: [8] Trying to get property of non-object D:\wamp\www\myProject\thinkphpFrame\Application\Runtime\Cache\Home\6e68960f7143fdf8ebcdd0e1ccc1a7ef.php 第 1 行.
NOTIC: [8] Trying to get property of non-object D:\wamp\www\myProject\thinkphpFrame\Application\Runtime\Cache\Home\6e68960f7143fdf8ebcdd0e1ccc1a7ef.php 第 1 行.
NOTIC: [8] Trying to get property of non-object D:\wamp\www\myProject\thinkphpFrame\Application\Runtime\Cache\Home\6e68960f7143fdf8ebcdd0e1ccc1a7ef.php 第 1 行.
NOTIC: [8] Trying to get property of non-object D:\wamp\www\myProject\thinkphpFrame\Application\Runtime\Cache\Home\6e68960f7143fdf8ebcdd0e1ccc1a7ef.php 第 1 行.
NOTIC: [8] Trying to get property of non-object D:\wamp\www\myProject\thinkphpFrame\Application\Runtime\Cache\Home\6e68960f7143fdf8ebcdd0e1ccc1a7ef.php 第 1 行.
INFO: Run Behavior\ParseTemplateBehavior [ RunTime:0.006253s ]
INFO: [ view_parse ] --END-- [ RunTime:0.006307s ]
INFO: [ view_filter ] --START--
INFO: Run Behavior\WriteHtmlCacheBehavior [ RunTime:0.000210s ]
INFO: [ view_filter ] --END-- [ RunTime:0.000258s ]
INFO: [ app_end ] --START--
INFO: Run Behavior\ShowPageTraceBehavior [ RunTime:0.000484s ]
INFO: [ app_end ] --END-- [ RunTime:0.000534s ]

[ 2015-08-10T15:33:31+08:00 ] 127.0.0.1 /myProject/thinkphpFrame/index.php/home/Data/showall/
INFO: [ app_init ] --START--
INFO: Run Behavior\BuildLiteBehavior [ RunTime:0.000026s ]
INFO: [ app_init ] --END-- [ RunTime:0.000635s ]
INFO: [ app_begin ] --START--
INFO: Run Behavior\ReadHtmlCacheBehavior [ RunTime:0.000385s ]
INFO: [ app_begin ] --END-- [ RunTime:0.000434s ]
SQL: SHOW COLUMNS FROM `think_data` [ RunTime:0.0028s ]
SQL: SELECT * FROM `think_data` LIMIT 10   [ RunTime:0.0003s ]
INFO: [ view_parse ] --START--
INFO: [ template_filter ] --START--
INFO: Run Behavior\ContentReplaceBehavior [ RunTime:0.000030s ]
INFO: [ template_filter ] --END-- [ RunTime:0.000082s ]
NOTIC: [8] Trying to get property of non-object D:\wamp\www\myProject\thinkphpFrame\Application\Runtime\Cache\Home\6e68960f7143fdf8ebcdd0e1ccc1a7ef.php 第 1 行.
NOTIC: [8] Trying to get property of non-object D:\wamp\www\myProject\thinkphpFrame\Application\Runtime\Cache\Home\6e68960f7143fdf8ebcdd0e1ccc1a7ef.php 第 1 行.
NOTIC: [8] Trying to get property of non-object D:\wamp\www\myProject\thinkphpFrame\Application\Runtime\Cache\Home\6e68960f7143fdf8ebcdd0e1ccc1a7ef.php 第 1 行.
NOTIC: [8] Trying to get property of non-object D:\wamp\www\myProject\thinkphpFrame\Application\Runtime\Cache\Home\6e68960f7143fdf8ebcdd0e1ccc1a7ef.php 第 1 行.
NOTIC: [8] Trying to get property of non-object D:\wamp\www\myProject\thinkphpFrame\Application\Runtime\Cache\Home\6e68960f7143fdf8ebcdd0e1ccc1a7ef.php 第 1 行.
NOTIC: [8] Trying to get property of non-object D:\wamp\www\myProject\thinkphpFrame\Application\Runtime\Cache\Home\6e68960f7143fdf8ebcdd0e1ccc1a7ef.php 第 1 行.
NOTIC: [8] Trying to get property of non-object D:\wamp\www\myProject\thinkphpFrame\Application\Runtime\Cache\Home\6e68960f7143fdf8ebcdd0e1ccc1a7ef.php 第 1 行.
NOTIC: [8] Trying to get property of non-object D:\wamp\www\myProject\thinkphpFrame\Application\Runtime\Cache\Home\6e68960f7143fdf8ebcdd0e1ccc1a7ef.php 第 1 行.
NOTIC: [8] Trying to get property of non-object D:\wamp\www\myProject\thinkphpFrame\Application\Runtime\Cache\Home\6e68960f7143fdf8ebcdd0e1ccc1a7ef.php 第 1 行.
NOTIC: [8] Trying to get property of non-object D:\wamp\www\myProject\thinkphpFrame\Application\Runtime\Cache\Home\6e68960f7143fdf8ebcdd0e1ccc1a7ef.php 第 1 行.
INFO: Run Behavior\ParseTemplateBehavior [ RunTime:0.005230s ]
INFO: [ view_parse ] --END-- [ RunTime:0.005277s ]
INFO: [ view_filter ] --START--
INFO: Run Behavior\WriteHtmlCacheBehavior [ RunTime:0.000177s ]
INFO: [ view_filter ] --END-- [ RunTime:0.000216s ]
INFO: [ app_end ] --START--
INFO: Run Behavior\ShowPageTraceBehavior [ RunTime:0.000411s ]
INFO: [ app_end ] --END-- [ RunTime:0.000453s ]

[ 2015-08-10T15:35:37+08:00 ] 127.0.0.1 /myProject/thinkphpFrame/index.php/home/Data/showall/
INFO: [ app_init ] --START--
INFO: Run Behavior\BuildLiteBehavior [ RunTime:0.000020s ]
INFO: [ app_init ] --END-- [ RunTime:0.000550s ]
INFO: [ app_begin ] --START--
INFO: Run Behavior\ReadHtmlCacheBehavior [ RunTime:0.000426s ]
INFO: [ app_begin ] --END-- [ RunTime:0.000470s ]
SQL: SHOW COLUMNS FROM `think_data` [ RunTime:0.0029s ]
SQL: SELECT * FROM `think_data` LIMIT 10   [ RunTime:0.0002s ]
INFO: [ view_parse ] --START--
INFO: [ template_filter ] --START--
INFO: Run Behavior\ContentReplaceBehavior [ RunTime:0.000030s ]
INFO: [ template_filter ] --END-- [ RunTime:0.000079s ]
NOTIC: [8] Trying to get property of non-object D:\wamp\www\myProject\thinkphpFrame\Application\Runtime\Cache\Home\6e68960f7143fdf8ebcdd0e1ccc1a7ef.php 第 1 行.
NOTIC: [8] Trying to get property of non-object D:\wamp\www\myProject\thinkphpFrame\Application\Runtime\Cache\Home\6e68960f7143fdf8ebcdd0e1ccc1a7ef.php 第 1 行.
NOTIC: [8] Trying to get property of non-object D:\wamp\www\myProject\thinkphpFrame\Application\Runtime\Cache\Home\6e68960f7143fdf8ebcdd0e1ccc1a7ef.php 第 1 行.
NOTIC: [8] Trying to get property of non-object D:\wamp\www\myProject\thinkphpFrame\Application\Runtime\Cache\Home\6e68960f7143fdf8ebcdd0e1ccc1a7ef.php 第 1 行.
NOTIC: [8] Trying to get property of non-object D:\wamp\www\myProject\thinkphpFrame\Application\Runtime\Cache\Home\6e68960f7143fdf8ebcdd0e1ccc1a7ef.php 第 1 行.
NOTIC: [8] Trying to get property of non-object D:\wamp\www\myProject\thinkphpFrame\Application\Runtime\Cache\Home\6e68960f7143fdf8ebcdd0e1ccc1a7ef.php 第 1 行.
NOTIC: [8] Trying to get property of non-object D:\wamp\www\myProject\thinkphpFrame\Application\Runtime\Cache\Home\6e68960f7143fdf8ebcdd0e1ccc1a7ef.php 第 1 行.
NOTIC: [8] Trying to get property of non-object D:\wamp\www\myProject\thinkphpFrame\Application\Runtime\Cache\Home\6e68960f7143fdf8ebcdd0e1ccc1a7ef.php 第 1 行.
NOTIC: [8] Trying to get property of non-object D:\wamp\www\myProject\thinkphpFrame\Application\Runtime\Cache\Home\6e68960f7143fdf8ebcdd0e1ccc1a7ef.php 第 1 行.
NOTIC: [8] Trying to get property of non-object D:\wamp\www\myProject\thinkphpFrame\Application\Runtime\Cache\Home\6e68960f7143fdf8ebcdd0e1ccc1a7ef.php 第 1 行.
INFO: Run Behavior\ParseTemplateBehavior [ RunTime:0.005574s ]
INFO: [ view_parse ] --END-- [ RunTime:0.005620s ]
INFO: [ view_filter ] --START--
INFO: Run Behavior\WriteHtmlCacheBehavior [ RunTime:0.000239s ]
INFO: [ view_filter ] --END-- [ RunTime:0.000292s ]
INFO: [ app_end ] --START--
INFO: Run Behavior\ShowPageTraceBehavior [ RunTime:0.000433s ]
INFO: [ app_end ] --END-- [ RunTime:0.000476s ]

[ 2015-08-10T15:35:39+08:00 ] 127.0.0.1 /myProject/thinkphpFrame/index.php/home/Data/showall/
INFO: [ app_init ] --START--
INFO: Run Behavior\BuildLiteBehavior [ RunTime:0.000018s ]
INFO: [ app_init ] --END-- [ RunTime:0.000491s ]
INFO: [ app_begin ] --START--
INFO: Run Behavior\ReadHtmlCacheBehavior [ RunTime:0.000599s ]
INFO: [ app_begin ] --END-- [ RunTime:0.000673s ]
SQL: SHOW COLUMNS FROM `think_data` [ RunTime:0.0027s ]
SQL: SELECT * FROM `think_data` LIMIT 10   [ RunTime:0.0003s ]
INFO: [ view_parse ] --START--
INFO: [ template_filter ] --START--
INFO: Run Behavior\ContentReplaceBehavior [ RunTime:0.000027s ]
INFO: [ template_filter ] --END-- [ RunTime:0.000071s ]
NOTIC: [8] Trying to get property of non-object D:\wamp\www\myProject\thinkphpFrame\Application\Runtime\Cache\Home\6e68960f7143fdf8ebcdd0e1ccc1a7ef.php 第 1 行.
NOTIC: [8] Trying to get property of non-object D:\wamp\www\myProject\thinkphpFrame\Application\Runtime\Cache\Home\6e68960f7143fdf8ebcdd0e1ccc1a7ef.php 第 1 行.
NOTIC: [8] Trying to get property of non-object D:\wamp\www\myProject\thinkphpFrame\Application\Runtime\Cache\Home\6e68960f7143fdf8ebcdd0e1ccc1a7ef.php 第 1 行.
NOTIC: [8] Trying to get property of non-object D:\wamp\www\myProject\thinkphpFrame\Application\Runtime\Cache\Home\6e68960f7143fdf8ebcdd0e1ccc1a7ef.php 第 1 行.
NOTIC: [8] Trying to get property of non-object D:\wamp\www\myProject\thinkphpFrame\Application\Runtime\Cache\Home\6e68960f7143fdf8ebcdd0e1ccc1a7ef.php 第 1 行.
NOTIC: [8] Trying to get property of non-object D:\wamp\www\myProject\thinkphpFrame\Application\Runtime\Cache\Home\6e68960f7143fdf8ebcdd0e1ccc1a7ef.php 第 1 行.
NOTIC: [8] Trying to get property of non-object D:\wamp\www\myProject\thinkphpFrame\Application\Runtime\Cache\Home\6e68960f7143fdf8ebcdd0e1ccc1a7ef.php 第 1 行.
NOTIC: [8] Trying to get property of non-object D:\wamp\www\myProject\thinkphpFrame\Application\Runtime\Cache\Home\6e68960f7143fdf8ebcdd0e1ccc1a7ef.php 第 1 行.
NOTIC: [8] Trying to get property of non-object D:\wamp\www\myProject\thinkphpFrame\Application\Runtime\Cache\Home\6e68960f7143fdf8ebcdd0e1ccc1a7ef.php 第 1 行.
NOTIC: [8] Trying to get property of non-object D:\wamp\www\myProject\thinkphpFrame\Application\Runtime\Cache\Home\6e68960f7143fdf8ebcdd0e1ccc1a7ef.php 第 1 行.
INFO: Run Behavior\ParseTemplateBehavior [ RunTime:0.004935s ]
INFO: [ view_parse ] --END-- [ RunTime:0.004982s ]
INFO: [ view_filter ] --START--
INFO: Run Behavior\WriteHtmlCacheBehavior [ RunTime:0.000212s ]
INFO: [ view_filter ] --END-- [ RunTime:0.000248s ]
INFO: [ app_end ] --START--
INFO: Run Behavior\ShowPageTraceBehavior [ RunTime:0.000367s ]
INFO: [ app_end ] --END-- [ RunTime:0.000405s ]

[ 2015-08-10T15:36:12+08:00 ] 127.0.0.1 /myProject/thinkphpFrame/index.php/home/Data/showall/
INFO: [ app_init ] --START--
INFO: Run Behavior\BuildLiteBehavior [ RunTime:0.000024s ]
INFO: [ app_init ] --END-- [ RunTime:0.000658s ]
INFO: [ app_begin ] --START--
INFO: Run Behavior\ReadHtmlCacheBehavior [ RunTime:0.000945s ]
INFO: [ app_begin ] --END-- [ RunTime:0.001044s ]
SQL: SHOW COLUMNS FROM `think_data` [ RunTime:0.0040s ]
SQL: SELECT * FROM `think_data` LIMIT 10   [ RunTime:0.0004s ]
INFO: [ view_parse ] --START--
INFO: [ template_filter ] --START--
INFO: Run Behavior\ContentReplaceBehavior [ RunTime:0.000036s ]
INFO: [ template_filter ] --END-- [ RunTime:0.000100s ]
NOTIC: [8] Trying to get property of non-object D:\wamp\www\myProject\thinkphpFrame\Application\Runtime\Cache\Home\6e68960f7143fdf8ebcdd0e1ccc1a7ef.php 第 1 行.
NOTIC: [8] Trying to get property of non-object D:\wamp\www\myProject\thinkphpFrame\Application\Runtime\Cache\Home\6e68960f7143fdf8ebcdd0e1ccc1a7ef.php 第 1 行.
NOTIC: [8] Trying to get property of non-object D:\wamp\www\myProject\thinkphpFrame\Application\Runtime\Cache\Home\6e68960f7143fdf8ebcdd0e1ccc1a7ef.php 第 1 行.
NOTIC: [8] Trying to get property of non-object D:\wamp\www\myProject\thinkphpFrame\Application\Runtime\Cache\Home\6e68960f7143fdf8ebcdd0e1ccc1a7ef.php 第 1 行.
NOTIC: [8] Trying to get property of non-object D:\wamp\www\myProject\thinkphpFrame\Application\Runtime\Cache\Home\6e68960f7143fdf8ebcdd0e1ccc1a7ef.php 第 1 行.
NOTIC: [8] Trying to get property of non-object D:\wamp\www\myProject\thinkphpFrame\Application\Runtime\Cache\Home\6e68960f7143fdf8ebcdd0e1ccc1a7ef.php 第 1 行.
NOTIC: [8] Trying to get property of non-object D:\wamp\www\myProject\thinkphpFrame\Application\Runtime\Cache\Home\6e68960f7143fdf8ebcdd0e1ccc1a7ef.php 第 1 行.
NOTIC: [8] Trying to get property of non-object D:\wamp\www\myProject\thinkphpFrame\Application\Runtime\Cache\Home\6e68960f7143fdf8ebcdd0e1ccc1a7ef.php 第 1 行.
NOTIC: [8] Trying to get property of non-object D:\wamp\www\myProject\thinkphpFrame\Application\Runtime\Cache\Home\6e68960f7143fdf8ebcdd0e1ccc1a7ef.php 第 1 行.
NOTIC: [8] Trying to get property of non-object D:\wamp\www\myProject\thinkphpFrame\Application\Runtime\Cache\Home\6e68960f7143fdf8ebcdd0e1ccc1a7ef.php 第 1 行.
INFO: Run Behavior\ParseTemplateBehavior [ RunTime:0.006435s ]
INFO: [ view_parse ] --END-- [ RunTime:0.006493s ]
INFO: [ view_filter ] --START--
INFO: Run Behavior\WriteHtmlCacheBehavior [ RunTime:0.000275s ]
INFO: [ view_filter ] --END-- [ RunTime:0.000319s ]
INFO: [ app_end ] --START--
INFO: Run Behavior\ShowPageTraceBehavior [ RunTime:0.000533s ]
INFO: [ app_end ] --END-- [ RunTime:0.000582s ]

[ 2015-08-10T15:36:14+08:00 ] 127.0.0.1 /myProject/thinkphpFrame/index.php/home/Data/showall/
INFO: [ app_init ] --START--
INFO: Run Behavior\BuildLiteBehavior [ RunTime:0.000023s ]
INFO: [ app_init ] --END-- [ RunTime:0.000543s ]
INFO: [ app_begin ] --START--
INFO: Run Behavior\ReadHtmlCacheBehavior [ RunTime:0.000592s ]
INFO: [ app_begin ] --END-- [ RunTime:0.000665s ]
SQL: SHOW COLUMNS FROM `think_data` [ RunTime:0.0027s ]
SQL: SELECT * FROM `think_data` LIMIT 10   [ RunTime:0.0002s ]
INFO: [ view_parse ] --START--
INFO: [ template_filter ] --START--
INFO: Run Behavior\ContentReplaceBehavior [ RunTime:0.000029s ]
INFO: [ template_filter ] --END-- [ RunTime:0.000081s ]
NOTIC: [8] Trying to get property of non-object D:\wamp\www\myProject\thinkphpFrame\Application\Runtime\Cache\Home\6e68960f7143fdf8ebcdd0e1ccc1a7ef.php 第 1 行.
NOTIC: [8] Trying to get property of non-object D:\wamp\www\myProject\thinkphpFrame\Application\Runtime\Cache\Home\6e68960f7143fdf8ebcdd0e1ccc1a7ef.php 第 1 行.
NOTIC: [8] Trying to get property of non-object D:\wamp\www\myProject\thinkphpFrame\Application\Runtime\Cache\Home\6e68960f7143fdf8ebcdd0e1ccc1a7ef.php 第 1 行.
NOTIC: [8] Trying to get property of non-object D:\wamp\www\myProject\thinkphpFrame\Application\Runtime\Cache\Home\6e68960f7143fdf8ebcdd0e1ccc1a7ef.php 第 1 行.
NOTIC: [8] Trying to get property of non-object D:\wamp\www\myProject\thinkphpFrame\Application\Runtime\Cache\Home\6e68960f7143fdf8ebcdd0e1ccc1a7ef.php 第 1 行.
NOTIC: [8] Trying to get property of non-object D:\wamp\www\myProject\thinkphpFrame\Application\Runtime\Cache\Home\6e68960f7143fdf8ebcdd0e1ccc1a7ef.php 第 1 行.
NOTIC: [8] Trying to get property of non-object D:\wamp\www\myProject\thinkphpFrame\Application\Runtime\Cache\Home\6e68960f7143fdf8ebcdd0e1ccc1a7ef.php 第 1 行.
NOTIC: [8] Trying to get property of non-object D:\wamp\www\myProject\thinkphpFrame\Application\Runtime\Cache\Home\6e68960f7143fdf8ebcdd0e1ccc1a7ef.php 第 1 行.
NOTIC: [8] Trying to get property of non-object D:\wamp\www\myProject\thinkphpFrame\Application\Runtime\Cache\Home\6e68960f7143fdf8ebcdd0e1ccc1a7ef.php 第 1 行.
NOTIC: [8] Trying to get property of non-object D:\wamp\www\myProject\thinkphpFrame\Application\Runtime\Cache\Home\6e68960f7143fdf8ebcdd0e1ccc1a7ef.php 第 1 行.
INFO: Run Behavior\ParseTemplateBehavior [ RunTime:0.004929s ]
INFO: [ view_parse ] --END-- [ RunTime:0.004981s ]
INFO: [ view_filter ] --START--
INFO: Run Behavior\WriteHtmlCacheBehavior [ RunTime:0.000230s ]
INFO: [ view_filter ] --END-- [ RunTime:0.000281s ]
INFO: [ app_end ] --START--
INFO: Run Behavior\ShowPageTraceBehavior [ RunTime:0.000535s ]
INFO: [ app_end ] --END-- [ RunTime:0.000611s ]

[ 2015-08-10T15:36:34+08:00 ] 127.0.0.1 /myProject/thinkphpFrame/index.php/home/Data/showall/
INFO: [ app_init ] --START--
INFO: Run Behavior\BuildLiteBehavior [ RunTime:0.000036s ]
INFO: [ app_init ] --END-- [ RunTime:0.001106s ]
INFO: [ app_begin ] --START--
INFO: Run Behavior\ReadHtmlCacheBehavior [ RunTime:0.000705s ]
INFO: [ app_begin ] --END-- [ RunTime:0.000798s ]
SQL: SHOW COLUMNS FROM `think_data` [ RunTime:0.0059s ]
SQL: SELECT * FROM `think_data` LIMIT 10   [ RunTime:0.0005s ]
INFO: [ view_parse ] --START--
INFO: [ template_filter ] --START--
INFO: Run Behavior\ContentReplaceBehavior [ RunTime:0.000051s ]
INFO: [ template_filter ] --END-- [ RunTime:0.000133s ]
INFO: Run Behavior\ParseTemplateBehavior [ RunTime:0.008733s ]
INFO: [ view_parse ] --END-- [ RunTime:0.008827s ]
INFO: [ view_filter ] --START--
INFO: Run Behavior\WriteHtmlCacheBehavior [ RunTime:0.000338s ]
INFO: [ view_filter ] --END-- [ RunTime:0.000410s ]
INFO: [ app_end ] --START--
INFO: Run Behavior\ShowPageTraceBehavior [ RunTime:0.000791s ]
INFO: [ app_end ] --END-- [ RunTime:0.000897s ]

[ 2015-08-10T15:37:08+08:00 ] 127.0.0.1 /myProject/thinkphpFrame/index.php/home/Data/showall/
INFO: [ app_init ] --START--
INFO: Run Behavior\BuildLiteBehavior [ RunTime:0.000040s ]
INFO: [ app_init ] --END-- [ RunTime:0.001027s ]
INFO: [ app_begin ] --START--
INFO: Run Behavior\ReadHtmlCacheBehavior [ RunTime:0.000629s ]
INFO: [ app_begin ] --END-- [ RunTime:0.000715s ]
SQL: SHOW COLUMNS FROM `think_data` [ RunTime:0.0043s ]
SQL: SELECT * FROM `think_data` LIMIT 10   [ RunTime:0.0004s ]
INFO: [ view_parse ] --START--
INFO: [ template_filter ] --START--
INFO: Run Behavior\ContentReplaceBehavior [ RunTime:0.000029s ]
INFO: [ template_filter ] --END-- [ RunTime:0.000080s ]
INFO: Run Behavior\ParseTemplateBehavior [ RunTime:0.005943s ]
INFO: [ view_parse ] --END-- [ RunTime:0.006009s ]
INFO: [ view_filter ] --START--
INFO: Run Behavior\WriteHtmlCacheBehavior [ RunTime:0.000215s ]
INFO: [ view_filter ] --END-- [ RunTime:0.000255s ]
INFO: [ app_end ] --START--
INFO: Run Behavior\ShowPageTraceBehavior [ RunTime:0.000370s ]
INFO: [ app_end ] --END-- [ RunTime:0.000408s ]

[ 2015-08-10T15:37:52+08:00 ] 127.0.0.1 /myProject/thinkphpFrame/index.php/home/Data/showall/
INFO: [ app_init ] --START--
INFO: Run Behavior\BuildLiteBehavior [ RunTime:0.000018s ]
INFO: [ app_init ] --END-- [ RunTime:0.000488s ]
INFO: [ app_begin ] --START--
INFO: Run Behavior\ReadHtmlCacheBehavior [ RunTime:0.000712s ]
INFO: [ app_begin ] --END-- [ RunTime:0.000787s ]
SQL: SHOW COLUMNS FROM `think_data` [ RunTime:0.0036s ]
SQL: SELECT * FROM `think_data` LIMIT 10   [ RunTime:0.0003s ]
INFO: [ view_parse ] --START--
INFO: [ template_filter ] --START--
INFO: Run Behavior\ContentReplaceBehavior [ RunTime:0.000028s ]
INFO: [ template_filter ] --END-- [ RunTime:0.000071s ]
INFO: Run Behavior\ParseTemplateBehavior [ RunTime:0.004755s ]
INFO: [ view_parse ] --END-- [ RunTime:0.004809s ]
INFO: [ view_filter ] --START--
INFO: Run Behavior\WriteHtmlCacheBehavior [ RunTime:0.000227s ]
INFO: [ view_filter ] --END-- [ RunTime:0.000264s ]
INFO: [ app_end ] --START--
INFO: Run Behavior\ShowPageTraceBehavior [ RunTime:0.000425s ]
INFO: [ app_end ] --END-- [ RunTime:0.000464s ]

