[ 2015-10-14T08:12:27+08:00 ] 127.0.0.1 /myProject/thinkphpFrame/
INFO: [ app_init ] --START--
INFO: Run Behavior\BuildLiteBehavior [ RunTime:0.000013s ]
INFO: [ app_init ] --END-- [ RunTime:0.000361s ]
INFO: [ app_begin ] --START--
INFO: Run Behavior\ReadHtmlCacheBehavior [ RunTime:0.000441s ]
INFO: [ app_begin ] --END-- [ RunTime:0.000486s ]
SQL: SHOW COLUMNS FROM `tasks` [ RunTime:0.0457s ]
SQL: SELECT COUNT(*) AS tp_count FROM `tasks` LIMIT 1   [ RunTime:0.0006s ]
NOTIC: [2] Invalid argument supplied for foreach() D:\wamp\www\myProject\thinkphpFrame\ThinkPHP\Library\Think\Db\Driver.class.php 第 493 行.
SQL: SELECT * FROM `tasks` ORDER BY task_posttime desc  [ RunTime:0.0011s ]
INFO: [ view_parse ] --START--
INFO: [ template_filter ] --START--
INFO: Run Behavior\ContentReplaceBehavior [ RunTime:0.000097s ]
INFO: [ template_filter ] --END-- [ RunTime:0.000153s ]
INFO: Run Behavior\ParseTemplateBehavior [ RunTime:0.025520s ]
INFO: [ view_parse ] --END-- [ RunTime:0.025601s ]
INFO: [ view_filter ] --START--
INFO: Run Behavior\WriteHtmlCacheBehavior [ RunTime:0.000245s ]
INFO: [ view_filter ] --END-- [ RunTime:0.000281s ]
INFO: [ app_end ] --START--
INFO: Run Behavior\ShowPageTraceBehavior [ RunTime:0.000432s ]
INFO: [ app_end ] --END-- [ RunTime:0.000470s ]

[ 2015-10-14T08:58:58+08:00 ] 127.0.0.1 /myProject/thinkphpFrame/
INFO: [ app_init ] --START--
INFO: Run Behavior\BuildLiteBehavior [ RunTime:0.000011s ]
INFO: [ app_init ] --END-- [ RunTime:0.000289s ]
INFO: [ app_begin ] --START--
INFO: Run Behavior\ReadHtmlCacheBehavior [ RunTime:0.000407s ]
INFO: [ app_begin ] --END-- [ RunTime:0.000450s ]
SQL: SHOW COLUMNS FROM `tasks` [ RunTime:0.0029s ]
SQL: SELECT COUNT(*) AS tp_count FROM `tasks` LIMIT 1   [ RunTime:0.0002s ]
NOTIC: [2] Invalid argument supplied for foreach() D:\wamp\www\myProject\thinkphpFrame\ThinkPHP\Library\Think\Db\Driver.class.php 第 493 行.
SQL: SELECT * FROM `tasks` ORDER BY task_posttime desc  [ RunTime:0.0004s ]
INFO: [ view_parse ] --START--
INFO: [ template_filter ] --START--
INFO: Run Behavior\ContentReplaceBehavior [ RunTime:0.000095s ]
INFO: [ template_filter ] --END-- [ RunTime:0.000144s ]
INFO: Run Behavior\ParseTemplateBehavior [ RunTime:0.013647s ]
INFO: [ view_parse ] --END-- [ RunTime:0.013694s ]
INFO: [ view_filter ] --START--
INFO: Run Behavior\WriteHtmlCacheBehavior [ RunTime:0.000213s ]
INFO: [ view_filter ] --END-- [ RunTime:0.000249s ]
INFO: [ app_end ] --START--
INFO: Run Behavior\ShowPageTraceBehavior [ RunTime:0.000415s ]
INFO: [ app_end ] --END-- [ RunTime:0.000452s ]

[ 2015-10-14T09:00:05+08:00 ] 127.0.0.1 /myProject/thinkphpFrame/index.php/Home/Index/showPage/id/17
INFO: [ app_init ] --START--
INFO: Run Behavior\BuildLiteBehavior [ RunTime:0.000035s ]
INFO: [ app_init ] --END-- [ RunTime:0.000720s ]
INFO: [ app_begin ] --START--
INFO: Run Behavior\ReadHtmlCacheBehavior [ RunTime:0.000490s ]
INFO: [ app_begin ] --END-- [ RunTime:0.000543s ]
SQL: SHOW COLUMNS FROM `news` [ RunTime:0.0322s ]
SQL: SELECT * FROM `news` WHERE `id` = 17 LIMIT 1   [ RunTime:0.0008s ]
SQL: SELECT * FROM `news` ORDER BY post_time desc LIMIT 10   [ RunTime:0.0022s ]
INFO: [ view_parse ] --START--
INFO: [ template_filter ] --START--
INFO: Run Behavior\ContentReplaceBehavior [ RunTime:0.000093s ]
INFO: [ template_filter ] --END-- [ RunTime:0.000154s ]
NOTIC: [8] Undefined index: cat_id D:\wamp\www\myProject\thinkphpFrame\Application\Runtime\Cache\Home\c33d18184c28f2865a2f4779405ac26a.php 第 106 行.
NOTIC: [8] Undefined index: cat_id D:\wamp\www\myProject\thinkphpFrame\Application\Runtime\Cache\Home\c33d18184c28f2865a2f4779405ac26a.php 第 107 行.
INFO: Run Behavior\ParseTemplateBehavior [ RunTime:0.029779s ]
INFO: [ view_parse ] --END-- [ RunTime:0.029833s ]
INFO: [ view_filter ] --START--
INFO: Run Behavior\WriteHtmlCacheBehavior [ RunTime:0.000266s ]
INFO: [ view_filter ] --END-- [ RunTime:0.000309s ]
INFO: [ app_end ] --START--
INFO: Run Behavior\ShowPageTraceBehavior [ RunTime:0.000489s ]
INFO: [ app_end ] --END-- [ RunTime:0.000533s ]

[ 2015-10-14T09:00:07+08:00 ] 127.0.0.1 /myProject/thinkphpFrame/index.php/Home/Index/favicon.ico
INFO: [ app_init ] --START--
INFO: Run Behavior\BuildLiteBehavior [ RunTime:0.000015s ]
INFO: [ app_init ] --END-- [ RunTime:0.000575s ]

[ 2015-10-14T09:01:26+08:00 ] 127.0.0.1 /myProject/thinkphpFrame/index.php/Home/Index/showPage/id/17
INFO: [ app_init ] --START--
INFO: Run Behavior\BuildLiteBehavior [ RunTime:0.000032s ]
INFO: [ app_init ] --END-- [ RunTime:0.000754s ]
INFO: [ app_begin ] --START--
INFO: Run Behavior\ReadHtmlCacheBehavior [ RunTime:0.001241s ]
INFO: [ app_begin ] --END-- [ RunTime:0.001376s ]
SQL: SHOW COLUMNS FROM `news` [ RunTime:0.0043s ]
SQL: SELECT * FROM `news` WHERE `id` = 17 LIMIT 1   [ RunTime:0.0005s ]
SQL: SELECT * FROM `news` ORDER BY post_time desc LIMIT 10   [ RunTime:0.0012s ]
INFO: [ view_parse ] --START--
INFO: [ template_filter ] --START--
INFO: Run Behavior\ContentReplaceBehavior [ RunTime:0.000078s ]
INFO: [ template_filter ] --END-- [ RunTime:0.000126s ]
NOTIC: [8] Undefined index: cat_id D:\wamp\www\myProject\thinkphpFrame\Application\Runtime\Cache\Home\c33d18184c28f2865a2f4779405ac26a.php 第 106 行.
NOTIC: [8] Undefined index: cat_id D:\wamp\www\myProject\thinkphpFrame\Application\Runtime\Cache\Home\c33d18184c28f2865a2f4779405ac26a.php 第 107 行.
INFO: Run Behavior\ParseTemplateBehavior [ RunTime:0.013239s ]
INFO: [ view_parse ] --END-- [ RunTime:0.013297s ]
INFO: [ view_filter ] --START--
INFO: Run Behavior\WriteHtmlCacheBehavior [ RunTime:0.000244s ]
INFO: [ view_filter ] --END-- [ RunTime:0.000279s ]
INFO: [ app_end ] --START--
INFO: Run Behavior\ShowPageTraceBehavior [ RunTime:0.000441s ]
INFO: [ app_end ] --END-- [ RunTime:0.000479s ]

[ 2015-10-14T09:02:18+08:00 ] 127.0.0.1 /myProject/thinkphpFrame/index.php/Home/Index/index
INFO: [ app_init ] --START--
INFO: Run Behavior\BuildLiteBehavior [ RunTime:0.000019s ]
INFO: [ app_init ] --END-- [ RunTime:0.000535s ]
INFO: [ app_begin ] --START--
INFO: Run Behavior\ReadHtmlCacheBehavior [ RunTime:0.000695s ]
INFO: [ app_begin ] --END-- [ RunTime:0.000770s ]
SQL: SHOW COLUMNS FROM `tasks` [ RunTime:0.0028s ]
SQL: SELECT COUNT(*) AS tp_count FROM `tasks` LIMIT 1   [ RunTime:0.0002s ]
NOTIC: [2] Invalid argument supplied for foreach() D:\wamp\www\myProject\thinkphpFrame\ThinkPHP\Library\Think\Db\Driver.class.php 第 493 行.
SQL: SELECT * FROM `tasks` ORDER BY task_posttime desc  [ RunTime:0.0004s ]
INFO: [ view_parse ] --START--
INFO: [ template_filter ] --START--
INFO: Run Behavior\ContentReplaceBehavior [ RunTime:0.000095s ]
INFO: [ template_filter ] --END-- [ RunTime:0.000145s ]
INFO: Run Behavior\ParseTemplateBehavior [ RunTime:0.013718s ]
INFO: [ view_parse ] --END-- [ RunTime:0.013767s ]
INFO: [ view_filter ] --START--
INFO: Run Behavior\WriteHtmlCacheBehavior [ RunTime:0.000235s ]
INFO: [ view_filter ] --END-- [ RunTime:0.000273s ]
INFO: [ app_end ] --START--
INFO: Run Behavior\ShowPageTraceBehavior [ RunTime:0.000435s ]
INFO: [ app_end ] --END-- [ RunTime:0.000476s ]

[ 2015-10-14T09:02:33+08:00 ] 127.0.0.1 /myProject/thinkphpFrame/index.php/Home/Index/showPage/id/17
INFO: [ app_init ] --START--
INFO: Run Behavior\BuildLiteBehavior [ RunTime:0.000014s ]
INFO: [ app_init ] --END-- [ RunTime:0.000344s ]
INFO: [ app_begin ] --START--
INFO: Run Behavior\ReadHtmlCacheBehavior [ RunTime:0.000464s ]
INFO: [ app_begin ] --END-- [ RunTime:0.000519s ]
SQL: SHOW COLUMNS FROM `news` [ RunTime:0.0036s ]
SQL: SELECT * FROM `news` WHERE `id` = 17 LIMIT 1   [ RunTime:0.0004s ]
SQL: SELECT * FROM `news` ORDER BY post_time desc LIMIT 10   [ RunTime:0.0008s ]
INFO: [ view_parse ] --START--
INFO: [ template_filter ] --START--
INFO: Run Behavior\ContentReplaceBehavior [ RunTime:0.000078s ]
INFO: [ template_filter ] --END-- [ RunTime:0.000128s ]
NOTIC: [8] Undefined index: cat_id D:\wamp\www\myProject\thinkphpFrame\Application\Runtime\Cache\Home\c33d18184c28f2865a2f4779405ac26a.php 第 106 行.
NOTIC: [8] Undefined index: cat_id D:\wamp\www\myProject\thinkphpFrame\Application\Runtime\Cache\Home\c33d18184c28f2865a2f4779405ac26a.php 第 107 行.
INFO: Run Behavior\ParseTemplateBehavior [ RunTime:0.008841s ]
INFO: [ view_parse ] --END-- [ RunTime:0.008904s ]
INFO: [ view_filter ] --START--
INFO: Run Behavior\WriteHtmlCacheBehavior [ RunTime:0.000435s ]
INFO: [ view_filter ] --END-- [ RunTime:0.000496s ]
INFO: [ app_end ] --START--
INFO: Run Behavior\ShowPageTraceBehavior [ RunTime:0.000529s ]
INFO: [ app_end ] --END-- [ RunTime:0.000578s ]

[ 2015-10-14T09:03:02+08:00 ] 127.0.0.1 /myProject/thinkphpFrame/index.php/Home/Index/index
INFO: [ app_init ] --START--
INFO: Run Behavior\BuildLiteBehavior [ RunTime:0.000023s ]
INFO: [ app_init ] --END-- [ RunTime:0.000549s ]
INFO: [ app_begin ] --START--
INFO: Run Behavior\ReadHtmlCacheBehavior [ RunTime:0.000762s ]
INFO: [ app_begin ] --END-- [ RunTime:0.000857s ]
SQL: SHOW COLUMNS FROM `tasks` [ RunTime:0.0028s ]
SQL: SELECT COUNT(*) AS tp_count FROM `tasks` LIMIT 1   [ RunTime:0.0003s ]
NOTIC: [2] Invalid argument supplied for foreach() D:\wamp\www\myProject\thinkphpFrame\ThinkPHP\Library\Think\Db\Driver.class.php 第 493 行.
SQL: SELECT * FROM `tasks` ORDER BY task_posttime desc  [ RunTime:0.0004s ]
INFO: [ view_parse ] --START--
INFO: [ template_filter ] --START--
INFO: Run Behavior\ContentReplaceBehavior [ RunTime:0.000102s ]
INFO: [ template_filter ] --END-- [ RunTime:0.000163s ]
INFO: Run Behavior\ParseTemplateBehavior [ RunTime:0.008962s ]
INFO: [ view_parse ] --END-- [ RunTime:0.009016s ]
INFO: [ view_filter ] --START--
INFO: Run Behavior\WriteHtmlCacheBehavior [ RunTime:0.000178s ]
INFO: [ view_filter ] --END-- [ RunTime:0.000216s ]
INFO: [ app_end ] --START--
INFO: Run Behavior\ShowPageTraceBehavior [ RunTime:0.000358s ]
INFO: [ app_end ] --END-- [ RunTime:0.000395s ]

[ 2015-10-14T10:45:07+08:00 ] 127.0.0.1 /myProject/thinkphpFrame/index.php/Home/Index/showPage/id/17
INFO: [ app_init ] --START--
INFO: Run Behavior\BuildLiteBehavior [ RunTime:0.000014s ]
INFO: [ app_init ] --END-- [ RunTime:0.000379s ]
INFO: [ app_begin ] --START--
INFO: Run Behavior\ReadHtmlCacheBehavior [ RunTime:0.000568s ]
INFO: [ app_begin ] --END-- [ RunTime:0.000630s ]
SQL: SHOW COLUMNS FROM `news` [ RunTime:0.0039s ]
SQL: SELECT * FROM `news` WHERE `id` = 17 LIMIT 1   [ RunTime:0.0006s ]
SQL: SELECT * FROM `news` ORDER BY post_time desc LIMIT 10   [ RunTime:0.0011s ]
INFO: [ view_parse ] --START--
INFO: [ template_filter ] --START--
INFO: Run Behavior\ContentReplaceBehavior [ RunTime:0.000080s ]
INFO: [ template_filter ] --END-- [ RunTime:0.000128s ]
NOTIC: [8] Undefined index: cat_id D:\wamp\www\myProject\thinkphpFrame\Application\Runtime\Cache\Home\c33d18184c28f2865a2f4779405ac26a.php 第 106 行.
NOTIC: [8] Undefined index: cat_id D:\wamp\www\myProject\thinkphpFrame\Application\Runtime\Cache\Home\c33d18184c28f2865a2f4779405ac26a.php 第 107 行.
INFO: Run Behavior\ParseTemplateBehavior [ RunTime:0.010755s ]
INFO: [ view_parse ] --END-- [ RunTime:0.010808s ]
INFO: [ view_filter ] --START--
INFO: Run Behavior\WriteHtmlCacheBehavior [ RunTime:0.000214s ]
INFO: [ view_filter ] --END-- [ RunTime:0.000249s ]
INFO: [ app_end ] --START--
INFO: Run Behavior\ShowPageTraceBehavior [ RunTime:0.000407s ]
INFO: [ app_end ] --END-- [ RunTime:0.000444s ]

