[ 2015-11-09T14:03:02+08:00 ] 127.0.0.1 /myProject/thinkphpFrame/index.php/Home/Index/showPage1/cat_id/3
INFO: [ app_init ] --START--
INFO: Run Behavior\BuildLiteBehavior [ RunTime:0.000046s ]
INFO: [ app_init ] --END-- [ RunTime:0.095309s ]
INFO: [ app_begin ] --START--
INFO: Run Behavior\ReadHtmlCacheBehavior [ RunTime:0.034878s ]
INFO: [ app_begin ] --END-- [ RunTime:0.035120s ]
SQL: SHOW COLUMNS FROM `news` [ RunTime:0.1435s ]
SQL: SELECT * FROM `news` WHERE ( cat_id=3 )  [ RunTime:0.1183s ]
SQL: SELECT * FROM `news` ORDER BY post_time desc LIMIT 10   [ RunTime:0.0036s ]
INFO: [ view_parse ] --START--
INFO: [ template_filter ] --START--
INFO: Run Behavior\ContentReplaceBehavior [ RunTime:0.000218s ]
INFO: [ template_filter ] --END-- [ RunTime:0.000341s ]
INFO: Run Behavior\ParseTemplateBehavior [ RunTime:0.758787s ]
INFO: [ view_parse ] --END-- [ RunTime:0.759039s ]
INFO: [ view_filter ] --START--
INFO: Run Behavior\WriteHtmlCacheBehavior [ RunTime:0.086709s ]
INFO: [ view_filter ] --END-- [ RunTime:0.086897s ]
INFO: [ app_end ] --START--
INFO: Run Behavior\ShowPageTraceBehavior [ RunTime:0.072990s ]
INFO: [ app_end ] --END-- [ RunTime:0.074359s ]

[ 2015-11-09T14:03:04+08:00 ] 127.0.0.1 /myProject/thinkphpFrame/index.php/Home/Index/favicon.ico
INFO: [ app_init ] --START--
INFO: Run Behavior\BuildLiteBehavior [ RunTime:0.000010s ]
INFO: [ app_init ] --END-- [ RunTime:0.000248s ]

[ 2015-11-09T14:03:06+08:00 ] 127.0.0.1 /myProject/thinkphpFrame/index.php/Home/Index/index
INFO: [ app_init ] --START--
INFO: Run Behavior\BuildLiteBehavior [ RunTime:0.000013s ]
INFO: [ app_init ] --END-- [ RunTime:0.000267s ]
INFO: [ app_begin ] --START--
INFO: Run Behavior\ReadHtmlCacheBehavior [ RunTime:0.000582s ]
INFO: [ app_begin ] --END-- [ RunTime:0.000665s ]
SQL: SHOW COLUMNS FROM `tasks` [ RunTime:0.0727s ]
SQL: SHOW COLUMNS FROM `news` [ RunTime:0.0031s ]
SQL: SHOW COLUMNS FROM `user_info` [ RunTime:0.1265s ]
SQL: SELECT COUNT(*) AS tp_count FROM `tasks` LIMIT 1   [ RunTime:0.0004s ]
SQL: SELECT COUNT(*) AS tp_count FROM `news` WHERE ( cat_id=4 ) LIMIT 1   [ RunTime:0.0003s ]
NOTIC: [2] Invalid argument supplied for foreach() D:\wamp\www\myProject\thinkphpFrame\ThinkPHP\Library\Think\Db\Driver.class.php 第 493 行.
SQL: SELECT * FROM `tasks` ORDER BY task_posttime desc  [ RunTime:0.0005s ]
SQL: SELECT * FROM `news` WHERE ( cat_id=4 ) ORDER BY post_time desc  [ RunTime:0.0005s ]
SQL: SELECT * FROM `user_info` ORDER BY posttime desc LIMIT 10   [ RunTime:0.0005s ]
SQL: SELECT * FROM `user_info` ORDER BY jifeng desc LIMIT 10   [ RunTime:0.0004s ]
INFO: [ view_parse ] --START--
INFO: [ template_filter ] --START--
INFO: Run Behavior\ContentReplaceBehavior [ RunTime:0.000113s ]
INFO: [ template_filter ] --END-- [ RunTime:0.000163s ]
INFO: Run Behavior\ParseTemplateBehavior [ RunTime:0.070451s ]
INFO: [ view_parse ] --END-- [ RunTime:0.071038s ]
INFO: [ view_filter ] --START--
INFO: Run Behavior\WriteHtmlCacheBehavior [ RunTime:0.000306s ]
INFO: [ view_filter ] --END-- [ RunTime:0.000358s ]
INFO: [ app_end ] --START--
INFO: Run Behavior\ShowPageTraceBehavior [ RunTime:0.000393s ]
INFO: [ app_end ] --END-- [ RunTime:0.000435s ]

[ 2015-11-09T14:03:50+08:00 ] 127.0.0.1 /myProject/thinkphpFrame/index.php/Home/Index/showPage1/cat_id/3
INFO: [ app_init ] --START--
INFO: Run Behavior\BuildLiteBehavior [ RunTime:0.000035s ]
INFO: [ app_init ] --END-- [ RunTime:0.001030s ]
INFO: [ app_begin ] --START--
INFO: Run Behavior\ReadHtmlCacheBehavior [ RunTime:0.000692s ]
INFO: [ app_begin ] --END-- [ RunTime:0.000777s ]
SQL: SHOW COLUMNS FROM `news` [ RunTime:0.0054s ]
SQL: SELECT * FROM `news` WHERE ( cat_id=3 )  [ RunTime:0.0011s ]
SQL: SELECT * FROM `news` ORDER BY post_time desc LIMIT 10   [ RunTime:0.0013s ]
INFO: [ view_parse ] --START--
INFO: [ template_filter ] --START--
INFO: Run Behavior\ContentReplaceBehavior [ RunTime:0.000166s ]
INFO: [ template_filter ] --END-- [ RunTime:0.000256s ]
INFO: Run Behavior\ParseTemplateBehavior [ RunTime:0.017856s ]
INFO: [ view_parse ] --END-- [ RunTime:0.017949s ]
INFO: [ view_filter ] --START--
INFO: Run Behavior\WriteHtmlCacheBehavior [ RunTime:0.000311s ]
INFO: [ view_filter ] --END-- [ RunTime:0.000380s ]
INFO: [ app_end ] --START--
INFO: Run Behavior\ShowPageTraceBehavior [ RunTime:0.000698s ]
INFO: [ app_end ] --END-- [ RunTime:0.000770s ]

[ 2015-11-09T14:03:51+08:00 ] 127.0.0.1 /myProject/thinkphpFrame/index.php/Home/Index/index
INFO: [ app_init ] --START--
INFO: Run Behavior\BuildLiteBehavior [ RunTime:0.000015s ]
INFO: [ app_init ] --END-- [ RunTime:0.000343s ]
INFO: [ app_begin ] --START--
INFO: Run Behavior\ReadHtmlCacheBehavior [ RunTime:0.000656s ]
INFO: [ app_begin ] --END-- [ RunTime:0.000737s ]
SQL: SHOW COLUMNS FROM `tasks` [ RunTime:0.0044s ]
SQL: SHOW COLUMNS FROM `news` [ RunTime:0.0026s ]
SQL: SHOW COLUMNS FROM `user_info` [ RunTime:0.0028s ]
SQL: SELECT COUNT(*) AS tp_count FROM `tasks` LIMIT 1   [ RunTime:0.0002s ]
SQL: SELECT COUNT(*) AS tp_count FROM `news` WHERE ( cat_id=4 ) LIMIT 1   [ RunTime:0.0002s ]
NOTIC: [2] Invalid argument supplied for foreach() D:\wamp\www\myProject\thinkphpFrame\ThinkPHP\Library\Think\Db\Driver.class.php 第 493 行.
SQL: SELECT * FROM `tasks` ORDER BY task_posttime desc  [ RunTime:0.0005s ]
SQL: SELECT * FROM `news` WHERE ( cat_id=4 ) ORDER BY post_time desc  [ RunTime:0.0005s ]
SQL: SELECT * FROM `user_info` ORDER BY posttime desc LIMIT 10   [ RunTime:0.0004s ]
SQL: SELECT * FROM `user_info` ORDER BY jifeng desc LIMIT 10   [ RunTime:0.0003s ]
INFO: [ view_parse ] --START--
INFO: [ template_filter ] --START--
INFO: Run Behavior\ContentReplaceBehavior [ RunTime:0.000109s ]
INFO: [ template_filter ] --END-- [ RunTime:0.000157s ]
INFO: Run Behavior\ParseTemplateBehavior [ RunTime:0.012321s ]
INFO: [ view_parse ] --END-- [ RunTime:0.012370s ]
INFO: [ view_filter ] --START--
INFO: Run Behavior\WriteHtmlCacheBehavior [ RunTime:0.000188s ]
INFO: [ view_filter ] --END-- [ RunTime:0.000223s ]
INFO: [ app_end ] --START--
INFO: Run Behavior\ShowPageTraceBehavior [ RunTime:0.000356s ]
INFO: [ app_end ] --END-- [ RunTime:0.000395s ]

[ 2015-11-09T14:05:16+08:00 ] 127.0.0.1 /myProject/thinkphpFrame/index.php/Home/Index/index
INFO: [ app_init ] --START--
INFO: Run Behavior\BuildLiteBehavior [ RunTime:0.000011s ]
INFO: [ app_init ] --END-- [ RunTime:0.000292s ]
INFO: [ app_begin ] --START--
INFO: Run Behavior\ReadHtmlCacheBehavior [ RunTime:0.000474s ]
INFO: [ app_begin ] --END-- [ RunTime:0.000520s ]
SQL: SHOW COLUMNS FROM `tasks` [ RunTime:0.0035s ]
SQL: SHOW COLUMNS FROM `news` [ RunTime:0.0028s ]
SQL: SHOW COLUMNS FROM `user_info` [ RunTime:0.0041s ]
SQL: SELECT COUNT(*) AS tp_count FROM `tasks` LIMIT 1   [ RunTime:0.0009s ]
SQL: SELECT COUNT(*) AS tp_count FROM `news` WHERE ( cat_id=4 ) LIMIT 1   [ RunTime:0.0003s ]
NOTIC: [2] Invalid argument supplied for foreach() D:\wamp\www\myProject\thinkphpFrame\ThinkPHP\Library\Think\Db\Driver.class.php 第 493 行.
SQL: SELECT * FROM `tasks` ORDER BY task_posttime desc  [ RunTime:0.0005s ]
SQL: SELECT * FROM `news` WHERE ( cat_id=4 ) ORDER BY post_time desc  [ RunTime:0.0009s ]
SQL: SELECT * FROM `user_info` ORDER BY posttime desc LIMIT 10   [ RunTime:0.0005s ]
SQL: SELECT * FROM `user_info` ORDER BY jifeng desc LIMIT 10   [ RunTime:0.0004s ]
INFO: [ view_parse ] --START--
INFO: [ template_filter ] --START--
INFO: Run Behavior\ContentReplaceBehavior [ RunTime:0.000109s ]
INFO: [ template_filter ] --END-- [ RunTime:0.000160s ]
INFO: Run Behavior\ParseTemplateBehavior [ RunTime:0.016384s ]
INFO: [ view_parse ] --END-- [ RunTime:0.016448s ]
INFO: [ view_filter ] --START--
INFO: Run Behavior\WriteHtmlCacheBehavior [ RunTime:0.000220s ]
INFO: [ view_filter ] --END-- [ RunTime:0.000255s ]
INFO: [ app_end ] --START--
INFO: Run Behavior\ShowPageTraceBehavior [ RunTime:0.000401s ]
INFO: [ app_end ] --END-- [ RunTime:0.000438s ]

[ 2015-11-09T14:07:13+08:00 ] 127.0.0.1 /myProject/thinkphpFrame/index.php/Home/Index/index
INFO: [ app_init ] --START--
INFO: Run Behavior\BuildLiteBehavior [ RunTime:0.000034s ]
INFO: [ app_init ] --END-- [ RunTime:0.000903s ]
INFO: [ app_begin ] --START--
INFO: Run Behavior\ReadHtmlCacheBehavior [ RunTime:0.001148s ]
INFO: [ app_begin ] --END-- [ RunTime:0.001291s ]
SQL: SHOW COLUMNS FROM `tasks` [ RunTime:0.0043s ]
SQL: SHOW COLUMNS FROM `news` [ RunTime:0.0041s ]
SQL: SHOW COLUMNS FROM `user_info` [ RunTime:0.0040s ]
SQL: SELECT COUNT(*) AS tp_count FROM `tasks` LIMIT 1   [ RunTime:0.0004s ]
SQL: SELECT COUNT(*) AS tp_count FROM `news` WHERE ( cat_id=4 ) LIMIT 1   [ RunTime:0.0003s ]
NOTIC: [2] Invalid argument supplied for foreach() D:\wamp\www\myProject\thinkphpFrame\ThinkPHP\Library\Think\Db\Driver.class.php 第 493 行.
SQL: SELECT * FROM `tasks` ORDER BY task_posttime desc  [ RunTime:0.0006s ]
SQL: SELECT * FROM `news` WHERE ( cat_id=4 ) ORDER BY post_time desc  [ RunTime:0.0007s ]
SQL: SELECT * FROM `user_info` ORDER BY posttime desc LIMIT 10   [ RunTime:0.0006s ]
SQL: SELECT * FROM `user_info` ORDER BY jifeng desc LIMIT 10   [ RunTime:0.0006s ]
INFO: [ view_parse ] --START--
INFO: [ template_filter ] --START--
INFO: Run Behavior\ContentReplaceBehavior [ RunTime:0.000160s ]
INFO: [ template_filter ] --END-- [ RunTime:0.000227s ]
INFO: Run Behavior\ParseTemplateBehavior [ RunTime:0.015867s ]
INFO: [ view_parse ] --END-- [ RunTime:0.015943s ]
INFO: [ view_filter ] --START--
INFO: Run Behavior\WriteHtmlCacheBehavior [ RunTime:0.000240s ]
INFO: [ view_filter ] --END-- [ RunTime:0.000291s ]
INFO: [ app_end ] --START--
INFO: Run Behavior\ShowPageTraceBehavior [ RunTime:0.000527s ]
INFO: [ app_end ] --END-- [ RunTime:0.000584s ]

[ 2015-11-09T14:07:44+08:00 ] 127.0.0.1 /myProject/thinkphpFrame/index.php/Home/Index/showPage/id/17
INFO: [ app_init ] --START--
INFO: Run Behavior\BuildLiteBehavior [ RunTime:0.000022s ]
INFO: [ app_init ] --END-- [ RunTime:0.000577s ]
INFO: [ app_begin ] --START--
INFO: Run Behavior\ReadHtmlCacheBehavior [ RunTime:0.000806s ]
INFO: [ app_begin ] --END-- [ RunTime:0.000894s ]
SQL: SHOW COLUMNS FROM `news` [ RunTime:0.0056s ]
SQL: SELECT * FROM `news` WHERE `id` = 17 LIMIT 1   [ RunTime:0.0006s ]
SQL: SELECT * FROM `news` ORDER BY post_time desc LIMIT 10   [ RunTime:0.0009s ]
INFO: [ view_parse ] --START--
INFO: [ template_filter ] --START--
INFO: Run Behavior\ContentReplaceBehavior [ RunTime:0.000103s ]
INFO: [ template_filter ] --END-- [ RunTime:0.000162s ]
NOTIC: [8] Undefined index: cat_id D:\wamp\www\myProject\thinkphpFrame\Application\Runtime\Cache\Home\c33d18184c28f2865a2f4779405ac26a.php 第 111 行.
NOTIC: [8] Undefined index: cat_id D:\wamp\www\myProject\thinkphpFrame\Application\Runtime\Cache\Home\c33d18184c28f2865a2f4779405ac26a.php 第 112 行.
NOTIC: [8] Undefined index: cat_id D:\wamp\www\myProject\thinkphpFrame\Application\Runtime\Cache\Home\c33d18184c28f2865a2f4779405ac26a.php 第 114 行.
INFO: Run Behavior\ParseTemplateBehavior [ RunTime:0.022319s ]
INFO: [ view_parse ] --END-- [ RunTime:0.022387s ]
INFO: [ view_filter ] --START--
INFO: Run Behavior\WriteHtmlCacheBehavior [ RunTime:0.000299s ]
INFO: [ view_filter ] --END-- [ RunTime:0.000347s ]
INFO: [ app_end ] --START--
INFO: Run Behavior\ShowPageTraceBehavior [ RunTime:0.000549s ]
INFO: [ app_end ] --END-- [ RunTime:0.000597s ]

[ 2015-11-09T14:07:47+08:00 ] 127.0.0.1 /myProject/thinkphpFrame/index.php/Home/Index/showPage/id/20
INFO: [ app_init ] --START--
INFO: Run Behavior\BuildLiteBehavior [ RunTime:0.000022s ]
INFO: [ app_init ] --END-- [ RunTime:0.000526s ]
INFO: [ app_begin ] --START--
INFO: Run Behavior\ReadHtmlCacheBehavior [ RunTime:0.000691s ]
INFO: [ app_begin ] --END-- [ RunTime:0.000782s ]
SQL: SHOW COLUMNS FROM `news` [ RunTime:0.0034s ]
SQL: SELECT * FROM `news` WHERE `id` = 20 LIMIT 1   [ RunTime:0.0005s ]
SQL: SELECT * FROM `news` ORDER BY post_time desc LIMIT 10   [ RunTime:0.0009s ]
INFO: [ view_parse ] --START--
INFO: [ template_filter ] --START--
INFO: Run Behavior\ContentReplaceBehavior [ RunTime:0.000087s ]
INFO: [ template_filter ] --END-- [ RunTime:0.000134s ]
NOTIC: [8] Undefined index: cat_id D:\wamp\www\myProject\thinkphpFrame\Application\Runtime\Cache\Home\c33d18184c28f2865a2f4779405ac26a.php 第 111 行.
NOTIC: [8] Undefined index: cat_id D:\wamp\www\myProject\thinkphpFrame\Application\Runtime\Cache\Home\c33d18184c28f2865a2f4779405ac26a.php 第 112 行.
NOTIC: [8] Undefined index: cat_id D:\wamp\www\myProject\thinkphpFrame\Application\Runtime\Cache\Home\c33d18184c28f2865a2f4779405ac26a.php 第 114 行.
INFO: Run Behavior\ParseTemplateBehavior [ RunTime:0.008952s ]
INFO: [ view_parse ] --END-- [ RunTime:0.009002s ]
INFO: [ view_filter ] --START--
INFO: Run Behavior\WriteHtmlCacheBehavior [ RunTime:0.000761s ]
INFO: [ view_filter ] --END-- [ RunTime:0.000805s ]
INFO: [ app_end ] --START--
INFO: Run Behavior\ShowPageTraceBehavior [ RunTime:0.000424s ]
INFO: [ app_end ] --END-- [ RunTime:0.000465s ]

[ 2015-11-09T14:07:49+08:00 ] 127.0.0.1 /myProject/thinkphpFrame/index.php/Home/Index/showPage1/cat_id/2
INFO: [ app_init ] --START--
INFO: Run Behavior\BuildLiteBehavior [ RunTime:0.000019s ]
INFO: [ app_init ] --END-- [ RunTime:0.000467s ]
INFO: [ app_begin ] --START--
INFO: Run Behavior\ReadHtmlCacheBehavior [ RunTime:0.000644s ]
INFO: [ app_begin ] --END-- [ RunTime:0.000740s ]
SQL: SHOW COLUMNS FROM `news` [ RunTime:0.0054s ]
SQL: SELECT * FROM `news` WHERE ( cat_id=2 )  [ RunTime:0.0007s ]
SQL: SELECT * FROM `news` ORDER BY post_time desc LIMIT 10   [ RunTime:0.0007s ]
INFO: [ view_parse ] --START--
INFO: [ template_filter ] --START--
INFO: Run Behavior\ContentReplaceBehavior [ RunTime:0.000093s ]
INFO: [ template_filter ] --END-- [ RunTime:0.000146s ]
INFO: Run Behavior\ParseTemplateBehavior [ RunTime:0.009725s ]
INFO: [ view_parse ] --END-- [ RunTime:0.009782s ]
INFO: [ view_filter ] --START--
INFO: Run Behavior\WriteHtmlCacheBehavior [ RunTime:0.000173s ]
INFO: [ view_filter ] --END-- [ RunTime:0.000214s ]
INFO: [ app_end ] --START--
INFO: Run Behavior\ShowPageTraceBehavior [ RunTime:0.000401s ]
INFO: [ app_end ] --END-- [ RunTime:0.000442s ]

[ 2015-11-09T14:07:56+08:00 ] 127.0.0.1 /myProject/thinkphpFrame/index.php/Home/Index/showPage1/cat_id/3
INFO: [ app_init ] --START--
INFO: Run Behavior\BuildLiteBehavior [ RunTime:0.000020s ]
INFO: [ app_init ] --END-- [ RunTime:0.000505s ]
INFO: [ app_begin ] --START--
INFO: Run Behavior\ReadHtmlCacheBehavior [ RunTime:0.000706s ]
INFO: [ app_begin ] --END-- [ RunTime:0.000802s ]
SQL: SHOW COLUMNS FROM `news` [ RunTime:0.0045s ]
SQL: SELECT * FROM `news` WHERE ( cat_id=3 )  [ RunTime:0.0008s ]
SQL: SELECT * FROM `news` ORDER BY post_time desc LIMIT 10   [ RunTime:0.0012s ]
INFO: [ view_parse ] --START--
INFO: [ template_filter ] --START--
INFO: Run Behavior\ContentReplaceBehavior [ RunTime:0.000134s ]
INFO: [ template_filter ] --END-- [ RunTime:0.000211s ]
INFO: Run Behavior\ParseTemplateBehavior [ RunTime:0.021795s ]
INFO: [ view_parse ] --END-- [ RunTime:0.021872s ]
INFO: [ view_filter ] --START--
INFO: Run Behavior\WriteHtmlCacheBehavior [ RunTime:0.000322s ]
INFO: [ view_filter ] --END-- [ RunTime:0.000379s ]
INFO: [ app_end ] --START--
INFO: Run Behavior\ShowPageTraceBehavior [ RunTime:0.000619s ]
INFO: [ app_end ] --END-- [ RunTime:0.000677s ]

[ 2015-11-09T14:07:59+08:00 ] 127.0.0.1 /myProject/thinkphpFrame/index.php/Home/Index/index
INFO: [ app_init ] --START--
INFO: Run Behavior\BuildLiteBehavior [ RunTime:0.000011s ]
INFO: [ app_init ] --END-- [ RunTime:0.000247s ]
INFO: [ app_begin ] --START--
INFO: Run Behavior\ReadHtmlCacheBehavior [ RunTime:0.000337s ]
INFO: [ app_begin ] --END-- [ RunTime:0.000379s ]
SQL: SHOW COLUMNS FROM `tasks` [ RunTime:0.0029s ]
SQL: SHOW COLUMNS FROM `news` [ RunTime:0.0025s ]
SQL: SHOW COLUMNS FROM `user_info` [ RunTime:0.0026s ]
SQL: SELECT COUNT(*) AS tp_count FROM `tasks` LIMIT 1   [ RunTime:0.0002s ]
SQL: SELECT COUNT(*) AS tp_count FROM `news` WHERE ( cat_id=4 ) LIMIT 1   [ RunTime:0.0002s ]
NOTIC: [2] Invalid argument supplied for foreach() D:\wamp\www\myProject\thinkphpFrame\ThinkPHP\Library\Think\Db\Driver.class.php 第 493 行.
SQL: SELECT * FROM `tasks` ORDER BY task_posttime desc  [ RunTime:0.0004s ]
SQL: SELECT * FROM `news` WHERE ( cat_id=4 ) ORDER BY post_time desc  [ RunTime:0.0005s ]
SQL: SELECT * FROM `user_info` ORDER BY posttime desc LIMIT 10   [ RunTime:0.0004s ]
SQL: SELECT * FROM `user_info` ORDER BY jifeng desc LIMIT 10   [ RunTime:0.0005s ]
INFO: [ view_parse ] --START--
INFO: [ template_filter ] --START--
INFO: Run Behavior\ContentReplaceBehavior [ RunTime:0.000109s ]
INFO: [ template_filter ] --END-- [ RunTime:0.000159s ]
INFO: Run Behavior\ParseTemplateBehavior [ RunTime:0.011815s ]
INFO: [ view_parse ] --END-- [ RunTime:0.011877s ]
INFO: [ view_filter ] --START--
INFO: Run Behavior\WriteHtmlCacheBehavior [ RunTime:0.000281s ]
INFO: [ view_filter ] --END-- [ RunTime:0.000352s ]
INFO: [ app_end ] --START--
INFO: Run Behavior\ShowPageTraceBehavior [ RunTime:0.000418s ]
INFO: [ app_end ] --END-- [ RunTime:0.000461s ]

[ 2015-11-09T14:08:49+08:00 ] 127.0.0.1 /myProject/thinkphpFrame/index.php/Home/Index/index
INFO: [ app_init ] --START--
INFO: Run Behavior\BuildLiteBehavior [ RunTime:0.000023s ]
INFO: [ app_init ] --END-- [ RunTime:0.000547s ]
INFO: [ app_begin ] --START--
INFO: Run Behavior\ReadHtmlCacheBehavior [ RunTime:0.000759s ]
INFO: [ app_begin ] --END-- [ RunTime:0.000855s ]
SQL: SHOW COLUMNS FROM `tasks` [ RunTime:0.0033s ]
SQL: SHOW COLUMNS FROM `news` [ RunTime:0.0030s ]
SQL: SHOW COLUMNS FROM `user_info` [ RunTime:0.0029s ]
SQL: SELECT COUNT(*) AS tp_count FROM `tasks` LIMIT 1   [ RunTime:0.0003s ]
SQL: SELECT COUNT(*) AS tp_count FROM `news` WHERE ( cat_id=4 ) LIMIT 1   [ RunTime:0.0003s ]
NOTIC: [2] Invalid argument supplied for foreach() D:\wamp\www\myProject\thinkphpFrame\ThinkPHP\Library\Think\Db\Driver.class.php 第 493 行.
SQL: SELECT * FROM `tasks` ORDER BY task_posttime desc  [ RunTime:0.0007s ]
SQL: SELECT * FROM `news` WHERE ( cat_id=4 ) ORDER BY post_time desc  [ RunTime:0.0006s ]
SQL: SELECT * FROM `user_info` ORDER BY posttime desc LIMIT 10   [ RunTime:0.0005s ]
SQL: SELECT * FROM `user_info` ORDER BY jifeng desc LIMIT 10   [ RunTime:0.0005s ]
INFO: [ view_parse ] --START--
INFO: [ template_filter ] --START--
INFO: Run Behavior\ContentReplaceBehavior [ RunTime:0.000175s ]
INFO: [ template_filter ] --END-- [ RunTime:0.000246s ]
INFO: Run Behavior\ParseTemplateBehavior [ RunTime:0.013634s ]
INFO: [ view_parse ] --END-- [ RunTime:0.013703s ]
INFO: [ view_filter ] --START--
INFO: Run Behavior\WriteHtmlCacheBehavior [ RunTime:0.000185s ]
INFO: [ view_filter ] --END-- [ RunTime:0.000230s ]
INFO: [ app_end ] --START--
INFO: Run Behavior\ShowPageTraceBehavior [ RunTime:0.000413s ]
INFO: [ app_end ] --END-- [ RunTime:0.000458s ]

[ 2015-11-09T14:09:11+08:00 ] 127.0.0.1 /myProject/thinkphpFrame/index.php/Home/Index/index
INFO: [ app_init ] --START--
INFO: Run Behavior\BuildLiteBehavior [ RunTime:0.000017s ]
INFO: [ app_init ] --END-- [ RunTime:0.000401s ]
INFO: [ app_begin ] --START--
INFO: Run Behavior\ReadHtmlCacheBehavior [ RunTime:0.000534s ]
INFO: [ app_begin ] --END-- [ RunTime:0.000599s ]
SQL: SHOW COLUMNS FROM `tasks` [ RunTime:0.0040s ]
SQL: SHOW COLUMNS FROM `news` [ RunTime:0.0043s ]
SQL: SHOW COLUMNS FROM `user_info` [ RunTime:0.0041s ]
SQL: SELECT COUNT(*) AS tp_count FROM `tasks` LIMIT 1   [ RunTime:0.0004s ]
SQL: SELECT COUNT(*) AS tp_count FROM `news` WHERE ( cat_id=4 ) LIMIT 1   [ RunTime:0.0004s ]
NOTIC: [2] Invalid argument supplied for foreach() D:\wamp\www\myProject\thinkphpFrame\ThinkPHP\Library\Think\Db\Driver.class.php 第 493 行.
SQL: SELECT * FROM `tasks` ORDER BY task_posttime desc  [ RunTime:0.0006s ]
SQL: SELECT * FROM `news` WHERE ( cat_id=4 ) ORDER BY post_time desc  [ RunTime:0.0008s ]
SQL: SELECT * FROM `user_info` ORDER BY posttime desc LIMIT 10   [ RunTime:0.0006s ]
SQL: SELECT * FROM `user_info` ORDER BY jifeng desc LIMIT 10   [ RunTime:0.0006s ]
INFO: [ view_parse ] --START--
INFO: [ template_filter ] --START--
INFO: Run Behavior\ContentReplaceBehavior [ RunTime:0.000166s ]
INFO: [ template_filter ] --END-- [ RunTime:0.000234s ]
INFO: Run Behavior\ParseTemplateBehavior [ RunTime:0.017375s ]
INFO: [ view_parse ] --END-- [ RunTime:0.017470s ]
INFO: [ view_filter ] --START--
INFO: Run Behavior\WriteHtmlCacheBehavior [ RunTime:0.000157s ]
INFO: [ view_filter ] --END-- [ RunTime:0.000195s ]
INFO: [ app_end ] --START--
INFO: Run Behavior\ShowPageTraceBehavior [ RunTime:0.000349s ]
INFO: [ app_end ] --END-- [ RunTime:0.000388s ]

[ 2015-11-09T14:09:53+08:00 ] 127.0.0.1 /myProject/thinkphpFrame/index.php/Home/Index/showPage/id/17
INFO: [ app_init ] --START--
INFO: Run Behavior\BuildLiteBehavior [ RunTime:0.000020s ]
INFO: [ app_init ] --END-- [ RunTime:0.000433s ]
INFO: [ app_begin ] --START--
INFO: Run Behavior\ReadHtmlCacheBehavior [ RunTime:0.000622s ]
INFO: [ app_begin ] --END-- [ RunTime:0.000689s ]
SQL: SHOW COLUMNS FROM `news` [ RunTime:0.0040s ]
SQL: SELECT * FROM `news` WHERE `id` = 17 LIMIT 1   [ RunTime:0.0005s ]
SQL: SELECT * FROM `news` ORDER BY post_time desc LIMIT 10   [ RunTime:0.0010s ]
INFO: [ view_parse ] --START--
INFO: [ template_filter ] --START--
INFO: Run Behavior\ContentReplaceBehavior [ RunTime:0.000083s ]
INFO: [ template_filter ] --END-- [ RunTime:0.000134s ]
NOTIC: [8] Undefined index: cat_id D:\wamp\www\myProject\thinkphpFrame\Application\Runtime\Cache\Home\c33d18184c28f2865a2f4779405ac26a.php 第 111 行.
NOTIC: [8] Undefined index: cat_id D:\wamp\www\myProject\thinkphpFrame\Application\Runtime\Cache\Home\c33d18184c28f2865a2f4779405ac26a.php 第 112 行.
NOTIC: [8] Undefined index: cat_id D:\wamp\www\myProject\thinkphpFrame\Application\Runtime\Cache\Home\c33d18184c28f2865a2f4779405ac26a.php 第 114 行.
INFO: Run Behavior\ParseTemplateBehavior [ RunTime:0.010129s ]
INFO: [ view_parse ] --END-- [ RunTime:0.010198s ]
INFO: [ view_filter ] --START--
INFO: Run Behavior\WriteHtmlCacheBehavior [ RunTime:0.000214s ]
INFO: [ view_filter ] --END-- [ RunTime:0.000249s ]
INFO: [ app_end ] --START--
INFO: Run Behavior\ShowPageTraceBehavior [ RunTime:0.000434s ]
INFO: [ app_end ] --END-- [ RunTime:0.000480s ]

[ 2015-11-09T14:09:55+08:00 ] 127.0.0.1 /myProject/thinkphpFrame/index.php/Home/Index/showPage/id/20
INFO: [ app_init ] --START--
INFO: Run Behavior\BuildLiteBehavior [ RunTime:0.000018s ]
INFO: [ app_init ] --END-- [ RunTime:0.000422s ]
INFO: [ app_begin ] --START--
INFO: Run Behavior\ReadHtmlCacheBehavior [ RunTime:0.000538s ]
INFO: [ app_begin ] --END-- [ RunTime:0.000605s ]
SQL: SHOW COLUMNS FROM `news` [ RunTime:0.0026s ]
SQL: SELECT * FROM `news` WHERE `id` = 20 LIMIT 1   [ RunTime:0.0004s ]
SQL: SELECT * FROM `news` ORDER BY post_time desc LIMIT 10   [ RunTime:0.0006s ]
INFO: [ view_parse ] --START--
INFO: [ template_filter ] --START--
INFO: Run Behavior\ContentReplaceBehavior [ RunTime:0.000085s ]
INFO: [ template_filter ] --END-- [ RunTime:0.000141s ]
NOTIC: [8] Undefined index: cat_id D:\wamp\www\myProject\thinkphpFrame\Application\Runtime\Cache\Home\c33d18184c28f2865a2f4779405ac26a.php 第 111 行.
NOTIC: [8] Undefined index: cat_id D:\wamp\www\myProject\thinkphpFrame\Application\Runtime\Cache\Home\c33d18184c28f2865a2f4779405ac26a.php 第 112 行.
NOTIC: [8] Undefined index: cat_id D:\wamp\www\myProject\thinkphpFrame\Application\Runtime\Cache\Home\c33d18184c28f2865a2f4779405ac26a.php 第 114 行.
INFO: Run Behavior\ParseTemplateBehavior [ RunTime:0.008891s ]
INFO: [ view_parse ] --END-- [ RunTime:0.008936s ]
INFO: [ view_filter ] --START--
INFO: Run Behavior\WriteHtmlCacheBehavior [ RunTime:0.000177s ]
INFO: [ view_filter ] --END-- [ RunTime:0.000218s ]
INFO: [ app_end ] --START--
INFO: Run Behavior\ShowPageTraceBehavior [ RunTime:0.000377s ]
INFO: [ app_end ] --END-- [ RunTime:0.000413s ]

[ 2015-11-09T14:09:56+08:00 ] 127.0.0.1 /myProject/thinkphpFrame/index.php/Home/Index/showPage1/cat_id/2
INFO: [ app_init ] --START--
INFO: Run Behavior\BuildLiteBehavior [ RunTime:0.000024s ]
INFO: [ app_init ] --END-- [ RunTime:0.000471s ]
INFO: [ app_begin ] --START--
INFO: Run Behavior\ReadHtmlCacheBehavior [ RunTime:0.000581s ]
INFO: [ app_begin ] --END-- [ RunTime:0.000656s ]
SQL: SHOW COLUMNS FROM `news` [ RunTime:0.0028s ]
SQL: SELECT * FROM `news` WHERE ( cat_id=2 )  [ RunTime:0.0006s ]
SQL: SELECT * FROM `news` ORDER BY post_time desc LIMIT 10   [ RunTime:0.0008s ]
INFO: [ view_parse ] --START--
INFO: [ template_filter ] --START--
INFO: Run Behavior\ContentReplaceBehavior [ RunTime:0.000087s ]
INFO: [ template_filter ] --END-- [ RunTime:0.000142s ]
INFO: Run Behavior\ParseTemplateBehavior [ RunTime:0.009384s ]
INFO: [ view_parse ] --END-- [ RunTime:0.009436s ]
INFO: [ view_filter ] --START--
INFO: Run Behavior\WriteHtmlCacheBehavior [ RunTime:0.000155s ]
INFO: [ view_filter ] --END-- [ RunTime:0.000192s ]
INFO: [ app_end ] --START--
INFO: Run Behavior\ShowPageTraceBehavior [ RunTime:0.000361s ]
INFO: [ app_end ] --END-- [ RunTime:0.000399s ]

[ 2015-11-09T14:09:57+08:00 ] 127.0.0.1 /myProject/thinkphpFrame/index.php/Home/Index/showPage1/cat_id/3
INFO: [ app_init ] --START--
INFO: Run Behavior\BuildLiteBehavior [ RunTime:0.000012s ]
INFO: [ app_init ] --END-- [ RunTime:0.000259s ]
INFO: [ app_begin ] --START--
INFO: Run Behavior\ReadHtmlCacheBehavior [ RunTime:0.000345s ]
INFO: [ app_begin ] --END-- [ RunTime:0.000388s ]
SQL: SHOW COLUMNS FROM `news` [ RunTime:0.0025s ]
SQL: SELECT * FROM `news` WHERE ( cat_id=3 )  [ RunTime:0.0005s ]
SQL: SELECT * FROM `news` ORDER BY post_time desc LIMIT 10   [ RunTime:0.0007s ]
INFO: [ view_parse ] --START--
INFO: [ template_filter ] --START--
INFO: Run Behavior\ContentReplaceBehavior [ RunTime:0.000117s ]
INFO: [ template_filter ] --END-- [ RunTime:0.000171s ]
INFO: Run Behavior\ParseTemplateBehavior [ RunTime:0.009330s ]
INFO: [ view_parse ] --END-- [ RunTime:0.009387s ]
INFO: [ view_filter ] --START--
INFO: Run Behavior\WriteHtmlCacheBehavior [ RunTime:0.000163s ]
INFO: [ view_filter ] --END-- [ RunTime:0.000202s ]
INFO: [ app_end ] --START--
INFO: Run Behavior\ShowPageTraceBehavior [ RunTime:0.000362s ]
INFO: [ app_end ] --END-- [ RunTime:0.000399s ]

[ 2015-11-09T14:10:00+08:00 ] 127.0.0.1 /myProject/thinkphpFrame/index.php/Home/Index/showPage/id/25/cat_id/3
INFO: [ app_init ] --START--
INFO: Run Behavior\BuildLiteBehavior [ RunTime:0.000017s ]
INFO: [ app_init ] --END-- [ RunTime:0.000424s ]
INFO: [ app_begin ] --START--
INFO: Run Behavior\ReadHtmlCacheBehavior [ RunTime:0.000623s ]
INFO: [ app_begin ] --END-- [ RunTime:0.000718s ]
SQL: SHOW COLUMNS FROM `news` [ RunTime:0.0042s ]
SQL: SELECT * FROM `news` WHERE `id` = 25 LIMIT 1   [ RunTime:0.0006s ]
SQL: SELECT * FROM `news` ORDER BY post_time desc LIMIT 10   [ RunTime:0.0010s ]
INFO: [ view_parse ] --START--
INFO: [ template_filter ] --START--
INFO: Run Behavior\ContentReplaceBehavior [ RunTime:0.000090s ]
INFO: [ template_filter ] --END-- [ RunTime:0.000142s ]
INFO: Run Behavior\ParseTemplateBehavior [ RunTime:0.009008s ]
INFO: [ view_parse ] --END-- [ RunTime:0.009063s ]
INFO: [ view_filter ] --START--
INFO: Run Behavior\WriteHtmlCacheBehavior [ RunTime:0.000171s ]
INFO: [ view_filter ] --END-- [ RunTime:0.000212s ]
INFO: [ app_end ] --START--
INFO: Run Behavior\ShowPageTraceBehavior [ RunTime:0.000420s ]
INFO: [ app_end ] --END-- [ RunTime:0.000460s ]

[ 2015-11-09T14:10:00+08:00 ] 127.0.0.1 /myProject/thinkphpFrame/index.php/Home/Index/showPage/id/favicon.ico
INFO: [ app_init ] --START--
INFO: Run Behavior\BuildLiteBehavior [ RunTime:0.000012s ]
INFO: [ app_init ] --END-- [ RunTime:0.000255s ]

[ 2015-11-09T14:10:02+08:00 ] 127.0.0.1 /myProject/thinkphpFrame/index.php/Home/Index/index
INFO: [ app_init ] --START--
INFO: Run Behavior\BuildLiteBehavior [ RunTime:0.000011s ]
INFO: [ app_init ] --END-- [ RunTime:0.000248s ]
INFO: [ app_begin ] --START--
INFO: Run Behavior\ReadHtmlCacheBehavior [ RunTime:0.000512s ]
INFO: [ app_begin ] --END-- [ RunTime:0.000577s ]
SQL: SHOW COLUMNS FROM `tasks` [ RunTime:0.0031s ]
SQL: SHOW COLUMNS FROM `news` [ RunTime:0.0026s ]
SQL: SHOW COLUMNS FROM `user_info` [ RunTime:0.0026s ]
SQL: SELECT COUNT(*) AS tp_count FROM `tasks` LIMIT 1   [ RunTime:0.0003s ]
SQL: SELECT COUNT(*) AS tp_count FROM `news` WHERE ( cat_id=4 ) LIMIT 1   [ RunTime:0.0002s ]
NOTIC: [2] Invalid argument supplied for foreach() D:\wamp\www\myProject\thinkphpFrame\ThinkPHP\Library\Think\Db\Driver.class.php 第 493 行.
SQL: SELECT * FROM `tasks` ORDER BY task_posttime desc  [ RunTime:0.0004s ]
SQL: SELECT * FROM `news` WHERE ( cat_id=4 ) ORDER BY post_time desc  [ RunTime:0.0005s ]
SQL: SELECT * FROM `user_info` ORDER BY posttime desc LIMIT 10   [ RunTime:0.0004s ]
SQL: SELECT * FROM `user_info` ORDER BY jifeng desc LIMIT 10   [ RunTime:0.0004s ]
INFO: [ view_parse ] --START--
INFO: [ template_filter ] --START--
INFO: Run Behavior\ContentReplaceBehavior [ RunTime:0.000110s ]
INFO: [ template_filter ] --END-- [ RunTime:0.000159s ]
INFO: Run Behavior\ParseTemplateBehavior [ RunTime:0.011822s ]
INFO: [ view_parse ] --END-- [ RunTime:0.011888s ]
INFO: [ view_filter ] --START--
INFO: Run Behavior\WriteHtmlCacheBehavior [ RunTime:0.000179s ]
INFO: [ view_filter ] --END-- [ RunTime:0.000225s ]
INFO: [ app_end ] --START--
INFO: Run Behavior\ShowPageTraceBehavior [ RunTime:0.000393s ]
INFO: [ app_end ] --END-- [ RunTime:0.000438s ]

[ 2015-11-09T14:10:05+08:00 ] 127.0.0.1 /myProject/thinkphpFrame/index.php/Home/Index/showPage/id/17
INFO: [ app_init ] --START--
INFO: Run Behavior\BuildLiteBehavior [ RunTime:0.000019s ]
INFO: [ app_init ] --END-- [ RunTime:0.000426s ]
INFO: [ app_begin ] --START--
INFO: Run Behavior\ReadHtmlCacheBehavior [ RunTime:0.000620s ]
INFO: [ app_begin ] --END-- [ RunTime:0.000701s ]
SQL: SHOW COLUMNS FROM `news` [ RunTime:0.0028s ]
SQL: SELECT * FROM `news` WHERE `id` = 17 LIMIT 1   [ RunTime:0.0005s ]
SQL: SELECT * FROM `news` ORDER BY post_time desc LIMIT 10   [ RunTime:0.0008s ]
INFO: [ view_parse ] --START--
INFO: [ template_filter ] --START--
INFO: Run Behavior\ContentReplaceBehavior [ RunTime:0.000084s ]
INFO: [ template_filter ] --END-- [ RunTime:0.000137s ]
NOTIC: [8] Undefined index: cat_id D:\wamp\www\myProject\thinkphpFrame\Application\Runtime\Cache\Home\c33d18184c28f2865a2f4779405ac26a.php 第 111 行.
NOTIC: [8] Undefined index: cat_id D:\wamp\www\myProject\thinkphpFrame\Application\Runtime\Cache\Home\c33d18184c28f2865a2f4779405ac26a.php 第 112 行.
NOTIC: [8] Undefined index: cat_id D:\wamp\www\myProject\thinkphpFrame\Application\Runtime\Cache\Home\c33d18184c28f2865a2f4779405ac26a.php 第 114 行.
INFO: Run Behavior\ParseTemplateBehavior [ RunTime:0.008929s ]
INFO: [ view_parse ] --END-- [ RunTime:0.008987s ]
INFO: [ view_filter ] --START--
INFO: Run Behavior\WriteHtmlCacheBehavior [ RunTime:0.000181s ]
INFO: [ view_filter ] --END-- [ RunTime:0.000225s ]
INFO: [ app_end ] --START--
INFO: Run Behavior\ShowPageTraceBehavior [ RunTime:0.000375s ]
INFO: [ app_end ] --END-- [ RunTime:0.000413s ]

[ 2015-11-09T14:10:07+08:00 ] 127.0.0.1 /myProject/thinkphpFrame/index.php/Home/Index/showPage/id/20
INFO: [ app_init ] --START--
INFO: Run Behavior\BuildLiteBehavior [ RunTime:0.000012s ]
INFO: [ app_init ] --END-- [ RunTime:0.000294s ]
INFO: [ app_begin ] --START--
INFO: Run Behavior\ReadHtmlCacheBehavior [ RunTime:0.000608s ]
INFO: [ app_begin ] --END-- [ RunTime:0.000689s ]
SQL: SHOW COLUMNS FROM `news` [ RunTime:0.0028s ]
SQL: SELECT * FROM `news` WHERE `id` = 20 LIMIT 1   [ RunTime:0.0004s ]
SQL: SELECT * FROM `news` ORDER BY post_time desc LIMIT 10   [ RunTime:0.0006s ]
INFO: [ view_parse ] --START--
INFO: [ template_filter ] --START--
INFO: Run Behavior\ContentReplaceBehavior [ RunTime:0.000082s ]
INFO: [ template_filter ] --END-- [ RunTime:0.000128s ]
NOTIC: [8] Undefined index: cat_id D:\wamp\www\myProject\thinkphpFrame\Application\Runtime\Cache\Home\c33d18184c28f2865a2f4779405ac26a.php 第 111 行.
NOTIC: [8] Undefined index: cat_id D:\wamp\www\myProject\thinkphpFrame\Application\Runtime\Cache\Home\c33d18184c28f2865a2f4779405ac26a.php 第 112 行.
NOTIC: [8] Undefined index: cat_id D:\wamp\www\myProject\thinkphpFrame\Application\Runtime\Cache\Home\c33d18184c28f2865a2f4779405ac26a.php 第 114 行.
INFO: Run Behavior\ParseTemplateBehavior [ RunTime:0.008334s ]
INFO: [ view_parse ] --END-- [ RunTime:0.008381s ]
INFO: [ view_filter ] --START--
INFO: Run Behavior\WriteHtmlCacheBehavior [ RunTime:0.000153s ]
INFO: [ view_filter ] --END-- [ RunTime:0.000187s ]
INFO: [ app_end ] --START--
INFO: Run Behavior\ShowPageTraceBehavior [ RunTime:0.000365s ]
INFO: [ app_end ] --END-- [ RunTime:0.000403s ]

[ 2015-11-09T14:10:09+08:00 ] 127.0.0.1 /myProject/thinkphpFrame/index.php/Home/Index/showPage/id/31/cat_id/4
INFO: [ app_init ] --START--
INFO: Run Behavior\BuildLiteBehavior [ RunTime:0.000031s ]
INFO: [ app_init ] --END-- [ RunTime:0.001097s ]
INFO: [ app_begin ] --START--
INFO: Run Behavior\ReadHtmlCacheBehavior [ RunTime:0.000658s ]
INFO: [ app_begin ] --END-- [ RunTime:0.000747s ]
SQL: SHOW COLUMNS FROM `news` [ RunTime:0.0034s ]
SQL: SELECT * FROM `news` WHERE `id` = 31 LIMIT 1   [ RunTime:0.0003s ]
SQL: SELECT * FROM `news` ORDER BY post_time desc LIMIT 10   [ RunTime:0.0007s ]
INFO: [ view_parse ] --START--
INFO: [ template_filter ] --START--
INFO: Run Behavior\ContentReplaceBehavior [ RunTime:0.000081s ]
INFO: [ template_filter ] --END-- [ RunTime:0.000128s ]
INFO: Run Behavior\ParseTemplateBehavior [ RunTime:0.008227s ]
INFO: [ view_parse ] --END-- [ RunTime:0.008290s ]
INFO: [ view_filter ] --START--
INFO: Run Behavior\WriteHtmlCacheBehavior [ RunTime:0.000161s ]
INFO: [ view_filter ] --END-- [ RunTime:0.000196s ]
INFO: [ app_end ] --START--
INFO: Run Behavior\ShowPageTraceBehavior [ RunTime:0.000485s ]
INFO: [ app_end ] --END-- [ RunTime:0.000533s ]

[ 2015-11-09T14:10:11+08:00 ] 127.0.0.1 /myProject/thinkphpFrame/index.php/Home/Index/showPage1/cat_id/2
INFO: [ app_init ] --START--
INFO: Run Behavior\BuildLiteBehavior [ RunTime:0.000014s ]
INFO: [ app_init ] --END-- [ RunTime:0.000335s ]
INFO: [ app_begin ] --START--
INFO: Run Behavior\ReadHtmlCacheBehavior [ RunTime:0.000462s ]
INFO: [ app_begin ] --END-- [ RunTime:0.000521s ]
SQL: SHOW COLUMNS FROM `news` [ RunTime:0.0035s ]
SQL: SELECT * FROM `news` WHERE ( cat_id=2 )  [ RunTime:0.0004s ]
SQL: SELECT * FROM `news` ORDER BY post_time desc LIMIT 10   [ RunTime:0.0008s ]
INFO: [ view_parse ] --START--
INFO: [ template_filter ] --START--
INFO: Run Behavior\ContentReplaceBehavior [ RunTime:0.000084s ]
INFO: [ template_filter ] --END-- [ RunTime:0.000132s ]
INFO: Run Behavior\ParseTemplateBehavior [ RunTime:0.008906s ]
INFO: [ view_parse ] --END-- [ RunTime:0.008967s ]
INFO: [ view_filter ] --START--
INFO: Run Behavior\WriteHtmlCacheBehavior [ RunTime:0.000189s ]
INFO: [ view_filter ] --END-- [ RunTime:0.000226s ]
INFO: [ app_end ] --START--
INFO: Run Behavior\ShowPageTraceBehavior [ RunTime:0.001163s ]
INFO: [ app_end ] --END-- [ RunTime:0.001214s ]

[ 2015-11-09T14:10:13+08:00 ] 127.0.0.1 /myProject/thinkphpFrame/index.php/Home/Index/getDetail/id/22
INFO: [ app_init ] --START--
INFO: Run Behavior\BuildLiteBehavior [ RunTime:0.000019s ]
INFO: [ app_init ] --END-- [ RunTime:0.000441s ]
INFO: [ app_begin ] --START--
INFO: Run Behavior\ReadHtmlCacheBehavior [ RunTime:0.000664s ]
INFO: [ app_begin ] --END-- [ RunTime:0.000770s ]
SQL: SHOW COLUMNS FROM `news` [ RunTime:0.0027s ]
SQL: SELECT * FROM `news` WHERE `id` = 22 LIMIT 1   [ RunTime:0.0004s ]
INFO: [ view_parse ] --START--
INFO: [ template_filter ] --START--
INFO: Run Behavior\ContentReplaceBehavior [ RunTime:0.000031s ]
INFO: [ template_filter ] --END-- [ RunTime:0.000075s ]
INFO: Run Behavior\ParseTemplateBehavior [ RunTime:0.026782s ]
INFO: [ view_parse ] --END-- [ RunTime:0.026858s ]
INFO: [ view_filter ] --START--
INFO: Run Behavior\WriteHtmlCacheBehavior [ RunTime:0.000165s ]
INFO: [ view_filter ] --END-- [ RunTime:0.000199s ]
INFO: [ app_end ] --START--
INFO: Run Behavior\ShowPageTraceBehavior [ RunTime:0.000357s ]
INFO: [ app_end ] --END-- [ RunTime:0.000393s ]

[ 2015-11-09T14:10:16+08:00 ] 127.0.0.1 /myProject/thinkphpFrame/index.php/Home/User/signup
INFO: [ app_init ] --START--
INFO: Run Behavior\BuildLiteBehavior [ RunTime:0.000017s ]
INFO: [ app_init ] --END-- [ RunTime:0.000409s ]
INFO: [ app_begin ] --START--
INFO: Run Behavior\ReadHtmlCacheBehavior [ RunTime:0.000586s ]
INFO: [ app_begin ] --END-- [ RunTime:0.000659s ]
SQL: SHOW COLUMNS FROM `tasks` [ RunTime:0.0042s ]
SQL: SELECT * FROM `tasks` ORDER BY task_posttime desc LIMIT 10   [ RunTime:0.0007s ]
INFO: [ view_parse ] --START--
INFO: [ template_filter ] --START--
INFO: Run Behavior\ContentReplaceBehavior [ RunTime:0.000175s ]
INFO: [ template_filter ] --END-- [ RunTime:0.000254s ]
NOTIC: [8] Undefined index: id D:\wamp\www\myProject\thinkphpFrame\Application\Runtime\Cache\Home\a807679135095643819660f50c85358c.php 第 48 行.
NOTIC: [8] Undefined variable: data D:\wamp\www\myProject\thinkphpFrame\Application\Runtime\Cache\Home\a807679135095643819660f50c85358c.php 第 107 行.
NOTIC: [8] Undefined index: id D:\wamp\www\myProject\thinkphpFrame\Application\Runtime\Cache\Home\a807679135095643819660f50c85358c.php 第 231 行.
NOTIC: [8] Undefined index: id D:\wamp\www\myProject\thinkphpFrame\Application\Runtime\Cache\Home\a807679135095643819660f50c85358c.php 第 231 行.
NOTIC: [8] Undefined index: id D:\wamp\www\myProject\thinkphpFrame\Application\Runtime\Cache\Home\a807679135095643819660f50c85358c.php 第 231 行.
NOTIC: [8] Undefined index: id D:\wamp\www\myProject\thinkphpFrame\Application\Runtime\Cache\Home\a807679135095643819660f50c85358c.php 第 231 行.
NOTIC: [8] Undefined index: id D:\wamp\www\myProject\thinkphpFrame\Application\Runtime\Cache\Home\a807679135095643819660f50c85358c.php 第 231 行.
NOTIC: [8] Undefined index: id D:\wamp\www\myProject\thinkphpFrame\Application\Runtime\Cache\Home\a807679135095643819660f50c85358c.php 第 231 行.
NOTIC: [8] Undefined index: id D:\wamp\www\myProject\thinkphpFrame\Application\Runtime\Cache\Home\a807679135095643819660f50c85358c.php 第 231 行.
NOTIC: [8] Undefined index: id D:\wamp\www\myProject\thinkphpFrame\Application\Runtime\Cache\Home\a807679135095643819660f50c85358c.php 第 231 行.
NOTIC: [8] Undefined index: id D:\wamp\www\myProject\thinkphpFrame\Application\Runtime\Cache\Home\a807679135095643819660f50c85358c.php 第 231 行.
NOTIC: [8] Undefined index: id D:\wamp\www\myProject\thinkphpFrame\Application\Runtime\Cache\Home\a807679135095643819660f50c85358c.php 第 231 行.
NOTIC: [8] Undefined index: id D:\wamp\www\myProject\thinkphpFrame\Application\Runtime\Cache\Home\a807679135095643819660f50c85358c.php 第 234 行.
NOTIC: [8] Undefined index: id D:\wamp\www\myProject\thinkphpFrame\Application\Runtime\Cache\Home\a807679135095643819660f50c85358c.php 第 234 行.
NOTIC: [8] Undefined index: id D:\wamp\www\myProject\thinkphpFrame\Application\Runtime\Cache\Home\a807679135095643819660f50c85358c.php 第 234 行.
NOTIC: [8] Undefined index: id D:\wamp\www\myProject\thinkphpFrame\Application\Runtime\Cache\Home\a807679135095643819660f50c85358c.php 第 234 行.
NOTIC: [8] Undefined index: id D:\wamp\www\myProject\thinkphpFrame\Application\Runtime\Cache\Home\a807679135095643819660f50c85358c.php 第 234 行.
NOTIC: [8] Undefined index: id D:\wamp\www\myProject\thinkphpFrame\Application\Runtime\Cache\Home\a807679135095643819660f50c85358c.php 第 234 行.
NOTIC: [8] Undefined index: id D:\wamp\www\myProject\thinkphpFrame\Application\Runtime\Cache\Home\a807679135095643819660f50c85358c.php 第 234 行.
NOTIC: [8] Undefined index: id D:\wamp\www\myProject\thinkphpFrame\Application\Runtime\Cache\Home\a807679135095643819660f50c85358c.php 第 234 行.
NOTIC: [8] Undefined index: id D:\wamp\www\myProject\thinkphpFrame\Application\Runtime\Cache\Home\a807679135095643819660f50c85358c.php 第 234 行.
NOTIC: [8] Undefined index: id D:\wamp\www\myProject\thinkphpFrame\Application\Runtime\Cache\Home\a807679135095643819660f50c85358c.php 第 234 行.
INFO: Run Behavior\ParseTemplateBehavior [ RunTime:0.026348s ]
INFO: [ view_parse ] --END-- [ RunTime:0.026407s ]
INFO: [ view_filter ] --START--
INFO: Run Behavior\WriteHtmlCacheBehavior [ RunTime:0.000158s ]
INFO: [ view_filter ] --END-- [ RunTime:0.000193s ]
INFO: [ app_end ] --START--
INFO: Run Behavior\ShowPageTraceBehavior [ RunTime:0.000353s ]
INFO: [ app_end ] --END-- [ RunTime:0.000391s ]

[ 2015-11-09T14:33:32+08:00 ] 127.0.0.1 /myProject/thinkphpFrame/index.php/Home/User/signup
INFO: [ app_init ] --START--
INFO: Run Behavior\BuildLiteBehavior [ RunTime:0.000016s ]
INFO: [ app_init ] --END-- [ RunTime:0.000391s ]
INFO: [ app_begin ] --START--
INFO: Run Behavior\ReadHtmlCacheBehavior [ RunTime:0.000576s ]
INFO: [ app_begin ] --END-- [ RunTime:0.000638s ]
SQL: SHOW COLUMNS FROM `tasks` [ RunTime:0.0040s ]
SQL: SELECT * FROM `tasks` ORDER BY task_posttime desc LIMIT 10   [ RunTime:0.0007s ]
INFO: [ view_parse ] --START--
INFO: [ template_filter ] --START--
INFO: Run Behavior\ContentReplaceBehavior [ RunTime:0.000159s ]
INFO: [ template_filter ] --END-- [ RunTime:0.000226s ]
NOTIC: [8] Undefined index: id D:\wamp\www\myProject\thinkphpFrame\Application\Runtime\Cache\Home\a807679135095643819660f50c85358c.php 第 48 行.
NOTIC: [8] Undefined variable: data D:\wamp\www\myProject\thinkphpFrame\Application\Runtime\Cache\Home\a807679135095643819660f50c85358c.php 第 107 行.
NOTIC: [8] Undefined index: id D:\wamp\www\myProject\thinkphpFrame\Application\Runtime\Cache\Home\a807679135095643819660f50c85358c.php 第 231 行.
NOTIC: [8] Undefined index: id D:\wamp\www\myProject\thinkphpFrame\Application\Runtime\Cache\Home\a807679135095643819660f50c85358c.php 第 231 行.
NOTIC: [8] Undefined index: id D:\wamp\www\myProject\thinkphpFrame\Application\Runtime\Cache\Home\a807679135095643819660f50c85358c.php 第 231 行.
NOTIC: [8] Undefined index: id D:\wamp\www\myProject\thinkphpFrame\Application\Runtime\Cache\Home\a807679135095643819660f50c85358c.php 第 231 行.
NOTIC: [8] Undefined index: id D:\wamp\www\myProject\thinkphpFrame\Application\Runtime\Cache\Home\a807679135095643819660f50c85358c.php 第 231 行.
NOTIC: [8] Undefined index: id D:\wamp\www\myProject\thinkphpFrame\Application\Runtime\Cache\Home\a807679135095643819660f50c85358c.php 第 231 行.
NOTIC: [8] Undefined index: id D:\wamp\www\myProject\thinkphpFrame\Application\Runtime\Cache\Home\a807679135095643819660f50c85358c.php 第 231 行.
NOTIC: [8] Undefined index: id D:\wamp\www\myProject\thinkphpFrame\Application\Runtime\Cache\Home\a807679135095643819660f50c85358c.php 第 231 行.
NOTIC: [8] Undefined index: id D:\wamp\www\myProject\thinkphpFrame\Application\Runtime\Cache\Home\a807679135095643819660f50c85358c.php 第 231 行.
NOTIC: [8] Undefined index: id D:\wamp\www\myProject\thinkphpFrame\Application\Runtime\Cache\Home\a807679135095643819660f50c85358c.php 第 231 行.
NOTIC: [8] Undefined index: id D:\wamp\www\myProject\thinkphpFrame\Application\Runtime\Cache\Home\a807679135095643819660f50c85358c.php 第 234 行.
NOTIC: [8] Undefined index: id D:\wamp\www\myProject\thinkphpFrame\Application\Runtime\Cache\Home\a807679135095643819660f50c85358c.php 第 234 行.
NOTIC: [8] Undefined index: id D:\wamp\www\myProject\thinkphpFrame\Application\Runtime\Cache\Home\a807679135095643819660f50c85358c.php 第 234 行.
NOTIC: [8] Undefined index: id D:\wamp\www\myProject\thinkphpFrame\Application\Runtime\Cache\Home\a807679135095643819660f50c85358c.php 第 234 行.
NOTIC: [8] Undefined index: id D:\wamp\www\myProject\thinkphpFrame\Application\Runtime\Cache\Home\a807679135095643819660f50c85358c.php 第 234 行.
NOTIC: [8] Undefined index: id D:\wamp\www\myProject\thinkphpFrame\Application\Runtime\Cache\Home\a807679135095643819660f50c85358c.php 第 234 行.
NOTIC: [8] Undefined index: id D:\wamp\www\myProject\thinkphpFrame\Application\Runtime\Cache\Home\a807679135095643819660f50c85358c.php 第 234 行.
NOTIC: [8] Undefined index: id D:\wamp\www\myProject\thinkphpFrame\Application\Runtime\Cache\Home\a807679135095643819660f50c85358c.php 第 234 行.
NOTIC: [8] Undefined index: id D:\wamp\www\myProject\thinkphpFrame\Application\Runtime\Cache\Home\a807679135095643819660f50c85358c.php 第 234 行.
NOTIC: [8] Undefined index: id D:\wamp\www\myProject\thinkphpFrame\Application\Runtime\Cache\Home\a807679135095643819660f50c85358c.php 第 234 行.
INFO: Run Behavior\ParseTemplateBehavior [ RunTime:0.028703s ]
INFO: [ view_parse ] --END-- [ RunTime:0.028768s ]
INFO: [ view_filter ] --START--
INFO: Run Behavior\WriteHtmlCacheBehavior [ RunTime:0.000300s ]
INFO: [ view_filter ] --END-- [ RunTime:0.000348s ]
INFO: [ app_end ] --START--
INFO: Run Behavior\ShowPageTraceBehavior [ RunTime:0.000587s ]
INFO: [ app_end ] --END-- [ RunTime:0.000637s ]

[ 2015-11-09T14:33:37+08:00 ] 127.0.0.1 /myProject/thinkphpFrame/index.php/Home/User/signup
INFO: [ app_init ] --START--
INFO: Run Behavior\BuildLiteBehavior [ RunTime:0.000028s ]
INFO: [ app_init ] --END-- [ RunTime:0.000720s ]
INFO: [ app_begin ] --START--
INFO: Run Behavior\ReadHtmlCacheBehavior [ RunTime:0.001125s ]
INFO: [ app_begin ] --END-- [ RunTime:0.001256s ]
SQL: SHOW COLUMNS FROM `tasks` [ RunTime:0.0033s ]
SQL: SELECT * FROM `tasks` ORDER BY task_posttime desc LIMIT 10   [ RunTime:0.0007s ]
INFO: [ view_parse ] --START--
INFO: [ template_filter ] --START--
INFO: Run Behavior\ContentReplaceBehavior [ RunTime:0.000162s ]
INFO: [ template_filter ] --END-- [ RunTime:0.000225s ]
NOTIC: [8] Undefined index: id D:\wamp\www\myProject\thinkphpFrame\Application\Runtime\Cache\Home\a807679135095643819660f50c85358c.php 第 48 行.
NOTIC: [8] Undefined variable: data D:\wamp\www\myProject\thinkphpFrame\Application\Runtime\Cache\Home\a807679135095643819660f50c85358c.php 第 107 行.
NOTIC: [8] Undefined index: id D:\wamp\www\myProject\thinkphpFrame\Application\Runtime\Cache\Home\a807679135095643819660f50c85358c.php 第 231 行.
NOTIC: [8] Undefined index: id D:\wamp\www\myProject\thinkphpFrame\Application\Runtime\Cache\Home\a807679135095643819660f50c85358c.php 第 231 行.
NOTIC: [8] Undefined index: id D:\wamp\www\myProject\thinkphpFrame\Application\Runtime\Cache\Home\a807679135095643819660f50c85358c.php 第 231 行.
NOTIC: [8] Undefined index: id D:\wamp\www\myProject\thinkphpFrame\Application\Runtime\Cache\Home\a807679135095643819660f50c85358c.php 第 231 行.
NOTIC: [8] Undefined index: id D:\wamp\www\myProject\thinkphpFrame\Application\Runtime\Cache\Home\a807679135095643819660f50c85358c.php 第 231 行.
NOTIC: [8] Undefined index: id D:\wamp\www\myProject\thinkphpFrame\Application\Runtime\Cache\Home\a807679135095643819660f50c85358c.php 第 231 行.
NOTIC: [8] Undefined index: id D:\wamp\www\myProject\thinkphpFrame\Application\Runtime\Cache\Home\a807679135095643819660f50c85358c.php 第 231 行.
NOTIC: [8] Undefined index: id D:\wamp\www\myProject\thinkphpFrame\Application\Runtime\Cache\Home\a807679135095643819660f50c85358c.php 第 231 行.
NOTIC: [8] Undefined index: id D:\wamp\www\myProject\thinkphpFrame\Application\Runtime\Cache\Home\a807679135095643819660f50c85358c.php 第 231 行.
NOTIC: [8] Undefined index: id D:\wamp\www\myProject\thinkphpFrame\Application\Runtime\Cache\Home\a807679135095643819660f50c85358c.php 第 231 行.
NOTIC: [8] Undefined index: id D:\wamp\www\myProject\thinkphpFrame\Application\Runtime\Cache\Home\a807679135095643819660f50c85358c.php 第 234 行.
NOTIC: [8] Undefined index: id D:\wamp\www\myProject\thinkphpFrame\Application\Runtime\Cache\Home\a807679135095643819660f50c85358c.php 第 234 行.
NOTIC: [8] Undefined index: id D:\wamp\www\myProject\thinkphpFrame\Application\Runtime\Cache\Home\a807679135095643819660f50c85358c.php 第 234 行.
NOTIC: [8] Undefined index: id D:\wamp\www\myProject\thinkphpFrame\Application\Runtime\Cache\Home\a807679135095643819660f50c85358c.php 第 234 行.
NOTIC: [8] Undefined index: id D:\wamp\www\myProject\thinkphpFrame\Application\Runtime\Cache\Home\a807679135095643819660f50c85358c.php 第 234 行.
NOTIC: [8] Undefined index: id D:\wamp\www\myProject\thinkphpFrame\Application\Runtime\Cache\Home\a807679135095643819660f50c85358c.php 第 234 行.
NOTIC: [8] Undefined index: id D:\wamp\www\myProject\thinkphpFrame\Application\Runtime\Cache\Home\a807679135095643819660f50c85358c.php 第 234 行.
NOTIC: [8] Undefined index: id D:\wamp\www\myProject\thinkphpFrame\Application\Runtime\Cache\Home\a807679135095643819660f50c85358c.php 第 234 行.
NOTIC: [8] Undefined index: id D:\wamp\www\myProject\thinkphpFrame\Application\Runtime\Cache\Home\a807679135095643819660f50c85358c.php 第 234 行.
NOTIC: [8] Undefined index: id D:\wamp\www\myProject\thinkphpFrame\Application\Runtime\Cache\Home\a807679135095643819660f50c85358c.php 第 234 行.
INFO: Run Behavior\ParseTemplateBehavior [ RunTime:0.012964s ]
INFO: [ view_parse ] --END-- [ RunTime:0.013017s ]
INFO: [ view_filter ] --START--
INFO: Run Behavior\WriteHtmlCacheBehavior [ RunTime:0.000247s ]
INFO: [ view_filter ] --END-- [ RunTime:0.000288s ]
INFO: [ app_end ] --START--
INFO: Run Behavior\ShowPageTraceBehavior [ RunTime:0.000470s ]
INFO: [ app_end ] --END-- [ RunTime:0.000512s ]

[ 2015-11-09T14:39:01+08:00 ] 127.0.0.1 /myProject/thinkphpFrame/index.php/Home/Index/index
INFO: [ app_init ] --START--
INFO: Run Behavior\BuildLiteBehavior [ RunTime:0.000036s ]
INFO: [ app_init ] --END-- [ RunTime:0.001048s ]
INFO: [ app_begin ] --START--
INFO: Run Behavior\ReadHtmlCacheBehavior [ RunTime:0.000656s ]
INFO: [ app_begin ] --END-- [ RunTime:0.000732s ]
SQL: SHOW COLUMNS FROM `tasks` [ RunTime:0.0040s ]
SQL: SHOW COLUMNS FROM `news` [ RunTime:0.0037s ]
SQL: SHOW COLUMNS FROM `user_info` [ RunTime:0.0038s ]
SQL: SELECT COUNT(*) AS tp_count FROM `tasks` LIMIT 1   [ RunTime:0.0003s ]
SQL: SELECT COUNT(*) AS tp_count FROM `news` WHERE ( cat_id=4 ) LIMIT 1   [ RunTime:0.0004s ]
NOTIC: [2] Invalid argument supplied for foreach() D:\wamp\www\myProject\thinkphpFrame\ThinkPHP\Library\Think\Db\Driver.class.php 第 493 行.
SQL: SELECT * FROM `tasks` ORDER BY task_posttime desc  [ RunTime:0.0006s ]
SQL: SELECT * FROM `news` WHERE ( cat_id=4 ) ORDER BY post_time desc  [ RunTime:0.0006s ]
SQL: SELECT * FROM `user_info` ORDER BY posttime desc LIMIT 10   [ RunTime:0.0006s ]
SQL: SELECT * FROM `user_info` ORDER BY jifeng desc LIMIT 10   [ RunTime:0.0005s ]
INFO: [ view_parse ] --START--
INFO: [ template_filter ] --START--
INFO: Run Behavior\ContentReplaceBehavior [ RunTime:0.000111s ]
INFO: [ template_filter ] --END-- [ RunTime:0.000161s ]
INFO: Run Behavior\ParseTemplateBehavior [ RunTime:0.011772s ]
INFO: [ view_parse ] --END-- [ RunTime:0.011822s ]
INFO: [ view_filter ] --START--
INFO: Run Behavior\WriteHtmlCacheBehavior [ RunTime:0.000215s ]
INFO: [ view_filter ] --END-- [ RunTime:0.000250s ]
INFO: [ app_end ] --START--
INFO: Run Behavior\ShowPageTraceBehavior [ RunTime:0.000401s ]
INFO: [ app_end ] --END-- [ RunTime:0.000440s ]

[ 2015-11-09T14:39:47+08:00 ] 127.0.0.1 /myProject/thinkphpFrame/index.php/Home/Index/index
INFO: [ app_init ] --START--
INFO: Run Behavior\BuildLiteBehavior [ RunTime:0.000020s ]
INFO: [ app_init ] --END-- [ RunTime:0.000495s ]
INFO: [ app_begin ] --START--
INFO: Run Behavior\ReadHtmlCacheBehavior [ RunTime:0.000700s ]
INFO: [ app_begin ] --END-- [ RunTime:0.000790s ]
SQL: SHOW COLUMNS FROM `tasks` [ RunTime:0.0046s ]
SQL: SHOW COLUMNS FROM `news` [ RunTime:0.0046s ]
SQL: SHOW COLUMNS FROM `user_info` [ RunTime:0.0043s ]
SQL: SELECT COUNT(*) AS tp_count FROM `tasks` LIMIT 1   [ RunTime:0.0004s ]
SQL: SELECT COUNT(*) AS tp_count FROM `news` WHERE ( cat_id=4 ) LIMIT 1   [ RunTime:0.0003s ]
NOTIC: [2] Invalid argument supplied for foreach() D:\wamp\www\myProject\thinkphpFrame\ThinkPHP\Library\Think\Db\Driver.class.php 第 493 行.
SQL: SELECT * FROM `tasks` ORDER BY task_posttime desc  [ RunTime:0.0006s ]
SQL: SELECT * FROM `news` WHERE ( cat_id=4 ) ORDER BY post_time desc  [ RunTime:0.0007s ]
SQL: SELECT * FROM `user_info` ORDER BY posttime desc LIMIT 10   [ RunTime:0.0007s ]
SQL: SELECT * FROM `user_info` ORDER BY jifeng desc LIMIT 10   [ RunTime:0.0007s ]
INFO: [ view_parse ] --START--
INFO: [ template_filter ] --START--
INFO: Run Behavior\ContentReplaceBehavior [ RunTime:0.000121s ]
INFO: [ template_filter ] --END-- [ RunTime:0.000168s ]
INFO: Run Behavior\ParseTemplateBehavior [ RunTime:0.014380s ]
INFO: [ view_parse ] --END-- [ RunTime:0.014445s ]
INFO: [ view_filter ] --START--
INFO: Run Behavior\WriteHtmlCacheBehavior [ RunTime:0.000214s ]
INFO: [ view_filter ] --END-- [ RunTime:0.000250s ]
INFO: [ app_end ] --START--
INFO: Run Behavior\ShowPageTraceBehavior [ RunTime:0.000399s ]
INFO: [ app_end ] --END-- [ RunTime:0.000436s ]

[ 2015-11-09T14:45:09+08:00 ] 127.0.0.1 /myProject/thinkphpFrame/index.php/Home/Index/showPage/id/17
INFO: [ app_init ] --START--
INFO: Run Behavior\BuildLiteBehavior [ RunTime:0.000016s ]
INFO: [ app_init ] --END-- [ RunTime:0.000436s ]
INFO: [ app_begin ] --START--
INFO: Run Behavior\ReadHtmlCacheBehavior [ RunTime:0.000586s ]
INFO: [ app_begin ] --END-- [ RunTime:0.000648s ]
SQL: SHOW COLUMNS FROM `news` [ RunTime:0.0037s ]
SQL: SELECT * FROM `news` WHERE `id` = 17 LIMIT 1   [ RunTime:0.0004s ]
SQL: SELECT * FROM `news` ORDER BY post_time desc LIMIT 10   [ RunTime:0.0007s ]
INFO: [ view_parse ] --START--
INFO: [ template_filter ] --START--
INFO: Run Behavior\ContentReplaceBehavior [ RunTime:0.000083s ]
INFO: [ template_filter ] --END-- [ RunTime:0.000134s ]
NOTIC: [8] Undefined index: cat_id D:\wamp\www\myProject\thinkphpFrame\Application\Runtime\Cache\Home\c33d18184c28f2865a2f4779405ac26a.php 第 111 行.
NOTIC: [8] Undefined index: cat_id D:\wamp\www\myProject\thinkphpFrame\Application\Runtime\Cache\Home\c33d18184c28f2865a2f4779405ac26a.php 第 112 行.
NOTIC: [8] Undefined index: cat_id D:\wamp\www\myProject\thinkphpFrame\Application\Runtime\Cache\Home\c33d18184c28f2865a2f4779405ac26a.php 第 114 行.
INFO: Run Behavior\ParseTemplateBehavior [ RunTime:0.015386s ]
INFO: [ view_parse ] --END-- [ RunTime:0.015442s ]
INFO: [ view_filter ] --START--
INFO: Run Behavior\WriteHtmlCacheBehavior [ RunTime:0.000219s ]
INFO: [ view_filter ] --END-- [ RunTime:0.000256s ]
INFO: [ app_end ] --START--
INFO: Run Behavior\ShowPageTraceBehavior [ RunTime:0.000425s ]
INFO: [ app_end ] --END-- [ RunTime:0.000463s ]

[ 2015-11-09T14:46:57+08:00 ] 127.0.0.1 /myProject/thinkphpFrame/index.php/Home/Index/showPage/id/17
INFO: [ app_init ] --START--
INFO: Run Behavior\BuildLiteBehavior [ RunTime:0.000020s ]
INFO: [ app_init ] --END-- [ RunTime:0.000543s ]
INFO: [ app_begin ] --START--
INFO: Run Behavior\ReadHtmlCacheBehavior [ RunTime:0.000792s ]
INFO: [ app_begin ] --END-- [ RunTime:0.000877s ]
SQL: SHOW COLUMNS FROM `news` [ RunTime:0.0030s ]
SQL: SELECT * FROM `news` WHERE `id` = 17 LIMIT 1   [ RunTime:0.0004s ]
SQL: SELECT * FROM `news` ORDER BY post_time desc LIMIT 10   [ RunTime:0.0006s ]
INFO: [ view_parse ] --START--
INFO: [ template_filter ] --START--
INFO: Run Behavior\ContentReplaceBehavior [ RunTime:0.000098s ]
INFO: [ template_filter ] --END-- [ RunTime:0.000149s ]
NOTIC: [8] Undefined index: cat_id D:\wamp\www\myProject\thinkphpFrame\Application\Runtime\Cache\Home\c33d18184c28f2865a2f4779405ac26a.php 第 111 行.
NOTIC: [8] Undefined index: cat_id D:\wamp\www\myProject\thinkphpFrame\Application\Runtime\Cache\Home\c33d18184c28f2865a2f4779405ac26a.php 第 112 行.
NOTIC: [8] Undefined index: cat_id D:\wamp\www\myProject\thinkphpFrame\Application\Runtime\Cache\Home\c33d18184c28f2865a2f4779405ac26a.php 第 114 行.
INFO: Run Behavior\ParseTemplateBehavior [ RunTime:0.014059s ]
INFO: [ view_parse ] --END-- [ RunTime:0.014110s ]
INFO: [ view_filter ] --START--
INFO: Run Behavior\WriteHtmlCacheBehavior [ RunTime:0.000236s ]
INFO: [ view_filter ] --END-- [ RunTime:0.000275s ]
INFO: [ app_end ] --START--
INFO: Run Behavior\ShowPageTraceBehavior [ RunTime:0.000450s ]
INFO: [ app_end ] --END-- [ RunTime:0.000490s ]

[ 2015-11-09T14:47:00+08:00 ] 127.0.0.1 /myProject/thinkphpFrame/index.php/Home/Index/showPage/id/20
INFO: [ app_init ] --START--
INFO: Run Behavior\BuildLiteBehavior [ RunTime:0.000030s ]
INFO: [ app_init ] --END-- [ RunTime:0.000599s ]
INFO: [ app_begin ] --START--
INFO: Run Behavior\ReadHtmlCacheBehavior [ RunTime:0.000622s ]
INFO: [ app_begin ] --END-- [ RunTime:0.000725s ]
SQL: SHOW COLUMNS FROM `news` [ RunTime:0.0030s ]
SQL: SELECT * FROM `news` WHERE `id` = 20 LIMIT 1   [ RunTime:0.0005s ]
SQL: SELECT * FROM `news` ORDER BY post_time desc LIMIT 10   [ RunTime:0.0008s ]
INFO: [ view_parse ] --START--
INFO: [ template_filter ] --START--
INFO: Run Behavior\ContentReplaceBehavior [ RunTime:0.000101s ]
INFO: [ template_filter ] --END-- [ RunTime:0.000159s ]
NOTIC: [8] Undefined index: cat_id D:\wamp\www\myProject\thinkphpFrame\Application\Runtime\Cache\Home\c33d18184c28f2865a2f4779405ac26a.php 第 111 行.
NOTIC: [8] Undefined index: cat_id D:\wamp\www\myProject\thinkphpFrame\Application\Runtime\Cache\Home\c33d18184c28f2865a2f4779405ac26a.php 第 112 行.
NOTIC: [8] Undefined index: cat_id D:\wamp\www\myProject\thinkphpFrame\Application\Runtime\Cache\Home\c33d18184c28f2865a2f4779405ac26a.php 第 114 行.
INFO: Run Behavior\ParseTemplateBehavior [ RunTime:0.010357s ]
INFO: [ view_parse ] --END-- [ RunTime:0.010421s ]
INFO: [ view_filter ] --START--
INFO: Run Behavior\WriteHtmlCacheBehavior [ RunTime:0.000235s ]
INFO: [ view_filter ] --END-- [ RunTime:0.000293s ]
INFO: [ app_end ] --START--
INFO: Run Behavior\ShowPageTraceBehavior [ RunTime:0.000554s ]
INFO: [ app_end ] --END-- [ RunTime:0.000614s ]

[ 2015-11-09T14:47:02+08:00 ] 127.0.0.1 /myProject/thinkphpFrame/index.php/Home/Index/showPage1/cat_id/2
INFO: [ app_init ] --START--
INFO: Run Behavior\BuildLiteBehavior [ RunTime:0.000010s ]
INFO: [ app_init ] --END-- [ RunTime:0.000244s ]
INFO: [ app_begin ] --START--
INFO: Run Behavior\ReadHtmlCacheBehavior [ RunTime:0.000339s ]
INFO: [ app_begin ] --END-- [ RunTime:0.000381s ]
SQL: SHOW COLUMNS FROM `news` [ RunTime:0.0027s ]
SQL: SELECT * FROM `news` WHERE ( cat_id=2 )  [ RunTime:0.0004s ]
SQL: SELECT * FROM `news` ORDER BY post_time desc LIMIT 10   [ RunTime:0.0008s ]
INFO: [ view_parse ] --START--
INFO: [ template_filter ] --START--
INFO: Run Behavior\ContentReplaceBehavior [ RunTime:0.000094s ]
INFO: [ template_filter ] --END-- [ RunTime:0.000142s ]
INFO: Run Behavior\ParseTemplateBehavior [ RunTime:0.008985s ]
INFO: [ view_parse ] --END-- [ RunTime:0.009037s ]
INFO: [ view_filter ] --START--
INFO: Run Behavior\WriteHtmlCacheBehavior [ RunTime:0.000164s ]
INFO: [ view_filter ] --END-- [ RunTime:0.000202s ]
INFO: [ app_end ] --START--
INFO: Run Behavior\ShowPageTraceBehavior [ RunTime:0.000403s ]
INFO: [ app_end ] --END-- [ RunTime:0.000443s ]

[ 2015-11-09T14:47:03+08:00 ] 127.0.0.1 /myProject/thinkphpFrame/index.php/Home/Index/showPage1/cat_id/3
INFO: [ app_init ] --START--
INFO: Run Behavior\BuildLiteBehavior [ RunTime:0.000018s ]
INFO: [ app_init ] --END-- [ RunTime:0.000425s ]
INFO: [ app_begin ] --START--
INFO: Run Behavior\ReadHtmlCacheBehavior [ RunTime:0.000559s ]
INFO: [ app_begin ] --END-- [ RunTime:0.000621s ]
SQL: SHOW COLUMNS FROM `news` [ RunTime:0.0029s ]
SQL: SELECT * FROM `news` WHERE ( cat_id=3 )  [ RunTime:0.0005s ]
SQL: SELECT * FROM `news` ORDER BY post_time desc LIMIT 10   [ RunTime:0.0005s ]
INFO: [ view_parse ] --START--
INFO: [ template_filter ] --START--
INFO: Run Behavior\ContentReplaceBehavior [ RunTime:0.000094s ]
INFO: [ template_filter ] --END-- [ RunTime:0.000142s ]
INFO: Run Behavior\ParseTemplateBehavior [ RunTime:0.009715s ]
INFO: [ view_parse ] --END-- [ RunTime:0.009781s ]
INFO: [ view_filter ] --START--
INFO: Run Behavior\WriteHtmlCacheBehavior [ RunTime:0.000220s ]
INFO: [ view_filter ] --END-- [ RunTime:0.000272s ]
INFO: [ app_end ] --START--
INFO: Run Behavior\ShowPageTraceBehavior [ RunTime:0.000409s ]
INFO: [ app_end ] --END-- [ RunTime:0.000447s ]

[ 2015-11-09T14:47:06+08:00 ] 127.0.0.1 /myProject/thinkphpFrame/index.php/Home/Index/index
INFO: [ app_init ] --START--
INFO: Run Behavior\BuildLiteBehavior [ RunTime:0.000019s ]
INFO: [ app_init ] --END-- [ RunTime:0.000557s ]
INFO: [ app_begin ] --START--
INFO: Run Behavior\ReadHtmlCacheBehavior [ RunTime:0.000579s ]
INFO: [ app_begin ] --END-- [ RunTime:0.000652s ]
SQL: SHOW COLUMNS FROM `tasks` [ RunTime:0.0036s ]
SQL: SHOW COLUMNS FROM `news` [ RunTime:0.0029s ]
SQL: SHOW COLUMNS FROM `user_info` [ RunTime:0.0033s ]
SQL: SELECT COUNT(*) AS tp_count FROM `tasks` LIMIT 1   [ RunTime:0.0004s ]
SQL: SELECT COUNT(*) AS tp_count FROM `news` WHERE ( cat_id=4 ) LIMIT 1   [ RunTime:0.0003s ]
NOTIC: [2] Invalid argument supplied for foreach() D:\wamp\www\myProject\thinkphpFrame\ThinkPHP\Library\Think\Db\Driver.class.php 第 493 行.
SQL: SELECT * FROM `tasks` ORDER BY task_posttime desc  [ RunTime:0.0005s ]
SQL: SELECT * FROM `news` WHERE ( cat_id=4 ) ORDER BY post_time desc  [ RunTime:0.0005s ]
SQL: SELECT * FROM `user_info` ORDER BY posttime desc LIMIT 10   [ RunTime:0.0005s ]
SQL: SELECT * FROM `user_info` ORDER BY jifeng desc LIMIT 10   [ RunTime:0.0004s ]
INFO: [ view_parse ] --START--
INFO: [ template_filter ] --START--
INFO: Run Behavior\ContentReplaceBehavior [ RunTime:0.000129s ]
INFO: [ template_filter ] --END-- [ RunTime:0.000186s ]
INFO: Run Behavior\ParseTemplateBehavior [ RunTime:0.013157s ]
INFO: [ view_parse ] --END-- [ RunTime:0.013224s ]
INFO: [ view_filter ] --START--
INFO: Run Behavior\WriteHtmlCacheBehavior [ RunTime:0.000179s ]
INFO: [ view_filter ] --END-- [ RunTime:0.000220s ]
INFO: [ app_end ] --START--
INFO: Run Behavior\ShowPageTraceBehavior [ RunTime:0.000390s ]
INFO: [ app_end ] --END-- [ RunTime:0.000432s ]

[ 2015-11-09T14:55:59+08:00 ] 127.0.0.1 /myProject/thinkphpFrame/index.php/Home/Index/showPage/id/17
INFO: [ app_init ] --START--
INFO: Run Behavior\BuildLiteBehavior [ RunTime:0.000021s ]
INFO: [ app_init ] --END-- [ RunTime:0.000618s ]
INFO: [ app_begin ] --START--
INFO: Run Behavior\ReadHtmlCacheBehavior [ RunTime:0.000848s ]
INFO: [ app_begin ] --END-- [ RunTime:0.000940s ]
SQL: SHOW COLUMNS FROM `news` [ RunTime:0.0042s ]
SQL: SELECT * FROM `news` WHERE `id` = 17 LIMIT 1   [ RunTime:0.0005s ]
SQL: SELECT * FROM `news` ORDER BY post_time desc LIMIT 10   [ RunTime:0.0008s ]
INFO: [ view_parse ] --START--
INFO: [ template_filter ] --START--
INFO: Run Behavior\ContentReplaceBehavior [ RunTime:0.000120s ]
INFO: [ template_filter ] --END-- [ RunTime:0.000183s ]
NOTIC: [8] Undefined index: cat_id D:\wamp\www\myProject\thinkphpFrame\Application\Runtime\Cache\Home\c33d18184c28f2865a2f4779405ac26a.php 第 111 行.
NOTIC: [8] Undefined index: cat_id D:\wamp\www\myProject\thinkphpFrame\Application\Runtime\Cache\Home\c33d18184c28f2865a2f4779405ac26a.php 第 112 行.
NOTIC: [8] Undefined index: cat_id D:\wamp\www\myProject\thinkphpFrame\Application\Runtime\Cache\Home\c33d18184c28f2865a2f4779405ac26a.php 第 114 行.
INFO: Run Behavior\ParseTemplateBehavior [ RunTime:0.011651s ]
INFO: [ view_parse ] --END-- [ RunTime:0.011713s ]
INFO: [ view_filter ] --START--
INFO: Run Behavior\WriteHtmlCacheBehavior [ RunTime:0.000287s ]
INFO: [ view_filter ] --END-- [ RunTime:0.000335s ]
INFO: [ app_end ] --START--
INFO: Run Behavior\ShowPageTraceBehavior [ RunTime:0.000572s ]
INFO: [ app_end ] --END-- [ RunTime:0.000623s ]

[ 2015-11-09T14:56:02+08:00 ] 127.0.0.1 /myProject/thinkphpFrame/index.php/Home/Index/showPage/id/20
INFO: [ app_init ] --START--
INFO: Run Behavior\BuildLiteBehavior [ RunTime:0.000015s ]
INFO: [ app_init ] --END-- [ RunTime:0.000331s ]
INFO: [ app_begin ] --START--
INFO: Run Behavior\ReadHtmlCacheBehavior [ RunTime:0.000455s ]
INFO: [ app_begin ] --END-- [ RunTime:0.000513s ]
SQL: SHOW COLUMNS FROM `news` [ RunTime:0.0028s ]
SQL: SELECT * FROM `news` WHERE `id` = 20 LIMIT 1   [ RunTime:0.0003s ]
SQL: SELECT * FROM `news` ORDER BY post_time desc LIMIT 10   [ RunTime:0.0006s ]
INFO: [ view_parse ] --START--
INFO: [ template_filter ] --START--
INFO: Run Behavior\ContentReplaceBehavior [ RunTime:0.000089s ]
INFO: [ template_filter ] --END-- [ RunTime:0.000135s ]
NOTIC: [8] Undefined index: cat_id D:\wamp\www\myProject\thinkphpFrame\Application\Runtime\Cache\Home\c33d18184c28f2865a2f4779405ac26a.php 第 111 行.
NOTIC: [8] Undefined index: cat_id D:\wamp\www\myProject\thinkphpFrame\Application\Runtime\Cache\Home\c33d18184c28f2865a2f4779405ac26a.php 第 112 行.
NOTIC: [8] Undefined index: cat_id D:\wamp\www\myProject\thinkphpFrame\Application\Runtime\Cache\Home\c33d18184c28f2865a2f4779405ac26a.php 第 114 行.
INFO: Run Behavior\ParseTemplateBehavior [ RunTime:0.008517s ]
INFO: [ view_parse ] --END-- [ RunTime:0.008567s ]
INFO: [ view_filter ] --START--
INFO: Run Behavior\WriteHtmlCacheBehavior [ RunTime:0.000166s ]
INFO: [ view_filter ] --END-- [ RunTime:0.000202s ]
INFO: [ app_end ] --START--
INFO: Run Behavior\ShowPageTraceBehavior [ RunTime:0.000374s ]
INFO: [ app_end ] --END-- [ RunTime:0.000409s ]

[ 2015-11-09T14:56:03+08:00 ] 127.0.0.1 /myProject/thinkphpFrame/index.php/Home/Index/showPage1/cat_id/2
INFO: [ app_init ] --START--
INFO: Run Behavior\BuildLiteBehavior [ RunTime:0.000011s ]
INFO: [ app_init ] --END-- [ RunTime:0.000254s ]
INFO: [ app_begin ] --START--
INFO: Run Behavior\ReadHtmlCacheBehavior [ RunTime:0.000340s ]
INFO: [ app_begin ] --END-- [ RunTime:0.000382s ]
SQL: SHOW COLUMNS FROM `news` [ RunTime:0.0026s ]
SQL: SELECT * FROM `news` WHERE ( cat_id=2 )  [ RunTime:0.0006s ]
SQL: SELECT * FROM `news` ORDER BY post_time desc LIMIT 10   [ RunTime:0.0006s ]
INFO: [ view_parse ] --START--
INFO: [ template_filter ] --START--
INFO: Run Behavior\ContentReplaceBehavior [ RunTime:0.000092s ]
INFO: [ template_filter ] --END-- [ RunTime:0.000142s ]
INFO: Run Behavior\ParseTemplateBehavior [ RunTime:0.009026s ]
INFO: [ view_parse ] --END-- [ RunTime:0.009076s ]
INFO: [ view_filter ] --START--
INFO: Run Behavior\WriteHtmlCacheBehavior [ RunTime:0.000154s ]
INFO: [ view_filter ] --END-- [ RunTime:0.000190s ]
INFO: [ app_end ] --START--
INFO: Run Behavior\ShowPageTraceBehavior [ RunTime:0.000371s ]
INFO: [ app_end ] --END-- [ RunTime:0.000407s ]

[ 2015-11-09T14:56:03+08:00 ] 127.0.0.1 /myProject/thinkphpFrame/index.php/Home/Index/showPage1/cat_id/3
INFO: [ app_init ] --START--
INFO: Run Behavior\BuildLiteBehavior [ RunTime:0.000014s ]
INFO: [ app_init ] --END-- [ RunTime:0.000340s ]
INFO: [ app_begin ] --START--
INFO: Run Behavior\ReadHtmlCacheBehavior [ RunTime:0.000473s ]
INFO: [ app_begin ] --END-- [ RunTime:0.000545s ]
SQL: SHOW COLUMNS FROM `news` [ RunTime:0.0036s ]
SQL: SELECT * FROM `news` WHERE ( cat_id=3 )  [ RunTime:0.0007s ]
SQL: SELECT * FROM `news` ORDER BY post_time desc LIMIT 10   [ RunTime:0.0008s ]
INFO: [ view_parse ] --START--
INFO: [ template_filter ] --START--
INFO: Run Behavior\ContentReplaceBehavior [ RunTime:0.000145s ]
INFO: [ template_filter ] --END-- [ RunTime:0.000293s ]
INFO: Run Behavior\ParseTemplateBehavior [ RunTime:0.010009s ]
INFO: [ view_parse ] --END-- [ RunTime:0.010073s ]
INFO: [ view_filter ] --START--
INFO: Run Behavior\WriteHtmlCacheBehavior [ RunTime:0.000160s ]
INFO: [ view_filter ] --END-- [ RunTime:0.000196s ]
INFO: [ app_end ] --START--
INFO: Run Behavior\ShowPageTraceBehavior [ RunTime:0.000358s ]
INFO: [ app_end ] --END-- [ RunTime:0.000394s ]

[ 2015-11-09T14:56:05+08:00 ] 127.0.0.1 /myProject/thinkphpFrame/index.php/Home/Index/index
INFO: [ app_init ] --START--
INFO: Run Behavior\BuildLiteBehavior [ RunTime:0.000013s ]
INFO: [ app_init ] --END-- [ RunTime:0.000283s ]
INFO: [ app_begin ] --START--
INFO: Run Behavior\ReadHtmlCacheBehavior [ RunTime:0.000787s ]
INFO: [ app_begin ] --END-- [ RunTime:0.000845s ]
SQL: SHOW COLUMNS FROM `tasks` [ RunTime:0.0029s ]
SQL: SHOW COLUMNS FROM `news` [ RunTime:0.0026s ]
SQL: SHOW COLUMNS FROM `user_info` [ RunTime:0.0025s ]
SQL: SELECT COUNT(*) AS tp_count FROM `tasks` LIMIT 1   [ RunTime:0.0003s ]
SQL: SELECT COUNT(*) AS tp_count FROM `news` WHERE ( cat_id=4 ) LIMIT 1   [ RunTime:0.0002s ]
NOTIC: [2] Invalid argument supplied for foreach() D:\wamp\www\myProject\thinkphpFrame\ThinkPHP\Library\Think\Db\Driver.class.php 第 493 行.
SQL: SELECT * FROM `tasks` ORDER BY task_posttime desc  [ RunTime:0.0003s ]
SQL: SELECT * FROM `news` WHERE ( cat_id=4 ) ORDER BY post_time desc  [ RunTime:0.0004s ]
SQL: SELECT * FROM `user_info` ORDER BY posttime desc LIMIT 10   [ RunTime:0.0004s ]
SQL: SELECT * FROM `user_info` ORDER BY jifeng desc LIMIT 10   [ RunTime:0.0004s ]
INFO: [ view_parse ] --START--
INFO: [ template_filter ] --START--
INFO: Run Behavior\ContentReplaceBehavior [ RunTime:0.000120s ]
INFO: [ template_filter ] --END-- [ RunTime:0.000175s ]
INFO: Run Behavior\ParseTemplateBehavior [ RunTime:0.011903s ]
INFO: [ view_parse ] --END-- [ RunTime:0.011953s ]
INFO: [ view_filter ] --START--
INFO: Run Behavior\WriteHtmlCacheBehavior [ RunTime:0.000158s ]
INFO: [ view_filter ] --END-- [ RunTime:0.000193s ]
INFO: [ app_end ] --START--
INFO: Run Behavior\ShowPageTraceBehavior [ RunTime:0.000348s ]
INFO: [ app_end ] --END-- [ RunTime:0.000385s ]

[ 2015-11-09T14:56:10+08:00 ] 127.0.0.1 /myProject/thinkphpFrame/index.php/Home/User/signup
INFO: [ app_init ] --START--
INFO: Run Behavior\BuildLiteBehavior [ RunTime:0.000013s ]
INFO: [ app_init ] --END-- [ RunTime:0.000263s ]
INFO: [ app_begin ] --START--
INFO: Run Behavior\ReadHtmlCacheBehavior [ RunTime:0.000355s ]
INFO: [ app_begin ] --END-- [ RunTime:0.000400s ]
SQL: SHOW COLUMNS FROM `tasks` [ RunTime:0.0028s ]
SQL: SELECT * FROM `tasks` ORDER BY task_posttime desc LIMIT 10   [ RunTime:0.0004s ]
INFO: [ view_parse ] --START--
INFO: [ template_filter ] --START--
INFO: Run Behavior\ContentReplaceBehavior [ RunTime:0.000116s ]
INFO: [ template_filter ] --END-- [ RunTime:0.000172s ]
NOTIC: [8] Undefined index: id D:\wamp\www\myProject\thinkphpFrame\Application\Runtime\Cache\Home\a807679135095643819660f50c85358c.php 第 48 行.
NOTIC: [8] Undefined variable: data D:\wamp\www\myProject\thinkphpFrame\Application\Runtime\Cache\Home\a807679135095643819660f50c85358c.php 第 107 行.
NOTIC: [8] Undefined index: id D:\wamp\www\myProject\thinkphpFrame\Application\Runtime\Cache\Home\a807679135095643819660f50c85358c.php 第 231 行.
NOTIC: [8] Undefined index: id D:\wamp\www\myProject\thinkphpFrame\Application\Runtime\Cache\Home\a807679135095643819660f50c85358c.php 第 231 行.
NOTIC: [8] Undefined index: id D:\wamp\www\myProject\thinkphpFrame\Application\Runtime\Cache\Home\a807679135095643819660f50c85358c.php 第 231 行.
NOTIC: [8] Undefined index: id D:\wamp\www\myProject\thinkphpFrame\Application\Runtime\Cache\Home\a807679135095643819660f50c85358c.php 第 231 行.
NOTIC: [8] Undefined index: id D:\wamp\www\myProject\thinkphpFrame\Application\Runtime\Cache\Home\a807679135095643819660f50c85358c.php 第 231 行.
NOTIC: [8] Undefined index: id D:\wamp\www\myProject\thinkphpFrame\Application\Runtime\Cache\Home\a807679135095643819660f50c85358c.php 第 231 行.
NOTIC: [8] Undefined index: id D:\wamp\www\myProject\thinkphpFrame\Application\Runtime\Cache\Home\a807679135095643819660f50c85358c.php 第 231 行.
NOTIC: [8] Undefined index: id D:\wamp\www\myProject\thinkphpFrame\Application\Runtime\Cache\Home\a807679135095643819660f50c85358c.php 第 231 行.
NOTIC: [8] Undefined index: id D:\wamp\www\myProject\thinkphpFrame\Application\Runtime\Cache\Home\a807679135095643819660f50c85358c.php 第 231 行.
NOTIC: [8] Undefined index: id D:\wamp\www\myProject\thinkphpFrame\Application\Runtime\Cache\Home\a807679135095643819660f50c85358c.php 第 231 行.
NOTIC: [8] Undefined index: id D:\wamp\www\myProject\thinkphpFrame\Application\Runtime\Cache\Home\a807679135095643819660f50c85358c.php 第 234 行.
NOTIC: [8] Undefined index: id D:\wamp\www\myProject\thinkphpFrame\Application\Runtime\Cache\Home\a807679135095643819660f50c85358c.php 第 234 行.
NOTIC: [8] Undefined index: id D:\wamp\www\myProject\thinkphpFrame\Application\Runtime\Cache\Home\a807679135095643819660f50c85358c.php 第 234 行.
NOTIC: [8] Undefined index: id D:\wamp\www\myProject\thinkphpFrame\Application\Runtime\Cache\Home\a807679135095643819660f50c85358c.php 第 234 行.
NOTIC: [8] Undefined index: id D:\wamp\www\myProject\thinkphpFrame\Application\Runtime\Cache\Home\a807679135095643819660f50c85358c.php 第 234 行.
NOTIC: [8] Undefined index: id D:\wamp\www\myProject\thinkphpFrame\Application\Runtime\Cache\Home\a807679135095643819660f50c85358c.php 第 234 行.
NOTIC: [8] Undefined index: id D:\wamp\www\myProject\thinkphpFrame\Application\Runtime\Cache\Home\a807679135095643819660f50c85358c.php 第 234 行.
NOTIC: [8] Undefined index: id D:\wamp\www\myProject\thinkphpFrame\Application\Runtime\Cache\Home\a807679135095643819660f50c85358c.php 第 234 行.
NOTIC: [8] Undefined index: id D:\wamp\www\myProject\thinkphpFrame\Application\Runtime\Cache\Home\a807679135095643819660f50c85358c.php 第 234 行.
NOTIC: [8] Undefined index: id D:\wamp\www\myProject\thinkphpFrame\Application\Runtime\Cache\Home\a807679135095643819660f50c85358c.php 第 234 行.
INFO: Run Behavior\ParseTemplateBehavior [ RunTime:0.011023s ]
INFO: [ view_parse ] --END-- [ RunTime:0.011074s ]
INFO: [ view_filter ] --START--
INFO: Run Behavior\WriteHtmlCacheBehavior [ RunTime:0.000207s ]
INFO: [ view_filter ] --END-- [ RunTime:0.000244s ]
INFO: [ app_end ] --START--
INFO: Run Behavior\ShowPageTraceBehavior [ RunTime:0.000378s ]
INFO: [ app_end ] --END-- [ RunTime:0.000419s ]

[ 2015-11-09T14:56:12+08:00 ] 127.0.0.1 /myProject/thinkphpFrame/index.php/Home/User/login
INFO: [ app_init ] --START--
INFO: Run Behavior\BuildLiteBehavior [ RunTime:0.000012s ]
INFO: [ app_init ] --END-- [ RunTime:0.000296s ]
INFO: [ app_begin ] --START--
INFO: Run Behavior\ReadHtmlCacheBehavior [ RunTime:0.000345s ]
INFO: [ app_begin ] --END-- [ RunTime:0.000387s ]
SQL: SHOW COLUMNS FROM `user_info` [ RunTime:0.0030s ]

[ 2015-11-09T15:00:58+08:00 ] 127.0.0.1 /myProject/thinkphpFrame/index.php/Home/Index/index
INFO: [ app_init ] --START--
INFO: Run Behavior\BuildLiteBehavior [ RunTime:0.000034s ]
INFO: [ app_init ] --END-- [ RunTime:0.000948s ]
INFO: [ app_begin ] --START--
INFO: Run Behavior\ReadHtmlCacheBehavior [ RunTime:0.000628s ]
INFO: [ app_begin ] --END-- [ RunTime:0.000697s ]
SQL: SHOW COLUMNS FROM `tasks` [ RunTime:0.0042s ]
SQL: SHOW COLUMNS FROM `news` [ RunTime:0.0038s ]
SQL: SHOW COLUMNS FROM `user_info` [ RunTime:0.0038s ]
SQL: SELECT COUNT(*) AS tp_count FROM `tasks` LIMIT 1   [ RunTime:0.0004s ]
SQL: SELECT COUNT(*) AS tp_count FROM `news` WHERE ( cat_id=4 ) LIMIT 1   [ RunTime:0.0004s ]
NOTIC: [2] Invalid argument supplied for foreach() D:\wamp\www\myProject\thinkphpFrame\ThinkPHP\Library\Think\Db\Driver.class.php 第 493 行.
SQL: SELECT * FROM `tasks` ORDER BY task_posttime desc  [ RunTime:0.0006s ]
SQL: SELECT * FROM `news` WHERE ( cat_id=4 ) ORDER BY post_time desc  [ RunTime:0.0009s ]
SQL: SELECT * FROM `user_info` ORDER BY posttime desc LIMIT 10   [ RunTime:0.0008s ]
SQL: SELECT * FROM `user_info` ORDER BY jifeng desc LIMIT 10   [ RunTime:0.0007s ]
INFO: [ view_parse ] --START--
INFO: [ template_filter ] --START--
INFO: Run Behavior\ContentReplaceBehavior [ RunTime:0.000182s ]
INFO: [ template_filter ] --END-- [ RunTime:0.000255s ]
INFO: Run Behavior\ParseTemplateBehavior [ RunTime:0.017666s ]
INFO: [ view_parse ] --END-- [ RunTime:0.017739s ]
INFO: [ view_filter ] --START--
INFO: Run Behavior\WriteHtmlCacheBehavior [ RunTime:0.000224s ]
INFO: [ view_filter ] --END-- [ RunTime:0.000261s ]
INFO: [ app_end ] --START--
INFO: Run Behavior\ShowPageTraceBehavior [ RunTime:0.000434s ]
INFO: [ app_end ] --END-- [ RunTime:0.000474s ]

