[ 2015-08-08T15:56:52+08:00 ] 127.0.0.1 /myProject/thinkphpFrame/index.php/form/id/37
INFO: [ app_init ] --START--
INFO: Run Behavior\BuildLiteBehavior [ RunTime:0.000031s ]
INFO: [ app_init ] --END-- [ RunTime:0.027017s ]
ERR: 无法加载模块:Form

[ 2015-08-08T15:57:57+08:00 ] 127.0.0.1 /myProject/thinkphpFrame/form/37
INFO: [ app_init ] --START--
INFO: Run Behavior\BuildLiteBehavior [ RunTime:0.000024s ]
INFO: [ app_init ] --END-- [ RunTime:0.000733s ]
ERR: 无法加载模块:Form

[ 2015-08-08T16:01:35+08:00 ] 127.0.0.1 /myProject/thinkphpFrame/form/37
INFO: [ app_init ] --START--
INFO: Run Behavior\BuildLiteBehavior [ RunTime:0.000025s ]
INFO: [ app_init ] --END-- [ RunTime:0.000630s ]
ERR: 无法加载模块:Form

[ 2015-08-08T16:03:43+08:00 ] 127.0.0.1 /myProject/thinkphpFrame/form/37
INFO: [ app_init ] --START--
INFO: Run Behavior\BuildLiteBehavior [ RunTime:0.000016s ]
INFO: [ app_init ] --END-- [ RunTime:0.000415s ]
ERR: 无法加载模块:Form

[ 2015-08-08T16:03:46+08:00 ] 127.0.0.1 /myProject/thinkphpFrame/form/37
INFO: [ app_init ] --START--
INFO: Run Behavior\BuildLiteBehavior [ RunTime:0.000011s ]
INFO: [ app_init ] --END-- [ RunTime:0.000247s ]
ERR: 无法加载模块:Form

[ 2015-08-08T16:03:55+08:00 ] 127.0.0.1 /myProject/thinkphpFrame/form/37
INFO: [ app_init ] --START--
INFO: Run Behavior\BuildLiteBehavior [ RunTime:0.000014s ]
INFO: [ app_init ] --END-- [ RunTime:0.000367s ]
ERR: 无法加载模块:Form

[ 2015-08-08T16:03:57+08:00 ] 127.0.0.1 /myProject/thinkphpFrame/form/37
INFO: [ app_init ] --START--
INFO: Run Behavior\BuildLiteBehavior [ RunTime:0.000017s ]
INFO: [ app_init ] --END-- [ RunTime:0.000410s ]
ERR: 无法加载模块:Form

[ 2015-08-08T16:06:12+08:00 ] 127.0.0.1 /myProject/thinkphpFrame/form/37
INFO: [ app_init ] --START--
INFO: Run Behavior\BuildLiteBehavior [ RunTime:0.000021s ]
INFO: [ app_init ] --END-- [ RunTime:0.000566s ]
ERR: 无法加载模块:Form

[ 2015-08-08T16:06:18+08:00 ] 127.0.0.1 /myProject/thinkphpFrame/form
INFO: [ app_init ] --START--
INFO: Run Behavior\BuildLiteBehavior [ RunTime:0.000021s ]
INFO: [ app_init ] --END-- [ RunTime:0.000321s ]
ERR: 无法加载模块:Form

[ 2015-08-08T16:06:36+08:00 ] 127.0.0.1 /myProject/thinkphpFrame/form
INFO: [ app_init ] --START--
INFO: Run Behavior\BuildLiteBehavior [ RunTime:0.000016s ]
INFO: [ app_init ] --END-- [ RunTime:0.000408s ]
ERR: 无法加载模块:Form

[ 2015-08-08T16:06:55+08:00 ] 127.0.0.1 /myProject/thinkphpFrame/index.php/form/37
INFO: [ app_init ] --START--
INFO: Run Behavior\BuildLiteBehavior [ RunTime:0.000015s ]
INFO: [ app_init ] --END-- [ RunTime:0.000372s ]
ERR: 无法加载模块:Form

[ 2015-08-08T16:07:03+08:00 ] 127.0.0.1 /myProject/thinkphpFrame/form/37
INFO: [ app_init ] --START--
INFO: Run Behavior\BuildLiteBehavior [ RunTime:0.000019s ]
INFO: [ app_init ] --END-- [ RunTime:0.000430s ]
ERR: 无法加载模块:Form

[ 2015-08-08T16:08:21+08:00 ] 127.0.0.1 /myProject/thinkphpFrame/form/37
INFO: [ app_init ] --START--
INFO: Run Behavior\BuildLiteBehavior [ RunTime:0.000034s ]
INFO: [ app_init ] --END-- [ RunTime:0.000901s ]
ERR: 无法加载模块:Form

[ 2015-08-08T16:08:24+08:00 ] 127.0.0.1 /myProject/thinkphpFrame/form/37
INFO: [ app_init ] --START--
INFO: Run Behavior\BuildLiteBehavior [ RunTime:0.000028s ]
INFO: [ app_init ] --END-- [ RunTime:0.000662s ]
ERR: 无法加载模块:Form

[ 2015-08-08T16:09:49+08:00 ] 127.0.0.1 /myProject/thinkphpFrame/form/37
INFO: [ app_init ] --START--
INFO: Run Behavior\BuildLiteBehavior [ RunTime:0.000015s ]
INFO: [ app_init ] --END-- [ RunTime:0.000343s ]
ERR: 无法加载模块:Form

[ 2015-08-08T16:10:14+08:00 ] 127.0.0.1 /myProject/thinkphpFrame/index.php/form/37
INFO: [ app_init ] --START--
INFO: Run Behavior\BuildLiteBehavior [ RunTime:0.000023s ]
INFO: [ app_init ] --END-- [ RunTime:0.000554s ]
ERR: 无法加载模块:Form

[ 2015-08-08T16:11:13+08:00 ] 127.0.0.1 /myProject/thinkphpFrame/index.php/form/37
INFO: [ app_init ] --START--
INFO: Run Behavior\BuildLiteBehavior [ RunTime:0.000023s ]
INFO: [ app_init ] --END-- [ RunTime:0.000604s ]
ERR: 无法加载模块:Form

[ 2015-08-08T16:11:16+08:00 ] 127.0.0.1 /myProject/thinkphpFrame/index.php/form/37
INFO: [ app_init ] --START--
INFO: Run Behavior\BuildLiteBehavior [ RunTime:0.000019s ]
INFO: [ app_init ] --END-- [ RunTime:0.000483s ]
ERR: 无法加载模块:Form

[ 2015-08-08T16:11:34+08:00 ] 127.0.0.1 /myProject/thinkphpFrame/index.php/form/37
INFO: [ app_init ] --START--
INFO: Run Behavior\BuildLiteBehavior [ RunTime:0.000020s ]
INFO: [ app_init ] --END-- [ RunTime:0.000547s ]
ERR: 无法加载模块:Form

[ 2015-08-08T16:12:21+08:00 ] 127.0.0.1 /myProject/thinkphpFrame/index.php/form/37
INFO: [ app_init ] --START--
INFO: Run Behavior\BuildLiteBehavior [ RunTime:0.000018s ]
INFO: [ app_init ] --END-- [ RunTime:0.000415s ]
ERR: 无法加载模块:Form

[ 2015-08-08T16:13:52+08:00 ] 127.0.0.1 /myProject/thinkphpFrame/index.php/new/1
INFO: [ app_init ] --START--
INFO: Run Behavior\BuildLiteBehavior [ RunTime:0.000019s ]
INFO: [ app_init ] --END-- [ RunTime:0.000486s ]
ERR: 无法加载模块:New

[ 2015-08-08T16:14:17+08:00 ] 127.0.0.1 /myProject/thinkphpFrame/index.php/new/info
INFO: [ app_init ] --START--
INFO: Run Behavior\BuildLiteBehavior [ RunTime:0.000028s ]
INFO: [ app_init ] --END-- [ RunTime:0.000959s ]
ERR: 无法加载模块:New

[ 2015-08-08T16:15:22+08:00 ] 127.0.0.1 /myProject/thinkphpFrame/index.php/new/info
INFO: [ app_init ] --START--
INFO: Run Behavior\BuildLiteBehavior [ RunTime:0.000018s ]
INFO: [ app_init ] --END-- [ RunTime:0.000433s ]
ERR: 无法加载模块:New

[ 2015-08-08T16:16:56+08:00 ] 127.0.0.1 /myProject/thinkphpFrame/index.php/new/info
INFO: [ app_init ] --START--
INFO: Run Behavior\BuildLiteBehavior [ RunTime:0.000020s ]
INFO: [ app_init ] --END-- [ RunTime:0.000537s ]
ERR: 无法加载模块:New

[ 2015-08-08T16:17:43+08:00 ] 127.0.0.1 /myProject/thinkphpFrame/index.php/new/info
INFO: [ app_init ] --START--
INFO: Run Behavior\BuildLiteBehavior [ RunTime:0.000018s ]
INFO: [ app_init ] --END-- [ RunTime:0.000515s ]
ERR: 无法加载模块:New

[ 2015-08-08T16:17:47+08:00 ] 127.0.0.1 /myProject/thinkphpFrame/index.php/new/info
INFO: [ app_init ] --START--
INFO: Run Behavior\BuildLiteBehavior [ RunTime:0.000019s ]
INFO: [ app_init ] --END-- [ RunTime:0.000698s ]
ERR: 无法加载模块:New

