[ 2015-09-29T08:01:38+08:00 ] 127.0.0.1 /myProject/thinkphpFrame/jumbotron.css
INFO: [ app_init ] --START--
INFO: Run Behavior\BuildLiteBehavior [ RunTime:0.000015s ]
INFO: [ app_init ] --END-- [ RunTime:0.000304s ]
ERR: 无法加载模块:Jumbotron

[ 2015-09-29T08:03:26+08:00 ] 127.0.0.1 /myProject/thinkphpFrame/jumbotron.css
INFO: [ app_init ] --START--
INFO: Run Behavior\BuildLiteBehavior [ RunTime:0.000023s ]
INFO: [ app_init ] --END-- [ RunTime:0.000703s ]
ERR: 无法加载模块:Jumbotron

[ 2015-09-29T08:05:48+08:00 ] 127.0.0.1 /myProject/thinkphpFrame/jumbotron.css
INFO: [ app_init ] --START--
INFO: Run Behavior\BuildLiteBehavior [ RunTime:0.000018s ]
INFO: [ app_init ] --END-- [ RunTime:0.000408s ]
ERR: 无法加载模块:Jumbotron

[ 2015-09-29T08:29:03+08:00 ] 127.0.0.1 /myProject/thinkphpFrame/jumbotron.css
INFO: [ app_init ] --START--
INFO: Run Behavior\BuildLiteBehavior [ RunTime:0.000017s ]
INFO: [ app_init ] --END-- [ RunTime:0.000392s ]
ERR: 无法加载模块:Jumbotron

[ 2015-09-29T08:29:03+08:00 ] 127.0.0.1 /myProject/thinkphpFrame/Public/Public/xiuxiu/5609db2996f89.jpg
INFO: [ app_init ] --START--
INFO: Run Behavior\BuildLiteBehavior [ RunTime:0.000021s ]
INFO: [ app_init ] --END-- [ RunTime:0.005054s ]
ERR: 无法加载模块:Public

[ 2015-09-29T08:29:03+08:00 ] 127.0.0.1 /myProject/thinkphpFrame/Public/Public/xiuxiu/5609db10bdf4a.jpg
INFO: [ app_init ] --START--
INFO: Run Behavior\BuildLiteBehavior [ RunTime:0.000017s ]
INFO: [ app_init ] --END-- [ RunTime:0.000408s ]
ERR: 无法加载模块:Public

[ 2015-09-29T08:29:03+08:00 ] 127.0.0.1 /myProject/thinkphpFrame/Public/Public/xiuxiu/5609db2996f89.jpg
INFO: [ app_init ] --START--
INFO: Run Behavior\BuildLiteBehavior [ RunTime:0.000021s ]
INFO: [ app_init ] --END-- [ RunTime:0.000438s ]
ERR: 无法加载模块:Public

[ 2015-09-29T08:29:34+08:00 ] 127.0.0.1 /myProject/thinkphpFrame/jumbotron.css
INFO: [ app_init ] --START--
INFO: Run Behavior\BuildLiteBehavior [ RunTime:0.000017s ]
INFO: [ app_init ] --END-- [ RunTime:0.000423s ]
ERR: 无法加载模块:Jumbotron

[ 2015-09-29T08:39:11+08:00 ] 127.0.0.1 /myProject/thinkphpFrame/jumbotron.css
INFO: [ app_init ] --START--
INFO: Run Behavior\BuildLiteBehavior [ RunTime:0.000018s ]
INFO: [ app_init ] --END-- [ RunTime:0.000393s ]
ERR: 无法加载模块:Jumbotron

[ 2015-09-29T08:39:11+08:00 ] 127.0.0.1 /myProject/thinkphpFrame/Public/Public/xiuxiu/5609db2996f89.jpg
INFO: [ app_init ] --START--
INFO: Run Behavior\BuildLiteBehavior [ RunTime:0.000018s ]
INFO: [ app_init ] --END-- [ RunTime:0.000445s ]
ERR: 无法加载模块:Public

[ 2015-09-29T08:39:11+08:00 ] 127.0.0.1 /myProject/thinkphpFrame/Public/Public/xiuxiu/5609db10bdf4a.jpg
INFO: [ app_init ] --START--
INFO: Run Behavior\BuildLiteBehavior [ RunTime:0.000019s ]
INFO: [ app_init ] --END-- [ RunTime:0.000559s ]
ERR: 无法加载模块:Public

[ 2015-09-29T08:39:11+08:00 ] 127.0.0.1 /myProject/thinkphpFrame/Public/Public/xiuxiu/5609db2996f89.jpg
INFO: [ app_init ] --START--
INFO: Run Behavior\BuildLiteBehavior [ RunTime:0.000019s ]
INFO: [ app_init ] --END-- [ RunTime:0.000461s ]
ERR: 无法加载模块:Public

[ 2015-09-29T08:39:11+08:00 ] 127.0.0.1 /myProject/thinkphpFrame/Public/Public/xiuxiu/5609db10bdf4a.jpg
INFO: [ app_init ] --START--
INFO: Run Behavior\BuildLiteBehavior [ RunTime:0.000017s ]
INFO: [ app_init ] --END-- [ RunTime:0.000393s ]
ERR: 无法加载模块:Public

[ 2015-09-29T08:42:20+08:00 ] 127.0.0.1 /myProject/thinkphpFrame/jumbotron.css
INFO: [ app_init ] --START--
INFO: Run Behavior\BuildLiteBehavior [ RunTime:0.000016s ]
INFO: [ app_init ] --END-- [ RunTime:0.000373s ]
ERR: 无法加载模块:Jumbotron

[ 2015-09-29T08:42:20+08:00 ] 127.0.0.1 /myProject/thinkphpFrame/Public/Public/xiuxiu/5609db2996f89.jpg
INFO: [ app_init ] --START--
INFO: Run Behavior\BuildLiteBehavior [ RunTime:0.000022s ]
INFO: [ app_init ] --END-- [ RunTime:0.000686s ]
ERR: 无法加载模块:Public

[ 2015-09-29T08:42:20+08:00 ] 127.0.0.1 /myProject/thinkphpFrame/Public/Public/xiuxiu/5609db10bdf4a.jpg
INFO: [ app_init ] --START--
INFO: Run Behavior\BuildLiteBehavior [ RunTime:0.000020s ]
INFO: [ app_init ] --END-- [ RunTime:0.000392s ]
ERR: 无法加载模块:Public

[ 2015-09-29T08:42:21+08:00 ] 127.0.0.1 /myProject/thinkphpFrame/Public/Public/xiuxiu/5609db2996f89.jpg
INFO: [ app_init ] --START--
INFO: Run Behavior\BuildLiteBehavior [ RunTime:0.000011s ]
INFO: [ app_init ] --END-- [ RunTime:0.000257s ]
ERR: 无法加载模块:Public

[ 2015-09-29T08:42:21+08:00 ] 127.0.0.1 /myProject/thinkphpFrame/Public/Public/xiuxiu/5609db10bdf4a.jpg
INFO: [ app_init ] --START--
INFO: Run Behavior\BuildLiteBehavior [ RunTime:0.000011s ]
INFO: [ app_init ] --END-- [ RunTime:0.000251s ]
ERR: 无法加载模块:Public

[ 2015-09-29T08:43:33+08:00 ] 127.0.0.1 /myProject/thinkphpFrame/jumbotron.css
INFO: [ app_init ] --START--
INFO: Run Behavior\BuildLiteBehavior [ RunTime:0.000018s ]
INFO: [ app_init ] --END-- [ RunTime:0.000442s ]
ERR: 无法加载模块:Jumbotron

[ 2015-09-29T08:43:34+08:00 ] 127.0.0.1 /myProject/thinkphpFrame/Public/Public/xiuxiu/5609db2996f89.jpg
INFO: [ app_init ] --START--
INFO: Run Behavior\BuildLiteBehavior [ RunTime:0.000018s ]
INFO: [ app_init ] --END-- [ RunTime:0.000434s ]
ERR: 无法加载模块:Public

[ 2015-09-29T08:43:34+08:00 ] 127.0.0.1 /myProject/thinkphpFrame/Public/Public/xiuxiu/5609db10bdf4a.jpg
INFO: [ app_init ] --START--
INFO: Run Behavior\BuildLiteBehavior [ RunTime:0.000020s ]
INFO: [ app_init ] --END-- [ RunTime:0.000418s ]
ERR: 无法加载模块:Public

[ 2015-09-29T08:43:35+08:00 ] 127.0.0.1 /myProject/thinkphpFrame/Public/Public/xiuxiu/5609db2996f89.jpg
INFO: [ app_init ] --START--
INFO: Run Behavior\BuildLiteBehavior [ RunTime:0.000017s ]
INFO: [ app_init ] --END-- [ RunTime:0.000386s ]
ERR: 无法加载模块:Public

[ 2015-09-29T08:43:35+08:00 ] 127.0.0.1 /myProject/thinkphpFrame/Public/Public/xiuxiu/5609db10bdf4a.jpg
INFO: [ app_init ] --START--
INFO: Run Behavior\BuildLiteBehavior [ RunTime:0.000016s ]
INFO: [ app_init ] --END-- [ RunTime:0.000366s ]
ERR: 无法加载模块:Public

[ 2015-09-29T08:44:26+08:00 ] 127.0.0.1 /myProject/thinkphpFrame/jumbotron.css
INFO: [ app_init ] --START--
INFO: Run Behavior\BuildLiteBehavior [ RunTime:0.000017s ]
INFO: [ app_init ] --END-- [ RunTime:0.000389s ]
ERR: 无法加载模块:Jumbotron

[ 2015-09-29T08:46:12+08:00 ] 127.0.0.1 /myProject/thinkphpFrame/jumbotron.css
INFO: [ app_init ] --START--
INFO: Run Behavior\BuildLiteBehavior [ RunTime:0.000017s ]
INFO: [ app_init ] --END-- [ RunTime:0.000403s ]
ERR: 无法加载模块:Jumbotron

[ 2015-09-29T09:07:01+08:00 ] 127.0.0.1 /myProject/thinkphpFrame/jumbotron.css
INFO: [ app_init ] --START--
INFO: Run Behavior\BuildLiteBehavior [ RunTime:0.000019s ]
INFO: [ app_init ] --END-- [ RunTime:0.000378s ]
ERR: 无法加载模块:Jumbotron

[ 2015-09-29T09:07:01+08:00 ] 127.0.0.1 /myProject/thinkphpFrame/Public/Public/xiuxiu/5609db2996f89.jpg
INFO: [ app_init ] --START--
INFO: Run Behavior\BuildLiteBehavior [ RunTime:0.000021s ]
INFO: [ app_init ] --END-- [ RunTime:0.000441s ]
ERR: 无法加载模块:Public

[ 2015-09-29T09:07:01+08:00 ] 127.0.0.1 /myProject/thinkphpFrame/Public/Public/xiuxiu/5609db10bdf4a.jpg
INFO: [ app_init ] --START--
INFO: Run Behavior\BuildLiteBehavior [ RunTime:0.000019s ]
INFO: [ app_init ] --END-- [ RunTime:0.000407s ]
ERR: 无法加载模块:Public

[ 2015-09-29T09:07:01+08:00 ] 127.0.0.1 /myProject/thinkphpFrame/Public/Public/xiuxiu/5609db10bdf4a.jpg
INFO: [ app_init ] --START--
INFO: Run Behavior\BuildLiteBehavior [ RunTime:0.000019s ]
INFO: [ app_init ] --END-- [ RunTime:0.000424s ]
ERR: 无法加载模块:Public

[ 2015-09-29T09:07:01+08:00 ] 127.0.0.1 /myProject/thinkphpFrame/Public/Public/xiuxiu/5609db2996f89.jpg
INFO: [ app_init ] --START--
INFO: Run Behavior\BuildLiteBehavior [ RunTime:0.000020s ]
INFO: [ app_init ] --END-- [ RunTime:0.000470s ]
ERR: 无法加载模块:Public

[ 2015-09-29T09:08:26+08:00 ] 127.0.0.1 /myProject/thinkphpFrame/jumbotron.css
INFO: [ app_init ] --START--
INFO: Run Behavior\BuildLiteBehavior [ RunTime:0.000017s ]
INFO: [ app_init ] --END-- [ RunTime:0.000403s ]
ERR: 无法加载模块:Jumbotron

[ 2015-09-29T09:08:26+08:00 ] 127.0.0.1 /myProject/thinkphpFrame/Public/Public/xiuxiu/5609db10bdf4a.jpg
INFO: [ app_init ] --START--
INFO: Run Behavior\BuildLiteBehavior [ RunTime:0.000018s ]
INFO: [ app_init ] --END-- [ RunTime:0.000430s ]
ERR: 无法加载模块:Public

[ 2015-09-29T09:08:27+08:00 ] 127.0.0.1 /myProject/thinkphpFrame/Public/Public/xiuxiu/5609db10bdf4a.jpg
INFO: [ app_init ] --START--
INFO: Run Behavior\BuildLiteBehavior [ RunTime:0.000016s ]
INFO: [ app_init ] --END-- [ RunTime:0.000356s ]
ERR: 无法加载模块:Public

[ 2015-09-29T09:11:36+08:00 ] 127.0.0.1 /myProject/thinkphpFrame/jumbotron.css
INFO: [ app_init ] --START--
INFO: Run Behavior\BuildLiteBehavior [ RunTime:0.000016s ]
INFO: [ app_init ] --END-- [ RunTime:0.000372s ]
ERR: 无法加载模块:Jumbotron

[ 2015-09-29T09:11:36+08:00 ] 127.0.0.1 /myProject/thinkphpFrame/Public/Public/xiuxiu/5609db10bdf4a.jpg
INFO: [ app_init ] --START--
INFO: Run Behavior\BuildLiteBehavior [ RunTime:0.000018s ]
INFO: [ app_init ] --END-- [ RunTime:0.000425s ]
ERR: 无法加载模块:Public

[ 2015-09-29T09:11:36+08:00 ] 127.0.0.1 /myProject/thinkphpFrame/Public/Public/xiuxiu/5609db10bdf4a.jpg
INFO: [ app_init ] --START--
INFO: Run Behavior\BuildLiteBehavior [ RunTime:0.000030s ]
INFO: [ app_init ] --END-- [ RunTime:0.000605s ]
ERR: 无法加载模块:Public

[ 2015-09-29T09:12:50+08:00 ] 127.0.0.1 /myProject/thinkphpFrame/jumbotron.css
INFO: [ app_init ] --START--
INFO: Run Behavior\BuildLiteBehavior [ RunTime:0.000017s ]
INFO: [ app_init ] --END-- [ RunTime:0.000389s ]
ERR: 无法加载模块:Jumbotron

[ 2015-09-29T09:12:50+08:00 ] 127.0.0.1 /myProject/thinkphpFrame/Public/Public/xiuxiu/5609db10bdf4a.jpg
INFO: [ app_init ] --START--
INFO: Run Behavior\BuildLiteBehavior [ RunTime:0.000019s ]
INFO: [ app_init ] --END-- [ RunTime:0.000468s ]
ERR: 无法加载模块:Public

[ 2015-09-29T09:12:50+08:00 ] 127.0.0.1 /myProject/thinkphpFrame/Public/Public/xiuxiu/5609db10bdf4a.jpg
INFO: [ app_init ] --START--
INFO: Run Behavior\BuildLiteBehavior [ RunTime:0.000017s ]
INFO: [ app_init ] --END-- [ RunTime:0.000377s ]
ERR: 无法加载模块:Public

[ 2015-09-29T09:17:40+08:00 ] 127.0.0.1 /myProject/thinkphpFrame/jumbotron.css
INFO: [ app_init ] --START--
INFO: Run Behavior\BuildLiteBehavior [ RunTime:0.000016s ]
INFO: [ app_init ] --END-- [ RunTime:0.000346s ]
ERR: 无法加载模块:Jumbotron

[ 2015-09-29T09:17:40+08:00 ] 127.0.0.1 /myProject/thinkphpFrame/Public/Public/xiuxiu/5609db10bdf4a.jpg
INFO: [ app_init ] --START--
INFO: Run Behavior\BuildLiteBehavior [ RunTime:0.000016s ]
INFO: [ app_init ] --END-- [ RunTime:0.000400s ]
ERR: 无法加载模块:Public

[ 2015-09-29T09:17:41+08:00 ] 127.0.0.1 /myProject/thinkphpFrame/Public/Public/xiuxiu/5609db10bdf4a.jpg
INFO: [ app_init ] --START--
INFO: Run Behavior\BuildLiteBehavior [ RunTime:0.000018s ]
INFO: [ app_init ] --END-- [ RunTime:0.000423s ]
ERR: 无法加载模块:Public

[ 2015-09-29T09:18:28+08:00 ] 127.0.0.1 /myProject/thinkphpFrame/jumbotron.css
INFO: [ app_init ] --START--
INFO: Run Behavior\BuildLiteBehavior [ RunTime:0.000017s ]
INFO: [ app_init ] --END-- [ RunTime:0.000388s ]
ERR: 无法加载模块:Jumbotron

[ 2015-09-29T09:18:28+08:00 ] 127.0.0.1 /myProject/thinkphpFrame/Public/Public/xiuxiu/5609db10bdf4a.jpg
INFO: [ app_init ] --START--
INFO: Run Behavior\BuildLiteBehavior [ RunTime:0.000018s ]
INFO: [ app_init ] --END-- [ RunTime:0.000459s ]
ERR: 无法加载模块:Public

[ 2015-09-29T09:18:28+08:00 ] 127.0.0.1 /myProject/thinkphpFrame/Public/Public/xiuxiu/5609db10bdf4a.jpg
INFO: [ app_init ] --START--
INFO: Run Behavior\BuildLiteBehavior [ RunTime:0.000023s ]
INFO: [ app_init ] --END-- [ RunTime:0.000669s ]
ERR: 无法加载模块:Public

[ 2015-09-29T09:19:01+08:00 ] 127.0.0.1 /myProject/thinkphpFrame/jumbotron.css
INFO: [ app_init ] --START--
INFO: Run Behavior\BuildLiteBehavior [ RunTime:0.000019s ]
INFO: [ app_init ] --END-- [ RunTime:0.000406s ]
ERR: 无法加载模块:Jumbotron

[ 2015-09-29T09:19:01+08:00 ] 127.0.0.1 /myProject/thinkphpFrame/Public/Public/xiuxiu/5609db10bdf4a.jpg
INFO: [ app_init ] --START--
INFO: Run Behavior\BuildLiteBehavior [ RunTime:0.000016s ]
INFO: [ app_init ] --END-- [ RunTime:0.000374s ]
ERR: 无法加载模块:Public

[ 2015-09-29T09:19:01+08:00 ] 127.0.0.1 /myProject/thinkphpFrame/Public/Public/xiuxiu/5609db10bdf4a.jpg
INFO: [ app_init ] --START--
INFO: Run Behavior\BuildLiteBehavior [ RunTime:0.000016s ]
INFO: [ app_init ] --END-- [ RunTime:0.000376s ]
ERR: 无法加载模块:Public

[ 2015-09-29T09:20:32+08:00 ] 127.0.0.1 /myProject/thinkphpFrame/Public/Public/xiuxiu/5609db10bdf4a.jpg
INFO: [ app_init ] --START--
INFO: Run Behavior\BuildLiteBehavior [ RunTime:0.000017s ]
INFO: [ app_init ] --END-- [ RunTime:0.000428s ]
ERR: 无法加载模块:Public

[ 2015-09-29T09:20:32+08:00 ] 127.0.0.1 /myProject/thinkphpFrame/jumbotron.css
INFO: [ app_init ] --START--
INFO: Run Behavior\BuildLiteBehavior [ RunTime:0.000018s ]
INFO: [ app_init ] --END-- [ RunTime:0.000405s ]
ERR: 无法加载模块:Jumbotron

[ 2015-09-29T09:20:32+08:00 ] 127.0.0.1 /myProject/thinkphpFrame/Public/Public/xiuxiu/5609db10bdf4a.jpg
INFO: [ app_init ] --START--
INFO: Run Behavior\BuildLiteBehavior [ RunTime:0.000021s ]
INFO: [ app_init ] --END-- [ RunTime:0.001863s ]
ERR: 无法加载模块:Public

[ 2015-09-29T09:24:47+08:00 ] 127.0.0.1 /myProject/thinkphpFrame/jumbotron.css
INFO: [ app_init ] --START--
INFO: Run Behavior\BuildLiteBehavior [ RunTime:0.000017s ]
INFO: [ app_init ] --END-- [ RunTime:0.000445s ]
ERR: 无法加载模块:Jumbotron

[ 2015-09-29T09:24:47+08:00 ] 127.0.0.1 /myProject/thinkphpFrame/Public/Public/xiuxiu/5609db10bdf4a.jpg
INFO: [ app_init ] --START--
INFO: Run Behavior\BuildLiteBehavior [ RunTime:0.000018s ]
INFO: [ app_init ] --END-- [ RunTime:0.000489s ]
ERR: 无法加载模块:Public

[ 2015-09-29T09:24:47+08:00 ] 127.0.0.1 /myProject/thinkphpFrame/Public/Public/xiuxiu/5609db10bdf4a.jpg
INFO: [ app_init ] --START--
INFO: Run Behavior\BuildLiteBehavior [ RunTime:0.000017s ]
INFO: [ app_init ] --END-- [ RunTime:0.000392s ]
ERR: 无法加载模块:Public

[ 2015-09-29T09:25:22+08:00 ] 127.0.0.1 /myProject/thinkphpFrame/jumbotron.css
INFO: [ app_init ] --START--
INFO: Run Behavior\BuildLiteBehavior [ RunTime:0.000019s ]
INFO: [ app_init ] --END-- [ RunTime:0.000470s ]
ERR: 无法加载模块:Jumbotron

[ 2015-09-29T09:25:22+08:00 ] 127.0.0.1 /myProject/thinkphpFrame/Public/Public/xiuxiu/5609db2996f89.jpg
INFO: [ app_init ] --START--
INFO: Run Behavior\BuildLiteBehavior [ RunTime:0.000016s ]
INFO: [ app_init ] --END-- [ RunTime:0.000394s ]
ERR: 无法加载模块:Public

[ 2015-09-29T09:25:22+08:00 ] 127.0.0.1 /myProject/thinkphpFrame/Public/Public/xiuxiu/5609db10bdf4a.jpg
INFO: [ app_init ] --START--
INFO: Run Behavior\BuildLiteBehavior [ RunTime:0.000017s ]
INFO: [ app_init ] --END-- [ RunTime:0.000446s ]
ERR: 无法加载模块:Public

[ 2015-09-29T09:25:22+08:00 ] 127.0.0.1 /myProject/thinkphpFrame/Public/Public/xiuxiu/5609db2996f89.jpg
INFO: [ app_init ] --START--
INFO: Run Behavior\BuildLiteBehavior [ RunTime:0.000019s ]
INFO: [ app_init ] --END-- [ RunTime:0.000435s ]
ERR: 无法加载模块:Public

[ 2015-09-29T09:28:21+08:00 ] 127.0.0.1 /myProject/thinkphpFrame/Public/Public/xiuxiu/5609db2996f89.jpg
INFO: [ app_init ] --START--
INFO: Run Behavior\BuildLiteBehavior [ RunTime:0.000017s ]
INFO: [ app_init ] --END-- [ RunTime:0.000445s ]
ERR: 无法加载模块:Public

[ 2015-09-29T09:28:21+08:00 ] 127.0.0.1 /myProject/thinkphpFrame/jumbotron.css
INFO: [ app_init ] --START--
INFO: Run Behavior\BuildLiteBehavior [ RunTime:0.000018s ]
INFO: [ app_init ] --END-- [ RunTime:0.000453s ]
ERR: 无法加载模块:Jumbotron

[ 2015-09-29T09:28:21+08:00 ] 127.0.0.1 /myProject/thinkphpFrame/Public/Public/xiuxiu/5609db10bdf4a.jpg
INFO: [ app_init ] --START--
INFO: Run Behavior\BuildLiteBehavior [ RunTime:0.000017s ]
INFO: [ app_init ] --END-- [ RunTime:0.000395s ]
ERR: 无法加载模块:Public

[ 2015-09-29T09:28:21+08:00 ] 127.0.0.1 /myProject/thinkphpFrame/Public/Public/xiuxiu/5609db10bdf4a.jpg
INFO: [ app_init ] --START--
INFO: Run Behavior\BuildLiteBehavior [ RunTime:0.000017s ]
INFO: [ app_init ] --END-- [ RunTime:0.000499s ]
ERR: 无法加载模块:Public

[ 2015-09-29T09:28:21+08:00 ] 127.0.0.1 /myProject/thinkphpFrame/Public/Public/xiuxiu/5609db2996f89.jpg
INFO: [ app_init ] --START--
INFO: Run Behavior\BuildLiteBehavior [ RunTime:0.000018s ]
INFO: [ app_init ] --END-- [ RunTime:0.000488s ]
ERR: 无法加载模块:Public

[ 2015-09-29T09:28:43+08:00 ] 127.0.0.1 /myProject/thinkphpFrame/jumbotron.css
INFO: [ app_init ] --START--
INFO: Run Behavior\BuildLiteBehavior [ RunTime:0.000011s ]
INFO: [ app_init ] --END-- [ RunTime:0.000255s ]
ERR: 无法加载模块:Jumbotron

[ 2015-09-29T09:28:43+08:00 ] 127.0.0.1 /myProject/thinkphpFrame/Public/Public/xiuxiu/5609db2996f89.jpg
INFO: [ app_init ] --START--
INFO: Run Behavior\BuildLiteBehavior [ RunTime:0.000016s ]
INFO: [ app_init ] --END-- [ RunTime:0.000355s ]
ERR: 无法加载模块:Public

[ 2015-09-29T09:28:43+08:00 ] 127.0.0.1 /myProject/thinkphpFrame/Public/Public/xiuxiu/5609db10bdf4a.jpg
INFO: [ app_init ] --START--
INFO: Run Behavior\BuildLiteBehavior [ RunTime:0.000017s ]
INFO: [ app_init ] --END-- [ RunTime:0.000372s ]
ERR: 无法加载模块:Public

[ 2015-09-29T09:28:43+08:00 ] 127.0.0.1 /myProject/thinkphpFrame/Public/Public/xiuxiu/5609db2996f89.jpg
INFO: [ app_init ] --START--
INFO: Run Behavior\BuildLiteBehavior [ RunTime:0.000018s ]
INFO: [ app_init ] --END-- [ RunTime:0.000384s ]
ERR: 无法加载模块:Public

[ 2015-09-29T09:30:53+08:00 ] 127.0.0.1 /myProject/thinkphpFrame/Public/Public/xiuxiu/5609db2996f89.jpg
INFO: [ app_init ] --START--
INFO: Run Behavior\BuildLiteBehavior [ RunTime:0.000018s ]
INFO: [ app_init ] --END-- [ RunTime:0.000421s ]
ERR: 无法加载模块:Public

[ 2015-09-29T09:30:53+08:00 ] 127.0.0.1 /myProject/thinkphpFrame/jumbotron.css
INFO: [ app_init ] --START--
INFO: Run Behavior\BuildLiteBehavior [ RunTime:0.000017s ]
INFO: [ app_init ] --END-- [ RunTime:0.000420s ]
ERR: 无法加载模块:Jumbotron

[ 2015-09-29T09:30:53+08:00 ] 127.0.0.1 /myProject/thinkphpFrame/Public/Public/xiuxiu/5609db10bdf4a.jpg
INFO: [ app_init ] --START--
INFO: Run Behavior\BuildLiteBehavior [ RunTime:0.000016s ]
INFO: [ app_init ] --END-- [ RunTime:0.000366s ]
ERR: 无法加载模块:Public

[ 2015-09-29T09:30:53+08:00 ] 127.0.0.1 /myProject/thinkphpFrame/Public/Public/xiuxiu/5609db2996f89.jpg
INFO: [ app_init ] --START--
INFO: Run Behavior\BuildLiteBehavior [ RunTime:0.000016s ]
INFO: [ app_init ] --END-- [ RunTime:0.000371s ]
ERR: 无法加载模块:Public

[ 2015-09-29T09:30:53+08:00 ] 127.0.0.1 /myProject/thinkphpFrame/Public/Public/xiuxiu/5609db10bdf4a.jpg
INFO: [ app_init ] --START--
INFO: Run Behavior\BuildLiteBehavior [ RunTime:0.000017s ]
INFO: [ app_init ] --END-- [ RunTime:0.000389s ]
ERR: 无法加载模块:Public

[ 2015-09-29T09:32:29+08:00 ] 127.0.0.1 /myProject/thinkphpFrame/jumbotron.css
INFO: [ app_init ] --START--
INFO: Run Behavior\BuildLiteBehavior [ RunTime:0.000011s ]
INFO: [ app_init ] --END-- [ RunTime:0.000276s ]
ERR: 无法加载模块:Jumbotron

[ 2015-09-29T09:33:21+08:00 ] 127.0.0.1 /myProject/thinkphpFrame/jumbotron.css
INFO: [ app_init ] --START--
INFO: Run Behavior\BuildLiteBehavior [ RunTime:0.000016s ]
INFO: [ app_init ] --END-- [ RunTime:0.000427s ]
ERR: 无法加载模块:Jumbotron

[ 2015-09-29T09:34:17+08:00 ] 127.0.0.1 /myProject/thinkphpFrame/jumbotron.css
INFO: [ app_init ] --START--
INFO: Run Behavior\BuildLiteBehavior [ RunTime:0.000019s ]
INFO: [ app_init ] --END-- [ RunTime:0.000499s ]
ERR: 无法加载模块:Jumbotron

[ 2015-09-29T17:50:22+08:00 ] 127.0.0.1 /myProject/thinkphpFrame/index.php/assets/js/ie10-viewport-bug-workaround.js
INFO: [ app_init ] --START--
INFO: Run Behavior\BuildLiteBehavior [ RunTime:0.000017s ]
INFO: [ app_init ] --END-- [ RunTime:0.000379s ]
ERR: 无法加载模块:Assets

[ 2015-09-29T17:50:22+08:00 ] 127.0.0.1 /myProject/thinkphpFrame/index.php/assets/js/ie-emulation-modes-warning.js
INFO: [ app_init ] --START--
INFO: Run Behavior\BuildLiteBehavior [ RunTime:0.000020s ]
INFO: [ app_init ] --END-- [ RunTime:0.000478s ]
ERR: 无法加载模块:Assets

[ 2015-09-29T17:50:22+08:00 ] 127.0.0.1 /myProject/thinkphpFrame/index.php/favicon.ico
INFO: [ app_init ] --START--
INFO: Run Behavior\BuildLiteBehavior [ RunTime:0.000012s ]
INFO: [ app_init ] --END-- [ RunTime:0.000259s ]
ERR: 无法加载模块:Favicon

