[ 2015-09-02T08:53:18+08:00 ] 127.0.0.1 /myProject/thinkphpFrame/index.php/Admin/Login/index.html
INFO: [ app_init ] --START--
INFO: Run Behavior\BuildLiteBehavior [ RunTime:0.000016s ]
INFO: [ app_init ] --END-- [ RunTime:0.000264s ]
INFO: [ app_begin ] --START--
INFO: Run Behavior\ReadHtmlCacheBehavior [ RunTime:0.000443s ]
INFO: [ app_begin ] --END-- [ RunTime:0.000495s ]
INFO: [ view_parse ] --START--
INFO: [ template_filter ] --START--
INFO: Run Behavior\ContentReplaceBehavior [ RunTime:0.000046s ]
INFO: [ template_filter ] --END-- [ RunTime:0.000105s ]
INFO: Run Behavior\ParseTemplateBehavior [ RunTime:0.036651s ]
INFO: [ view_parse ] --END-- [ RunTime:0.036717s ]
INFO: [ view_filter ] --START--
INFO: Run Behavior\WriteHtmlCacheBehavior [ RunTime:0.000244s ]
INFO: [ view_filter ] --END-- [ RunTime:0.000281s ]
INFO: [ app_end ] --START--
INFO: Run Behavior\ShowPageTraceBehavior [ RunTime:0.000366s ]
INFO: [ app_end ] --END-- [ RunTime:0.000405s ]

[ 2015-09-02T08:53:18+08:00 ] 127.0.0.1 /myProject/thinkphpFrame/index.php/Admin/Login/resources/images/loading.gif
INFO: [ app_init ] --START--
INFO: Run Behavior\BuildLiteBehavior [ RunTime:0.000012s ]
INFO: [ app_init ] --END-- [ RunTime:0.000280s ]

[ 2015-09-02T08:53:18+08:00 ] 127.0.0.1 /myProject/thinkphpFrame/index.php/Admin/Login/resources/images/closelabel.gif
INFO: [ app_init ] --START--
INFO: Run Behavior\BuildLiteBehavior [ RunTime:0.000013s ]
INFO: [ app_init ] --END-- [ RunTime:0.000337s ]

[ 2015-09-02T08:53:22+08:00 ] 127.0.0.1 /myProject/thinkphpFrame/index.php/Admin/Login/update
INFO: [ app_init ] --START--
INFO: Run Behavior\BuildLiteBehavior [ RunTime:0.000018s ]
INFO: [ app_init ] --END-- [ RunTime:0.000417s ]
INFO: [ app_begin ] --START--
INFO: Run Behavior\ReadHtmlCacheBehavior [ RunTime:0.000711s ]
INFO: [ app_begin ] --END-- [ RunTime:0.000796s ]
SQL: SHOW COLUMNS FROM `user` [ RunTime:0.0338s ]
SQL: SELECT * FROM `user` WHERE ( username = 'ruby97' AND password = '405958c9e0888f6ddc6221f90576490c' ) LIMIT 1   [ RunTime:0.0008s ]

[ 2015-09-02T08:53:22+08:00 ] 127.0.0.1 /myProject/thinkphpFrame/index.php/Admin/Index/index.html
INFO: [ app_init ] --START--
INFO: Run Behavior\BuildLiteBehavior [ RunTime:0.000015s ]
INFO: [ app_init ] --END-- [ RunTime:0.000371s ]
INFO: [ app_begin ] --START--
INFO: Run Behavior\ReadHtmlCacheBehavior [ RunTime:0.000339s ]
INFO: [ app_begin ] --END-- [ RunTime:0.000381s ]
SQL: SHOW COLUMNS FROM `user_info` [ RunTime:0.0445s ]
SQL: SELECT COUNT(*) AS tp_count FROM `user_info` WHERE ( 1 ) LIMIT 1   [ RunTime:0.0003s ]
SQL: SELECT * FROM `user_info` WHERE ( 1 ) ORDER BY posttime LIMIT 0,10   [ RunTime:0.0004s ]
INFO: [ view_parse ] --START--
INFO: [ template_filter ] --START--
INFO: Run Behavior\ContentReplaceBehavior [ RunTime:0.000112s ]
INFO: [ template_filter ] --END-- [ RunTime:0.000164s ]
INFO: Run Behavior\ParseTemplateBehavior [ RunTime:0.014173s ]
INFO: [ view_parse ] --END-- [ RunTime:0.014223s ]
INFO: [ view_filter ] --START--
INFO: Run Behavior\WriteHtmlCacheBehavior [ RunTime:0.000255s ]
INFO: [ view_filter ] --END-- [ RunTime:0.000292s ]
INFO: [ app_end ] --START--
INFO: Run Behavior\ShowPageTraceBehavior [ RunTime:0.000441s ]
INFO: [ app_end ] --END-- [ RunTime:0.000482s ]

[ 2015-09-02T08:53:22+08:00 ] 127.0.0.1 /myProject/thinkphpFrame/index.php/Admin/Index/resources/images/closelabel.gif
INFO: [ app_init ] --START--
INFO: Run Behavior\BuildLiteBehavior [ RunTime:0.000016s ]
INFO: [ app_init ] --END-- [ RunTime:0.000316s ]

[ 2015-09-02T08:53:22+08:00 ] 127.0.0.1 /myProject/thinkphpFrame/index.php/Admin/Index/resources/images/loading.gif
INFO: [ app_init ] --START--
INFO: Run Behavior\BuildLiteBehavior [ RunTime:0.000018s ]
INFO: [ app_init ] --END-- [ RunTime:0.000418s ]

[ 2015-09-02T08:53:26+08:00 ] 127.0.0.1 /myProject/thinkphpFrame/index.php/Admin/Task/index
INFO: [ app_init ] --START--
INFO: Run Behavior\BuildLiteBehavior [ RunTime:0.000014s ]
INFO: [ app_init ] --END-- [ RunTime:0.000346s ]
INFO: [ app_begin ] --START--
INFO: Run Behavior\ReadHtmlCacheBehavior [ RunTime:0.000581s ]
INFO: [ app_begin ] --END-- [ RunTime:0.000644s ]
SQL: SHOW COLUMNS FROM `tasks` [ RunTime:0.0339s ]
SQL: SELECT COUNT(*) AS tp_count FROM `tasks` WHERE ( 1 ) LIMIT 1   [ RunTime:0.0068s ]
SQL: SELECT * FROM `tasks` WHERE ( 1 ) ORDER BY task_posttime desc LIMIT 0,10   [ RunTime:0.0005s ]
INFO: [ view_parse ] --START--
INFO: [ template_filter ] --START--
INFO: Run Behavior\ContentReplaceBehavior [ RunTime:0.000140s ]
INFO: [ template_filter ] --END-- [ RunTime:0.000192s ]
INFO: Run Behavior\ParseTemplateBehavior [ RunTime:0.014170s ]
INFO: [ view_parse ] --END-- [ RunTime:0.014227s ]
INFO: [ view_filter ] --START--
INFO: Run Behavior\WriteHtmlCacheBehavior [ RunTime:0.000255s ]
INFO: [ view_filter ] --END-- [ RunTime:0.000293s ]
INFO: [ app_end ] --START--
INFO: Run Behavior\ShowPageTraceBehavior [ RunTime:0.000453s ]
INFO: [ app_end ] --END-- [ RunTime:0.000491s ]

[ 2015-09-02T08:53:26+08:00 ] 127.0.0.1 /myProject/thinkphpFrame/index.php/Admin/Task/resources/images/closelabel.gif
INFO: [ app_init ] --START--
INFO: Run Behavior\BuildLiteBehavior [ RunTime:0.000011s ]
INFO: [ app_init ] --END-- [ RunTime:0.000251s ]

[ 2015-09-02T08:53:26+08:00 ] 127.0.0.1 /myProject/thinkphpFrame/index.php/Admin/Task/resources/images/loading.gif
INFO: [ app_init ] --START--
INFO: Run Behavior\BuildLiteBehavior [ RunTime:0.000012s ]
INFO: [ app_init ] --END-- [ RunTime:0.000402s ]

[ 2015-09-02T08:53:43+08:00 ] 127.0.0.1 /myProject/thinkphpFrame/index.php/Admin/Index/index
INFO: [ app_init ] --START--
INFO: Run Behavior\BuildLiteBehavior [ RunTime:0.000019s ]
INFO: [ app_init ] --END-- [ RunTime:0.000522s ]
INFO: [ app_begin ] --START--
INFO: Run Behavior\ReadHtmlCacheBehavior [ RunTime:0.000698s ]
INFO: [ app_begin ] --END-- [ RunTime:0.000772s ]
SQL: SHOW COLUMNS FROM `user_info` [ RunTime:0.0029s ]
SQL: SELECT COUNT(*) AS tp_count FROM `user_info` WHERE ( 1 ) LIMIT 1   [ RunTime:0.0003s ]
SQL: SELECT * FROM `user_info` WHERE ( 1 ) ORDER BY posttime LIMIT 0,10   [ RunTime:0.0007s ]
INFO: [ view_parse ] --START--
INFO: [ template_filter ] --START--
INFO: Run Behavior\ContentReplaceBehavior [ RunTime:0.000115s ]
INFO: [ template_filter ] --END-- [ RunTime:0.000167s ]
INFO: Run Behavior\ParseTemplateBehavior [ RunTime:0.013962s ]
INFO: [ view_parse ] --END-- [ RunTime:0.014013s ]
INFO: [ view_filter ] --START--
INFO: Run Behavior\WriteHtmlCacheBehavior [ RunTime:0.000259s ]
INFO: [ view_filter ] --END-- [ RunTime:0.000296s ]
INFO: [ app_end ] --START--
INFO: Run Behavior\ShowPageTraceBehavior [ RunTime:0.000440s ]
INFO: [ app_end ] --END-- [ RunTime:0.000479s ]

[ 2015-09-02T08:53:43+08:00 ] 127.0.0.1 /myProject/thinkphpFrame/index.php/Admin/Index/resources/images/closelabel.gif
INFO: [ app_init ] --START--
INFO: Run Behavior\BuildLiteBehavior [ RunTime:0.000018s ]
INFO: [ app_init ] --END-- [ RunTime:0.000383s ]

[ 2015-09-02T08:53:43+08:00 ] 127.0.0.1 /myProject/thinkphpFrame/index.php/Admin/Index/resources/images/loading.gif
INFO: [ app_init ] --START--
INFO: Run Behavior\BuildLiteBehavior [ RunTime:0.000036s ]
INFO: [ app_init ] --END-- [ RunTime:0.000507s ]

[ 2015-09-02T08:53:48+08:00 ] 127.0.0.1 /myProject/thinkphpFrame/index.php/Admin/Task/index
INFO: [ app_init ] --START--
INFO: Run Behavior\BuildLiteBehavior [ RunTime:0.000018s ]
INFO: [ app_init ] --END-- [ RunTime:0.000382s ]
INFO: [ app_begin ] --START--
INFO: Run Behavior\ReadHtmlCacheBehavior [ RunTime:0.000584s ]
INFO: [ app_begin ] --END-- [ RunTime:0.000646s ]
SQL: SHOW COLUMNS FROM `tasks` [ RunTime:0.0032s ]
SQL: SELECT COUNT(*) AS tp_count FROM `tasks` WHERE ( 1 ) LIMIT 1   [ RunTime:0.0003s ]
SQL: SELECT * FROM `tasks` WHERE ( 1 ) ORDER BY task_posttime desc LIMIT 0,10   [ RunTime:0.0005s ]
INFO: [ view_parse ] --START--
INFO: [ template_filter ] --START--
INFO: Run Behavior\ContentReplaceBehavior [ RunTime:0.000146s ]
INFO: [ template_filter ] --END-- [ RunTime:0.000232s ]
INFO: Run Behavior\ParseTemplateBehavior [ RunTime:0.015453s ]
INFO: [ view_parse ] --END-- [ RunTime:0.015537s ]
INFO: [ view_filter ] --START--
INFO: Run Behavior\WriteHtmlCacheBehavior [ RunTime:0.000762s ]
INFO: [ view_filter ] --END-- [ RunTime:0.000866s ]
INFO: [ app_end ] --START--
INFO: Run Behavior\ShowPageTraceBehavior [ RunTime:0.000482s ]
INFO: [ app_end ] --END-- [ RunTime:0.000521s ]

[ 2015-09-02T08:53:48+08:00 ] 127.0.0.1 /myProject/thinkphpFrame/index.php/Admin/Task/resources/images/closelabel.gif
INFO: [ app_init ] --START--
INFO: Run Behavior\BuildLiteBehavior [ RunTime:0.000023s ]
INFO: [ app_init ] --END-- [ RunTime:0.000591s ]

[ 2015-09-02T08:53:48+08:00 ] 127.0.0.1 /myProject/thinkphpFrame/index.php/Admin/Task/resources/images/loading.gif
INFO: [ app_init ] --START--
INFO: Run Behavior\BuildLiteBehavior [ RunTime:0.000019s ]
INFO: [ app_init ] --END-- [ RunTime:0.000554s ]

[ 2015-09-02T09:00:14+08:00 ] 127.0.0.1 /myProject/thinkphpFrame/index.php/Admin/Task/index/p/2.html
INFO: [ app_init ] --START--
INFO: Run Behavior\BuildLiteBehavior [ RunTime:0.000035s ]
INFO: [ app_init ] --END-- [ RunTime:0.000922s ]
INFO: [ app_begin ] --START--
INFO: Run Behavior\ReadHtmlCacheBehavior [ RunTime:0.000680s ]
INFO: [ app_begin ] --END-- [ RunTime:0.000752s ]
SQL: SHOW COLUMNS FROM `tasks` [ RunTime:0.0040s ]
SQL: SELECT COUNT(*) AS tp_count FROM `tasks` WHERE ( 1 ) LIMIT 1   [ RunTime:0.0004s ]
SQL: SELECT * FROM `tasks` WHERE ( 1 ) ORDER BY task_posttime desc LIMIT 10,10   [ RunTime:0.0009s ]
INFO: [ view_parse ] --START--
INFO: [ template_filter ] --START--
INFO: Run Behavior\ContentReplaceBehavior [ RunTime:0.000184s ]
INFO: [ template_filter ] --END-- [ RunTime:0.000250s ]
INFO: Run Behavior\ParseTemplateBehavior [ RunTime:0.013050s ]
INFO: [ view_parse ] --END-- [ RunTime:0.013116s ]
INFO: [ view_filter ] --START--
INFO: Run Behavior\WriteHtmlCacheBehavior [ RunTime:0.000287s ]
INFO: [ view_filter ] --END-- [ RunTime:0.000335s ]
INFO: [ app_end ] --START--
INFO: Run Behavior\ShowPageTraceBehavior [ RunTime:0.000544s ]
INFO: [ app_end ] --END-- [ RunTime:0.000594s ]

[ 2015-09-02T09:00:15+08:00 ] 127.0.0.1 /myProject/thinkphpFrame/index.php/Admin/Task/index/p/resources/images/closelabel.gif
INFO: [ app_init ] --START--
INFO: Run Behavior\BuildLiteBehavior [ RunTime:0.000019s ]
INFO: [ app_init ] --END-- [ RunTime:0.000387s ]

[ 2015-09-02T09:00:15+08:00 ] 127.0.0.1 /myProject/thinkphpFrame/index.php/Admin/Task/index/p/resources/images/loading.gif
INFO: [ app_init ] --START--
INFO: Run Behavior\BuildLiteBehavior [ RunTime:0.000038s ]
INFO: [ app_init ] --END-- [ RunTime:0.000586s ]

[ 2015-09-02T09:00:17+08:00 ] 127.0.0.1 /myProject/thinkphpFrame/index.php/Admin/Task/index/p/1.html
INFO: [ app_init ] --START--
INFO: Run Behavior\BuildLiteBehavior [ RunTime:0.000013s ]
INFO: [ app_init ] --END-- [ RunTime:0.000330s ]
INFO: [ app_begin ] --START--
INFO: Run Behavior\ReadHtmlCacheBehavior [ RunTime:0.000558s ]
INFO: [ app_begin ] --END-- [ RunTime:0.000616s ]
SQL: SHOW COLUMNS FROM `tasks` [ RunTime:0.0038s ]
SQL: SELECT COUNT(*) AS tp_count FROM `tasks` WHERE ( 1 ) LIMIT 1   [ RunTime:0.0004s ]
SQL: SELECT * FROM `tasks` WHERE ( 1 ) ORDER BY task_posttime desc LIMIT 0,10   [ RunTime:0.0006s ]
INFO: [ view_parse ] --START--
INFO: [ template_filter ] --START--
INFO: Run Behavior\ContentReplaceBehavior [ RunTime:0.000185s ]
INFO: [ template_filter ] --END-- [ RunTime:0.000252s ]
INFO: Run Behavior\ParseTemplateBehavior [ RunTime:0.013718s ]
INFO: [ view_parse ] --END-- [ RunTime:0.013793s ]
INFO: [ view_filter ] --START--
INFO: Run Behavior\WriteHtmlCacheBehavior [ RunTime:0.000290s ]
INFO: [ view_filter ] --END-- [ RunTime:0.000342s ]
INFO: [ app_end ] --START--
INFO: Run Behavior\ShowPageTraceBehavior [ RunTime:0.000549s ]
INFO: [ app_end ] --END-- [ RunTime:0.000601s ]

[ 2015-09-02T09:00:17+08:00 ] 127.0.0.1 /myProject/thinkphpFrame/index.php/Admin/Task/index/p/resources/images/closelabel.gif
INFO: [ app_init ] --START--
INFO: Run Behavior\BuildLiteBehavior [ RunTime:0.000011s ]
INFO: [ app_init ] --END-- [ RunTime:0.000251s ]

[ 2015-09-02T09:00:17+08:00 ] 127.0.0.1 /myProject/thinkphpFrame/index.php/Admin/Task/index/p/resources/images/loading.gif
INFO: [ app_init ] --START--
INFO: Run Behavior\BuildLiteBehavior [ RunTime:0.000018s ]
INFO: [ app_init ] --END-- [ RunTime:0.000391s ]

[ 2015-09-02T09:01:13+08:00 ] 127.0.0.1 /myProject/thinkphpFrame/index.php/Admin/Index/index
INFO: [ app_init ] --START--
INFO: Run Behavior\BuildLiteBehavior [ RunTime:0.000017s ]
INFO: [ app_init ] --END-- [ RunTime:0.000416s ]
INFO: [ app_begin ] --START--
INFO: Run Behavior\ReadHtmlCacheBehavior [ RunTime:0.000576s ]
INFO: [ app_begin ] --END-- [ RunTime:0.000646s ]
SQL: SHOW COLUMNS FROM `user_info` [ RunTime:0.0061s ]
SQL: SELECT COUNT(*) AS tp_count FROM `user_info` WHERE ( 1 ) LIMIT 1   [ RunTime:0.0007s ]
SQL: SELECT * FROM `user_info` WHERE ( 1 ) ORDER BY posttime LIMIT 0,10   [ RunTime:0.0007s ]
INFO: [ view_parse ] --START--
INFO: [ template_filter ] --START--
INFO: Run Behavior\ContentReplaceBehavior [ RunTime:0.000114s ]
INFO: [ template_filter ] --END-- [ RunTime:0.000165s ]
INFO: Run Behavior\ParseTemplateBehavior [ RunTime:0.009691s ]
INFO: [ view_parse ] --END-- [ RunTime:0.009755s ]
INFO: [ view_filter ] --START--
INFO: Run Behavior\WriteHtmlCacheBehavior [ RunTime:0.000157s ]
INFO: [ view_filter ] --END-- [ RunTime:0.000194s ]
INFO: [ app_end ] --START--
INFO: Run Behavior\ShowPageTraceBehavior [ RunTime:0.000349s ]
INFO: [ app_end ] --END-- [ RunTime:0.000386s ]

[ 2015-09-02T09:01:13+08:00 ] 127.0.0.1 /myProject/thinkphpFrame/index.php/Admin/Index/resources/images/closelabel.gif
INFO: [ app_init ] --START--
INFO: Run Behavior\BuildLiteBehavior [ RunTime:0.000016s ]
INFO: [ app_init ] --END-- [ RunTime:0.000365s ]

[ 2015-09-02T09:01:13+08:00 ] 127.0.0.1 /myProject/thinkphpFrame/index.php/Admin/Index/resources/images/loading.gif
INFO: [ app_init ] --START--
INFO: Run Behavior\BuildLiteBehavior [ RunTime:0.000015s ]
INFO: [ app_init ] --END-- [ RunTime:0.000366s ]

[ 2015-09-02T09:01:49+08:00 ] 127.0.0.1 /myProject/thinkphpFrame/index.php/Admin/Task/index
INFO: [ app_init ] --START--
INFO: Run Behavior\BuildLiteBehavior [ RunTime:0.000018s ]
INFO: [ app_init ] --END-- [ RunTime:0.000408s ]
INFO: [ app_begin ] --START--
INFO: Run Behavior\ReadHtmlCacheBehavior [ RunTime:0.000604s ]
INFO: [ app_begin ] --END-- [ RunTime:0.000677s ]
SQL: SHOW COLUMNS FROM `tasks` [ RunTime:0.0049s ]
SQL: SELECT COUNT(*) AS tp_count FROM `tasks` WHERE ( 1 ) LIMIT 1   [ RunTime:0.0004s ]
SQL: SELECT * FROM `tasks` WHERE ( 1 ) ORDER BY task_posttime desc LIMIT 0,10   [ RunTime:0.0007s ]
INFO: [ view_parse ] --START--
INFO: [ template_filter ] --START--
INFO: Run Behavior\ContentReplaceBehavior [ RunTime:0.000233s ]
INFO: [ template_filter ] --END-- [ RunTime:0.000314s ]
INFO: Run Behavior\ParseTemplateBehavior [ RunTime:0.015574s ]
INFO: [ view_parse ] --END-- [ RunTime:0.015655s ]
INFO: [ view_filter ] --START--
INFO: Run Behavior\WriteHtmlCacheBehavior [ RunTime:0.000256s ]
INFO: [ view_filter ] --END-- [ RunTime:0.000316s ]
INFO: [ app_end ] --START--
INFO: Run Behavior\ShowPageTraceBehavior [ RunTime:0.000590s ]
INFO: [ app_end ] --END-- [ RunTime:0.000652s ]

[ 2015-09-02T09:01:49+08:00 ] 127.0.0.1 /myProject/thinkphpFrame/index.php/Admin/Task/resources/images/closelabel.gif
INFO: [ app_init ] --START--
INFO: Run Behavior\BuildLiteBehavior [ RunTime:0.000017s ]
INFO: [ app_init ] --END-- [ RunTime:0.000391s ]

[ 2015-09-02T09:01:49+08:00 ] 127.0.0.1 /myProject/thinkphpFrame/index.php/Admin/Task/resources/images/loading.gif
INFO: [ app_init ] --START--
INFO: Run Behavior\BuildLiteBehavior [ RunTime:0.000017s ]
INFO: [ app_init ] --END-- [ RunTime:0.000390s ]

[ 2015-09-02T10:19:43+08:00 ] 127.0.0.1 /myProject/thinkphpFrame/index.php/Admin/Task/index
INFO: [ app_init ] --START--
INFO: Run Behavior\BuildLiteBehavior [ RunTime:0.000016s ]
INFO: [ app_init ] --END-- [ RunTime:0.000396s ]
INFO: [ app_begin ] --START--
INFO: Run Behavior\ReadHtmlCacheBehavior [ RunTime:0.000614s ]
INFO: [ app_begin ] --END-- [ RunTime:0.000677s ]
SQL: SHOW COLUMNS FROM `tasks` [ RunTime:0.0042s ]
SQL: SELECT COUNT(*) AS tp_count FROM `tasks` WHERE ( 1 ) LIMIT 1   [ RunTime:0.0004s ]
SQL: SELECT * FROM `tasks` WHERE ( 1 ) ORDER BY task_posttime desc LIMIT 0,10   [ RunTime:0.0006s ]
INFO: [ view_parse ] --START--
INFO: [ template_filter ] --START--
INFO: Run Behavior\ContentReplaceBehavior [ RunTime:0.000139s ]
INFO: [ template_filter ] --END-- [ RunTime:0.000193s ]
INFO: Run Behavior\ParseTemplateBehavior [ RunTime:0.014275s ]
INFO: [ view_parse ] --END-- [ RunTime:0.014342s ]
INFO: [ view_filter ] --START--
INFO: Run Behavior\WriteHtmlCacheBehavior [ RunTime:0.000252s ]
INFO: [ view_filter ] --END-- [ RunTime:0.000289s ]
INFO: [ app_end ] --START--
INFO: Run Behavior\ShowPageTraceBehavior [ RunTime:0.000456s ]
INFO: [ app_end ] --END-- [ RunTime:0.000494s ]

[ 2015-09-02T10:19:43+08:00 ] 127.0.0.1 /myProject/thinkphpFrame/index.php/Admin/Task/resources/images/closelabel.gif
INFO: [ app_init ] --START--
INFO: Run Behavior\BuildLiteBehavior [ RunTime:0.000020s ]
INFO: [ app_init ] --END-- [ RunTime:0.000428s ]

[ 2015-09-02T10:19:43+08:00 ] 127.0.0.1 /myProject/thinkphpFrame/index.php/Admin/Task/resources/images/loading.gif
INFO: [ app_init ] --START--
INFO: Run Behavior\BuildLiteBehavior [ RunTime:0.000017s ]
INFO: [ app_init ] --END-- [ RunTime:0.000428s ]

[ 2015-09-02T10:20:17+08:00 ] 127.0.0.1 /myProject/thinkphpFrame/index.php/Admin/Index/index
INFO: [ app_init ] --START--
INFO: Run Behavior\BuildLiteBehavior [ RunTime:0.000026s ]
INFO: [ app_init ] --END-- [ RunTime:0.000692s ]
INFO: [ app_begin ] --START--
INFO: Run Behavior\ReadHtmlCacheBehavior [ RunTime:0.001296s ]
INFO: [ app_begin ] --END-- [ RunTime:0.001415s ]
SQL: SHOW COLUMNS FROM `user_info` [ RunTime:0.0034s ]
SQL: SELECT COUNT(*) AS tp_count FROM `user_info` WHERE ( 1 ) LIMIT 1   [ RunTime:0.0003s ]
SQL: SELECT * FROM `user_info` WHERE ( 1 ) ORDER BY posttime LIMIT 0,10   [ RunTime:0.0004s ]
INFO: [ view_parse ] --START--
INFO: [ template_filter ] --START--
INFO: Run Behavior\ContentReplaceBehavior [ RunTime:0.000114s ]
INFO: [ template_filter ] --END-- [ RunTime:0.000169s ]
INFO: Run Behavior\ParseTemplateBehavior [ RunTime:0.011905s ]
INFO: [ view_parse ] --END-- [ RunTime:0.011960s ]
INFO: [ view_filter ] --START--
INFO: Run Behavior\WriteHtmlCacheBehavior [ RunTime:0.000291s ]
INFO: [ view_filter ] --END-- [ RunTime:0.000329s ]
INFO: [ app_end ] --START--
INFO: Run Behavior\ShowPageTraceBehavior [ RunTime:0.000467s ]
INFO: [ app_end ] --END-- [ RunTime:0.000506s ]

[ 2015-09-02T10:20:17+08:00 ] 127.0.0.1 /myProject/thinkphpFrame/index.php/Admin/Index/resources/images/loading.gif
INFO: [ app_init ] --START--
INFO: Run Behavior\BuildLiteBehavior [ RunTime:0.000012s ]
INFO: [ app_init ] --END-- [ RunTime:0.000306s ]

[ 2015-09-02T10:20:17+08:00 ] 127.0.0.1 /myProject/thinkphpFrame/index.php/Admin/Index/resources/images/closelabel.gif
INFO: [ app_init ] --START--
INFO: Run Behavior\BuildLiteBehavior [ RunTime:0.000021s ]
INFO: [ app_init ] --END-- [ RunTime:0.000581s ]

[ 2015-09-02T10:20:29+08:00 ] 127.0.0.1 /myProject/thinkphpFrame/index.php/Admin/Task/index
INFO: [ app_init ] --START--
INFO: Run Behavior\BuildLiteBehavior [ RunTime:0.000023s ]
INFO: [ app_init ] --END-- [ RunTime:0.000656s ]
INFO: [ app_begin ] --START--
INFO: Run Behavior\ReadHtmlCacheBehavior [ RunTime:0.001043s ]
INFO: [ app_begin ] --END-- [ RunTime:0.001143s ]
SQL: SHOW COLUMNS FROM `tasks` [ RunTime:0.0030s ]
SQL: SELECT COUNT(*) AS tp_count FROM `tasks` WHERE ( 1 ) LIMIT 1   [ RunTime:0.0003s ]
SQL: SELECT * FROM `tasks` WHERE ( 1 ) ORDER BY task_posttime desc LIMIT 0,10   [ RunTime:0.0005s ]
INFO: [ view_parse ] --START--
INFO: [ template_filter ] --START--
INFO: Run Behavior\ContentReplaceBehavior [ RunTime:0.000149s ]
INFO: [ template_filter ] --END-- [ RunTime:0.000208s ]
INFO: Run Behavior\ParseTemplateBehavior [ RunTime:0.010917s ]
INFO: [ view_parse ] --END-- [ RunTime:0.010970s ]
INFO: [ view_filter ] --START--
INFO: Run Behavior\WriteHtmlCacheBehavior [ RunTime:0.000293s ]
INFO: [ view_filter ] --END-- [ RunTime:0.000331s ]
INFO: [ app_end ] --START--
INFO: Run Behavior\ShowPageTraceBehavior [ RunTime:0.000474s ]
INFO: [ app_end ] --END-- [ RunTime:0.000514s ]

[ 2015-09-02T10:20:29+08:00 ] 127.0.0.1 /myProject/thinkphpFrame/index.php/Admin/Task/resources/images/loading.gif
INFO: [ app_init ] --START--
INFO: Run Behavior\BuildLiteBehavior [ RunTime:0.000017s ]
INFO: [ app_init ] --END-- [ RunTime:0.000383s ]

[ 2015-09-02T10:20:29+08:00 ] 127.0.0.1 /myProject/thinkphpFrame/index.php/Admin/Task/resources/images/closelabel.gif
INFO: [ app_init ] --START--
INFO: Run Behavior\BuildLiteBehavior [ RunTime:0.000011s ]
INFO: [ app_init ] --END-- [ RunTime:0.000282s ]

[ 2015-09-02T10:20:39+08:00 ] 127.0.0.1 /myProject/thinkphpFrame/index.php/Admin/Task/index
INFO: [ app_init ] --START--
INFO: Run Behavior\BuildLiteBehavior [ RunTime:0.000022s ]
INFO: [ app_init ] --END-- [ RunTime:0.000601s ]
INFO: [ app_begin ] --START--
INFO: Run Behavior\ReadHtmlCacheBehavior [ RunTime:0.000969s ]
INFO: [ app_begin ] --END-- [ RunTime:0.001068s ]
SQL: SHOW COLUMNS FROM `tasks` [ RunTime:0.0030s ]
SQL: SELECT COUNT(*) AS tp_count FROM `tasks` WHERE ( 1 ) LIMIT 1   [ RunTime:0.0003s ]
SQL: SELECT * FROM `tasks` WHERE ( 1 ) ORDER BY task_posttime desc LIMIT 0,10   [ RunTime:0.0005s ]
INFO: [ view_parse ] --START--
INFO: [ template_filter ] --START--
INFO: Run Behavior\ContentReplaceBehavior [ RunTime:0.000141s ]
INFO: [ template_filter ] --END-- [ RunTime:0.000195s ]
INFO: Run Behavior\ParseTemplateBehavior [ RunTime:0.010133s ]
INFO: [ view_parse ] --END-- [ RunTime:0.010194s ]
INFO: [ view_filter ] --START--
INFO: Run Behavior\WriteHtmlCacheBehavior [ RunTime:0.000265s ]
INFO: [ view_filter ] --END-- [ RunTime:0.000301s ]
INFO: [ app_end ] --START--
INFO: Run Behavior\ShowPageTraceBehavior [ RunTime:0.000482s ]
INFO: [ app_end ] --END-- [ RunTime:0.000527s ]

[ 2015-09-02T10:20:40+08:00 ] 127.0.0.1 /myProject/thinkphpFrame/index.php/Admin/Task/resources/images/loading.gif
INFO: [ app_init ] --START--
INFO: Run Behavior\BuildLiteBehavior [ RunTime:0.000012s ]
INFO: [ app_init ] --END-- [ RunTime:0.000262s ]

[ 2015-09-02T10:20:40+08:00 ] 127.0.0.1 /myProject/thinkphpFrame/index.php/Admin/Task/resources/images/closelabel.gif
INFO: [ app_init ] --START--
INFO: Run Behavior\BuildLiteBehavior [ RunTime:0.000019s ]
INFO: [ app_init ] --END-- [ RunTime:0.000416s ]

[ 2015-09-02T11:50:01+08:00 ] 127.0.0.1 /myProject/thinkphpFrame/index.php/Admin/Task/index
INFO: [ app_init ] --START--
INFO: Run Behavior\BuildLiteBehavior [ RunTime:0.000018s ]
INFO: [ app_init ] --END-- [ RunTime:0.000475s ]
INFO: [ app_begin ] --START--
INFO: Run Behavior\ReadHtmlCacheBehavior [ RunTime:0.000705s ]
INFO: [ app_begin ] --END-- [ RunTime:0.000816s ]
SQL: SHOW COLUMNS FROM `tasks` [ RunTime:0.0049s ]
SQL: SELECT COUNT(*) AS tp_count FROM `tasks` WHERE ( 1 ) LIMIT 1   [ RunTime:0.0005s ]
SQL: SELECT * FROM `tasks` WHERE ( 1 ) ORDER BY task_posttime desc LIMIT 0,10   [ RunTime:0.0007s ]
INFO: [ view_parse ] --START--
INFO: [ template_filter ] --START--
INFO: Run Behavior\ContentReplaceBehavior [ RunTime:0.000147s ]
INFO: [ template_filter ] --END-- [ RunTime:0.000202s ]
INFO: Run Behavior\ParseTemplateBehavior [ RunTime:0.010217s ]
INFO: [ view_parse ] --END-- [ RunTime:0.010283s ]
INFO: [ view_filter ] --START--
INFO: Run Behavior\WriteHtmlCacheBehavior [ RunTime:0.000231s ]
INFO: [ view_filter ] --END-- [ RunTime:0.000267s ]
INFO: [ app_end ] --START--
INFO: Run Behavior\ShowPageTraceBehavior [ RunTime:0.000403s ]
INFO: [ app_end ] --END-- [ RunTime:0.000440s ]

[ 2015-09-02T11:50:01+08:00 ] 127.0.0.1 /myProject/thinkphpFrame/index.php/Admin/Task/resources/images/closelabel.gif
INFO: [ app_init ] --START--
INFO: Run Behavior\BuildLiteBehavior [ RunTime:0.000020s ]
INFO: [ app_init ] --END-- [ RunTime:0.000405s ]

[ 2015-09-02T11:50:01+08:00 ] 127.0.0.1 /myProject/thinkphpFrame/index.php/Admin/Task/resources/images/loading.gif
INFO: [ app_init ] --START--
INFO: Run Behavior\BuildLiteBehavior [ RunTime:0.000018s ]
INFO: [ app_init ] --END-- [ RunTime:0.000437s ]

[ 2015-09-02T11:50:35+08:00 ] 127.0.0.1 /myProject/thinkphpFrame/index.php/Admin/Task/insert
INFO: [ app_init ] --START--
INFO: Run Behavior\BuildLiteBehavior [ RunTime:0.000029s ]
INFO: [ app_init ] --END-- [ RunTime:0.000654s ]
INFO: [ app_begin ] --START--
INFO: Run Behavior\ReadHtmlCacheBehavior [ RunTime:0.001141s ]
INFO: [ app_begin ] --END-- [ RunTime:0.001268s ]
SQL: SHOW COLUMNS FROM `tasks` [ RunTime:0.0031s ]
NOTIC: [8] Undefined offset: 2 D:\wamp\www\myProject\thinkphpFrame\ThinkPHP\Library\Think\Model.class.php 第 1196 行.
NOTIC: [8] Undefined offset: 2 D:\wamp\www\myProject\thinkphpFrame\ThinkPHP\Library\Think\Model.class.php 第 1196 行.
NOTIC: [8] Undefined offset: 0 D:\wamp\www\myProject\thinkphpFrame\ThinkPHP\Library\Think\Model.class.php 第 1213 行.
NOTIC: [8] Undefined offset: 2 D:\wamp\www\myProject\thinkphpFrame\ThinkPHP\Library\Think\Model.class.php 第 1196 行.
NOTIC: [8] Undefined offset: 2 D:\wamp\www\myProject\thinkphpFrame\ThinkPHP\Library\Think\Model.class.php 第 1196 行.
NOTIC: [8] Undefined offset: 0 D:\wamp\www\myProject\thinkphpFrame\ThinkPHP\Library\Think\Model.class.php 第 1213 行.
SQL: INSERT INTO `tasks` (`task_name`,`task_img_url`,`task_start_time`,`task_end_time`,`period`,`task_car_num`,`car_color`,`task_money`,`task_jifeng`,`money_distribute`,`car_append`,`brand_introduce`,`collect_activity_intro`,`task_posttime`) VALUES ('任务标题','','1441123200','1442332800','2周','50','白色','758元','5','200元现金+2瓶轩辕酒-龙窖9年（288元/瓶）','QQ、面包车、比亚迪、工具车除外','&lt;strong&gt;HTML内容&lt;/strong&gt;','&lt;strong&gt;HTML内容&lt;/strong&gt;','1441165835') [ RunTime:0.1866s ]
INFO: [ view_parse ] --START--
INFO: [ template_filter ] --START--
INFO: Run Behavior\ContentReplaceBehavior [ RunTime:0.000033s ]
INFO: [ template_filter ] --END-- [ RunTime:0.000086s ]
INFO: Run Behavior\ParseTemplateBehavior [ RunTime:0.026563s ]
INFO: [ view_parse ] --END-- [ RunTime:0.026625s ]
INFO: [ view_filter ] --START--
INFO: Run Behavior\WriteHtmlCacheBehavior [ RunTime:0.000232s ]
INFO: [ view_filter ] --END-- [ RunTime:0.000269s ]
INFO: [ app_end ] --START--
INFO: Run Behavior\ShowPageTraceBehavior [ RunTime:0.000429s ]
INFO: [ app_end ] --END-- [ RunTime:0.000469s ]

[ 2015-09-02T11:50:37+08:00 ] 127.0.0.1 /myProject/thinkphpFrame/index.php/Admin/Task/index
INFO: [ app_init ] --START--
INFO: Run Behavior\BuildLiteBehavior [ RunTime:0.000020s ]
INFO: [ app_init ] --END-- [ RunTime:0.000428s ]
INFO: [ app_begin ] --START--
INFO: Run Behavior\ReadHtmlCacheBehavior [ RunTime:0.000563s ]
INFO: [ app_begin ] --END-- [ RunTime:0.000647s ]
SQL: SHOW COLUMNS FROM `tasks` [ RunTime:0.0039s ]
SQL: SELECT COUNT(*) AS tp_count FROM `tasks` WHERE ( 1 ) LIMIT 1   [ RunTime:0.0002s ]
SQL: SELECT * FROM `tasks` WHERE ( 1 ) ORDER BY task_posttime desc LIMIT 0,10   [ RunTime:0.0005s ]
INFO: [ view_parse ] --START--
INFO: [ template_filter ] --START--
INFO: Run Behavior\ContentReplaceBehavior [ RunTime:0.000147s ]
INFO: [ template_filter ] --END-- [ RunTime:0.000211s ]
INFO: Run Behavior\ParseTemplateBehavior [ RunTime:0.011630s ]
INFO: [ view_parse ] --END-- [ RunTime:0.011697s ]
INFO: [ view_filter ] --START--
INFO: Run Behavior\WriteHtmlCacheBehavior [ RunTime:0.000254s ]
INFO: [ view_filter ] --END-- [ RunTime:0.000294s ]
INFO: [ app_end ] --START--
INFO: Run Behavior\ShowPageTraceBehavior [ RunTime:0.000458s ]
INFO: [ app_end ] --END-- [ RunTime:0.000501s ]

[ 2015-09-02T11:50:37+08:00 ] 127.0.0.1 /myProject/thinkphpFrame/index.php/Admin/Task/resources/images/closelabel.gif
INFO: [ app_init ] --START--
INFO: Run Behavior\BuildLiteBehavior [ RunTime:0.000011s ]
INFO: [ app_init ] --END-- [ RunTime:0.000264s ]

[ 2015-09-02T11:50:37+08:00 ] 127.0.0.1 /myProject/thinkphpFrame/index.php/Admin/Task/resources/images/loading.gif
INFO: [ app_init ] --START--
INFO: Run Behavior\BuildLiteBehavior [ RunTime:0.000018s ]
INFO: [ app_init ] --END-- [ RunTime:0.000377s ]

[ 2015-09-02T11:52:30+08:00 ] 127.0.0.1 /myProject/thinkphpFrame/index.php/Admin/Task/index
INFO: [ app_init ] --START--
INFO: Run Behavior\BuildLiteBehavior [ RunTime:0.000023s ]
INFO: [ app_init ] --END-- [ RunTime:0.000687s ]
INFO: [ app_begin ] --START--
INFO: Run Behavior\ReadHtmlCacheBehavior [ RunTime:0.001888s ]
INFO: [ app_begin ] --END-- [ RunTime:0.001972s ]
SQL: SHOW COLUMNS FROM `tasks` [ RunTime:0.0029s ]
SQL: SELECT COUNT(*) AS tp_count FROM `tasks` WHERE ( 1 ) LIMIT 1   [ RunTime:0.0002s ]
SQL: SELECT * FROM `tasks` WHERE ( 1 ) ORDER BY task_posttime desc LIMIT 0,10   [ RunTime:0.0004s ]
INFO: [ view_parse ] --START--
INFO: [ template_filter ] --START--
INFO: Run Behavior\ContentReplaceBehavior [ RunTime:0.000139s ]
INFO: [ template_filter ] --END-- [ RunTime:0.000196s ]
INFO: Run Behavior\ParseTemplateBehavior [ RunTime:0.010233s ]
INFO: [ view_parse ] --END-- [ RunTime:0.010286s ]
INFO: [ view_filter ] --START--
INFO: Run Behavior\WriteHtmlCacheBehavior [ RunTime:0.000279s ]
INFO: [ view_filter ] --END-- [ RunTime:0.000330s ]
INFO: [ app_end ] --START--
INFO: Run Behavior\ShowPageTraceBehavior [ RunTime:0.000486s ]
INFO: [ app_end ] --END-- [ RunTime:0.000524s ]

[ 2015-09-02T11:52:30+08:00 ] 127.0.0.1 /myProject/thinkphpFrame/index.php/Admin/Task/resources/images/loading.gif
INFO: [ app_init ] --START--
INFO: Run Behavior\BuildLiteBehavior [ RunTime:0.000021s ]
INFO: [ app_init ] --END-- [ RunTime:0.000448s ]

[ 2015-09-02T11:52:30+08:00 ] 127.0.0.1 /myProject/thinkphpFrame/index.php/Admin/Task/resources/images/closelabel.gif
INFO: [ app_init ] --START--
INFO: Run Behavior\BuildLiteBehavior [ RunTime:0.000019s ]
INFO: [ app_init ] --END-- [ RunTime:0.000564s ]

[ 2015-09-02T11:53:16+08:00 ] 127.0.0.1 /myProject/thinkphpFrame/index.php/Admin/Index/delete/id/39
INFO: [ app_init ] --START--
INFO: Run Behavior\BuildLiteBehavior [ RunTime:0.000018s ]
INFO: [ app_init ] --END-- [ RunTime:0.000458s ]
INFO: [ app_begin ] --START--
INFO: Run Behavior\ReadHtmlCacheBehavior [ RunTime:0.000760s ]
INFO: [ app_begin ] --END-- [ RunTime:0.000833s ]
SQL: SHOW COLUMNS FROM `user_info` [ RunTime:0.0048s ]
SQL: DELETE FROM `user_info` WHERE `id` = 39 [ RunTime:0.0221s ]
INFO: [ view_parse ] --START--
INFO: [ template_filter ] --START--
INFO: Run Behavior\ContentReplaceBehavior [ RunTime:0.000032s ]
INFO: [ template_filter ] --END-- [ RunTime:0.000074s ]
INFO: Run Behavior\ParseTemplateBehavior [ RunTime:0.004886s ]
INFO: [ view_parse ] --END-- [ RunTime:0.004937s ]
INFO: [ view_filter ] --START--
INFO: Run Behavior\WriteHtmlCacheBehavior [ RunTime:0.000255s ]
INFO: [ view_filter ] --END-- [ RunTime:0.000290s ]

[ 2015-09-02T11:54:29+08:00 ] 127.0.0.1 /myProject/thinkphpFrame/index.php/Admin/Index/index
INFO: [ app_init ] --START--
INFO: Run Behavior\BuildLiteBehavior [ RunTime:0.000020s ]
INFO: [ app_init ] --END-- [ RunTime:0.000573s ]
INFO: [ app_begin ] --START--
INFO: Run Behavior\ReadHtmlCacheBehavior [ RunTime:0.000910s ]
INFO: [ app_begin ] --END-- [ RunTime:0.001002s ]
SQL: SHOW COLUMNS FROM `user_info` [ RunTime:0.0030s ]
SQL: SELECT COUNT(*) AS tp_count FROM `user_info` WHERE ( 1 ) LIMIT 1   [ RunTime:0.0003s ]
SQL: SELECT * FROM `user_info` WHERE ( 1 ) ORDER BY posttime LIMIT 0,10   [ RunTime:0.0004s ]
INFO: [ view_parse ] --START--
INFO: [ template_filter ] --START--
INFO: Run Behavior\ContentReplaceBehavior [ RunTime:0.000121s ]
INFO: [ template_filter ] --END-- [ RunTime:0.000176s ]
INFO: Run Behavior\ParseTemplateBehavior [ RunTime:0.010954s ]
INFO: [ view_parse ] --END-- [ RunTime:0.011009s ]
INFO: [ view_filter ] --START--
INFO: Run Behavior\WriteHtmlCacheBehavior [ RunTime:0.000295s ]
INFO: [ view_filter ] --END-- [ RunTime:0.000335s ]
INFO: [ app_end ] --START--
INFO: Run Behavior\ShowPageTraceBehavior [ RunTime:0.000497s ]
INFO: [ app_end ] --END-- [ RunTime:0.000538s ]

[ 2015-09-02T11:54:29+08:00 ] 127.0.0.1 /myProject/thinkphpFrame/index.php/Admin/Index/resources/images/closelabel.gif
INFO: [ app_init ] --START--
INFO: Run Behavior\BuildLiteBehavior [ RunTime:0.000018s ]
INFO: [ app_init ] --END-- [ RunTime:0.000418s ]

[ 2015-09-02T11:54:29+08:00 ] 127.0.0.1 /myProject/thinkphpFrame/index.php/Admin/Index/resources/images/loading.gif
INFO: [ app_init ] --START--
INFO: Run Behavior\BuildLiteBehavior [ RunTime:0.000021s ]
INFO: [ app_init ] --END-- [ RunTime:0.000592s ]

[ 2015-09-02T11:54:33+08:00 ] 127.0.0.1 /myProject/thinkphpFrame/index.php/Admin/Task/index
INFO: [ app_init ] --START--
INFO: Run Behavior\BuildLiteBehavior [ RunTime:0.000011s ]
INFO: [ app_init ] --END-- [ RunTime:0.000295s ]
INFO: [ app_begin ] --START--
INFO: Run Behavior\ReadHtmlCacheBehavior [ RunTime:0.000459s ]
INFO: [ app_begin ] --END-- [ RunTime:0.000503s ]
SQL: SHOW COLUMNS FROM `tasks` [ RunTime:0.0031s ]
SQL: SELECT COUNT(*) AS tp_count FROM `tasks` WHERE ( 1 ) LIMIT 1   [ RunTime:0.0003s ]
SQL: SELECT * FROM `tasks` WHERE ( 1 ) ORDER BY task_posttime desc LIMIT 0,10   [ RunTime:0.0005s ]
INFO: [ view_parse ] --START--
INFO: [ template_filter ] --START--
INFO: Run Behavior\ContentReplaceBehavior [ RunTime:0.000138s ]
INFO: [ template_filter ] --END-- [ RunTime:0.000188s ]
INFO: Run Behavior\ParseTemplateBehavior [ RunTime:0.010421s ]
INFO: [ view_parse ] --END-- [ RunTime:0.010473s ]
INFO: [ view_filter ] --START--
INFO: Run Behavior\WriteHtmlCacheBehavior [ RunTime:0.000277s ]
INFO: [ view_filter ] --END-- [ RunTime:0.000315s ]
INFO: [ app_end ] --START--
INFO: Run Behavior\ShowPageTraceBehavior [ RunTime:0.000444s ]
INFO: [ app_end ] --END-- [ RunTime:0.000482s ]

[ 2015-09-02T11:54:33+08:00 ] 127.0.0.1 /myProject/thinkphpFrame/index.php/Admin/Task/resources/images/closelabel.gif
INFO: [ app_init ] --START--
INFO: Run Behavior\BuildLiteBehavior [ RunTime:0.000012s ]
INFO: [ app_init ] --END-- [ RunTime:0.000300s ]

[ 2015-09-02T11:54:33+08:00 ] 127.0.0.1 /myProject/thinkphpFrame/index.php/Admin/Task/resources/images/loading.gif
INFO: [ app_init ] --START--
INFO: Run Behavior\BuildLiteBehavior [ RunTime:0.000015s ]
INFO: [ app_init ] --END-- [ RunTime:0.000427s ]

[ 2015-09-02T11:54:38+08:00 ] 127.0.0.1 /myProject/thinkphpFrame/index.php/Admin/Task/index
INFO: [ app_init ] --START--
INFO: Run Behavior\BuildLiteBehavior [ RunTime:0.000013s ]
INFO: [ app_init ] --END-- [ RunTime:0.000295s ]
INFO: [ app_begin ] --START--
INFO: Run Behavior\ReadHtmlCacheBehavior [ RunTime:0.000478s ]
INFO: [ app_begin ] --END-- [ RunTime:0.000529s ]
SQL: SHOW COLUMNS FROM `tasks` [ RunTime:0.0035s ]
SQL: SELECT COUNT(*) AS tp_count FROM `tasks` WHERE ( 1 ) LIMIT 1   [ RunTime:0.0003s ]
SQL: SELECT * FROM `tasks` WHERE ( 1 ) ORDER BY task_posttime desc LIMIT 0,10   [ RunTime:0.0005s ]
INFO: [ view_parse ] --START--
INFO: [ template_filter ] --START--
INFO: Run Behavior\ContentReplaceBehavior [ RunTime:0.000142s ]
INFO: [ template_filter ] --END-- [ RunTime:0.000202s ]
INFO: Run Behavior\ParseTemplateBehavior [ RunTime:0.010372s ]
INFO: [ view_parse ] --END-- [ RunTime:0.010428s ]
INFO: [ view_filter ] --START--
INFO: Run Behavior\WriteHtmlCacheBehavior [ RunTime:0.000283s ]
INFO: [ view_filter ] --END-- [ RunTime:0.000321s ]
INFO: [ app_end ] --START--
INFO: Run Behavior\ShowPageTraceBehavior [ RunTime:0.000476s ]
INFO: [ app_end ] --END-- [ RunTime:0.000514s ]

[ 2015-09-02T11:54:38+08:00 ] 127.0.0.1 /myProject/thinkphpFrame/index.php/Admin/Task/resources/images/loading.gif
INFO: [ app_init ] --START--
INFO: Run Behavior\BuildLiteBehavior [ RunTime:0.000012s ]
INFO: [ app_init ] --END-- [ RunTime:0.000291s ]

[ 2015-09-02T11:54:38+08:00 ] 127.0.0.1 /myProject/thinkphpFrame/index.php/Admin/Task/resources/images/closelabel.gif
INFO: [ app_init ] --START--
INFO: Run Behavior\BuildLiteBehavior [ RunTime:0.000016s ]
INFO: [ app_init ] --END-- [ RunTime:0.000414s ]

[ 2015-09-02T11:54:54+08:00 ] 127.0.0.1 /myProject/thinkphpFrame/index.php/Admin/Index/index
INFO: [ app_init ] --START--
INFO: Run Behavior\BuildLiteBehavior [ RunTime:0.000012s ]
INFO: [ app_init ] --END-- [ RunTime:0.000315s ]
INFO: [ app_begin ] --START--
INFO: Run Behavior\ReadHtmlCacheBehavior [ RunTime:0.000503s ]
INFO: [ app_begin ] --END-- [ RunTime:0.000554s ]
SQL: SHOW COLUMNS FROM `user_info` [ RunTime:0.0035s ]
SQL: SELECT COUNT(*) AS tp_count FROM `user_info` WHERE ( 1 ) LIMIT 1   [ RunTime:0.0003s ]
SQL: SELECT * FROM `user_info` WHERE ( 1 ) ORDER BY posttime LIMIT 0,10   [ RunTime:0.0005s ]
INFO: [ view_parse ] --START--
INFO: [ template_filter ] --START--
INFO: Run Behavior\ContentReplaceBehavior [ RunTime:0.000133s ]
INFO: [ template_filter ] --END-- [ RunTime:0.000192s ]
INFO: Run Behavior\ParseTemplateBehavior [ RunTime:0.012007s ]
INFO: [ view_parse ] --END-- [ RunTime:0.012067s ]
INFO: [ view_filter ] --START--
INFO: Run Behavior\WriteHtmlCacheBehavior [ RunTime:0.000299s ]
INFO: [ view_filter ] --END-- [ RunTime:0.000342s ]
INFO: [ app_end ] --START--
INFO: Run Behavior\ShowPageTraceBehavior [ RunTime:0.000542s ]
INFO: [ app_end ] --END-- [ RunTime:0.000589s ]

[ 2015-09-02T11:54:54+08:00 ] 127.0.0.1 /myProject/thinkphpFrame/index.php/Admin/Index/resources/images/closelabel.gif
INFO: [ app_init ] --START--
INFO: Run Behavior\BuildLiteBehavior [ RunTime:0.000017s ]
INFO: [ app_init ] --END-- [ RunTime:0.000456s ]

[ 2015-09-02T11:54:54+08:00 ] 127.0.0.1 /myProject/thinkphpFrame/index.php/Admin/Index/resources/images/loading.gif
INFO: [ app_init ] --START--
INFO: Run Behavior\BuildLiteBehavior [ RunTime:0.000014s ]
INFO: [ app_init ] --END-- [ RunTime:0.000379s ]

[ 2015-09-02T11:54:59+08:00 ] 127.0.0.1 /myProject/thinkphpFrame/index.php/Admin/Task/index
INFO: [ app_init ] --START--
INFO: Run Behavior\BuildLiteBehavior [ RunTime:0.000014s ]
INFO: [ app_init ] --END-- [ RunTime:0.000385s ]
INFO: [ app_begin ] --START--
INFO: Run Behavior\ReadHtmlCacheBehavior [ RunTime:0.000513s ]
INFO: [ app_begin ] --END-- [ RunTime:0.000567s ]
SQL: SHOW COLUMNS FROM `tasks` [ RunTime:0.0035s ]
SQL: SELECT COUNT(*) AS tp_count FROM `tasks` WHERE ( 1 ) LIMIT 1   [ RunTime:0.0002s ]
SQL: SELECT * FROM `tasks` WHERE ( 1 ) ORDER BY task_posttime desc LIMIT 0,10   [ RunTime:0.0004s ]
INFO: [ view_parse ] --START--
INFO: [ template_filter ] --START--
INFO: Run Behavior\ContentReplaceBehavior [ RunTime:0.000231s ]
INFO: [ template_filter ] --END-- [ RunTime:0.000318s ]
INFO: Run Behavior\ParseTemplateBehavior [ RunTime:0.011213s ]
INFO: [ view_parse ] --END-- [ RunTime:0.011305s ]
INFO: [ view_filter ] --START--
INFO: Run Behavior\WriteHtmlCacheBehavior [ RunTime:0.000574s ]
INFO: [ view_filter ] --END-- [ RunTime:0.000664s ]
INFO: [ app_end ] --START--
INFO: Run Behavior\ShowPageTraceBehavior [ RunTime:0.000651s ]
INFO: [ app_end ] --END-- [ RunTime:0.000707s ]

[ 2015-09-02T11:54:59+08:00 ] 127.0.0.1 /myProject/thinkphpFrame/index.php/Admin/Task/resources/images/closelabel.gif
INFO: [ app_init ] --START--
INFO: Run Behavior\BuildLiteBehavior [ RunTime:0.000013s ]
INFO: [ app_init ] --END-- [ RunTime:0.000308s ]

[ 2015-09-02T11:54:59+08:00 ] 127.0.0.1 /myProject/thinkphpFrame/index.php/Admin/Task/resources/images/loading.gif
INFO: [ app_init ] --START--
INFO: Run Behavior\BuildLiteBehavior [ RunTime:0.000017s ]
INFO: [ app_init ] --END-- [ RunTime:0.000528s ]

[ 2015-09-02T11:55:21+08:00 ] 127.0.0.1 /myProject/thinkphpFrame/index.php/Admin/Task/index
INFO: [ app_init ] --START--
INFO: Run Behavior\BuildLiteBehavior [ RunTime:0.000020s ]
INFO: [ app_init ] --END-- [ RunTime:0.000532s ]
INFO: [ app_begin ] --START--
INFO: Run Behavior\ReadHtmlCacheBehavior [ RunTime:0.000890s ]
INFO: [ app_begin ] --END-- [ RunTime:0.000977s ]
SQL: SHOW COLUMNS FROM `tasks` [ RunTime:0.0038s ]
SQL: SELECT COUNT(*) AS tp_count FROM `tasks` WHERE ( 1 ) LIMIT 1   [ RunTime:0.0003s ]
SQL: SELECT * FROM `tasks` WHERE ( 1 ) ORDER BY task_posttime desc LIMIT 0,10   [ RunTime:0.0004s ]
INFO: [ view_parse ] --START--
INFO: [ template_filter ] --START--
INFO: Run Behavior\ContentReplaceBehavior [ RunTime:0.000137s ]
INFO: [ template_filter ] --END-- [ RunTime:0.000184s ]
INFO: Run Behavior\ParseTemplateBehavior [ RunTime:0.009865s ]
INFO: [ view_parse ] --END-- [ RunTime:0.009916s ]
INFO: [ view_filter ] --START--
INFO: Run Behavior\WriteHtmlCacheBehavior [ RunTime:0.000252s ]
INFO: [ view_filter ] --END-- [ RunTime:0.000289s ]
INFO: [ app_end ] --START--
INFO: Run Behavior\ShowPageTraceBehavior [ RunTime:0.000443s ]
INFO: [ app_end ] --END-- [ RunTime:0.000482s ]

[ 2015-09-02T11:55:22+08:00 ] 127.0.0.1 /myProject/thinkphpFrame/index.php/Admin/Task/resources/images/loading.gif
INFO: [ app_init ] --START--
INFO: Run Behavior\BuildLiteBehavior [ RunTime:0.000018s ]
INFO: [ app_init ] --END-- [ RunTime:0.000399s ]

[ 2015-09-02T11:55:22+08:00 ] 127.0.0.1 /myProject/thinkphpFrame/index.php/Admin/Task/resources/images/closelabel.gif
INFO: [ app_init ] --START--
INFO: Run Behavior\BuildLiteBehavior [ RunTime:0.000017s ]
INFO: [ app_init ] --END-- [ RunTime:0.000412s ]

[ 2015-09-02T11:59:12+08:00 ] 127.0.0.1 /myProject/thinkphpFrame/index.php/Admin/Task/resources/images/loading.gif
INFO: [ app_init ] --START--
INFO: Run Behavior\BuildLiteBehavior [ RunTime:0.000012s ]
INFO: [ app_init ] --END-- [ RunTime:0.000305s ]

[ 2015-09-02T12:01:28+08:00 ] 127.0.0.1 /myProject/thinkphpFrame/index.php/Admin/Task/index
INFO: [ app_init ] --START--
INFO: Run Behavior\BuildLiteBehavior [ RunTime:0.000020s ]
INFO: [ app_init ] --END-- [ RunTime:0.000560s ]
INFO: [ app_begin ] --START--
INFO: Run Behavior\ReadHtmlCacheBehavior [ RunTime:0.000942s ]
INFO: [ app_begin ] --END-- [ RunTime:0.001038s ]
SQL: SHOW COLUMNS FROM `tasks` [ RunTime:0.0029s ]
SQL: SELECT COUNT(*) AS tp_count FROM `tasks` WHERE ( 1 ) LIMIT 1   [ RunTime:0.0003s ]
SQL: SELECT * FROM `tasks` WHERE ( 1 ) ORDER BY task_posttime desc LIMIT 0,10   [ RunTime:0.0005s ]
INFO: [ view_parse ] --START--
INFO: [ template_filter ] --START--
INFO: Run Behavior\ContentReplaceBehavior [ RunTime:0.000138s ]
INFO: [ template_filter ] --END-- [ RunTime:0.000187s ]
INFO: Run Behavior\ParseTemplateBehavior [ RunTime:0.010340s ]
INFO: [ view_parse ] --END-- [ RunTime:0.010390s ]
INFO: [ view_filter ] --START--
INFO: Run Behavior\WriteHtmlCacheBehavior [ RunTime:0.000260s ]
INFO: [ view_filter ] --END-- [ RunTime:0.000296s ]
INFO: [ app_end ] --START--
INFO: Run Behavior\ShowPageTraceBehavior [ RunTime:0.000446s ]
INFO: [ app_end ] --END-- [ RunTime:0.000482s ]

[ 2015-09-02T12:01:29+08:00 ] 127.0.0.1 /myProject/thinkphpFrame/index.php/Admin/Task/resources/images/loading.gif
INFO: [ app_init ] --START--
INFO: Run Behavior\BuildLiteBehavior [ RunTime:0.000017s ]
INFO: [ app_init ] --END-- [ RunTime:0.000407s ]

[ 2015-09-02T12:01:29+08:00 ] 127.0.0.1 /myProject/thinkphpFrame/index.php/Admin/Task/resources/images/closelabel.gif
INFO: [ app_init ] --START--
INFO: Run Behavior\BuildLiteBehavior [ RunTime:0.000017s ]
INFO: [ app_init ] --END-- [ RunTime:0.000449s ]

[ 2015-09-02T12:01:33+08:00 ] 127.0.0.1 /myProject/thinkphpFrame/index.php/Admin/Task/delete/id/39
INFO: [ app_init ] --START--
INFO: Run Behavior\BuildLiteBehavior [ RunTime:0.000019s ]
INFO: [ app_init ] --END-- [ RunTime:0.000500s ]
INFO: [ app_begin ] --START--
INFO: Run Behavior\ReadHtmlCacheBehavior [ RunTime:0.000792s ]
INFO: [ app_begin ] --END-- [ RunTime:0.000871s ]
SQL: SHOW COLUMNS FROM `tasks` [ RunTime:0.0030s ]
SQL: DELETE FROM `tasks` WHERE `id` = 39 [ RunTime:0.0393s ]
INFO: [ view_parse ] --START--
INFO: [ template_filter ] --START--
INFO: Run Behavior\ContentReplaceBehavior [ RunTime:0.000048s ]
INFO: [ template_filter ] --END-- [ RunTime:0.000120s ]
INFO: Run Behavior\ParseTemplateBehavior [ RunTime:0.005489s ]
INFO: [ view_parse ] --END-- [ RunTime:0.005547s ]
INFO: [ view_filter ] --START--
INFO: Run Behavior\WriteHtmlCacheBehavior [ RunTime:0.000263s ]
INFO: [ view_filter ] --END-- [ RunTime:0.000298s ]
INFO: [ app_end ] --START--
INFO: Run Behavior\ShowPageTraceBehavior [ RunTime:0.000458s ]
INFO: [ app_end ] --END-- [ RunTime:0.000497s ]

[ 2015-09-02T12:01:35+08:00 ] 127.0.0.1 /myProject/thinkphpFrame/index.php/Admin/Task/index
INFO: [ app_init ] --START--
INFO: Run Behavior\BuildLiteBehavior [ RunTime:0.000017s ]
INFO: [ app_init ] --END-- [ RunTime:0.000459s ]
INFO: [ app_begin ] --START--
INFO: Run Behavior\ReadHtmlCacheBehavior [ RunTime:0.000722s ]
INFO: [ app_begin ] --END-- [ RunTime:0.000796s ]
SQL: SHOW COLUMNS FROM `tasks` [ RunTime:0.0028s ]
SQL: SELECT COUNT(*) AS tp_count FROM `tasks` WHERE ( 1 ) LIMIT 1   [ RunTime:0.0004s ]
SQL: SELECT * FROM `tasks` WHERE ( 1 ) ORDER BY task_posttime desc LIMIT 0,10   [ RunTime:0.0004s ]
INFO: [ view_parse ] --START--
INFO: [ template_filter ] --START--
INFO: Run Behavior\ContentReplaceBehavior [ RunTime:0.000139s ]
INFO: [ template_filter ] --END-- [ RunTime:0.000189s ]
INFO: Run Behavior\ParseTemplateBehavior [ RunTime:0.009739s ]
INFO: [ view_parse ] --END-- [ RunTime:0.009791s ]
INFO: [ view_filter ] --START--
INFO: Run Behavior\WriteHtmlCacheBehavior [ RunTime:0.000263s ]
INFO: [ view_filter ] --END-- [ RunTime:0.000300s ]
INFO: [ app_end ] --START--
INFO: Run Behavior\ShowPageTraceBehavior [ RunTime:0.000451s ]
INFO: [ app_end ] --END-- [ RunTime:0.000489s ]

[ 2015-09-02T12:01:35+08:00 ] 127.0.0.1 /myProject/thinkphpFrame/index.php/Admin/Task/resources/images/closelabel.gif
INFO: [ app_init ] --START--
INFO: Run Behavior\BuildLiteBehavior [ RunTime:0.000018s ]
INFO: [ app_init ] --END-- [ RunTime:0.000423s ]

[ 2015-09-02T12:01:35+08:00 ] 127.0.0.1 /myProject/thinkphpFrame/index.php/Admin/Task/resources/images/loading.gif
INFO: [ app_init ] --START--
INFO: Run Behavior\BuildLiteBehavior [ RunTime:0.000013s ]
INFO: [ app_init ] --END-- [ RunTime:0.000470s ]

[ 2015-09-02T14:12:25+08:00 ] 127.0.0.1 /myProject/thinkphpFrame/index.php/Admin/Task/index
INFO: [ app_init ] --START--
INFO: Run Behavior\BuildLiteBehavior [ RunTime:0.000020s ]
INFO: [ app_init ] --END-- [ RunTime:0.000519s ]
INFO: [ app_begin ] --START--
INFO: Run Behavior\ReadHtmlCacheBehavior [ RunTime:0.000971s ]
INFO: [ app_begin ] --END-- [ RunTime:0.001092s ]

[ 2015-09-02T14:12:25+08:00 ] 127.0.0.1 /myProject/thinkphpFrame/index.php/Admin/login/index.html
INFO: [ app_init ] --START--
INFO: Run Behavior\BuildLiteBehavior [ RunTime:0.000017s ]
INFO: [ app_init ] --END-- [ RunTime:0.000421s ]
INFO: [ app_begin ] --START--
INFO: Run Behavior\ReadHtmlCacheBehavior [ RunTime:0.000553s ]
INFO: [ app_begin ] --END-- [ RunTime:0.000632s ]
INFO: [ view_parse ] --START--
INFO: [ template_filter ] --START--
INFO: Run Behavior\ContentReplaceBehavior [ RunTime:0.000073s ]
INFO: [ template_filter ] --END-- [ RunTime:0.000165s ]
INFO: Run Behavior\ParseTemplateBehavior [ RunTime:0.044677s ]
INFO: [ view_parse ] --END-- [ RunTime:0.044782s ]
INFO: [ view_filter ] --START--
INFO: Run Behavior\WriteHtmlCacheBehavior [ RunTime:0.000362s ]
INFO: [ view_filter ] --END-- [ RunTime:0.000428s ]
INFO: [ app_end ] --START--
INFO: Run Behavior\ShowPageTraceBehavior [ RunTime:0.000690s ]
INFO: [ app_end ] --END-- [ RunTime:0.000756s ]

[ 2015-09-02T14:12:27+08:00 ] 127.0.0.1 /myProject/thinkphpFrame/index.php/Admin/login/resources/images/closelabel.gif
INFO: [ app_init ] --START--
INFO: Run Behavior\BuildLiteBehavior [ RunTime:0.000025s ]
INFO: [ app_init ] --END-- [ RunTime:0.000554s ]

[ 2015-09-02T14:12:27+08:00 ] 127.0.0.1 /myProject/thinkphpFrame/index.php/Admin/login/resources/images/loading.gif
INFO: [ app_init ] --START--
INFO: Run Behavior\BuildLiteBehavior [ RunTime:0.000017s ]
INFO: [ app_init ] --END-- [ RunTime:0.000631s ]

[ 2015-09-02T14:12:37+08:00 ] 127.0.0.1 /myProject/thinkphpFrame/index.php/Admin/Login/update
INFO: [ app_init ] --START--
INFO: Run Behavior\BuildLiteBehavior [ RunTime:0.000011s ]
INFO: [ app_init ] --END-- [ RunTime:0.000414s ]
INFO: [ app_begin ] --START--
INFO: Run Behavior\ReadHtmlCacheBehavior [ RunTime:0.000940s ]
INFO: [ app_begin ] --END-- [ RunTime:0.000993s ]
SQL: SHOW COLUMNS FROM `user` [ RunTime:0.0065s ]
SQL: SELECT * FROM `user` WHERE ( username = 'ruby97' AND password = '405958c9e0888f6ddc6221f90576490c' ) LIMIT 1   [ RunTime:0.0007s ]

[ 2015-09-02T14:12:38+08:00 ] 127.0.0.1 /myProject/thinkphpFrame/index.php/Admin/Index/index.html
INFO: [ app_init ] --START--
INFO: Run Behavior\BuildLiteBehavior [ RunTime:0.000025s ]
INFO: [ app_init ] --END-- [ RunTime:0.001044s ]
INFO: [ app_begin ] --START--
INFO: Run Behavior\ReadHtmlCacheBehavior [ RunTime:0.001291s ]
INFO: [ app_begin ] --END-- [ RunTime:0.001353s ]
SQL: SHOW COLUMNS FROM `user_info` [ RunTime:0.0043s ]
SQL: SELECT COUNT(*) AS tp_count FROM `user_info` WHERE ( 1 ) LIMIT 1   [ RunTime:0.0004s ]
SQL: SELECT * FROM `user_info` WHERE ( 1 ) ORDER BY posttime LIMIT 0,10   [ RunTime:0.0007s ]
INFO: [ view_parse ] --START--
INFO: [ template_filter ] --START--
INFO: Run Behavior\ContentReplaceBehavior [ RunTime:0.000162s ]
INFO: [ template_filter ] --END-- [ RunTime:0.000235s ]
INFO: Run Behavior\ParseTemplateBehavior [ RunTime:0.062945s ]
INFO: [ view_parse ] --END-- [ RunTime:0.063029s ]
INFO: [ view_filter ] --START--
INFO: Run Behavior\WriteHtmlCacheBehavior [ RunTime:0.002312s ]
INFO: [ view_filter ] --END-- [ RunTime:0.002382s ]
INFO: [ app_end ] --START--
INFO: Run Behavior\ShowPageTraceBehavior [ RunTime:0.001393s ]
INFO: [ app_end ] --END-- [ RunTime:0.001448s ]

[ 2015-09-02T14:12:39+08:00 ] 127.0.0.1 /myProject/thinkphpFrame/index.php/Admin/Index/resources/images/closelabel.gif
INFO: [ app_init ] --START--
INFO: Run Behavior\BuildLiteBehavior [ RunTime:0.000016s ]
INFO: [ app_init ] --END-- [ RunTime:0.000570s ]

[ 2015-09-02T14:12:39+08:00 ] 127.0.0.1 /myProject/thinkphpFrame/index.php/Admin/Index/resources/images/loading.gif
INFO: [ app_init ] --START--
INFO: Run Behavior\BuildLiteBehavior [ RunTime:0.000013s ]
INFO: [ app_init ] --END-- [ RunTime:0.000483s ]

[ 2015-09-02T14:15:48+08:00 ] 127.0.0.1 /myProject/thinkphpFrame/index.php/Admin/Task/index
INFO: [ app_init ] --START--
INFO: Run Behavior\BuildLiteBehavior [ RunTime:0.000016s ]
INFO: [ app_init ] --END-- [ RunTime:0.000416s ]
INFO: [ app_begin ] --START--
INFO: Run Behavior\ReadHtmlCacheBehavior [ RunTime:0.000629s ]
INFO: [ app_begin ] --END-- [ RunTime:0.000702s ]
SQL: SHOW COLUMNS FROM `tasks` [ RunTime:0.0033s ]
SQL: SELECT COUNT(*) AS tp_count FROM `tasks` WHERE ( 1 ) LIMIT 1   [ RunTime:0.0003s ]
SQL: SELECT * FROM `tasks` WHERE ( 1 ) ORDER BY task_posttime desc LIMIT 0,10   [ RunTime:0.0004s ]
INFO: [ view_parse ] --START--
INFO: [ template_filter ] --START--
INFO: Run Behavior\ContentReplaceBehavior [ RunTime:0.000141s ]
INFO: [ template_filter ] --END-- [ RunTime:0.000194s ]
INFO: Run Behavior\ParseTemplateBehavior [ RunTime:0.013897s ]
INFO: [ view_parse ] --END-- [ RunTime:0.013950s ]
INFO: [ view_filter ] --START--
INFO: Run Behavior\WriteHtmlCacheBehavior [ RunTime:0.000279s ]
INFO: [ view_filter ] --END-- [ RunTime:0.000317s ]
INFO: [ app_end ] --START--
INFO: Run Behavior\ShowPageTraceBehavior [ RunTime:0.000447s ]
INFO: [ app_end ] --END-- [ RunTime:0.000484s ]

[ 2015-09-02T14:15:48+08:00 ] 127.0.0.1 /myProject/thinkphpFrame/index.php/Admin/Task/resources/images/closelabel.gif
INFO: [ app_init ] --START--
INFO: Run Behavior\BuildLiteBehavior [ RunTime:0.000016s ]
INFO: [ app_init ] --END-- [ RunTime:0.000357s ]

[ 2015-09-02T14:15:48+08:00 ] 127.0.0.1 /myProject/thinkphpFrame/index.php/Admin/Task/resources/images/loading.gif
INFO: [ app_init ] --START--
INFO: Run Behavior\BuildLiteBehavior [ RunTime:0.000021s ]
INFO: [ app_init ] --END-- [ RunTime:0.000559s ]

[ 2015-09-02T14:16:11+08:00 ] 127.0.0.1 /myProject/thinkphpFrame/index.php/Admin/Index/index
INFO: [ app_init ] --START--
INFO: Run Behavior\BuildLiteBehavior [ RunTime:0.000022s ]
INFO: [ app_init ] --END-- [ RunTime:0.000874s ]
INFO: [ app_begin ] --START--
INFO: Run Behavior\ReadHtmlCacheBehavior [ RunTime:0.000705s ]
INFO: [ app_begin ] --END-- [ RunTime:0.000797s ]
SQL: SHOW COLUMNS FROM `user_info` [ RunTime:0.0033s ]
SQL: SELECT COUNT(*) AS tp_count FROM `user_info` WHERE ( 1 ) LIMIT 1   [ RunTime:0.0003s ]
SQL: SELECT * FROM `user_info` WHERE ( 1 ) ORDER BY posttime LIMIT 0,10   [ RunTime:0.0004s ]
INFO: [ view_parse ] --START--
INFO: [ template_filter ] --START--
INFO: Run Behavior\ContentReplaceBehavior [ RunTime:0.000135s ]
INFO: [ template_filter ] --END-- [ RunTime:0.000197s ]
INFO: Run Behavior\ParseTemplateBehavior [ RunTime:0.011212s ]
INFO: [ view_parse ] --END-- [ RunTime:0.011283s ]
INFO: [ view_filter ] --START--
INFO: Run Behavior\WriteHtmlCacheBehavior [ RunTime:0.000344s ]
INFO: [ view_filter ] --END-- [ RunTime:0.000394s ]
INFO: [ app_end ] --START--
INFO: Run Behavior\ShowPageTraceBehavior [ RunTime:0.000545s ]
INFO: [ app_end ] --END-- [ RunTime:0.000592s ]

[ 2015-09-02T14:16:11+08:00 ] 127.0.0.1 /myProject/thinkphpFrame/index.php/Admin/Index/resources/images/closelabel.gif
INFO: [ app_init ] --START--
INFO: Run Behavior\BuildLiteBehavior [ RunTime:0.000018s ]
INFO: [ app_init ] --END-- [ RunTime:0.000387s ]

[ 2015-09-02T14:16:11+08:00 ] 127.0.0.1 /myProject/thinkphpFrame/index.php/Admin/Index/resources/images/loading.gif
INFO: [ app_init ] --START--
INFO: Run Behavior\BuildLiteBehavior [ RunTime:0.000022s ]
INFO: [ app_init ] --END-- [ RunTime:0.000624s ]

[ 2015-09-02T14:16:23+08:00 ] 127.0.0.1 /myProject/thinkphpFrame/index.php/Admin/Task/index
INFO: [ app_init ] --START--
INFO: Run Behavior\BuildLiteBehavior [ RunTime:0.000027s ]
INFO: [ app_init ] --END-- [ RunTime:0.000764s ]
INFO: [ app_begin ] --START--
INFO: Run Behavior\ReadHtmlCacheBehavior [ RunTime:0.001365s ]
INFO: [ app_begin ] --END-- [ RunTime:0.001484s ]
SQL: SHOW COLUMNS FROM `tasks` [ RunTime:0.0034s ]
SQL: SELECT COUNT(*) AS tp_count FROM `tasks` WHERE ( 1 ) LIMIT 1   [ RunTime:0.0003s ]
SQL: SELECT * FROM `tasks` WHERE ( 1 ) ORDER BY task_posttime desc LIMIT 0,10   [ RunTime:0.0004s ]
INFO: [ view_parse ] --START--
INFO: [ template_filter ] --START--
INFO: Run Behavior\ContentReplaceBehavior [ RunTime:0.000145s ]
INFO: [ template_filter ] --END-- [ RunTime:0.000196s ]
INFO: Run Behavior\ParseTemplateBehavior [ RunTime:0.014430s ]
INFO: [ view_parse ] --END-- [ RunTime:0.014480s ]
INFO: [ view_filter ] --START--
INFO: Run Behavior\WriteHtmlCacheBehavior [ RunTime:0.000293s ]
INFO: [ view_filter ] --END-- [ RunTime:0.000332s ]
INFO: [ app_end ] --START--
INFO: Run Behavior\ShowPageTraceBehavior [ RunTime:0.000464s ]
INFO: [ app_end ] --END-- [ RunTime:0.000503s ]

[ 2015-09-02T14:16:24+08:00 ] 127.0.0.1 /myProject/thinkphpFrame/index.php/Admin/Task/resources/images/loading.gif
INFO: [ app_init ] --START--
INFO: Run Behavior\BuildLiteBehavior [ RunTime:0.000012s ]
INFO: [ app_init ] --END-- [ RunTime:0.000256s ]

[ 2015-09-02T14:16:24+08:00 ] 127.0.0.1 /myProject/thinkphpFrame/index.php/Admin/Task/resources/images/closelabel.gif
INFO: [ app_init ] --START--
INFO: Run Behavior\BuildLiteBehavior [ RunTime:0.000019s ]
INFO: [ app_init ] --END-- [ RunTime:0.000531s ]

[ 2015-09-02T14:22:01+08:00 ] 127.0.0.1 /myProject/thinkphpFrame/index.php/Admin/Task/index/p/4.html
INFO: [ app_init ] --START--
INFO: Run Behavior\BuildLiteBehavior [ RunTime:0.000017s ]
INFO: [ app_init ] --END-- [ RunTime:0.000467s ]
INFO: [ app_begin ] --START--
INFO: Run Behavior\ReadHtmlCacheBehavior [ RunTime:0.000835s ]
INFO: [ app_begin ] --END-- [ RunTime:0.000922s ]
SQL: SHOW COLUMNS FROM `tasks` [ RunTime:0.0050s ]
SQL: SELECT COUNT(*) AS tp_count FROM `tasks` WHERE ( 1 ) LIMIT 1   [ RunTime:0.0005s ]
SQL: SELECT * FROM `tasks` WHERE ( 1 ) ORDER BY task_posttime desc LIMIT 30,10   [ RunTime:0.0009s ]
INFO: [ view_parse ] --START--
INFO: [ template_filter ] --START--
INFO: Run Behavior\ContentReplaceBehavior [ RunTime:0.000148s ]
INFO: [ template_filter ] --END-- [ RunTime:0.000209s ]
INFO: Run Behavior\ParseTemplateBehavior [ RunTime:0.016396s ]
INFO: [ view_parse ] --END-- [ RunTime:0.016464s ]
INFO: [ view_filter ] --START--
INFO: Run Behavior\WriteHtmlCacheBehavior [ RunTime:0.000269s ]
INFO: [ view_filter ] --END-- [ RunTime:0.000305s ]
INFO: [ app_end ] --START--
INFO: Run Behavior\ShowPageTraceBehavior [ RunTime:0.000452s ]
INFO: [ app_end ] --END-- [ RunTime:0.000489s ]

[ 2015-09-02T14:22:02+08:00 ] 127.0.0.1 /myProject/thinkphpFrame/index.php/Admin/Task/index/p/resources/images/closelabel.gif
INFO: [ app_init ] --START--
INFO: Run Behavior\BuildLiteBehavior [ RunTime:0.000018s ]
INFO: [ app_init ] --END-- [ RunTime:0.000433s ]

[ 2015-09-02T14:22:02+08:00 ] 127.0.0.1 /myProject/thinkphpFrame/index.php/Admin/Task/index/p/resources/images/loading.gif
INFO: [ app_init ] --START--
INFO: Run Behavior\BuildLiteBehavior [ RunTime:0.000017s ]
INFO: [ app_init ] --END-- [ RunTime:0.000415s ]

[ 2015-09-02T14:22:10+08:00 ] 127.0.0.1 /myProject/thinkphpFrame/index.php/Admin/Task/index/p/3.html
INFO: [ app_init ] --START--
INFO: Run Behavior\BuildLiteBehavior [ RunTime:0.000026s ]
INFO: [ app_init ] --END-- [ RunTime:0.000634s ]
INFO: [ app_begin ] --START--
INFO: Run Behavior\ReadHtmlCacheBehavior [ RunTime:0.001082s ]
INFO: [ app_begin ] --END-- [ RunTime:0.001196s ]
SQL: SHOW COLUMNS FROM `tasks` [ RunTime:0.0032s ]
SQL: SELECT COUNT(*) AS tp_count FROM `tasks` WHERE ( 1 ) LIMIT 1   [ RunTime:0.0003s ]
SQL: SELECT * FROM `tasks` WHERE ( 1 ) ORDER BY task_posttime desc LIMIT 20,10   [ RunTime:0.0005s ]
INFO: [ view_parse ] --START--
INFO: [ template_filter ] --START--
INFO: Run Behavior\ContentReplaceBehavior [ RunTime:0.000152s ]
INFO: [ template_filter ] --END-- [ RunTime:0.000203s ]
INFO: Run Behavior\ParseTemplateBehavior [ RunTime:0.010536s ]
INFO: [ view_parse ] --END-- [ RunTime:0.010592s ]
INFO: [ view_filter ] --START--
INFO: Run Behavior\WriteHtmlCacheBehavior [ RunTime:0.000243s ]
INFO: [ view_filter ] --END-- [ RunTime:0.000282s ]
INFO: [ app_end ] --START--
INFO: Run Behavior\ShowPageTraceBehavior [ RunTime:0.000453s ]
INFO: [ app_end ] --END-- [ RunTime:0.000500s ]

[ 2015-09-02T14:22:10+08:00 ] 127.0.0.1 /myProject/thinkphpFrame/index.php/Admin/Task/index/p/resources/images/closelabel.gif
INFO: [ app_init ] --START--
INFO: Run Behavior\BuildLiteBehavior [ RunTime:0.000013s ]
INFO: [ app_init ] --END-- [ RunTime:0.000266s ]

[ 2015-09-02T14:22:10+08:00 ] 127.0.0.1 /myProject/thinkphpFrame/index.php/Admin/Task/index/p/resources/images/loading.gif
INFO: [ app_init ] --START--
INFO: Run Behavior\BuildLiteBehavior [ RunTime:0.000014s ]
INFO: [ app_init ] --END-- [ RunTime:0.000312s ]

[ 2015-09-02T14:22:13+08:00 ] 127.0.0.1 /myProject/thinkphpFrame/index.php/Admin/Task/index/p/1.html
INFO: [ app_init ] --START--
INFO: Run Behavior\BuildLiteBehavior [ RunTime:0.000020s ]
INFO: [ app_init ] --END-- [ RunTime:0.000489s ]
INFO: [ app_begin ] --START--
INFO: Run Behavior\ReadHtmlCacheBehavior [ RunTime:0.000828s ]
INFO: [ app_begin ] --END-- [ RunTime:0.000913s ]
SQL: SHOW COLUMNS FROM `tasks` [ RunTime:0.0028s ]
SQL: SELECT COUNT(*) AS tp_count FROM `tasks` WHERE ( 1 ) LIMIT 1   [ RunTime:0.0003s ]
SQL: SELECT * FROM `tasks` WHERE ( 1 ) ORDER BY task_posttime desc LIMIT 0,10   [ RunTime:0.0005s ]
INFO: [ view_parse ] --START--
INFO: [ template_filter ] --START--
INFO: Run Behavior\ContentReplaceBehavior [ RunTime:0.000202s ]
INFO: [ template_filter ] --END-- [ RunTime:0.000289s ]
INFO: Run Behavior\ParseTemplateBehavior [ RunTime:0.011374s ]
INFO: [ view_parse ] --END-- [ RunTime:0.011447s ]
INFO: [ view_filter ] --START--
INFO: Run Behavior\WriteHtmlCacheBehavior [ RunTime:0.000276s ]
INFO: [ view_filter ] --END-- [ RunTime:0.000316s ]
INFO: [ app_end ] --START--
INFO: Run Behavior\ShowPageTraceBehavior [ RunTime:0.000466s ]
INFO: [ app_end ] --END-- [ RunTime:0.000505s ]

[ 2015-09-02T14:22:13+08:00 ] 127.0.0.1 /myProject/thinkphpFrame/index.php/Admin/Task/index/p/resources/images/closelabel.gif
INFO: [ app_init ] --START--
INFO: Run Behavior\BuildLiteBehavior [ RunTime:0.000014s ]
INFO: [ app_init ] --END-- [ RunTime:0.000294s ]

[ 2015-09-02T14:22:13+08:00 ] 127.0.0.1 /myProject/thinkphpFrame/index.php/Admin/Task/index/p/resources/images/loading.gif
INFO: [ app_init ] --START--
INFO: Run Behavior\BuildLiteBehavior [ RunTime:0.000017s ]
INFO: [ app_init ] --END-- [ RunTime:0.000413s ]

[ 2015-09-02T14:31:26+08:00 ] 127.0.0.1 /myProject/thinkphpFrame/index.php/Admin/Task/index/p/1.html
INFO: [ app_init ] --START--
INFO: Run Behavior\BuildLiteBehavior [ RunTime:0.000015s ]
INFO: [ app_init ] --END-- [ RunTime:0.000394s ]
INFO: [ app_begin ] --START--
INFO: Run Behavior\ReadHtmlCacheBehavior [ RunTime:0.000666s ]
INFO: [ app_begin ] --END-- [ RunTime:0.000731s ]
SQL: SHOW COLUMNS FROM `tasks` [ RunTime:0.0049s ]
SQL: SELECT COUNT(*) AS tp_count FROM `tasks` WHERE ( 1 ) LIMIT 1   [ RunTime:0.0004s ]
SQL: SELECT * FROM `tasks` WHERE ( 1 ) ORDER BY task_posttime desc LIMIT 0,10   [ RunTime:0.0004s ]
INFO: [ view_parse ] --START--
INFO: [ template_filter ] --START--
INFO: Run Behavior\ContentReplaceBehavior [ RunTime:0.000132s ]
INFO: [ template_filter ] --END-- [ RunTime:0.000179s ]
INFO: Run Behavior\ParseTemplateBehavior [ RunTime:0.011357s ]
INFO: [ view_parse ] --END-- [ RunTime:0.011418s ]
INFO: [ view_filter ] --START--
INFO: Run Behavior\WriteHtmlCacheBehavior [ RunTime:0.000283s ]
INFO: [ view_filter ] --END-- [ RunTime:0.000320s ]
INFO: [ app_end ] --START--
INFO: Run Behavior\ShowPageTraceBehavior [ RunTime:0.000460s ]
INFO: [ app_end ] --END-- [ RunTime:0.000498s ]

[ 2015-09-02T14:31:27+08:00 ] 127.0.0.1 /myProject/thinkphpFrame/index.php/Admin/Task/index/p/resources/images/loading.gif
INFO: [ app_init ] --START--
INFO: Run Behavior\BuildLiteBehavior [ RunTime:0.000021s ]
INFO: [ app_init ] --END-- [ RunTime:0.000463s ]

[ 2015-09-02T14:31:27+08:00 ] 127.0.0.1 /myProject/thinkphpFrame/index.php/Admin/Task/index/p/resources/images/closelabel.gif
INFO: [ app_init ] --START--
INFO: Run Behavior\BuildLiteBehavior [ RunTime:0.000021s ]
INFO: [ app_init ] --END-- [ RunTime:0.000527s ]

[ 2015-09-02T15:08:44+08:00 ] 127.0.0.1 /myProject/thinkphpFrame/index.php/Admin/Task/index/p/1.html
INFO: [ app_init ] --START--
INFO: Run Behavior\BuildLiteBehavior [ RunTime:0.000020s ]
INFO: [ app_init ] --END-- [ RunTime:0.000562s ]
INFO: [ app_begin ] --START--
INFO: Run Behavior\ReadHtmlCacheBehavior [ RunTime:0.000938s ]
INFO: [ app_begin ] --END-- [ RunTime:0.001027s ]
SQL: SHOW COLUMNS FROM `tasks` [ RunTime:0.0030s ]
SQL: SELECT COUNT(*) AS tp_count FROM `tasks` WHERE ( 1 ) LIMIT 1   [ RunTime:0.0003s ]
SQL: SELECT * FROM `tasks` WHERE ( 1 ) ORDER BY task_posttime desc LIMIT 0,10   [ RunTime:0.0004s ]
INFO: [ view_parse ] --START--
INFO: [ template_filter ] --START--
INFO: Run Behavior\ContentReplaceBehavior [ RunTime:0.000145s ]
INFO: [ template_filter ] --END-- [ RunTime:0.000199s ]
INFO: Run Behavior\ParseTemplateBehavior [ RunTime:0.010329s ]
INFO: [ view_parse ] --END-- [ RunTime:0.010379s ]
INFO: [ view_filter ] --START--
INFO: Run Behavior\WriteHtmlCacheBehavior [ RunTime:0.000287s ]
INFO: [ view_filter ] --END-- [ RunTime:0.000323s ]
INFO: [ app_end ] --START--
INFO: Run Behavior\ShowPageTraceBehavior [ RunTime:0.000456s ]
INFO: [ app_end ] --END-- [ RunTime:0.000493s ]

[ 2015-09-02T15:08:44+08:00 ] 127.0.0.1 /myProject/thinkphpFrame/index.php/Admin/Task/index/p/resources/images/closelabel.gif
INFO: [ app_init ] --START--
INFO: Run Behavior\BuildLiteBehavior [ RunTime:0.000023s ]
INFO: [ app_init ] --END-- [ RunTime:0.001425s ]

[ 2015-09-02T15:08:44+08:00 ] 127.0.0.1 /myProject/thinkphpFrame/index.php/Admin/Task/index/p/resources/images/loading.gif
INFO: [ app_init ] --START--
INFO: Run Behavior\BuildLiteBehavior [ RunTime:0.000021s ]
INFO: [ app_init ] --END-- [ RunTime:0.000596s ]

[ 2015-09-02T15:10:44+08:00 ] 127.0.0.1 /myProject/thinkphpFrame/index.php/Admin/Task/insert
INFO: [ app_init ] --START--
INFO: Run Behavior\BuildLiteBehavior [ RunTime:0.000023s ]
INFO: [ app_init ] --END-- [ RunTime:0.000622s ]
INFO: [ app_begin ] --START--
INFO: Run Behavior\ReadHtmlCacheBehavior [ RunTime:0.002212s ]
INFO: [ app_begin ] --END-- [ RunTime:0.002384s ]
SQL: SHOW COLUMNS FROM `tasks` [ RunTime:0.0030s ]
NOTIC: [8] Undefined offset: 2 D:\wamp\www\myProject\thinkphpFrame\ThinkPHP\Library\Think\Model.class.php 第 1196 行.
NOTIC: [8] Undefined offset: 2 D:\wamp\www\myProject\thinkphpFrame\ThinkPHP\Library\Think\Model.class.php 第 1196 行.
NOTIC: [8] Undefined offset: 0 D:\wamp\www\myProject\thinkphpFrame\ThinkPHP\Library\Think\Model.class.php 第 1213 行.
NOTIC: [8] Undefined offset: 2 D:\wamp\www\myProject\thinkphpFrame\ThinkPHP\Library\Think\Model.class.php 第 1196 行.
NOTIC: [8] Undefined offset: 2 D:\wamp\www\myProject\thinkphpFrame\ThinkPHP\Library\Think\Model.class.php 第 1196 行.
NOTIC: [8] Undefined offset: 0 D:\wamp\www\myProject\thinkphpFrame\ThinkPHP\Library\Think\Model.class.php 第 1213 行.
SQL: INSERT INTO `tasks` (`task_name`,`task_img_url`,`task_start_time`,`task_end_time`,`period`,`task_car_num`,`car_color`,`task_money`,`task_jifeng`,`money_distribute`,`car_append`,`brand_introduce`,`collect_activity_intro`,`task_posttime`) VALUES ('任务标题01','__Public__/xiuxiu/55e6a0b3693b0.jpg','1441123200','1442332800','2周','50','白色','758元','5','200元现金+2瓶轩辕酒-龙窖9年（288元/瓶）','QQ、面包车、比亚迪、工具车除外','&lt;strong&gt;&lt;span style=&quot;color:#333333;font-family:sans-serif;font-size:16px;line-height:20.7999992370605px;background-color:#F9F9F9;&quot;&gt;自然界“崇实之心、取意自然”。2014年上实城开集团秉承“人文心、品质度、国际观、健康态”四大理念，并以海派精工诚意缔造两河流域全新生态大盘自然界。自然界项目150万平米的全城优质资源集结样本，将囊括低密栖居洋房及瞰景高层（92-142㎡）等多元化卓越产品，在深刻了解了每个家庭成员的居住生活所需之后，研发出使用舒适度更好，空间布局更合理的产品。自然界以人性化、智能化、科技化的思量来精筑这座生态宜居的一生之城。&lt;/span&gt;&lt;/strong&gt;','&lt;strong&gt;&lt;span style=&quot;color:#333333;font-family:sans-serif;font-size:16px;line-height:20.7999992370605px;background-color:#F9F9F9;&quot;&gt;轩辕酒-龙窖9年 任务结束后需提供（西安甲友广告文化传播有限公司）200元加油票。 贴车地址：自然界项目部（浐灞大道浐河东200米浐灞大道北侧） 咨询电话：15399065262&lt;/span&gt;&lt;/strong&gt;','1441177844') [ RunTime:0.0803s ]
INFO: [ view_parse ] --START--
INFO: [ template_filter ] --START--
INFO: Run Behavior\ContentReplaceBehavior [ RunTime:0.000042s ]
INFO: [ template_filter ] --END-- [ RunTime:0.000108s ]
INFO: Run Behavior\ParseTemplateBehavior [ RunTime:0.013159s ]
INFO: [ view_parse ] --END-- [ RunTime:0.013229s ]
INFO: [ view_filter ] --START--
INFO: Run Behavior\WriteHtmlCacheBehavior [ RunTime:0.000430s ]
INFO: [ view_filter ] --END-- [ RunTime:0.000486s ]
INFO: [ app_end ] --START--
INFO: Run Behavior\ShowPageTraceBehavior [ RunTime:0.000665s ]
INFO: [ app_end ] --END-- [ RunTime:0.000765s ]

[ 2015-09-02T15:10:45+08:00 ] 127.0.0.1 /myProject/thinkphpFrame/index.php/Admin/Task/index/p/1.html
INFO: [ app_init ] --START--
INFO: Run Behavior\BuildLiteBehavior [ RunTime:0.000017s ]
INFO: [ app_init ] --END-- [ RunTime:0.000465s ]
INFO: [ app_begin ] --START--
INFO: Run Behavior\ReadHtmlCacheBehavior [ RunTime:0.000585s ]
INFO: [ app_begin ] --END-- [ RunTime:0.000641s ]
SQL: SHOW COLUMNS FROM `tasks` [ RunTime:0.0030s ]
SQL: SELECT COUNT(*) AS tp_count FROM `tasks` WHERE ( 1 ) LIMIT 1   [ RunTime:0.0003s ]
SQL: SELECT * FROM `tasks` WHERE ( 1 ) ORDER BY task_posttime desc LIMIT 0,10   [ RunTime:0.0004s ]
INFO: [ view_parse ] --START--
INFO: [ template_filter ] --START--
INFO: Run Behavior\ContentReplaceBehavior [ RunTime:0.000136s ]
INFO: [ template_filter ] --END-- [ RunTime:0.000190s ]
INFO: Run Behavior\ParseTemplateBehavior [ RunTime:0.010626s ]
INFO: [ view_parse ] --END-- [ RunTime:0.010677s ]
INFO: [ view_filter ] --START--
INFO: Run Behavior\WriteHtmlCacheBehavior [ RunTime:0.000264s ]
INFO: [ view_filter ] --END-- [ RunTime:0.000302s ]
INFO: [ app_end ] --START--
INFO: Run Behavior\ShowPageTraceBehavior [ RunTime:0.000457s ]
INFO: [ app_end ] --END-- [ RunTime:0.000496s ]

[ 2015-09-02T15:10:45+08:00 ] 127.0.0.1 /myProject/thinkphpFrame/index.php/Admin/Task/index/p/resources/images/loading.gif
INFO: [ app_init ] --START--
INFO: Run Behavior\BuildLiteBehavior [ RunTime:0.000022s ]
INFO: [ app_init ] --END-- [ RunTime:0.000463s ]

[ 2015-09-02T15:10:45+08:00 ] 127.0.0.1 /myProject/thinkphpFrame/index.php/Admin/Task/index/p/resources/images/closelabel.gif
INFO: [ app_init ] --START--
INFO: Run Behavior\BuildLiteBehavior [ RunTime:0.000017s ]
INFO: [ app_init ] --END-- [ RunTime:0.000420s ]

[ 2015-09-02T15:12:26+08:00 ] 127.0.0.1 /myProject/thinkphpFrame/index.php/Admin/Task/insert
INFO: [ app_init ] --START--
INFO: Run Behavior\BuildLiteBehavior [ RunTime:0.000021s ]
INFO: [ app_init ] --END-- [ RunTime:0.000551s ]
INFO: [ app_begin ] --START--
INFO: Run Behavior\ReadHtmlCacheBehavior [ RunTime:0.000952s ]
INFO: [ app_begin ] --END-- [ RunTime:0.001048s ]
SQL: SHOW COLUMNS FROM `tasks` [ RunTime:0.0029s ]
NOTIC: [8] Undefined offset: 2 D:\wamp\www\myProject\thinkphpFrame\ThinkPHP\Library\Think\Model.class.php 第 1196 行.
NOTIC: [8] Undefined offset: 2 D:\wamp\www\myProject\thinkphpFrame\ThinkPHP\Library\Think\Model.class.php 第 1196 行.
NOTIC: [8] Undefined offset: 0 D:\wamp\www\myProject\thinkphpFrame\ThinkPHP\Library\Think\Model.class.php 第 1213 行.
NOTIC: [8] Undefined offset: 2 D:\wamp\www\myProject\thinkphpFrame\ThinkPHP\Library\Think\Model.class.php 第 1196 行.
NOTIC: [8] Undefined offset: 2 D:\wamp\www\myProject\thinkphpFrame\ThinkPHP\Library\Think\Model.class.php 第 1196 行.
NOTIC: [8] Undefined offset: 0 D:\wamp\www\myProject\thinkphpFrame\ThinkPHP\Library\Think\Model.class.php 第 1213 行.
SQL: INSERT INTO `tasks` (`task_name`,`task_img_url`,`task_start_time`,`task_end_time`,`period`,`task_car_num`,`car_color`,`task_money`,`task_jifeng`,`money_distribute`,`car_append`,`brand_introduce`,`collect_activity_intro`,`task_posttime`) VALUES ('任务标题02','__Public__/xiuxiu/55e6a11657bae.jpg','1441209600','1442419200','2周','30','黑色','900元','6','200元现金+2瓶轩辕酒-龙窖9年（288元/瓶）','QQ、面包车、比亚迪、工具车除外','&lt;span style=&quot;color:#555555;font-family:Arial, Helvetica, sans-serif;font-size:13px;font-weight:bold;line-height:20.7999992370605px;background-color:#FFFFFF;&quot;&gt;商家品牌介绍&lt;/span&gt;&lt;br /&gt;','&lt;strong&gt;&lt;span style=&quot;color:#555555;font-family:Arial, Helvetica, sans-serif;font-size:13px;font-weight:bold;line-height:20.7999992370605px;background-color:#FFFFFF;&quot;&gt;征集活动介绍&lt;/span&gt;&lt;/strong&gt;','1441177946') [ RunTime:0.0409s ]
INFO: [ view_parse ] --START--
INFO: [ template_filter ] --START--
INFO: Run Behavior\ContentReplaceBehavior [ RunTime:0.000034s ]
INFO: [ template_filter ] --END-- [ RunTime:0.000085s ]
INFO: Run Behavior\ParseTemplateBehavior [ RunTime:0.005198s ]
INFO: [ view_parse ] --END-- [ RunTime:0.005249s ]
INFO: [ view_filter ] --START--
INFO: Run Behavior\WriteHtmlCacheBehavior [ RunTime:0.000259s ]
INFO: [ view_filter ] --END-- [ RunTime:0.000294s ]
INFO: [ app_end ] --START--
INFO: Run Behavior\ShowPageTraceBehavior [ RunTime:0.000460s ]
INFO: [ app_end ] --END-- [ RunTime:0.000498s ]

[ 2015-09-02T15:12:28+08:00 ] 127.0.0.1 /myProject/thinkphpFrame/index.php/Admin/Task/index/p/1.html
INFO: [ app_init ] --START--
INFO: Run Behavior\BuildLiteBehavior [ RunTime:0.000017s ]
INFO: [ app_init ] --END-- [ RunTime:0.000418s ]
INFO: [ app_begin ] --START--
INFO: Run Behavior\ReadHtmlCacheBehavior [ RunTime:0.000746s ]
INFO: [ app_begin ] --END-- [ RunTime:0.000820s ]
SQL: SHOW COLUMNS FROM `tasks` [ RunTime:0.0029s ]
SQL: SELECT COUNT(*) AS tp_count FROM `tasks` WHERE ( 1 ) LIMIT 1   [ RunTime:0.0003s ]
SQL: SELECT * FROM `tasks` WHERE ( 1 ) ORDER BY task_posttime desc LIMIT 0,10   [ RunTime:0.0004s ]
INFO: [ view_parse ] --START--
INFO: [ template_filter ] --START--
INFO: Run Behavior\ContentReplaceBehavior [ RunTime:0.000141s ]
INFO: [ template_filter ] --END-- [ RunTime:0.000199s ]
INFO: Run Behavior\ParseTemplateBehavior [ RunTime:0.010553s ]
INFO: [ view_parse ] --END-- [ RunTime:0.010609s ]
INFO: [ view_filter ] --START--
INFO: Run Behavior\WriteHtmlCacheBehavior [ RunTime:0.000266s ]
INFO: [ view_filter ] --END-- [ RunTime:0.000309s ]
INFO: [ app_end ] --START--
INFO: Run Behavior\ShowPageTraceBehavior [ RunTime:0.000466s ]
INFO: [ app_end ] --END-- [ RunTime:0.000504s ]

[ 2015-09-02T15:12:28+08:00 ] 127.0.0.1 /myProject/thinkphpFrame/index.php/Admin/Task/index/p/resources/images/closelabel.gif
INFO: [ app_init ] --START--
INFO: Run Behavior\BuildLiteBehavior [ RunTime:0.000011s ]
INFO: [ app_init ] --END-- [ RunTime:0.000261s ]

[ 2015-09-02T15:12:28+08:00 ] 127.0.0.1 /myProject/thinkphpFrame/index.php/Admin/Task/index/p/resources/images/loading.gif
INFO: [ app_init ] --START--
INFO: Run Behavior\BuildLiteBehavior [ RunTime:0.000011s ]
INFO: [ app_init ] --END-- [ RunTime:0.000283s ]

[ 2015-09-02T15:13:23+08:00 ] 127.0.0.1 /myProject/thinkphpFrame/index.php/Admin/Task/index/p/1.html
INFO: [ app_init ] --START--
INFO: Run Behavior\BuildLiteBehavior [ RunTime:0.000025s ]
INFO: [ app_init ] --END-- [ RunTime:0.000654s ]
INFO: [ app_begin ] --START--
INFO: Run Behavior\ReadHtmlCacheBehavior [ RunTime:0.001098s ]
INFO: [ app_begin ] --END-- [ RunTime:0.001204s ]
SQL: SHOW COLUMNS FROM `tasks` [ RunTime:0.0029s ]
SQL: SELECT COUNT(*) AS tp_count FROM `tasks` WHERE ( 1 ) LIMIT 1   [ RunTime:0.0004s ]
SQL: SELECT * FROM `tasks` WHERE ( 1 ) ORDER BY task_posttime desc LIMIT 0,10   [ RunTime:0.0003s ]
INFO: [ view_parse ] --START--
INFO: [ template_filter ] --START--
INFO: Run Behavior\ContentReplaceBehavior [ RunTime:0.000148s ]
INFO: [ template_filter ] --END-- [ RunTime:0.000204s ]
INFO: Run Behavior\ParseTemplateBehavior [ RunTime:0.010424s ]
INFO: [ view_parse ] --END-- [ RunTime:0.010475s ]
INFO: [ view_filter ] --START--
INFO: Run Behavior\WriteHtmlCacheBehavior [ RunTime:0.000270s ]
INFO: [ view_filter ] --END-- [ RunTime:0.000308s ]
INFO: [ app_end ] --START--
INFO: Run Behavior\ShowPageTraceBehavior [ RunTime:0.000457s ]
INFO: [ app_end ] --END-- [ RunTime:0.000495s ]

[ 2015-09-02T15:13:24+08:00 ] 127.0.0.1 /myProject/thinkphpFrame/index.php/Admin/Task/index/p/resources/images/closelabel.gif
INFO: [ app_init ] --START--
INFO: Run Behavior\BuildLiteBehavior [ RunTime:0.000019s ]
INFO: [ app_init ] --END-- [ RunTime:0.000483s ]

[ 2015-09-02T15:13:24+08:00 ] 127.0.0.1 /myProject/thinkphpFrame/index.php/Admin/Task/index/p/resources/images/loading.gif
INFO: [ app_init ] --START--
INFO: Run Behavior\BuildLiteBehavior [ RunTime:0.016891s ]
INFO: [ app_init ] --END-- [ RunTime:0.017300s ]

[ 2015-09-02T15:14:25+08:00 ] 127.0.0.1 /myProject/thinkphpFrame/index.php/Admin/Task/insert
INFO: [ app_init ] --START--
INFO: Run Behavior\BuildLiteBehavior [ RunTime:0.000025s ]
INFO: [ app_init ] --END-- [ RunTime:0.000590s ]
INFO: [ app_begin ] --START--
INFO: Run Behavior\ReadHtmlCacheBehavior [ RunTime:0.001010s ]
INFO: [ app_begin ] --END-- [ RunTime:0.001118s ]
SQL: SHOW COLUMNS FROM `tasks` [ RunTime:0.0035s ]
NOTIC: [8] Undefined offset: 2 D:\wamp\www\myProject\thinkphpFrame\ThinkPHP\Library\Think\Model.class.php 第 1196 行.
NOTIC: [8] Undefined offset: 2 D:\wamp\www\myProject\thinkphpFrame\ThinkPHP\Library\Think\Model.class.php 第 1196 行.
NOTIC: [8] Undefined offset: 0 D:\wamp\www\myProject\thinkphpFrame\ThinkPHP\Library\Think\Model.class.php 第 1213 行.
NOTIC: [8] Undefined offset: 2 D:\wamp\www\myProject\thinkphpFrame\ThinkPHP\Library\Think\Model.class.php 第 1196 行.
NOTIC: [8] Undefined offset: 2 D:\wamp\www\myProject\thinkphpFrame\ThinkPHP\Library\Think\Model.class.php 第 1196 行.
NOTIC: [8] Undefined offset: 0 D:\wamp\www\myProject\thinkphpFrame\ThinkPHP\Library\Think\Model.class.php 第 1213 行.
SQL: INSERT INTO `tasks` (`task_name`,`task_img_url`,`task_start_time`,`task_end_time`,`period`,`task_car_num`,`car_color`,`task_money`,`task_jifeng`,`money_distribute`,`car_append`,`brand_introduce`,`collect_activity_intro`,`task_posttime`) VALUES ('任务标题03','','1441987200','1442592000','1周','80','白色','560元','8','200元现金+2瓶轩辕酒-龙窖9年（288元/瓶）','QQ、面包车、比亚迪、工具车除外','&lt;strong&gt;HTML内容&lt;/strong&gt;','&lt;strong&gt;HTML内容&lt;/strong&gt;','1441178065') [ RunTime:0.0435s ]
INFO: [ view_parse ] --START--
INFO: [ template_filter ] --START--
INFO: Run Behavior\ContentReplaceBehavior [ RunTime:0.000032s ]
INFO: [ template_filter ] --END-- [ RunTime:0.000081s ]
INFO: Run Behavior\ParseTemplateBehavior [ RunTime:0.004776s ]
INFO: [ view_parse ] --END-- [ RunTime:0.004826s ]
INFO: [ view_filter ] --START--
INFO: Run Behavior\WriteHtmlCacheBehavior [ RunTime:0.000269s ]
INFO: [ view_filter ] --END-- [ RunTime:0.000304s ]
INFO: [ app_end ] --START--
INFO: Run Behavior\ShowPageTraceBehavior [ RunTime:0.000476s ]
INFO: [ app_end ] --END-- [ RunTime:0.000514s ]

[ 2015-09-02T15:14:26+08:00 ] 127.0.0.1 /myProject/thinkphpFrame/index.php/Admin/Task/index/p/1.html
INFO: [ app_init ] --START--
INFO: Run Behavior\BuildLiteBehavior [ RunTime:0.000019s ]
INFO: [ app_init ] --END-- [ RunTime:0.000486s ]
INFO: [ app_begin ] --START--
INFO: Run Behavior\ReadHtmlCacheBehavior [ RunTime:0.000759s ]
INFO: [ app_begin ] --END-- [ RunTime:0.000834s ]
SQL: SHOW COLUMNS FROM `tasks` [ RunTime:0.0029s ]
SQL: SELECT COUNT(*) AS tp_count FROM `tasks` WHERE ( 1 ) LIMIT 1   [ RunTime:0.0002s ]
SQL: SELECT * FROM `tasks` WHERE ( 1 ) ORDER BY task_posttime desc LIMIT 0,10   [ RunTime:0.0004s ]
INFO: [ view_parse ] --START--
INFO: [ template_filter ] --START--
INFO: Run Behavior\ContentReplaceBehavior [ RunTime:0.000136s ]
INFO: [ template_filter ] --END-- [ RunTime:0.000183s ]
INFO: Run Behavior\ParseTemplateBehavior [ RunTime:0.009997s ]
INFO: [ view_parse ] --END-- [ RunTime:0.010053s ]
INFO: [ view_filter ] --START--
INFO: Run Behavior\WriteHtmlCacheBehavior [ RunTime:0.000281s ]
INFO: [ view_filter ] --END-- [ RunTime:0.000318s ]
INFO: [ app_end ] --START--
INFO: Run Behavior\ShowPageTraceBehavior [ RunTime:0.000458s ]
INFO: [ app_end ] --END-- [ RunTime:0.000495s ]

[ 2015-09-02T15:14:27+08:00 ] 127.0.0.1 /myProject/thinkphpFrame/index.php/Admin/Task/index/p/resources/images/closelabel.gif
INFO: [ app_init ] --START--
INFO: Run Behavior\BuildLiteBehavior [ RunTime:0.000012s ]
INFO: [ app_init ] --END-- [ RunTime:0.000276s ]

[ 2015-09-02T15:14:27+08:00 ] 127.0.0.1 /myProject/thinkphpFrame/index.php/Admin/Task/index/p/resources/images/loading.gif
INFO: [ app_init ] --START--
INFO: Run Behavior\BuildLiteBehavior [ RunTime:0.000017s ]
INFO: [ app_init ] --END-- [ RunTime:0.000463s ]

[ 2015-09-02T15:14:42+08:00 ] 127.0.0.1 /myProject/thinkphpFrame/index.php/Admin/Index/index
INFO: [ app_init ] --START--
INFO: Run Behavior\BuildLiteBehavior [ RunTime:0.000026s ]
INFO: [ app_init ] --END-- [ RunTime:0.000645s ]
INFO: [ app_begin ] --START--
INFO: Run Behavior\ReadHtmlCacheBehavior [ RunTime:0.001203s ]
INFO: [ app_begin ] --END-- [ RunTime:0.001317s ]
SQL: SHOW COLUMNS FROM `user_info` [ RunTime:0.0030s ]
SQL: SELECT COUNT(*) AS tp_count FROM `user_info` WHERE ( 1 ) LIMIT 1   [ RunTime:0.0003s ]
SQL: SELECT * FROM `user_info` WHERE ( 1 ) ORDER BY posttime LIMIT 0,10   [ RunTime:0.0009s ]
INFO: [ view_parse ] --START--
INFO: [ template_filter ] --START--
INFO: Run Behavior\ContentReplaceBehavior [ RunTime:0.000120s ]
INFO: [ template_filter ] --END-- [ RunTime:0.000172s ]
INFO: Run Behavior\ParseTemplateBehavior [ RunTime:0.010683s ]
INFO: [ view_parse ] --END-- [ RunTime:0.010744s ]
INFO: [ view_filter ] --START--
INFO: Run Behavior\WriteHtmlCacheBehavior [ RunTime:0.000321s ]
INFO: [ view_filter ] --END-- [ RunTime:0.000384s ]
INFO: [ app_end ] --START--
INFO: Run Behavior\ShowPageTraceBehavior [ RunTime:0.000493s ]
INFO: [ app_end ] --END-- [ RunTime:0.000535s ]

[ 2015-09-02T15:14:43+08:00 ] 127.0.0.1 /myProject/thinkphpFrame/index.php/Admin/Index/resources/images/closelabel.gif
INFO: [ app_init ] --START--
INFO: Run Behavior\BuildLiteBehavior [ RunTime:0.000019s ]
INFO: [ app_init ] --END-- [ RunTime:0.000403s ]

[ 2015-09-02T15:14:43+08:00 ] 127.0.0.1 /myProject/thinkphpFrame/index.php/Admin/Index/resources/images/loading.gif
INFO: [ app_init ] --START--
INFO: Run Behavior\BuildLiteBehavior [ RunTime:0.000019s ]
INFO: [ app_init ] --END-- [ RunTime:0.000743s ]

[ 2015-09-02T15:14:45+08:00 ] 127.0.0.1 /myProject/thinkphpFrame/index.php/Admin/Task/index
INFO: [ app_init ] --START--
INFO: Run Behavior\BuildLiteBehavior [ RunTime:0.000011s ]
INFO: [ app_init ] --END-- [ RunTime:0.000307s ]
INFO: [ app_begin ] --START--
INFO: Run Behavior\ReadHtmlCacheBehavior [ RunTime:0.000567s ]
INFO: [ app_begin ] --END-- [ RunTime:0.000617s ]
SQL: SHOW COLUMNS FROM `tasks` [ RunTime:0.0030s ]
SQL: SELECT COUNT(*) AS tp_count FROM `tasks` WHERE ( 1 ) LIMIT 1   [ RunTime:0.0002s ]
SQL: SELECT * FROM `tasks` WHERE ( 1 ) ORDER BY task_posttime desc LIMIT 0,10   [ RunTime:0.0003s ]
INFO: [ view_parse ] --START--
INFO: [ template_filter ] --START--
INFO: Run Behavior\ContentReplaceBehavior [ RunTime:0.000138s ]
INFO: [ template_filter ] --END-- [ RunTime:0.000191s ]
INFO: Run Behavior\ParseTemplateBehavior [ RunTime:0.016101s ]
INFO: [ view_parse ] --END-- [ RunTime:0.016153s ]
INFO: [ view_filter ] --START--
INFO: Run Behavior\WriteHtmlCacheBehavior [ RunTime:0.000330s ]
INFO: [ view_filter ] --END-- [ RunTime:0.000367s ]
INFO: [ app_end ] --START--
INFO: Run Behavior\ShowPageTraceBehavior [ RunTime:0.000523s ]
INFO: [ app_end ] --END-- [ RunTime:0.000562s ]

[ 2015-09-02T15:14:46+08:00 ] 127.0.0.1 /myProject/thinkphpFrame/index.php/Admin/Task/resources/images/loading.gif
INFO: [ app_init ] --START--
INFO: Run Behavior\BuildLiteBehavior [ RunTime:0.000011s ]
INFO: [ app_init ] --END-- [ RunTime:0.000273s ]

[ 2015-09-02T15:14:46+08:00 ] 127.0.0.1 /myProject/thinkphpFrame/index.php/Admin/Task/resources/images/closelabel.gif
INFO: [ app_init ] --START--
INFO: Run Behavior\BuildLiteBehavior [ RunTime:0.000020s ]
INFO: [ app_init ] --END-- [ RunTime:0.000477s ]

[ 2015-09-02T15:29:03+08:00 ] 127.0.0.1 /myProject/thinkphpFrame/index.php/Admin/Task/index
INFO: [ app_init ] --START--
INFO: Run Behavior\BuildLiteBehavior [ RunTime:0.000016s ]
INFO: [ app_init ] --END-- [ RunTime:0.000445s ]
INFO: [ app_begin ] --START--
INFO: Run Behavior\ReadHtmlCacheBehavior [ RunTime:0.000829s ]
INFO: [ app_begin ] --END-- [ RunTime:0.000900s ]
SQL: SHOW COLUMNS FROM `tasks` [ RunTime:0.0035s ]
SQL: SELECT COUNT(*) AS tp_count FROM `tasks` WHERE ( 1 ) LIMIT 1   [ RunTime:0.0003s ]
SQL: SELECT * FROM `tasks` WHERE ( 1 ) ORDER BY task_posttime desc LIMIT 0,10   [ RunTime:0.0004s ]
INFO: [ view_parse ] --START--
INFO: [ template_filter ] --START--
INFO: Run Behavior\ContentReplaceBehavior [ RunTime:0.000145s ]
INFO: [ template_filter ] --END-- [ RunTime:0.000193s ]
INFO: Run Behavior\ParseTemplateBehavior [ RunTime:0.010630s ]
INFO: [ view_parse ] --END-- [ RunTime:0.010684s ]
INFO: [ view_filter ] --START--
INFO: Run Behavior\WriteHtmlCacheBehavior [ RunTime:0.000342s ]
INFO: [ view_filter ] --END-- [ RunTime:0.000380s ]
INFO: [ app_end ] --START--
INFO: Run Behavior\ShowPageTraceBehavior [ RunTime:0.000456s ]
INFO: [ app_end ] --END-- [ RunTime:0.000493s ]

[ 2015-09-02T15:29:04+08:00 ] 127.0.0.1 /myProject/thinkphpFrame/index.php/Admin/Task/resources/images/loading.gif
INFO: [ app_init ] --START--
INFO: Run Behavior\BuildLiteBehavior [ RunTime:0.000018s ]
INFO: [ app_init ] --END-- [ RunTime:0.000483s ]

[ 2015-09-02T15:29:04+08:00 ] 127.0.0.1 /myProject/thinkphpFrame/index.php/Admin/Task/resources/images/closelabel.gif
INFO: [ app_init ] --START--
INFO: Run Behavior\BuildLiteBehavior [ RunTime:0.000019s ]
INFO: [ app_init ] --END-- [ RunTime:0.000458s ]

[ 2015-09-02T15:29:26+08:00 ] 127.0.0.1 /myProject/thinkphpFrame/index.php/Admin/Task/index
INFO: [ app_init ] --START--
INFO: Run Behavior\BuildLiteBehavior [ RunTime:0.000018s ]
INFO: [ app_init ] --END-- [ RunTime:0.000465s ]
INFO: [ app_begin ] --START--
INFO: Run Behavior\ReadHtmlCacheBehavior [ RunTime:0.000851s ]
INFO: [ app_begin ] --END-- [ RunTime:0.000930s ]
SQL: SHOW COLUMNS FROM `tasks` [ RunTime:0.0053s ]
SQL: SELECT COUNT(*) AS tp_count FROM `tasks` WHERE ( 1 ) LIMIT 1   [ RunTime:0.0003s ]
SQL: SELECT * FROM `tasks` WHERE ( 1 ) ORDER BY task_posttime desc LIMIT 0,10   [ RunTime:0.0004s ]
INFO: [ view_parse ] --START--
INFO: [ template_filter ] --START--
INFO: Run Behavior\ContentReplaceBehavior [ RunTime:0.000141s ]
INFO: [ template_filter ] --END-- [ RunTime:0.000188s ]
INFO: Run Behavior\ParseTemplateBehavior [ RunTime:0.010461s ]
INFO: [ view_parse ] --END-- [ RunTime:0.010511s ]
INFO: [ view_filter ] --START--
INFO: Run Behavior\WriteHtmlCacheBehavior [ RunTime:0.000344s ]
INFO: [ view_filter ] --END-- [ RunTime:0.000385s ]
INFO: [ app_end ] --START--
INFO: Run Behavior\ShowPageTraceBehavior [ RunTime:0.000477s ]
INFO: [ app_end ] --END-- [ RunTime:0.000518s ]

[ 2015-09-02T15:29:27+08:00 ] 127.0.0.1 /myProject/thinkphpFrame/index.php/Admin/Task/resources/images/loading.gif
INFO: [ app_init ] --START--
INFO: Run Behavior\BuildLiteBehavior [ RunTime:0.000017s ]
INFO: [ app_init ] --END-- [ RunTime:0.000399s ]

[ 2015-09-02T15:29:27+08:00 ] 127.0.0.1 /myProject/thinkphpFrame/index.php/Admin/Task/resources/images/closelabel.gif
INFO: [ app_init ] --START--
INFO: Run Behavior\BuildLiteBehavior [ RunTime:0.000018s ]
INFO: [ app_init ] --END-- [ RunTime:0.000417s ]

[ 2015-09-02T15:35:59+08:00 ] 127.0.0.1 /myProject/thinkphpFrame/index.php/Admin/Task/index
INFO: [ app_init ] --START--
INFO: Run Behavior\BuildLiteBehavior [ RunTime:0.000017s ]
INFO: [ app_init ] --END-- [ RunTime:0.000464s ]
INFO: [ app_begin ] --START--
INFO: Run Behavior\ReadHtmlCacheBehavior [ RunTime:0.000800s ]
INFO: [ app_begin ] --END-- [ RunTime:0.000876s ]
SQL: SHOW COLUMNS FROM `tasks` [ RunTime:0.0039s ]
SQL: SELECT COUNT(*) AS tp_count FROM `tasks` WHERE ( 1 ) LIMIT 1   [ RunTime:0.0004s ]
SQL: SELECT * FROM `tasks` WHERE ( 1 ) ORDER BY task_posttime desc LIMIT 0,10   [ RunTime:0.0003s ]
INFO: [ view_parse ] --START--
INFO: [ template_filter ] --START--
INFO: Run Behavior\ContentReplaceBehavior [ RunTime:0.000145s ]
INFO: [ template_filter ] --END-- [ RunTime:0.000190s ]
INFO: Run Behavior\ParseTemplateBehavior [ RunTime:0.010301s ]
INFO: [ view_parse ] --END-- [ RunTime:0.010351s ]
INFO: [ view_filter ] --START--
INFO: Run Behavior\WriteHtmlCacheBehavior [ RunTime:0.000265s ]
INFO: [ view_filter ] --END-- [ RunTime:0.000302s ]
INFO: [ app_end ] --START--
INFO: Run Behavior\ShowPageTraceBehavior [ RunTime:0.000457s ]
INFO: [ app_end ] --END-- [ RunTime:0.000494s ]

[ 2015-09-02T15:35:59+08:00 ] 127.0.0.1 /myProject/thinkphpFrame/index.php/Admin/Task/resources/images/closelabel.gif
INFO: [ app_init ] --START--
INFO: Run Behavior\BuildLiteBehavior [ RunTime:0.000017s ]
INFO: [ app_init ] --END-- [ RunTime:0.000427s ]

[ 2015-09-02T15:35:59+08:00 ] 127.0.0.1 /myProject/thinkphpFrame/index.php/Admin/Task/resources/images/loading.gif
INFO: [ app_init ] --START--
INFO: Run Behavior\BuildLiteBehavior [ RunTime:0.000018s ]
INFO: [ app_init ] --END-- [ RunTime:0.000384s ]

[ 2015-09-02T15:40:14+08:00 ] 127.0.0.1 /myProject/thinkphpFrame/index.php/Admin/Task/index
INFO: [ app_init ] --START--
INFO: Run Behavior\BuildLiteBehavior [ RunTime:0.000011s ]
INFO: [ app_init ] --END-- [ RunTime:0.000282s ]
INFO: [ app_begin ] --START--
INFO: Run Behavior\ReadHtmlCacheBehavior [ RunTime:0.000465s ]
INFO: [ app_begin ] --END-- [ RunTime:0.000509s ]
SQL: SHOW COLUMNS FROM `tasks` [ RunTime:0.0029s ]
SQL: SELECT COUNT(*) AS tp_count FROM `tasks` WHERE ( 1 ) LIMIT 1   [ RunTime:0.0003s ]
SQL: SELECT * FROM `tasks` WHERE ( 1 ) ORDER BY task_posttime desc LIMIT 0,10   [ RunTime:0.0004s ]
INFO: [ view_parse ] --START--
INFO: [ template_filter ] --START--
INFO: Run Behavior\ContentReplaceBehavior [ RunTime:0.000183s ]
INFO: [ template_filter ] --END-- [ RunTime:0.000255s ]
INFO: Run Behavior\ParseTemplateBehavior [ RunTime:0.011879s ]
INFO: [ view_parse ] --END-- [ RunTime:0.011933s ]
INFO: [ view_filter ] --START--
INFO: Run Behavior\WriteHtmlCacheBehavior [ RunTime:0.000300s ]
INFO: [ view_filter ] --END-- [ RunTime:0.000338s ]
INFO: [ app_end ] --START--
INFO: Run Behavior\ShowPageTraceBehavior [ RunTime:0.000457s ]
INFO: [ app_end ] --END-- [ RunTime:0.000496s ]

[ 2015-09-02T15:40:14+08:00 ] 127.0.0.1 /myProject/thinkphpFrame/index.php/Admin/Task/resources/images/loading.gif
INFO: [ app_init ] --START--
INFO: Run Behavior\BuildLiteBehavior [ RunTime:0.000019s ]
INFO: [ app_init ] --END-- [ RunTime:0.000433s ]

[ 2015-09-02T15:40:14+08:00 ] 127.0.0.1 /myProject/thinkphpFrame/index.php/Admin/Task/resources/images/closelabel.gif
INFO: [ app_init ] --START--
INFO: Run Behavior\BuildLiteBehavior [ RunTime:0.000043s ]
INFO: [ app_init ] --END-- [ RunTime:0.000475s ]

[ 2015-09-02T15:41:17+08:00 ] 127.0.0.1 /myProject/thinkphpFrame/index.php/Admin/Task/insert
INFO: [ app_init ] --START--
INFO: Run Behavior\BuildLiteBehavior [ RunTime:0.000023s ]
INFO: [ app_init ] --END-- [ RunTime:0.000594s ]
INFO: [ app_begin ] --START--
INFO: Run Behavior\ReadHtmlCacheBehavior [ RunTime:0.001035s ]
INFO: [ app_begin ] --END-- [ RunTime:0.001139s ]
SQL: SHOW COLUMNS FROM `tasks` [ RunTime:0.0029s ]
NOTIC: [8] Undefined offset: 2 D:\wamp\www\myProject\thinkphpFrame\ThinkPHP\Library\Think\Model.class.php 第 1196 行.
NOTIC: [8] Undefined offset: 2 D:\wamp\www\myProject\thinkphpFrame\ThinkPHP\Library\Think\Model.class.php 第 1196 行.
NOTIC: [8] Undefined offset: 0 D:\wamp\www\myProject\thinkphpFrame\ThinkPHP\Library\Think\Model.class.php 第 1213 行.
NOTIC: [8] Undefined offset: 2 D:\wamp\www\myProject\thinkphpFrame\ThinkPHP\Library\Think\Model.class.php 第 1196 行.
NOTIC: [8] Undefined offset: 2 D:\wamp\www\myProject\thinkphpFrame\ThinkPHP\Library\Think\Model.class.php 第 1196 行.
NOTIC: [8] Undefined offset: 0 D:\wamp\www\myProject\thinkphpFrame\ThinkPHP\Library\Think\Model.class.php 第 1213 行.
SQL: INSERT INTO `tasks` (`task_name`,`task_img_url`,`task_start_time`,`task_end_time`,`period`,`task_car_num`,`car_color`,`task_money`,`task_jifeng`,`money_distribute`,`car_append`,`brand_introduce`,`collect_activity_intro`,`task_posttime`) VALUES ('任务标题任务标题任务标题任务标题任务标题任务标题任务标题4','','1441123200','1441728000','1周','150','白色','780','8','200元现金+2瓶轩辕酒-龙窖9年（288元/瓶）','QQ、面包车、比亚迪、工具车除外','&lt;strong&gt;HTML内容&lt;/strong&gt;','&lt;strong&gt;HTML内容&lt;/strong&gt;','1441179677') [ RunTime:0.0368s ]
INFO: [ view_parse ] --START--
INFO: [ template_filter ] --START--
INFO: Run Behavior\ContentReplaceBehavior [ RunTime:0.000032s ]
INFO: [ template_filter ] --END-- [ RunTime:0.000079s ]
INFO: Run Behavior\ParseTemplateBehavior [ RunTime:0.004899s ]
INFO: [ view_parse ] --END-- [ RunTime:0.004950s ]
INFO: [ view_filter ] --START--
INFO: Run Behavior\WriteHtmlCacheBehavior [ RunTime:0.000256s ]
INFO: [ view_filter ] --END-- [ RunTime:0.000291s ]
INFO: [ app_end ] --START--
INFO: Run Behavior\ShowPageTraceBehavior [ RunTime:0.000458s ]
INFO: [ app_end ] --END-- [ RunTime:0.000495s ]

[ 2015-09-02T15:41:18+08:00 ] 127.0.0.1 /myProject/thinkphpFrame/index.php/Admin/Task/index
INFO: [ app_init ] --START--
INFO: Run Behavior\BuildLiteBehavior [ RunTime:0.000018s ]
INFO: [ app_init ] --END-- [ RunTime:0.000420s ]
INFO: [ app_begin ] --START--
INFO: Run Behavior\ReadHtmlCacheBehavior [ RunTime:0.000742s ]
INFO: [ app_begin ] --END-- [ RunTime:0.000816s ]
SQL: SHOW COLUMNS FROM `tasks` [ RunTime:0.0036s ]
SQL: SELECT COUNT(*) AS tp_count FROM `tasks` WHERE ( 1 ) LIMIT 1   [ RunTime:0.0004s ]
SQL: SELECT * FROM `tasks` WHERE ( 1 ) ORDER BY task_posttime desc LIMIT 0,10   [ RunTime:0.0004s ]
INFO: [ view_parse ] --START--
INFO: [ template_filter ] --START--
INFO: Run Behavior\ContentReplaceBehavior [ RunTime:0.000137s ]
INFO: [ template_filter ] --END-- [ RunTime:0.000191s ]
INFO: Run Behavior\ParseTemplateBehavior [ RunTime:0.010173s ]
INFO: [ view_parse ] --END-- [ RunTime:0.010221s ]
INFO: [ view_filter ] --START--
INFO: Run Behavior\WriteHtmlCacheBehavior [ RunTime:0.000262s ]
INFO: [ view_filter ] --END-- [ RunTime:0.000298s ]
INFO: [ app_end ] --START--
INFO: Run Behavior\ShowPageTraceBehavior [ RunTime:0.000479s ]
INFO: [ app_end ] --END-- [ RunTime:0.000517s ]

[ 2015-09-02T15:41:19+08:00 ] 127.0.0.1 /myProject/thinkphpFrame/index.php/Admin/Task/resources/images/loading.gif
INFO: [ app_init ] --START--
INFO: Run Behavior\BuildLiteBehavior [ RunTime:0.000017s ]
INFO: [ app_init ] --END-- [ RunTime:0.000398s ]

[ 2015-09-02T15:41:19+08:00 ] 127.0.0.1 /myProject/thinkphpFrame/index.php/Admin/Task/resources/images/closelabel.gif
INFO: [ app_init ] --START--
INFO: Run Behavior\BuildLiteBehavior [ RunTime:0.000013s ]
INFO: [ app_init ] --END-- [ RunTime:0.000283s ]

[ 2015-09-02T15:47:18+08:00 ] 127.0.0.1 /myProject/thinkphpFrame/index.php/Admin/Task/index
INFO: [ app_init ] --START--
INFO: Run Behavior\BuildLiteBehavior [ RunTime:0.000018s ]
INFO: [ app_init ] --END-- [ RunTime:0.000472s ]
INFO: [ app_begin ] --START--
INFO: Run Behavior\ReadHtmlCacheBehavior [ RunTime:0.000728s ]
INFO: [ app_begin ] --END-- [ RunTime:0.000814s ]
SQL: SHOW COLUMNS FROM `tasks` [ RunTime:0.0042s ]
SQL: SELECT COUNT(*) AS tp_count FROM `tasks` WHERE ( 1 ) LIMIT 1   [ RunTime:0.0003s ]
SQL: SELECT * FROM `tasks` WHERE ( 1 ) ORDER BY task_posttime desc LIMIT 0,10   [ RunTime:0.0003s ]
INFO: [ view_parse ] --START--
INFO: [ template_filter ] --START--
INFO: Run Behavior\ContentReplaceBehavior [ RunTime:0.000139s ]
INFO: [ template_filter ] --END-- [ RunTime:0.000189s ]
INFO: Run Behavior\ParseTemplateBehavior [ RunTime:0.014085s ]
INFO: [ view_parse ] --END-- [ RunTime:0.014145s ]
INFO: [ view_filter ] --START--
INFO: Run Behavior\WriteHtmlCacheBehavior [ RunTime:0.000221s ]
INFO: [ view_filter ] --END-- [ RunTime:0.000257s ]
INFO: [ app_end ] --START--
INFO: Run Behavior\ShowPageTraceBehavior [ RunTime:0.000446s ]
INFO: [ app_end ] --END-- [ RunTime:0.000483s ]

[ 2015-09-02T15:47:19+08:00 ] 127.0.0.1 /myProject/thinkphpFrame/index.php/Admin/Task/resources/images/loading.gif
INFO: [ app_init ] --START--
INFO: Run Behavior\BuildLiteBehavior [ RunTime:0.000019s ]
INFO: [ app_init ] --END-- [ RunTime:0.000456s ]

[ 2015-09-02T15:47:19+08:00 ] 127.0.0.1 /myProject/thinkphpFrame/index.php/Admin/Task/resources/images/closelabel.gif
INFO: [ app_init ] --START--
INFO: Run Behavior\BuildLiteBehavior [ RunTime:0.000017s ]
INFO: [ app_init ] --END-- [ RunTime:0.000430s ]

[ 2015-09-02T15:47:47+08:00 ] 127.0.0.1 /myProject/thinkphpFrame/index.php/Admin/Task/index
INFO: [ app_init ] --START--
INFO: Run Behavior\BuildLiteBehavior [ RunTime:0.000019s ]
INFO: [ app_init ] --END-- [ RunTime:0.000540s ]
INFO: [ app_begin ] --START--
INFO: Run Behavior\ReadHtmlCacheBehavior [ RunTime:0.000919s ]
INFO: [ app_begin ] --END-- [ RunTime:0.001009s ]
SQL: SHOW COLUMNS FROM `tasks` [ RunTime:0.0032s ]
SQL: SELECT COUNT(*) AS tp_count FROM `tasks` WHERE ( 1 ) LIMIT 1   [ RunTime:0.0002s ]
SQL: SELECT * FROM `tasks` WHERE ( 1 ) ORDER BY task_posttime desc LIMIT 0,10   [ RunTime:0.0003s ]
INFO: [ view_parse ] --START--
INFO: [ template_filter ] --START--
INFO: Run Behavior\ContentReplaceBehavior [ RunTime:0.000142s ]
INFO: [ template_filter ] --END-- [ RunTime:0.000198s ]
INFO: Run Behavior\ParseTemplateBehavior [ RunTime:0.010721s ]
INFO: [ view_parse ] --END-- [ RunTime:0.010780s ]
INFO: [ view_filter ] --START--
INFO: Run Behavior\WriteHtmlCacheBehavior [ RunTime:0.000270s ]
INFO: [ view_filter ] --END-- [ RunTime:0.000307s ]
INFO: [ app_end ] --START--
INFO: Run Behavior\ShowPageTraceBehavior [ RunTime:0.000458s ]
INFO: [ app_end ] --END-- [ RunTime:0.000496s ]

[ 2015-09-02T15:47:48+08:00 ] 127.0.0.1 /myProject/thinkphpFrame/index.php/Admin/Task/resources/images/closelabel.gif
INFO: [ app_init ] --START--
INFO: Run Behavior\BuildLiteBehavior [ RunTime:0.000022s ]
INFO: [ app_init ] --END-- [ RunTime:0.001944s ]

[ 2015-09-02T15:47:48+08:00 ] 127.0.0.1 /myProject/thinkphpFrame/index.php/Admin/Task/resources/images/loading.gif
INFO: [ app_init ] --START--
INFO: Run Behavior\BuildLiteBehavior [ RunTime:0.000018s ]
INFO: [ app_init ] --END-- [ RunTime:0.000505s ]

[ 2015-09-02T15:48:03+08:00 ] 127.0.0.1 /myProject/thinkphpFrame/index.php/Admin/Task/index
INFO: [ app_init ] --START--
INFO: Run Behavior\BuildLiteBehavior [ RunTime:0.000021s ]
INFO: [ app_init ] --END-- [ RunTime:0.000537s ]
INFO: [ app_begin ] --START--
INFO: Run Behavior\ReadHtmlCacheBehavior [ RunTime:0.000975s ]
INFO: [ app_begin ] --END-- [ RunTime:0.001066s ]
SQL: SHOW COLUMNS FROM `tasks` [ RunTime:0.0028s ]
SQL: SELECT COUNT(*) AS tp_count FROM `tasks` WHERE ( 1 ) LIMIT 1   [ RunTime:0.0005s ]
SQL: SELECT * FROM `tasks` WHERE ( 1 ) ORDER BY task_posttime desc LIMIT 0,10   [ RunTime:0.0005s ]
INFO: [ view_parse ] --START--
INFO: [ template_filter ] --START--
INFO: Run Behavior\ContentReplaceBehavior [ RunTime:0.000149s ]
INFO: [ template_filter ] --END-- [ RunTime:0.000208s ]
INFO: Run Behavior\ParseTemplateBehavior [ RunTime:0.010427s ]
INFO: [ view_parse ] --END-- [ RunTime:0.010478s ]
INFO: [ view_filter ] --START--
INFO: Run Behavior\WriteHtmlCacheBehavior [ RunTime:0.000232s ]
INFO: [ view_filter ] --END-- [ RunTime:0.000269s ]
INFO: [ app_end ] --START--
INFO: Run Behavior\ShowPageTraceBehavior [ RunTime:0.000497s ]
INFO: [ app_end ] --END-- [ RunTime:0.000536s ]

[ 2015-09-02T15:48:04+08:00 ] 127.0.0.1 /myProject/thinkphpFrame/index.php/Admin/Task/resources/images/loading.gif
INFO: [ app_init ] --START--
INFO: Run Behavior\BuildLiteBehavior [ RunTime:0.000018s ]
INFO: [ app_init ] --END-- [ RunTime:0.000442s ]

[ 2015-09-02T15:48:04+08:00 ] 127.0.0.1 /myProject/thinkphpFrame/index.php/Admin/Task/resources/images/closelabel.gif
INFO: [ app_init ] --START--
INFO: Run Behavior\BuildLiteBehavior [ RunTime:0.000017s ]
INFO: [ app_init ] --END-- [ RunTime:0.000421s ]

[ 2015-09-02T15:48:35+08:00 ] 127.0.0.1 /myProject/thinkphpFrame/index.php/Admin/Task/index
INFO: [ app_init ] --START--
INFO: Run Behavior\BuildLiteBehavior [ RunTime:0.000021s ]
INFO: [ app_init ] --END-- [ RunTime:0.000547s ]
INFO: [ app_begin ] --START--
INFO: Run Behavior\ReadHtmlCacheBehavior [ RunTime:0.000946s ]
INFO: [ app_begin ] --END-- [ RunTime:0.001051s ]
SQL: SHOW COLUMNS FROM `tasks` [ RunTime:0.0029s ]
SQL: SELECT COUNT(*) AS tp_count FROM `tasks` WHERE ( 1 ) LIMIT 1   [ RunTime:0.0002s ]
SQL: SELECT * FROM `tasks` WHERE ( 1 ) ORDER BY task_posttime desc LIMIT 0,10   [ RunTime:0.0003s ]
INFO: [ view_parse ] --START--
INFO: [ template_filter ] --START--
INFO: Run Behavior\ContentReplaceBehavior [ RunTime:0.000140s ]
INFO: [ template_filter ] --END-- [ RunTime:0.000190s ]
INFO: Run Behavior\ParseTemplateBehavior [ RunTime:0.010539s ]
INFO: [ view_parse ] --END-- [ RunTime:0.010588s ]
INFO: [ view_filter ] --START--
INFO: Run Behavior\WriteHtmlCacheBehavior [ RunTime:0.000266s ]
INFO: [ view_filter ] --END-- [ RunTime:0.000302s ]
INFO: [ app_end ] --START--
INFO: Run Behavior\ShowPageTraceBehavior [ RunTime:0.000454s ]
INFO: [ app_end ] --END-- [ RunTime:0.000492s ]

[ 2015-09-02T15:48:35+08:00 ] 127.0.0.1 /myProject/thinkphpFrame/index.php/Admin/Task/resources/images/closelabel.gif
INFO: [ app_init ] --START--
INFO: Run Behavior\BuildLiteBehavior [ RunTime:0.000020s ]
INFO: [ app_init ] --END-- [ RunTime:0.000572s ]

[ 2015-09-02T15:48:35+08:00 ] 127.0.0.1 /myProject/thinkphpFrame/index.php/Admin/Task/resources/images/loading.gif
INFO: [ app_init ] --START--
INFO: Run Behavior\BuildLiteBehavior [ RunTime:0.000020s ]
INFO: [ app_init ] --END-- [ RunTime:0.000634s ]

