[ 2015-09-23T14:14:02+08:00 ] 127.0.0.1 /myProject/thinkphpFrame/index.php/Admin/Login/index.html
INFO: [ app_init ] --START--
INFO: Run Behavior\BuildLiteBehavior [ RunTime:0.000037s ]
INFO: [ app_init ] --END-- [ RunTime:0.001165s ]
INFO: [ app_begin ] --START--
INFO: Run Behavior\ReadHtmlCacheBehavior [ RunTime:0.001459s ]
INFO: [ app_begin ] --END-- [ RunTime:0.001600s ]
INFO: [ view_parse ] --START--
INFO: [ template_filter ] --START--
INFO: Run Behavior\ContentReplaceBehavior [ RunTime:0.000051s ]
INFO: [ template_filter ] --END-- [ RunTime:0.000368s ]
INFO: Run Behavior\ParseTemplateBehavior [ RunTime:0.105213s ]
INFO: [ view_parse ] --END-- [ RunTime:0.105346s ]
INFO: [ view_filter ] --START--
INFO: Run Behavior\WriteHtmlCacheBehavior [ RunTime:0.021628s ]
INFO: [ view_filter ] --END-- [ RunTime:0.021687s ]
INFO: [ app_end ] --START--
INFO: Run Behavior\ShowPageTraceBehavior [ RunTime:0.000453s ]
INFO: [ app_end ] --END-- [ RunTime:0.000500s ]

[ 2015-09-23T14:14:03+08:00 ] 127.0.0.1 /myProject/thinkphpFrame/index.php/Admin/Login/resources/images/closelabel.gif
INFO: [ app_init ] --START--
INFO: Run Behavior\BuildLiteBehavior [ RunTime:0.000014s ]
INFO: [ app_init ] --END-- [ RunTime:0.000480s ]

[ 2015-09-23T14:14:03+08:00 ] 127.0.0.1 /myProject/thinkphpFrame/index.php/Admin/Login/resources/images/loading.gif
INFO: [ app_init ] --START--
INFO: Run Behavior\BuildLiteBehavior [ RunTime:0.000017s ]
INFO: [ app_init ] --END-- [ RunTime:0.000360s ]

[ 2015-09-23T14:14:13+08:00 ] 127.0.0.1 /myProject/thinkphpFrame/index.php/Admin/Login/update
INFO: [ app_init ] --START--
INFO: Run Behavior\BuildLiteBehavior [ RunTime:0.000023s ]
INFO: [ app_init ] --END-- [ RunTime:0.000560s ]
INFO: [ app_begin ] --START--
INFO: Run Behavior\ReadHtmlCacheBehavior [ RunTime:0.000972s ]
INFO: [ app_begin ] --END-- [ RunTime:0.001078s ]
SQL: SHOW COLUMNS FROM `user` [ RunTime:0.0360s ]
SQL: SELECT * FROM `user` WHERE ( username = 'aaaaaa' AND password = 'e10adc3949ba59abbe56e057f20f883e' ) LIMIT 1   [ RunTime:0.0004s ]

[ 2015-09-23T14:14:13+08:00 ] 127.0.0.1 /myProject/thinkphpFrame/index.php/Admin/Index/index.html
INFO: [ app_init ] --START--
INFO: Run Behavior\BuildLiteBehavior [ RunTime:0.000014s ]
INFO: [ app_init ] --END-- [ RunTime:0.000343s ]
INFO: [ app_begin ] --START--
INFO: Run Behavior\ReadHtmlCacheBehavior [ RunTime:0.000473s ]
INFO: [ app_begin ] --END-- [ RunTime:0.000532s ]
SQL: SHOW COLUMNS FROM `user_info` [ RunTime:0.0219s ]
SQL: SELECT COUNT(*) AS tp_count FROM `user_info` WHERE ( 1 ) LIMIT 1   [ RunTime:0.0004s ]
SQL: SELECT * FROM `user_info` WHERE ( 1 ) ORDER BY posttime desc LIMIT 0,10   [ RunTime:0.0006s ]
INFO: [ view_parse ] --START--
INFO: [ template_filter ] --START--
INFO: Run Behavior\ContentReplaceBehavior [ RunTime:0.000348s ]
INFO: [ template_filter ] --END-- [ RunTime:0.000475s ]
INFO: Run Behavior\ParseTemplateBehavior [ RunTime:0.122316s ]
INFO: [ view_parse ] --END-- [ RunTime:0.122505s ]
INFO: [ view_filter ] --START--
INFO: Run Behavior\WriteHtmlCacheBehavior [ RunTime:0.000670s ]
INFO: [ view_filter ] --END-- [ RunTime:0.000766s ]
INFO: [ app_end ] --START--
INFO: Run Behavior\ShowPageTraceBehavior [ RunTime:0.001339s ]
INFO: [ app_end ] --END-- [ RunTime:0.001442s ]

[ 2015-09-23T14:14:14+08:00 ] 127.0.0.1 /myProject/thinkphpFrame/index.php/Admin/Index/resources/images/loading.gif
INFO: [ app_init ] --START--
INFO: Run Behavior\BuildLiteBehavior [ RunTime:0.000016s ]
INFO: [ app_init ] --END-- [ RunTime:0.000388s ]

[ 2015-09-23T14:14:14+08:00 ] 127.0.0.1 /myProject/thinkphpFrame/index.php/Admin/Index/resources/images/closelabel.gif
INFO: [ app_init ] --START--
INFO: Run Behavior\BuildLiteBehavior [ RunTime:0.000016s ]
INFO: [ app_init ] --END-- [ RunTime:0.000433s ]

[ 2015-09-23T14:14:27+08:00 ] 127.0.0.1 /myProject/thinkphpFrame/index.php/Admin/Task/index
INFO: [ app_init ] --START--
INFO: Run Behavior\BuildLiteBehavior [ RunTime:0.000019s ]
INFO: [ app_init ] --END-- [ RunTime:0.000629s ]
INFO: [ app_begin ] --START--
INFO: Run Behavior\ReadHtmlCacheBehavior [ RunTime:0.000718s ]
INFO: [ app_begin ] --END-- [ RunTime:0.000797s ]
SQL: SHOW COLUMNS FROM `tasks` [ RunTime:0.0186s ]
SQL: SELECT COUNT(*) AS tp_count FROM `tasks` WHERE ( 1 ) LIMIT 1   [ RunTime:0.0003s ]
SQL: SELECT * FROM `tasks` WHERE ( 1 ) ORDER BY task_posttime desc LIMIT 0,10   [ RunTime:0.0004s ]
INFO: [ view_parse ] --START--
INFO: [ template_filter ] --START--
INFO: Run Behavior\ContentReplaceBehavior [ RunTime:0.000466s ]
INFO: [ template_filter ] --END-- [ RunTime:0.000620s ]
INFO: Run Behavior\ParseTemplateBehavior [ RunTime:0.071231s ]
INFO: [ view_parse ] --END-- [ RunTime:0.071320s ]
INFO: [ view_filter ] --START--
INFO: Run Behavior\WriteHtmlCacheBehavior [ RunTime:0.000351s ]
INFO: [ view_filter ] --END-- [ RunTime:0.000407s ]
INFO: [ app_end ] --START--
INFO: Run Behavior\ShowPageTraceBehavior [ RunTime:0.000712s ]
INFO: [ app_end ] --END-- [ RunTime:0.000770s ]

[ 2015-09-23T14:14:27+08:00 ] 127.0.0.1 /myProject/thinkphpFrame/index.php/Admin/Task/resources/images/closelabel.gif
INFO: [ app_init ] --START--
INFO: Run Behavior\BuildLiteBehavior [ RunTime:0.000016s ]
INFO: [ app_init ] --END-- [ RunTime:0.000382s ]

[ 2015-09-23T14:14:27+08:00 ] 127.0.0.1 /myProject/thinkphpFrame/index.php/Admin/Task/resources/images/loading.gif
INFO: [ app_init ] --START--
INFO: Run Behavior\BuildLiteBehavior [ RunTime:0.000017s ]
INFO: [ app_init ] --END-- [ RunTime:0.000424s ]

[ 2015-09-23T14:14:30+08:00 ] 127.0.0.1 /myProject/thinkphpFrame/index.php/Admin/Task/show_baoming/id/40
INFO: [ app_init ] --START--
INFO: Run Behavior\BuildLiteBehavior [ RunTime:0.000021s ]
INFO: [ app_init ] --END-- [ RunTime:0.000507s ]
INFO: [ app_begin ] --START--
INFO: Run Behavior\ReadHtmlCacheBehavior [ RunTime:0.000693s ]
INFO: [ app_begin ] --END-- [ RunTime:0.000781s ]
SQL: SHOW COLUMNS FROM `task_user` [ RunTime:0.0192s ]
SQL: SELECT COUNT(*) AS tp_count FROM `task_user` INNER JOIN tasks ON tasks.id=task_user.task_id INNER JOIN user_info ON task_user.user_id=user_info.id AND task_id=40  LIMIT 1   [ RunTime:0.0003s ]
SQL: SELECT * FROM `task_user` INNER JOIN tasks ON tasks.id=task_user.task_id INNER JOIN user_info ON task_user.user_id=user_info.id AND task_id=40  ORDER BY time desc LIMIT 0,10   [ RunTime:0.0005s ]
INFO: [ view_parse ] --START--
INFO: [ template_filter ] --START--
INFO: Run Behavior\ContentReplaceBehavior [ RunTime:0.000175s ]
INFO: [ template_filter ] --END-- [ RunTime:0.000232s ]
NOTIC: [8] Undefined variable: id D:\wamp\www\myProject\thinkphpFrame\Application\Runtime\Cache\Admin\25ecfde752835b67ed3f37f6c907f738.php 第 125 行.
NOTIC: [8] Undefined index: 0 D:\wamp\www\myProject\thinkphpFrame\Application\Runtime\Cache\Admin\25ecfde752835b67ed3f37f6c907f738.php 第 288 行.
NOTIC: [8] Undefined variable: data D:\wamp\www\myProject\thinkphpFrame\Application\Runtime\Cache\Admin\25ecfde752835b67ed3f37f6c907f738.php 第 408 行.
NOTIC: [8] Undefined variable: data D:\wamp\www\myProject\thinkphpFrame\Application\Runtime\Cache\Admin\25ecfde752835b67ed3f37f6c907f738.php 第 409 行.
NOTIC: [8] Undefined variable: data D:\wamp\www\myProject\thinkphpFrame\Application\Runtime\Cache\Admin\25ecfde752835b67ed3f37f6c907f738.php 第 419 行.
NOTIC: [8] Undefined variable: data D:\wamp\www\myProject\thinkphpFrame\Application\Runtime\Cache\Admin\25ecfde752835b67ed3f37f6c907f738.php 第 421 行.
NOTIC: [8] Undefined variable: data D:\wamp\www\myProject\thinkphpFrame\Application\Runtime\Cache\Admin\25ecfde752835b67ed3f37f6c907f738.php 第 426 行.
NOTIC: [8] Undefined variable: data D:\wamp\www\myProject\thinkphpFrame\Application\Runtime\Cache\Admin\25ecfde752835b67ed3f37f6c907f738.php 第 431 行.
NOTIC: [8] Undefined variable: data D:\wamp\www\myProject\thinkphpFrame\Application\Runtime\Cache\Admin\25ecfde752835b67ed3f37f6c907f738.php 第 436 行.
NOTIC: [8] Undefined variable: data D:\wamp\www\myProject\thinkphpFrame\Application\Runtime\Cache\Admin\25ecfde752835b67ed3f37f6c907f738.php 第 441 行.
NOTIC: [8] Undefined variable: data D:\wamp\www\myProject\thinkphpFrame\Application\Runtime\Cache\Admin\25ecfde752835b67ed3f37f6c907f738.php 第 446 行.
NOTIC: [8] Undefined variable: data D:\wamp\www\myProject\thinkphpFrame\Application\Runtime\Cache\Admin\25ecfde752835b67ed3f37f6c907f738.php 第 451 行.
NOTIC: [8] Undefined variable: data D:\wamp\www\myProject\thinkphpFrame\Application\Runtime\Cache\Admin\25ecfde752835b67ed3f37f6c907f738.php 第 456 行.
NOTIC: [8] Undefined variable: data D:\wamp\www\myProject\thinkphpFrame\Application\Runtime\Cache\Admin\25ecfde752835b67ed3f37f6c907f738.php 第 461 行.
NOTIC: [8] Undefined variable: data D:\wamp\www\myProject\thinkphpFrame\Application\Runtime\Cache\Admin\25ecfde752835b67ed3f37f6c907f738.php 第 468 行.
NOTIC: [8] Undefined variable: data D:\wamp\www\myProject\thinkphpFrame\Application\Runtime\Cache\Admin\25ecfde752835b67ed3f37f6c907f738.php 第 476 行.
INFO: Run Behavior\ParseTemplateBehavior [ RunTime:0.022089s ]
INFO: [ view_parse ] --END-- [ RunTime:0.022205s ]
INFO: [ view_filter ] --START--
INFO: Run Behavior\WriteHtmlCacheBehavior [ RunTime:0.000314s ]
INFO: [ view_filter ] --END-- [ RunTime:0.000358s ]
INFO: [ app_end ] --START--
INFO: Run Behavior\ShowPageTraceBehavior [ RunTime:0.000517s ]
INFO: [ app_end ] --END-- [ RunTime:0.000561s ]

[ 2015-09-23T14:14:30+08:00 ] 127.0.0.1 /myProject/thinkphpFrame/index.php/Admin/Task/show_baoming/id/resources/images/closelabel.gif
INFO: [ app_init ] --START--
INFO: Run Behavior\BuildLiteBehavior [ RunTime:0.000019s ]
INFO: [ app_init ] --END-- [ RunTime:0.000409s ]

[ 2015-09-23T14:14:31+08:00 ] 127.0.0.1 /myProject/thinkphpFrame/index.php/Admin/Task/show_baoming/id/resources/images/loading.gif
INFO: [ app_init ] --START--
INFO: Run Behavior\BuildLiteBehavior [ RunTime:0.000010s ]
INFO: [ app_init ] --END-- [ RunTime:0.000257s ]

[ 2015-09-23T14:14:32+08:00 ] 127.0.0.1 /myProject/thinkphpFrame/index.php/Admin/Task/index
INFO: [ app_init ] --START--
INFO: Run Behavior\BuildLiteBehavior [ RunTime:0.000023s ]
INFO: [ app_init ] --END-- [ RunTime:0.000436s ]
INFO: [ app_begin ] --START--
INFO: Run Behavior\ReadHtmlCacheBehavior [ RunTime:0.000708s ]
INFO: [ app_begin ] --END-- [ RunTime:0.000784s ]
SQL: SHOW COLUMNS FROM `tasks` [ RunTime:0.0030s ]
SQL: SELECT COUNT(*) AS tp_count FROM `tasks` WHERE ( 1 ) LIMIT 1   [ RunTime:0.0004s ]
SQL: SELECT * FROM `tasks` WHERE ( 1 ) ORDER BY task_posttime desc LIMIT 0,10   [ RunTime:0.0004s ]
INFO: [ view_parse ] --START--
INFO: [ template_filter ] --START--
INFO: Run Behavior\ContentReplaceBehavior [ RunTime:0.000360s ]
INFO: [ template_filter ] --END-- [ RunTime:0.000428s ]
INFO: Run Behavior\ParseTemplateBehavior [ RunTime:0.015336s ]
INFO: [ view_parse ] --END-- [ RunTime:0.015391s ]
INFO: [ view_filter ] --START--
INFO: Run Behavior\WriteHtmlCacheBehavior [ RunTime:0.000264s ]
INFO: [ view_filter ] --END-- [ RunTime:0.000301s ]
INFO: [ app_end ] --START--
INFO: Run Behavior\ShowPageTraceBehavior [ RunTime:0.000461s ]
INFO: [ app_end ] --END-- [ RunTime:0.000499s ]

[ 2015-09-23T14:14:32+08:00 ] 127.0.0.1 /myProject/thinkphpFrame/index.php/Admin/Task/resources/images/loading.gif
INFO: [ app_init ] --START--
INFO: Run Behavior\BuildLiteBehavior [ RunTime:0.000018s ]
INFO: [ app_init ] --END-- [ RunTime:0.000428s ]

[ 2015-09-23T14:14:32+08:00 ] 127.0.0.1 /myProject/thinkphpFrame/index.php/Admin/Task/resources/images/closelabel.gif
INFO: [ app_init ] --START--
INFO: Run Behavior\BuildLiteBehavior [ RunTime:0.000018s ]
INFO: [ app_init ] --END-- [ RunTime:0.000395s ]

[ 2015-09-23T14:14:34+08:00 ] 127.0.0.1 /myProject/thinkphpFrame/index.php/Admin/Task/show_baoming/id/39
INFO: [ app_init ] --START--
INFO: Run Behavior\BuildLiteBehavior [ RunTime:0.000017s ]
INFO: [ app_init ] --END-- [ RunTime:0.000400s ]
INFO: [ app_begin ] --START--
INFO: Run Behavior\ReadHtmlCacheBehavior [ RunTime:0.000535s ]
INFO: [ app_begin ] --END-- [ RunTime:0.000601s ]
SQL: SHOW COLUMNS FROM `task_user` [ RunTime:0.0028s ]
SQL: SELECT COUNT(*) AS tp_count FROM `task_user` INNER JOIN tasks ON tasks.id=task_user.task_id INNER JOIN user_info ON task_user.user_id=user_info.id AND task_id=39  LIMIT 1   [ RunTime:0.0003s ]
SQL: SELECT * FROM `task_user` INNER JOIN tasks ON tasks.id=task_user.task_id INNER JOIN user_info ON task_user.user_id=user_info.id AND task_id=39  ORDER BY time desc LIMIT 0,10   [ RunTime:0.0005s ]
INFO: [ view_parse ] --START--
INFO: [ template_filter ] --START--
INFO: Run Behavior\ContentReplaceBehavior [ RunTime:0.000206s ]
INFO: [ template_filter ] --END-- [ RunTime:0.000263s ]
NOTIC: [8] Undefined variable: id D:\wamp\www\myProject\thinkphpFrame\Application\Runtime\Cache\Admin\25ecfde752835b67ed3f37f6c907f738.php 第 125 行.
NOTIC: [8] Undefined variable: data D:\wamp\www\myProject\thinkphpFrame\Application\Runtime\Cache\Admin\25ecfde752835b67ed3f37f6c907f738.php 第 408 行.
NOTIC: [8] Undefined variable: data D:\wamp\www\myProject\thinkphpFrame\Application\Runtime\Cache\Admin\25ecfde752835b67ed3f37f6c907f738.php 第 409 行.
NOTIC: [8] Undefined variable: data D:\wamp\www\myProject\thinkphpFrame\Application\Runtime\Cache\Admin\25ecfde752835b67ed3f37f6c907f738.php 第 419 行.
NOTIC: [8] Undefined variable: data D:\wamp\www\myProject\thinkphpFrame\Application\Runtime\Cache\Admin\25ecfde752835b67ed3f37f6c907f738.php 第 421 行.
NOTIC: [8] Undefined variable: data D:\wamp\www\myProject\thinkphpFrame\Application\Runtime\Cache\Admin\25ecfde752835b67ed3f37f6c907f738.php 第 426 行.
NOTIC: [8] Undefined variable: data D:\wamp\www\myProject\thinkphpFrame\Application\Runtime\Cache\Admin\25ecfde752835b67ed3f37f6c907f738.php 第 431 行.
NOTIC: [8] Undefined variable: data D:\wamp\www\myProject\thinkphpFrame\Application\Runtime\Cache\Admin\25ecfde752835b67ed3f37f6c907f738.php 第 436 行.
NOTIC: [8] Undefined variable: data D:\wamp\www\myProject\thinkphpFrame\Application\Runtime\Cache\Admin\25ecfde752835b67ed3f37f6c907f738.php 第 441 行.
NOTIC: [8] Undefined variable: data D:\wamp\www\myProject\thinkphpFrame\Application\Runtime\Cache\Admin\25ecfde752835b67ed3f37f6c907f738.php 第 446 行.
NOTIC: [8] Undefined variable: data D:\wamp\www\myProject\thinkphpFrame\Application\Runtime\Cache\Admin\25ecfde752835b67ed3f37f6c907f738.php 第 451 行.
NOTIC: [8] Undefined variable: data D:\wamp\www\myProject\thinkphpFrame\Application\Runtime\Cache\Admin\25ecfde752835b67ed3f37f6c907f738.php 第 456 行.
NOTIC: [8] Undefined variable: data D:\wamp\www\myProject\thinkphpFrame\Application\Runtime\Cache\Admin\25ecfde752835b67ed3f37f6c907f738.php 第 461 行.
NOTIC: [8] Undefined variable: data D:\wamp\www\myProject\thinkphpFrame\Application\Runtime\Cache\Admin\25ecfde752835b67ed3f37f6c907f738.php 第 468 行.
NOTIC: [8] Undefined variable: data D:\wamp\www\myProject\thinkphpFrame\Application\Runtime\Cache\Admin\25ecfde752835b67ed3f37f6c907f738.php 第 476 行.
INFO: Run Behavior\ParseTemplateBehavior [ RunTime:0.012915s ]
INFO: [ view_parse ] --END-- [ RunTime:0.012964s ]
INFO: [ view_filter ] --START--
INFO: Run Behavior\WriteHtmlCacheBehavior [ RunTime:0.000282s ]
INFO: [ view_filter ] --END-- [ RunTime:0.000317s ]
INFO: [ app_end ] --START--
INFO: Run Behavior\ShowPageTraceBehavior [ RunTime:0.000481s ]
INFO: [ app_end ] --END-- [ RunTime:0.000523s ]

[ 2015-09-23T14:14:34+08:00 ] 127.0.0.1 /myProject/thinkphpFrame/index.php/Admin/Task/show_baoming/id/resources/images/closelabel.gif
INFO: [ app_init ] --START--
INFO: Run Behavior\BuildLiteBehavior [ RunTime:0.000017s ]
INFO: [ app_init ] --END-- [ RunTime:0.000381s ]

[ 2015-09-23T14:14:34+08:00 ] 127.0.0.1 /myProject/thinkphpFrame/index.php/Admin/Task/show_baoming/id/resources/images/loading.gif
INFO: [ app_init ] --START--
INFO: Run Behavior\BuildLiteBehavior [ RunTime:0.000017s ]
INFO: [ app_init ] --END-- [ RunTime:0.000399s ]

[ 2015-09-23T14:14:38+08:00 ] 127.0.0.1 /myProject/thinkphpFrame/index.php/Admin/Index/index
INFO: [ app_init ] --START--
INFO: Run Behavior\BuildLiteBehavior [ RunTime:0.000023s ]
INFO: [ app_init ] --END-- [ RunTime:0.001419s ]
INFO: [ app_begin ] --START--
INFO: Run Behavior\ReadHtmlCacheBehavior [ RunTime:0.000807s ]
INFO: [ app_begin ] --END-- [ RunTime:0.000897s ]
SQL: SHOW COLUMNS FROM `user_info` [ RunTime:0.0031s ]
SQL: SELECT COUNT(*) AS tp_count FROM `user_info` WHERE ( 1 ) LIMIT 1   [ RunTime:0.0003s ]
SQL: SELECT * FROM `user_info` WHERE ( 1 ) ORDER BY posttime desc LIMIT 0,10   [ RunTime:0.0006s ]
INFO: [ view_parse ] --START--
INFO: [ template_filter ] --START--
INFO: Run Behavior\ContentReplaceBehavior [ RunTime:0.000129s ]
INFO: [ template_filter ] --END-- [ RunTime:0.000185s ]
INFO: Run Behavior\ParseTemplateBehavior [ RunTime:0.010464s ]
INFO: [ view_parse ] --END-- [ RunTime:0.010515s ]
INFO: [ view_filter ] --START--
INFO: Run Behavior\WriteHtmlCacheBehavior [ RunTime:0.000261s ]
INFO: [ view_filter ] --END-- [ RunTime:0.000298s ]
INFO: [ app_end ] --START--
INFO: Run Behavior\ShowPageTraceBehavior [ RunTime:0.000459s ]
INFO: [ app_end ] --END-- [ RunTime:0.000498s ]

[ 2015-09-23T14:14:39+08:00 ] 127.0.0.1 /myProject/thinkphpFrame/index.php/Admin/Index/resources/images/closelabel.gif
INFO: [ app_init ] --START--
INFO: Run Behavior\BuildLiteBehavior [ RunTime:0.000017s ]
INFO: [ app_init ] --END-- [ RunTime:0.000396s ]

[ 2015-09-23T14:14:39+08:00 ] 127.0.0.1 /myProject/thinkphpFrame/index.php/Admin/Index/resources/images/loading.gif
INFO: [ app_init ] --START--
INFO: Run Behavior\BuildLiteBehavior [ RunTime:0.000015s ]
INFO: [ app_init ] --END-- [ RunTime:0.000443s ]

[ 2015-09-23T14:21:26+08:00 ] 127.0.0.1 /myProject/thinkphpFrame/index.php/Admin/Task/index
INFO: [ app_init ] --START--
INFO: Run Behavior\BuildLiteBehavior [ RunTime:0.000013s ]
INFO: [ app_init ] --END-- [ RunTime:0.000329s ]
INFO: [ app_begin ] --START--
INFO: Run Behavior\ReadHtmlCacheBehavior [ RunTime:0.000460s ]
INFO: [ app_begin ] --END-- [ RunTime:0.000511s ]
SQL: SHOW COLUMNS FROM `tasks` [ RunTime:0.0034s ]
SQL: SELECT COUNT(*) AS tp_count FROM `tasks` WHERE ( 1 ) LIMIT 1   [ RunTime:0.0003s ]
SQL: SELECT * FROM `tasks` WHERE ( 1 ) ORDER BY task_posttime desc LIMIT 0,10   [ RunTime:0.0004s ]
INFO: [ view_parse ] --START--
INFO: [ template_filter ] --START--
INFO: Run Behavior\ContentReplaceBehavior [ RunTime:0.000154s ]
INFO: [ template_filter ] --END-- [ RunTime:0.000206s ]
INFO: Run Behavior\ParseTemplateBehavior [ RunTime:0.010663s ]
INFO: [ view_parse ] --END-- [ RunTime:0.010716s ]
INFO: [ view_filter ] --START--
INFO: Run Behavior\WriteHtmlCacheBehavior [ RunTime:0.000231s ]
INFO: [ view_filter ] --END-- [ RunTime:0.000269s ]
INFO: [ app_end ] --START--
INFO: Run Behavior\ShowPageTraceBehavior [ RunTime:0.000438s ]
INFO: [ app_end ] --END-- [ RunTime:0.000478s ]

[ 2015-09-23T14:21:26+08:00 ] 127.0.0.1 /myProject/thinkphpFrame/index.php/Admin/Task/resources/images/closelabel.gif
INFO: [ app_init ] --START--
INFO: Run Behavior\BuildLiteBehavior [ RunTime:0.000017s ]
INFO: [ app_init ] --END-- [ RunTime:0.000468s ]

[ 2015-09-23T14:21:26+08:00 ] 127.0.0.1 /myProject/thinkphpFrame/index.php/Admin/Task/resources/images/loading.gif
INFO: [ app_init ] --START--
INFO: Run Behavior\BuildLiteBehavior [ RunTime:0.000016s ]
INFO: [ app_init ] --END-- [ RunTime:0.000413s ]

[ 2015-09-23T14:22:42+08:00 ] 127.0.0.1 /myProject/thinkphpFrame/index.php/Admin/Index/index
INFO: [ app_init ] --START--
INFO: Run Behavior\BuildLiteBehavior [ RunTime:0.000018s ]
INFO: [ app_init ] --END-- [ RunTime:0.000570s ]
INFO: [ app_begin ] --START--
INFO: Run Behavior\ReadHtmlCacheBehavior [ RunTime:0.001098s ]
INFO: [ app_begin ] --END-- [ RunTime:0.001177s ]
SQL: SHOW COLUMNS FROM `user_info` [ RunTime:0.0031s ]
SQL: SELECT COUNT(*) AS tp_count FROM `user_info` WHERE ( 1 ) LIMIT 1   [ RunTime:0.0003s ]
SQL: SELECT * FROM `user_info` WHERE ( 1 ) ORDER BY posttime desc LIMIT 0,10   [ RunTime:0.0005s ]
INFO: [ view_parse ] --START--
INFO: [ template_filter ] --START--
INFO: Run Behavior\ContentReplaceBehavior [ RunTime:0.000128s ]
INFO: [ template_filter ] --END-- [ RunTime:0.000176s ]
INFO: Run Behavior\ParseTemplateBehavior [ RunTime:0.011044s ]
INFO: [ view_parse ] --END-- [ RunTime:0.011102s ]
INFO: [ view_filter ] --START--
INFO: Run Behavior\WriteHtmlCacheBehavior [ RunTime:0.000377s ]
INFO: [ view_filter ] --END-- [ RunTime:0.000420s ]
INFO: [ app_end ] --START--
INFO: Run Behavior\ShowPageTraceBehavior [ RunTime:0.000609s ]
INFO: [ app_end ] --END-- [ RunTime:0.000657s ]

[ 2015-09-23T14:22:42+08:00 ] 127.0.0.1 /myProject/thinkphpFrame/index.php/Admin/Index/resources/images/closelabel.gif
INFO: [ app_init ] --START--
INFO: Run Behavior\BuildLiteBehavior [ RunTime:0.000018s ]
INFO: [ app_init ] --END-- [ RunTime:0.000499s ]

[ 2015-09-23T14:22:42+08:00 ] 127.0.0.1 /myProject/thinkphpFrame/index.php/Admin/Index/resources/images/loading.gif
INFO: [ app_init ] --START--
INFO: Run Behavior\BuildLiteBehavior [ RunTime:0.000020s ]
INFO: [ app_init ] --END-- [ RunTime:0.000678s ]

[ 2015-09-23T17:06:47+08:00 ] 127.0.0.1 /myProject/thinkphpFrame/index.php/Admin/Login/index.html
INFO: [ app_init ] --START--
INFO: Run Behavior\BuildLiteBehavior [ RunTime:0.000019s ]
INFO: [ app_init ] --END-- [ RunTime:0.000413s ]
INFO: [ app_begin ] --START--
INFO: Run Behavior\ReadHtmlCacheBehavior [ RunTime:0.000482s ]
INFO: [ app_begin ] --END-- [ RunTime:0.000577s ]
INFO: [ view_parse ] --START--
INFO: [ template_filter ] --START--
INFO: Run Behavior\ContentReplaceBehavior [ RunTime:0.000068s ]
INFO: [ template_filter ] --END-- [ RunTime:0.000151s ]
INFO: Run Behavior\ParseTemplateBehavior [ RunTime:0.061262s ]
INFO: [ view_parse ] --END-- [ RunTime:0.061337s ]
INFO: [ view_filter ] --START--
INFO: Run Behavior\WriteHtmlCacheBehavior [ RunTime:0.013513s ]
INFO: [ view_filter ] --END-- [ RunTime:0.013573s ]
INFO: [ app_end ] --START--
INFO: Run Behavior\ShowPageTraceBehavior [ RunTime:0.000555s ]
INFO: [ app_end ] --END-- [ RunTime:0.000615s ]

[ 2015-09-23T17:06:47+08:00 ] 127.0.0.1 /myProject/thinkphpFrame/index.php/Admin/Login/resources/images/closelabel.gif
INFO: [ app_init ] --START--
INFO: Run Behavior\BuildLiteBehavior [ RunTime:0.000019s ]
INFO: [ app_init ] --END-- [ RunTime:0.000407s ]

[ 2015-09-23T17:06:47+08:00 ] 127.0.0.1 /myProject/thinkphpFrame/index.php/Admin/Login/resources/images/loading.gif
INFO: [ app_init ] --START--
INFO: Run Behavior\BuildLiteBehavior [ RunTime:0.000020s ]
INFO: [ app_init ] --END-- [ RunTime:0.000464s ]

[ 2015-09-23T17:06:54+08:00 ] 127.0.0.1 /myProject/thinkphpFrame/index.php/Admin/Login/update
INFO: [ app_init ] --START--
INFO: Run Behavior\BuildLiteBehavior [ RunTime:0.000017s ]
INFO: [ app_init ] --END-- [ RunTime:0.000552s ]
INFO: [ app_begin ] --START--
INFO: Run Behavior\ReadHtmlCacheBehavior [ RunTime:0.000971s ]
INFO: [ app_begin ] --END-- [ RunTime:0.001050s ]
SQL: SHOW COLUMNS FROM `user` [ RunTime:0.0178s ]
SQL: SELECT * FROM `user` WHERE ( username = 'aaaaaa' AND password = 'e10adc3949ba59abbe56e057f20f883e' ) LIMIT 1   [ RunTime:0.0004s ]

[ 2015-09-23T17:06:54+08:00 ] 127.0.0.1 /myProject/thinkphpFrame/index.php/Admin/Index/index.html
INFO: [ app_init ] --START--
INFO: Run Behavior\BuildLiteBehavior [ RunTime:0.000015s ]
INFO: [ app_init ] --END-- [ RunTime:0.000391s ]
INFO: [ app_begin ] --START--
INFO: Run Behavior\ReadHtmlCacheBehavior [ RunTime:0.000505s ]
INFO: [ app_begin ] --END-- [ RunTime:0.000549s ]
SQL: SHOW COLUMNS FROM `user_info` [ RunTime:0.0036s ]
SQL: SELECT COUNT(*) AS tp_count FROM `user_info` WHERE ( 1 ) LIMIT 1   [ RunTime:0.0003s ]
SQL: SELECT * FROM `user_info` WHERE ( 1 ) ORDER BY posttime desc LIMIT 0,10   [ RunTime:0.0007s ]
INFO: [ view_parse ] --START--
INFO: [ template_filter ] --START--
INFO: Run Behavior\ContentReplaceBehavior [ RunTime:0.000130s ]
INFO: [ template_filter ] --END-- [ RunTime:0.000185s ]
INFO: Run Behavior\ParseTemplateBehavior [ RunTime:0.011316s ]
INFO: [ view_parse ] --END-- [ RunTime:0.011392s ]
INFO: [ view_filter ] --START--
INFO: Run Behavior\WriteHtmlCacheBehavior [ RunTime:0.000341s ]
INFO: [ view_filter ] --END-- [ RunTime:0.000381s ]
INFO: [ app_end ] --START--
INFO: Run Behavior\ShowPageTraceBehavior [ RunTime:0.000657s ]
INFO: [ app_end ] --END-- [ RunTime:0.000709s ]

[ 2015-09-23T17:06:55+08:00 ] 127.0.0.1 /myProject/thinkphpFrame/index.php/Admin/Index/resources/images/closelabel.gif
INFO: [ app_init ] --START--
INFO: Run Behavior\BuildLiteBehavior [ RunTime:0.000012s ]
INFO: [ app_init ] --END-- [ RunTime:0.000310s ]

[ 2015-09-23T17:06:55+08:00 ] 127.0.0.1 /myProject/thinkphpFrame/index.php/Admin/Index/resources/images/loading.gif
INFO: [ app_init ] --START--
INFO: Run Behavior\BuildLiteBehavior [ RunTime:0.000013s ]
INFO: [ app_init ] --END-- [ RunTime:0.000303s ]

[ 2015-09-23T17:06:59+08:00 ] 127.0.0.1 /myProject/thinkphpFrame/index.php/Admin/Task/index
INFO: [ app_init ] --START--
INFO: Run Behavior\BuildLiteBehavior [ RunTime:0.000017s ]
INFO: [ app_init ] --END-- [ RunTime:0.000476s ]
INFO: [ app_begin ] --START--
INFO: Run Behavior\ReadHtmlCacheBehavior [ RunTime:0.000910s ]
INFO: [ app_begin ] --END-- [ RunTime:0.000983s ]
SQL: SHOW COLUMNS FROM `tasks` [ RunTime:0.0030s ]
SQL: SELECT COUNT(*) AS tp_count FROM `tasks` WHERE ( 1 ) LIMIT 1   [ RunTime:0.0003s ]
SQL: SELECT * FROM `tasks` WHERE ( 1 ) ORDER BY task_posttime desc LIMIT 0,10   [ RunTime:0.0003s ]
INFO: [ view_parse ] --START--
INFO: [ template_filter ] --START--
INFO: Run Behavior\ContentReplaceBehavior [ RunTime:0.000142s ]
INFO: [ template_filter ] --END-- [ RunTime:0.000195s ]
INFO: Run Behavior\ParseTemplateBehavior [ RunTime:0.010798s ]
INFO: [ view_parse ] --END-- [ RunTime:0.010848s ]
INFO: [ view_filter ] --START--
INFO: Run Behavior\WriteHtmlCacheBehavior [ RunTime:0.000358s ]
INFO: [ view_filter ] --END-- [ RunTime:0.000395s ]
INFO: [ app_end ] --START--
INFO: Run Behavior\ShowPageTraceBehavior [ RunTime:0.000538s ]
INFO: [ app_end ] --END-- [ RunTime:0.000577s ]

[ 2015-09-23T17:06:59+08:00 ] 127.0.0.1 /myProject/thinkphpFrame/index.php/Admin/Task/resources/images/closelabel.gif
INFO: [ app_init ] --START--
INFO: Run Behavior\BuildLiteBehavior [ RunTime:0.000017s ]
INFO: [ app_init ] --END-- [ RunTime:0.000413s ]

[ 2015-09-23T17:06:59+08:00 ] 127.0.0.1 /myProject/thinkphpFrame/index.php/Admin/Task/resources/images/loading.gif
INFO: [ app_init ] --START--
INFO: Run Behavior\BuildLiteBehavior [ RunTime:0.000018s ]
INFO: [ app_init ] --END-- [ RunTime:0.000475s ]

[ 2015-09-23T17:21:01+08:00 ] 127.0.0.1 /myProject/thinkphpFrame/index.php/Admin/Task/index
INFO: [ app_init ] --START--
INFO: Run Behavior\BuildLiteBehavior [ RunTime:0.000025s ]
INFO: [ app_init ] --END-- [ RunTime:0.000679s ]
INFO: [ app_begin ] --START--
INFO: Run Behavior\ReadHtmlCacheBehavior [ RunTime:0.001201s ]
INFO: [ app_begin ] --END-- [ RunTime:0.001308s ]
SQL: SHOW COLUMNS FROM `tasks` [ RunTime:0.0030s ]
SQL: SELECT COUNT(*) AS tp_count FROM `tasks` WHERE ( 1 ) LIMIT 1   [ RunTime:0.0005s ]
SQL: SELECT * FROM `tasks` WHERE ( 1 ) ORDER BY task_posttime desc LIMIT 0,10   [ RunTime:0.0005s ]
INFO: [ view_parse ] --START--
INFO: [ template_filter ] --START--
INFO: Run Behavior\ContentReplaceBehavior [ RunTime:0.000142s ]
INFO: [ template_filter ] --END-- [ RunTime:0.000195s ]
INFO: Run Behavior\ParseTemplateBehavior [ RunTime:0.010713s ]
INFO: [ view_parse ] --END-- [ RunTime:0.010768s ]
INFO: [ view_filter ] --START--
INFO: Run Behavior\WriteHtmlCacheBehavior [ RunTime:0.000300s ]
INFO: [ view_filter ] --END-- [ RunTime:0.000336s ]
INFO: [ app_end ] --START--
INFO: Run Behavior\ShowPageTraceBehavior [ RunTime:0.000532s ]
INFO: [ app_end ] --END-- [ RunTime:0.000571s ]

[ 2015-09-23T17:21:01+08:00 ] 127.0.0.1 /myProject/thinkphpFrame/index.php/Admin/Task/resources/images/closelabel.gif
INFO: [ app_init ] --START--
INFO: Run Behavior\BuildLiteBehavior [ RunTime:0.000018s ]
INFO: [ app_init ] --END-- [ RunTime:0.000995s ]

[ 2015-09-23T17:21:01+08:00 ] 127.0.0.1 /myProject/thinkphpFrame/index.php/Admin/Task/resources/images/loading.gif
INFO: [ app_init ] --START--
INFO: Run Behavior\BuildLiteBehavior [ RunTime:0.000020s ]
INFO: [ app_init ] --END-- [ RunTime:0.000476s ]

[ 2015-09-23T17:21:03+08:00 ] 127.0.0.1 /myProject/thinkphpFrame/index.php/Admin/Task/show_baoming/id/40
INFO: [ app_init ] --START--
INFO: Run Behavior\BuildLiteBehavior [ RunTime:0.000013s ]
INFO: [ app_init ] --END-- [ RunTime:0.000322s ]
INFO: [ app_begin ] --START--
INFO: Run Behavior\ReadHtmlCacheBehavior [ RunTime:0.000530s ]
INFO: [ app_begin ] --END-- [ RunTime:0.000581s ]
SQL: SHOW COLUMNS FROM `task_user` [ RunTime:0.0033s ]
SQL: SELECT COUNT(*) AS tp_count FROM `task_user` INNER JOIN tasks ON tasks.id=task_user.task_id INNER JOIN user_info ON task_user.user_id=user_info.id AND task_id=40  LIMIT 1   [ RunTime:0.0008s ]
SQL: SELECT * FROM `task_user` INNER JOIN tasks ON tasks.id=task_user.task_id INNER JOIN user_info ON task_user.user_id=user_info.id AND task_id=40  ORDER BY time desc LIMIT 0,10   [ RunTime:0.0006s ]
INFO: [ view_parse ] --START--
INFO: [ template_filter ] --START--
INFO: Run Behavior\ContentReplaceBehavior [ RunTime:0.000195s ]
INFO: [ template_filter ] --END-- [ RunTime:0.000250s ]
NOTIC: [8] Undefined variable: id D:\wamp\www\myProject\thinkphpFrame\Application\Runtime\Cache\Admin\25ecfde752835b67ed3f37f6c907f738.php 第 125 行.
NOTIC: [8] Undefined variable: data D:\wamp\www\myProject\thinkphpFrame\Application\Runtime\Cache\Admin\25ecfde752835b67ed3f37f6c907f738.php 第 408 行.
NOTIC: [8] Undefined variable: data D:\wamp\www\myProject\thinkphpFrame\Application\Runtime\Cache\Admin\25ecfde752835b67ed3f37f6c907f738.php 第 409 行.
NOTIC: [8] Undefined variable: data D:\wamp\www\myProject\thinkphpFrame\Application\Runtime\Cache\Admin\25ecfde752835b67ed3f37f6c907f738.php 第 419 行.
NOTIC: [8] Undefined variable: data D:\wamp\www\myProject\thinkphpFrame\Application\Runtime\Cache\Admin\25ecfde752835b67ed3f37f6c907f738.php 第 421 行.
NOTIC: [8] Undefined variable: data D:\wamp\www\myProject\thinkphpFrame\Application\Runtime\Cache\Admin\25ecfde752835b67ed3f37f6c907f738.php 第 426 行.
NOTIC: [8] Undefined variable: data D:\wamp\www\myProject\thinkphpFrame\Application\Runtime\Cache\Admin\25ecfde752835b67ed3f37f6c907f738.php 第 431 行.
NOTIC: [8] Undefined variable: data D:\wamp\www\myProject\thinkphpFrame\Application\Runtime\Cache\Admin\25ecfde752835b67ed3f37f6c907f738.php 第 436 行.
NOTIC: [8] Undefined variable: data D:\wamp\www\myProject\thinkphpFrame\Application\Runtime\Cache\Admin\25ecfde752835b67ed3f37f6c907f738.php 第 441 行.
NOTIC: [8] Undefined variable: data D:\wamp\www\myProject\thinkphpFrame\Application\Runtime\Cache\Admin\25ecfde752835b67ed3f37f6c907f738.php 第 446 行.
NOTIC: [8] Undefined variable: data D:\wamp\www\myProject\thinkphpFrame\Application\Runtime\Cache\Admin\25ecfde752835b67ed3f37f6c907f738.php 第 451 行.
NOTIC: [8] Undefined variable: data D:\wamp\www\myProject\thinkphpFrame\Application\Runtime\Cache\Admin\25ecfde752835b67ed3f37f6c907f738.php 第 456 行.
NOTIC: [8] Undefined variable: data D:\wamp\www\myProject\thinkphpFrame\Application\Runtime\Cache\Admin\25ecfde752835b67ed3f37f6c907f738.php 第 461 行.
NOTIC: [8] Undefined variable: data D:\wamp\www\myProject\thinkphpFrame\Application\Runtime\Cache\Admin\25ecfde752835b67ed3f37f6c907f738.php 第 468 行.
NOTIC: [8] Undefined variable: data D:\wamp\www\myProject\thinkphpFrame\Application\Runtime\Cache\Admin\25ecfde752835b67ed3f37f6c907f738.php 第 476 行.
INFO: Run Behavior\ParseTemplateBehavior [ RunTime:0.012290s ]
INFO: [ view_parse ] --END-- [ RunTime:0.012348s ]
INFO: [ view_filter ] --START--
INFO: Run Behavior\WriteHtmlCacheBehavior [ RunTime:0.000305s ]
INFO: [ view_filter ] --END-- [ RunTime:0.000342s ]
INFO: [ app_end ] --START--
INFO: Run Behavior\ShowPageTraceBehavior [ RunTime:0.000527s ]
INFO: [ app_end ] --END-- [ RunTime:0.000566s ]

[ 2015-09-23T17:21:03+08:00 ] 127.0.0.1 /myProject/thinkphpFrame/index.php/Admin/Task/show_baoming/id/resources/images/closelabel.gif
INFO: [ app_init ] --START--
INFO: Run Behavior\BuildLiteBehavior [ RunTime:0.000018s ]
INFO: [ app_init ] --END-- [ RunTime:0.000540s ]

[ 2015-09-23T17:21:03+08:00 ] 127.0.0.1 /myProject/thinkphpFrame/index.php/Admin/Task/show_baoming/id/resources/images/loading.gif
INFO: [ app_init ] --START--
INFO: Run Behavior\BuildLiteBehavior [ RunTime:0.000020s ]
INFO: [ app_init ] --END-- [ RunTime:0.000482s ]

[ 2015-09-23T17:37:12+08:00 ] 127.0.0.1 /myProject/thinkphpFrame/index.php/Admin/Task/show_baoming/id/40
INFO: [ app_init ] --START--
INFO: Run Behavior\BuildLiteBehavior [ RunTime:0.000019s ]
INFO: [ app_init ] --END-- [ RunTime:0.000515s ]
INFO: [ app_begin ] --START--
INFO: Run Behavior\ReadHtmlCacheBehavior [ RunTime:0.000856s ]
INFO: [ app_begin ] --END-- [ RunTime:0.000941s ]
SQL: SHOW COLUMNS FROM `task_user` [ RunTime:0.0030s ]
SQL: SELECT COUNT(*) AS tp_count FROM `task_user` INNER JOIN tasks ON tasks.id=task_user.task_id INNER JOIN user_info ON task_user.user_id=user_info.id AND task_id=40  LIMIT 1   [ RunTime:0.0004s ]
SQL: SELECT * FROM `task_user` INNER JOIN tasks ON tasks.id=task_user.task_id INNER JOIN user_info ON task_user.user_id=user_info.id AND task_id=40  ORDER BY time desc LIMIT 0,10   [ RunTime:0.0006s ]
INFO: [ view_parse ] --START--
INFO: [ template_filter ] --START--
INFO: Run Behavior\ContentReplaceBehavior [ RunTime:0.000154s ]
INFO: [ template_filter ] --END-- [ RunTime:0.000204s ]
NOTIC: [8] Undefined variable: id D:\wamp\www\myProject\thinkphpFrame\Application\Runtime\Cache\Admin\25ecfde752835b67ed3f37f6c907f738.php 第 125 行.
NOTIC: [8] Undefined variable: data D:\wamp\www\myProject\thinkphpFrame\Application\Runtime\Cache\Admin\25ecfde752835b67ed3f37f6c907f738.php 第 408 行.
NOTIC: [8] Undefined variable: data D:\wamp\www\myProject\thinkphpFrame\Application\Runtime\Cache\Admin\25ecfde752835b67ed3f37f6c907f738.php 第 409 行.
NOTIC: [8] Undefined variable: data D:\wamp\www\myProject\thinkphpFrame\Application\Runtime\Cache\Admin\25ecfde752835b67ed3f37f6c907f738.php 第 419 行.
NOTIC: [8] Undefined variable: data D:\wamp\www\myProject\thinkphpFrame\Application\Runtime\Cache\Admin\25ecfde752835b67ed3f37f6c907f738.php 第 421 行.
NOTIC: [8] Undefined variable: data D:\wamp\www\myProject\thinkphpFrame\Application\Runtime\Cache\Admin\25ecfde752835b67ed3f37f6c907f738.php 第 426 行.
NOTIC: [8] Undefined variable: data D:\wamp\www\myProject\thinkphpFrame\Application\Runtime\Cache\Admin\25ecfde752835b67ed3f37f6c907f738.php 第 431 行.
NOTIC: [8] Undefined variable: data D:\wamp\www\myProject\thinkphpFrame\Application\Runtime\Cache\Admin\25ecfde752835b67ed3f37f6c907f738.php 第 436 行.
NOTIC: [8] Undefined variable: data D:\wamp\www\myProject\thinkphpFrame\Application\Runtime\Cache\Admin\25ecfde752835b67ed3f37f6c907f738.php 第 441 行.
NOTIC: [8] Undefined variable: data D:\wamp\www\myProject\thinkphpFrame\Application\Runtime\Cache\Admin\25ecfde752835b67ed3f37f6c907f738.php 第 446 行.
NOTIC: [8] Undefined variable: data D:\wamp\www\myProject\thinkphpFrame\Application\Runtime\Cache\Admin\25ecfde752835b67ed3f37f6c907f738.php 第 451 行.
NOTIC: [8] Undefined variable: data D:\wamp\www\myProject\thinkphpFrame\Application\Runtime\Cache\Admin\25ecfde752835b67ed3f37f6c907f738.php 第 456 行.
NOTIC: [8] Undefined variable: data D:\wamp\www\myProject\thinkphpFrame\Application\Runtime\Cache\Admin\25ecfde752835b67ed3f37f6c907f738.php 第 461 行.
NOTIC: [8] Undefined variable: data D:\wamp\www\myProject\thinkphpFrame\Application\Runtime\Cache\Admin\25ecfde752835b67ed3f37f6c907f738.php 第 468 行.
NOTIC: [8] Undefined variable: data D:\wamp\www\myProject\thinkphpFrame\Application\Runtime\Cache\Admin\25ecfde752835b67ed3f37f6c907f738.php 第 476 行.
INFO: Run Behavior\ParseTemplateBehavior [ RunTime:0.012507s ]
INFO: [ view_parse ] --END-- [ RunTime:0.012553s ]
INFO: [ view_filter ] --START--
INFO: Run Behavior\WriteHtmlCacheBehavior [ RunTime:0.000305s ]
INFO: [ view_filter ] --END-- [ RunTime:0.000340s ]
INFO: [ app_end ] --START--
INFO: Run Behavior\ShowPageTraceBehavior [ RunTime:0.000496s ]
INFO: [ app_end ] --END-- [ RunTime:0.000535s ]

[ 2015-09-23T17:37:13+08:00 ] 127.0.0.1 /myProject/thinkphpFrame/index.php/Admin/Task/show_baoming/id/resources/images/closelabel.gif
INFO: [ app_init ] --START--
INFO: Run Behavior\BuildLiteBehavior [ RunTime:0.000018s ]
INFO: [ app_init ] --END-- [ RunTime:0.000559s ]

[ 2015-09-23T17:37:25+08:00 ] 127.0.0.1 /myProject/thinkphpFrame/index.php/Admin/Task/index
INFO: [ app_init ] --START--
INFO: Run Behavior\BuildLiteBehavior [ RunTime:0.000020s ]
INFO: [ app_init ] --END-- [ RunTime:0.000478s ]
INFO: [ app_begin ] --START--
INFO: Run Behavior\ReadHtmlCacheBehavior [ RunTime:0.000805s ]
INFO: [ app_begin ] --END-- [ RunTime:0.000890s ]
SQL: SHOW COLUMNS FROM `tasks` [ RunTime:0.0032s ]
SQL: SELECT COUNT(*) AS tp_count FROM `tasks` WHERE ( 1 ) LIMIT 1   [ RunTime:0.0003s ]
SQL: SELECT * FROM `tasks` WHERE ( 1 ) ORDER BY task_posttime desc LIMIT 0,10   [ RunTime:0.0004s ]
INFO: [ view_parse ] --START--
INFO: [ template_filter ] --START--
INFO: Run Behavior\ContentReplaceBehavior [ RunTime:0.000157s ]
INFO: [ template_filter ] --END-- [ RunTime:0.000232s ]
INFO: Run Behavior\ParseTemplateBehavior [ RunTime:0.010460s ]
INFO: [ view_parse ] --END-- [ RunTime:0.010517s ]
INFO: [ view_filter ] --START--
INFO: Run Behavior\WriteHtmlCacheBehavior [ RunTime:0.000233s ]
INFO: [ view_filter ] --END-- [ RunTime:0.000271s ]
INFO: [ app_end ] --START--
INFO: Run Behavior\ShowPageTraceBehavior [ RunTime:0.000427s ]
INFO: [ app_end ] --END-- [ RunTime:0.000465s ]

[ 2015-09-23T17:37:26+08:00 ] 127.0.0.1 /myProject/thinkphpFrame/index.php/Admin/Task/resources/images/closelabel.gif
INFO: [ app_init ] --START--
INFO: Run Behavior\BuildLiteBehavior [ RunTime:0.000018s ]
INFO: [ app_init ] --END-- [ RunTime:0.000563s ]

[ 2015-09-23T17:37:26+08:00 ] 127.0.0.1 /myProject/thinkphpFrame/index.php/Admin/Task/resources/images/loading.gif
INFO: [ app_init ] --START--
INFO: Run Behavior\BuildLiteBehavior [ RunTime:0.000019s ]
INFO: [ app_init ] --END-- [ RunTime:0.000467s ]

[ 2015-09-23T17:37:28+08:00 ] 127.0.0.1 /myProject/thinkphpFrame/index.php/Admin/Task/show_baoming/id/40
INFO: [ app_init ] --START--
INFO: Run Behavior\BuildLiteBehavior [ RunTime:0.000015s ]
INFO: [ app_init ] --END-- [ RunTime:0.000349s ]
INFO: [ app_begin ] --START--
INFO: Run Behavior\ReadHtmlCacheBehavior [ RunTime:0.000627s ]
INFO: [ app_begin ] --END-- [ RunTime:0.000690s ]
SQL: SHOW COLUMNS FROM `task_user` [ RunTime:0.0028s ]
SQL: SELECT COUNT(*) AS tp_count FROM `task_user` INNER JOIN tasks ON tasks.id=task_user.task_id INNER JOIN user_info ON task_user.user_id=user_info.id AND task_id=40  LIMIT 1   [ RunTime:0.0003s ]
SQL: SELECT * FROM `task_user` INNER JOIN tasks ON tasks.id=task_user.task_id INNER JOIN user_info ON task_user.user_id=user_info.id AND task_id=40  ORDER BY time desc LIMIT 0,10   [ RunTime:0.0005s ]
INFO: [ view_parse ] --START--
INFO: [ template_filter ] --START--
INFO: Run Behavior\ContentReplaceBehavior [ RunTime:0.000155s ]
INFO: [ template_filter ] --END-- [ RunTime:0.000202s ]
NOTIC: [8] Undefined variable: id D:\wamp\www\myProject\thinkphpFrame\Application\Runtime\Cache\Admin\25ecfde752835b67ed3f37f6c907f738.php 第 125 行.
NOTIC: [8] Undefined variable: data D:\wamp\www\myProject\thinkphpFrame\Application\Runtime\Cache\Admin\25ecfde752835b67ed3f37f6c907f738.php 第 408 行.
NOTIC: [8] Undefined variable: data D:\wamp\www\myProject\thinkphpFrame\Application\Runtime\Cache\Admin\25ecfde752835b67ed3f37f6c907f738.php 第 409 行.
NOTIC: [8] Undefined variable: data D:\wamp\www\myProject\thinkphpFrame\Application\Runtime\Cache\Admin\25ecfde752835b67ed3f37f6c907f738.php 第 419 行.
NOTIC: [8] Undefined variable: data D:\wamp\www\myProject\thinkphpFrame\Application\Runtime\Cache\Admin\25ecfde752835b67ed3f37f6c907f738.php 第 421 行.
NOTIC: [8] Undefined variable: data D:\wamp\www\myProject\thinkphpFrame\Application\Runtime\Cache\Admin\25ecfde752835b67ed3f37f6c907f738.php 第 426 行.
NOTIC: [8] Undefined variable: data D:\wamp\www\myProject\thinkphpFrame\Application\Runtime\Cache\Admin\25ecfde752835b67ed3f37f6c907f738.php 第 431 行.
NOTIC: [8] Undefined variable: data D:\wamp\www\myProject\thinkphpFrame\Application\Runtime\Cache\Admin\25ecfde752835b67ed3f37f6c907f738.php 第 436 行.
NOTIC: [8] Undefined variable: data D:\wamp\www\myProject\thinkphpFrame\Application\Runtime\Cache\Admin\25ecfde752835b67ed3f37f6c907f738.php 第 441 行.
NOTIC: [8] Undefined variable: data D:\wamp\www\myProject\thinkphpFrame\Application\Runtime\Cache\Admin\25ecfde752835b67ed3f37f6c907f738.php 第 446 行.
NOTIC: [8] Undefined variable: data D:\wamp\www\myProject\thinkphpFrame\Application\Runtime\Cache\Admin\25ecfde752835b67ed3f37f6c907f738.php 第 451 行.
NOTIC: [8] Undefined variable: data D:\wamp\www\myProject\thinkphpFrame\Application\Runtime\Cache\Admin\25ecfde752835b67ed3f37f6c907f738.php 第 456 行.
NOTIC: [8] Undefined variable: data D:\wamp\www\myProject\thinkphpFrame\Application\Runtime\Cache\Admin\25ecfde752835b67ed3f37f6c907f738.php 第 461 行.
NOTIC: [8] Undefined variable: data D:\wamp\www\myProject\thinkphpFrame\Application\Runtime\Cache\Admin\25ecfde752835b67ed3f37f6c907f738.php 第 468 行.
NOTIC: [8] Undefined variable: data D:\wamp\www\myProject\thinkphpFrame\Application\Runtime\Cache\Admin\25ecfde752835b67ed3f37f6c907f738.php 第 476 行.
INFO: Run Behavior\ParseTemplateBehavior [ RunTime:0.012596s ]
INFO: [ view_parse ] --END-- [ RunTime:0.012648s ]
INFO: [ view_filter ] --START--
INFO: Run Behavior\WriteHtmlCacheBehavior [ RunTime:0.000325s ]
INFO: [ view_filter ] --END-- [ RunTime:0.000363s ]
INFO: [ app_end ] --START--
INFO: Run Behavior\ShowPageTraceBehavior [ RunTime:0.000477s ]
INFO: [ app_end ] --END-- [ RunTime:0.000515s ]

[ 2015-09-23T17:37:29+08:00 ] 127.0.0.1 /myProject/thinkphpFrame/index.php/Admin/Task/show_baoming/id/resources/images/closelabel.gif
INFO: [ app_init ] --START--
INFO: Run Behavior\BuildLiteBehavior [ RunTime:0.000011s ]
INFO: [ app_init ] --END-- [ RunTime:0.000254s ]

[ 2015-09-23T17:37:29+08:00 ] 127.0.0.1 /myProject/thinkphpFrame/index.php/Admin/Task/show_baoming/id/resources/images/loading.gif
INFO: [ app_init ] --START--
INFO: Run Behavior\BuildLiteBehavior [ RunTime:0.000016s ]
INFO: [ app_init ] --END-- [ RunTime:0.000375s ]

[ 2015-09-23T17:37:39+08:00 ] 127.0.0.1 /myProject/thinkphpFrame/index.php/Admin/Task/checkAjax/userid/1093/taskid/40
INFO: [ app_init ] --START--
INFO: Run Behavior\BuildLiteBehavior [ RunTime:0.000040s ]
INFO: [ app_init ] --END-- [ RunTime:0.001058s ]
INFO: [ app_begin ] --START--
INFO: Run Behavior\ReadHtmlCacheBehavior [ RunTime:0.000752s ]
INFO: [ app_begin ] --END-- [ RunTime:0.000830s ]
SQL: SHOW COLUMNS FROM `task_user` [ RunTime:0.0046s ]
SQL: UPDATE `task_user` SET `state`='1' WHERE ( task_id=40 AND user_id=1093 ) [ RunTime:0.0657s ]
SQL: SHOW COLUMNS FROM `tasks` [ RunTime:0.0116s ]
SQL: SELECT `task_jifeng` FROM `tasks` WHERE ( id=40 ) LIMIT 1   [ RunTime:0.0009s ]
SQL: SHOW COLUMNS FROM `user_info` [ RunTime:0.0112s ]
SQL: UPDATE `user_info` SET `jifeng`=jifeng+6 WHERE ( id=1093 ) [ RunTime:0.0408s ]
INFO: [ app_end ] --START--
INFO: Run Behavior\ShowPageTraceBehavior [ RunTime:0.002144s ]
INFO: [ app_end ] --END-- [ RunTime:0.002303s ]

[ 2015-09-23T17:37:42+08:00 ] 127.0.0.1 /myProject/thinkphpFrame/index.php/Admin/Task/show_baoming/id/40
INFO: [ app_init ] --START--
INFO: Run Behavior\BuildLiteBehavior [ RunTime:0.000017s ]
INFO: [ app_init ] --END-- [ RunTime:0.000419s ]
INFO: [ app_begin ] --START--
INFO: Run Behavior\ReadHtmlCacheBehavior [ RunTime:0.000736s ]
INFO: [ app_begin ] --END-- [ RunTime:0.000812s ]
SQL: SHOW COLUMNS FROM `task_user` [ RunTime:0.0029s ]
SQL: SELECT COUNT(*) AS tp_count FROM `task_user` INNER JOIN tasks ON tasks.id=task_user.task_id INNER JOIN user_info ON task_user.user_id=user_info.id AND task_id=40  LIMIT 1   [ RunTime:0.0003s ]
SQL: SELECT * FROM `task_user` INNER JOIN tasks ON tasks.id=task_user.task_id INNER JOIN user_info ON task_user.user_id=user_info.id AND task_id=40  ORDER BY time desc LIMIT 0,10   [ RunTime:0.0010s ]
INFO: [ view_parse ] --START--
INFO: [ template_filter ] --START--
INFO: Run Behavior\ContentReplaceBehavior [ RunTime:0.000155s ]
INFO: [ template_filter ] --END-- [ RunTime:0.000207s ]
NOTIC: [8] Undefined variable: id D:\wamp\www\myProject\thinkphpFrame\Application\Runtime\Cache\Admin\25ecfde752835b67ed3f37f6c907f738.php 第 125 行.
NOTIC: [8] Undefined variable: data D:\wamp\www\myProject\thinkphpFrame\Application\Runtime\Cache\Admin\25ecfde752835b67ed3f37f6c907f738.php 第 408 行.
NOTIC: [8] Undefined variable: data D:\wamp\www\myProject\thinkphpFrame\Application\Runtime\Cache\Admin\25ecfde752835b67ed3f37f6c907f738.php 第 409 行.
NOTIC: [8] Undefined variable: data D:\wamp\www\myProject\thinkphpFrame\Application\Runtime\Cache\Admin\25ecfde752835b67ed3f37f6c907f738.php 第 419 行.
NOTIC: [8] Undefined variable: data D:\wamp\www\myProject\thinkphpFrame\Application\Runtime\Cache\Admin\25ecfde752835b67ed3f37f6c907f738.php 第 421 行.
NOTIC: [8] Undefined variable: data D:\wamp\www\myProject\thinkphpFrame\Application\Runtime\Cache\Admin\25ecfde752835b67ed3f37f6c907f738.php 第 426 行.
NOTIC: [8] Undefined variable: data D:\wamp\www\myProject\thinkphpFrame\Application\Runtime\Cache\Admin\25ecfde752835b67ed3f37f6c907f738.php 第 431 行.
NOTIC: [8] Undefined variable: data D:\wamp\www\myProject\thinkphpFrame\Application\Runtime\Cache\Admin\25ecfde752835b67ed3f37f6c907f738.php 第 436 行.
NOTIC: [8] Undefined variable: data D:\wamp\www\myProject\thinkphpFrame\Application\Runtime\Cache\Admin\25ecfde752835b67ed3f37f6c907f738.php 第 441 行.
NOTIC: [8] Undefined variable: data D:\wamp\www\myProject\thinkphpFrame\Application\Runtime\Cache\Admin\25ecfde752835b67ed3f37f6c907f738.php 第 446 行.
NOTIC: [8] Undefined variable: data D:\wamp\www\myProject\thinkphpFrame\Application\Runtime\Cache\Admin\25ecfde752835b67ed3f37f6c907f738.php 第 451 行.
NOTIC: [8] Undefined variable: data D:\wamp\www\myProject\thinkphpFrame\Application\Runtime\Cache\Admin\25ecfde752835b67ed3f37f6c907f738.php 第 456 行.
NOTIC: [8] Undefined variable: data D:\wamp\www\myProject\thinkphpFrame\Application\Runtime\Cache\Admin\25ecfde752835b67ed3f37f6c907f738.php 第 461 行.
NOTIC: [8] Undefined variable: data D:\wamp\www\myProject\thinkphpFrame\Application\Runtime\Cache\Admin\25ecfde752835b67ed3f37f6c907f738.php 第 468 行.
NOTIC: [8] Undefined variable: data D:\wamp\www\myProject\thinkphpFrame\Application\Runtime\Cache\Admin\25ecfde752835b67ed3f37f6c907f738.php 第 476 行.
INFO: Run Behavior\ParseTemplateBehavior [ RunTime:0.013584s ]
INFO: [ view_parse ] --END-- [ RunTime:0.013646s ]
INFO: [ view_filter ] --START--
INFO: Run Behavior\WriteHtmlCacheBehavior [ RunTime:0.000270s ]
INFO: [ view_filter ] --END-- [ RunTime:0.000305s ]
INFO: [ app_end ] --START--
INFO: Run Behavior\ShowPageTraceBehavior [ RunTime:0.000560s ]
INFO: [ app_end ] --END-- [ RunTime:0.000600s ]

[ 2015-09-23T17:37:43+08:00 ] 127.0.0.1 /myProject/thinkphpFrame/index.php/Admin/Task/show_baoming/id/resources/images/loading.gif
INFO: [ app_init ] --START--
INFO: Run Behavior\BuildLiteBehavior [ RunTime:0.000016s ]
INFO: [ app_init ] --END-- [ RunTime:0.000408s ]

[ 2015-09-23T17:37:43+08:00 ] 127.0.0.1 /myProject/thinkphpFrame/index.php/Admin/Task/show_baoming/id/resources/images/closelabel.gif
INFO: [ app_init ] --START--
INFO: Run Behavior\BuildLiteBehavior [ RunTime:0.000018s ]
INFO: [ app_init ] --END-- [ RunTime:0.000484s ]

[ 2015-09-23T17:44:29+08:00 ] 127.0.0.1 /myProject/thinkphpFrame/index.php/Admin/Task/show_baoming/id/40
INFO: [ app_init ] --START--
INFO: Run Behavior\BuildLiteBehavior [ RunTime:0.000020s ]
INFO: [ app_init ] --END-- [ RunTime:0.000554s ]
INFO: [ app_begin ] --START--
INFO: Run Behavior\ReadHtmlCacheBehavior [ RunTime:0.000828s ]
INFO: [ app_begin ] --END-- [ RunTime:0.000917s ]
SQL: SHOW COLUMNS FROM `task_user` [ RunTime:0.0060s ]
SQL: SELECT COUNT(*) AS tp_count FROM `task_user` INNER JOIN tasks ON tasks.id=task_user.task_id INNER JOIN user_info ON task_user.user_id=user_info.id AND task_id=40  LIMIT 1   [ RunTime:0.0008s ]
SQL: SELECT * FROM `task_user` INNER JOIN tasks ON tasks.id=task_user.task_id INNER JOIN user_info ON task_user.user_id=user_info.id AND task_id=40  ORDER BY time desc LIMIT 0,10   [ RunTime:0.0011s ]
INFO: [ view_parse ] --START--
INFO: [ template_filter ] --START--
INFO: Run Behavior\ContentReplaceBehavior [ RunTime:0.000334s ]
INFO: [ template_filter ] --END-- [ RunTime:0.000429s ]
NOTIC: [8] Undefined variable: id D:\wamp\www\myProject\thinkphpFrame\Application\Runtime\Cache\Admin\25ecfde752835b67ed3f37f6c907f738.php 第 125 行.
NOTIC: [8] Undefined variable: data D:\wamp\www\myProject\thinkphpFrame\Application\Runtime\Cache\Admin\25ecfde752835b67ed3f37f6c907f738.php 第 408 行.
NOTIC: [8] Undefined variable: data D:\wamp\www\myProject\thinkphpFrame\Application\Runtime\Cache\Admin\25ecfde752835b67ed3f37f6c907f738.php 第 409 行.
NOTIC: [8] Undefined variable: data D:\wamp\www\myProject\thinkphpFrame\Application\Runtime\Cache\Admin\25ecfde752835b67ed3f37f6c907f738.php 第 419 行.
NOTIC: [8] Undefined variable: data D:\wamp\www\myProject\thinkphpFrame\Application\Runtime\Cache\Admin\25ecfde752835b67ed3f37f6c907f738.php 第 421 行.
NOTIC: [8] Undefined variable: data D:\wamp\www\myProject\thinkphpFrame\Application\Runtime\Cache\Admin\25ecfde752835b67ed3f37f6c907f738.php 第 426 行.
NOTIC: [8] Undefined variable: data D:\wamp\www\myProject\thinkphpFrame\Application\Runtime\Cache\Admin\25ecfde752835b67ed3f37f6c907f738.php 第 431 行.
NOTIC: [8] Undefined variable: data D:\wamp\www\myProject\thinkphpFrame\Application\Runtime\Cache\Admin\25ecfde752835b67ed3f37f6c907f738.php 第 436 行.
NOTIC: [8] Undefined variable: data D:\wamp\www\myProject\thinkphpFrame\Application\Runtime\Cache\Admin\25ecfde752835b67ed3f37f6c907f738.php 第 441 行.
NOTIC: [8] Undefined variable: data D:\wamp\www\myProject\thinkphpFrame\Application\Runtime\Cache\Admin\25ecfde752835b67ed3f37f6c907f738.php 第 446 行.
NOTIC: [8] Undefined variable: data D:\wamp\www\myProject\thinkphpFrame\Application\Runtime\Cache\Admin\25ecfde752835b67ed3f37f6c907f738.php 第 451 行.
NOTIC: [8] Undefined variable: data D:\wamp\www\myProject\thinkphpFrame\Application\Runtime\Cache\Admin\25ecfde752835b67ed3f37f6c907f738.php 第 456 行.
NOTIC: [8] Undefined variable: data D:\wamp\www\myProject\thinkphpFrame\Application\Runtime\Cache\Admin\25ecfde752835b67ed3f37f6c907f738.php 第 461 行.
NOTIC: [8] Undefined variable: data D:\wamp\www\myProject\thinkphpFrame\Application\Runtime\Cache\Admin\25ecfde752835b67ed3f37f6c907f738.php 第 468 行.
NOTIC: [8] Undefined variable: data D:\wamp\www\myProject\thinkphpFrame\Application\Runtime\Cache\Admin\25ecfde752835b67ed3f37f6c907f738.php 第 476 行.
INFO: Run Behavior\ParseTemplateBehavior [ RunTime:0.023558s ]
INFO: [ view_parse ] --END-- [ RunTime:0.023643s ]
INFO: [ view_filter ] --START--
INFO: Run Behavior\WriteHtmlCacheBehavior [ RunTime:0.000684s ]
INFO: [ view_filter ] --END-- [ RunTime:0.000787s ]
INFO: [ app_end ] --START--
INFO: Run Behavior\ShowPageTraceBehavior [ RunTime:0.001011s ]
INFO: [ app_end ] --END-- [ RunTime:0.001111s ]

[ 2015-09-23T17:44:29+08:00 ] 127.0.0.1 /myProject/thinkphpFrame/index.php/Admin/Task/show_baoming/id/resources/images/closelabel.gif
INFO: [ app_init ] --START--
INFO: Run Behavior\BuildLiteBehavior [ RunTime:0.000017s ]
INFO: [ app_init ] --END-- [ RunTime:0.000384s ]

[ 2015-09-23T17:44:29+08:00 ] 127.0.0.1 /myProject/thinkphpFrame/index.php/Admin/Task/show_baoming/id/resources/images/loading.gif
INFO: [ app_init ] --START--
INFO: Run Behavior\BuildLiteBehavior [ RunTime:0.000019s ]
INFO: [ app_init ] --END-- [ RunTime:0.000929s ]

[ 2015-09-23T17:44:46+08:00 ] 127.0.0.1 /myProject/thinkphpFrame/index.php/Admin/Task/index
INFO: [ app_init ] --START--
INFO: Run Behavior\BuildLiteBehavior [ RunTime:0.000023s ]
INFO: [ app_init ] --END-- [ RunTime:0.000564s ]
INFO: [ app_begin ] --START--
INFO: Run Behavior\ReadHtmlCacheBehavior [ RunTime:0.000756s ]
INFO: [ app_begin ] --END-- [ RunTime:0.000850s ]
SQL: SHOW COLUMNS FROM `tasks` [ RunTime:0.0031s ]
SQL: SELECT COUNT(*) AS tp_count FROM `tasks` WHERE ( 1 ) LIMIT 1   [ RunTime:0.0003s ]
SQL: SELECT * FROM `tasks` WHERE ( 1 ) ORDER BY task_posttime desc LIMIT 0,10   [ RunTime:0.0004s ]
INFO: [ view_parse ] --START--
INFO: [ template_filter ] --START--
INFO: Run Behavior\ContentReplaceBehavior [ RunTime:0.000168s ]
INFO: [ template_filter ] --END-- [ RunTime:0.000227s ]
INFO: Run Behavior\ParseTemplateBehavior [ RunTime:0.009844s ]
INFO: [ view_parse ] --END-- [ RunTime:0.009900s ]
INFO: [ view_filter ] --START--
INFO: Run Behavior\WriteHtmlCacheBehavior [ RunTime:0.000163s ]
INFO: [ view_filter ] --END-- [ RunTime:0.000201s ]
INFO: [ app_end ] --START--
INFO: Run Behavior\ShowPageTraceBehavior [ RunTime:0.000350s ]
INFO: [ app_end ] --END-- [ RunTime:0.000387s ]

[ 2015-09-23T17:44:46+08:00 ] 127.0.0.1 /myProject/thinkphpFrame/index.php/Admin/Task/resources/images/closelabel.gif
INFO: [ app_init ] --START--
INFO: Run Behavior\BuildLiteBehavior [ RunTime:0.000017s ]
INFO: [ app_init ] --END-- [ RunTime:0.000403s ]

[ 2015-09-23T17:44:46+08:00 ] 127.0.0.1 /myProject/thinkphpFrame/index.php/Admin/Task/resources/images/loading.gif
INFO: [ app_init ] --START--
INFO: Run Behavior\BuildLiteBehavior [ RunTime:0.000017s ]
INFO: [ app_init ] --END-- [ RunTime:0.000421s ]

[ 2015-09-23T17:44:49+08:00 ] 127.0.0.1 /myProject/thinkphpFrame/index.php/Admin/Task/show_baoming/id/40
INFO: [ app_init ] --START--
INFO: Run Behavior\BuildLiteBehavior [ RunTime:0.000012s ]
INFO: [ app_init ] --END-- [ RunTime:0.000315s ]
INFO: [ app_begin ] --START--
INFO: Run Behavior\ReadHtmlCacheBehavior [ RunTime:0.000523s ]
INFO: [ app_begin ] --END-- [ RunTime:0.000569s ]
SQL: SHOW COLUMNS FROM `task_user` [ RunTime:0.0029s ]
SQL: SELECT COUNT(*) AS tp_count FROM `task_user` INNER JOIN tasks ON tasks.id=task_user.task_id INNER JOIN user_info ON task_user.user_id=user_info.id AND task_id=40  LIMIT 1   [ RunTime:0.0004s ]
SQL: SELECT * FROM `task_user` INNER JOIN tasks ON tasks.id=task_user.task_id INNER JOIN user_info ON task_user.user_id=user_info.id AND task_id=40  ORDER BY time desc LIMIT 0,10   [ RunTime:0.0005s ]
INFO: [ view_parse ] --START--
INFO: [ template_filter ] --START--
INFO: Run Behavior\ContentReplaceBehavior [ RunTime:0.000154s ]
INFO: [ template_filter ] --END-- [ RunTime:0.000204s ]
NOTIC: [8] Undefined variable: id D:\wamp\www\myProject\thinkphpFrame\Application\Runtime\Cache\Admin\25ecfde752835b67ed3f37f6c907f738.php 第 125 行.
NOTIC: [8] Undefined variable: data D:\wamp\www\myProject\thinkphpFrame\Application\Runtime\Cache\Admin\25ecfde752835b67ed3f37f6c907f738.php 第 408 行.
NOTIC: [8] Undefined variable: data D:\wamp\www\myProject\thinkphpFrame\Application\Runtime\Cache\Admin\25ecfde752835b67ed3f37f6c907f738.php 第 409 行.
NOTIC: [8] Undefined variable: data D:\wamp\www\myProject\thinkphpFrame\Application\Runtime\Cache\Admin\25ecfde752835b67ed3f37f6c907f738.php 第 419 行.
NOTIC: [8] Undefined variable: data D:\wamp\www\myProject\thinkphpFrame\Application\Runtime\Cache\Admin\25ecfde752835b67ed3f37f6c907f738.php 第 421 行.
NOTIC: [8] Undefined variable: data D:\wamp\www\myProject\thinkphpFrame\Application\Runtime\Cache\Admin\25ecfde752835b67ed3f37f6c907f738.php 第 426 行.
NOTIC: [8] Undefined variable: data D:\wamp\www\myProject\thinkphpFrame\Application\Runtime\Cache\Admin\25ecfde752835b67ed3f37f6c907f738.php 第 431 行.
NOTIC: [8] Undefined variable: data D:\wamp\www\myProject\thinkphpFrame\Application\Runtime\Cache\Admin\25ecfde752835b67ed3f37f6c907f738.php 第 436 行.
NOTIC: [8] Undefined variable: data D:\wamp\www\myProject\thinkphpFrame\Application\Runtime\Cache\Admin\25ecfde752835b67ed3f37f6c907f738.php 第 441 行.
NOTIC: [8] Undefined variable: data D:\wamp\www\myProject\thinkphpFrame\Application\Runtime\Cache\Admin\25ecfde752835b67ed3f37f6c907f738.php 第 446 行.
NOTIC: [8] Undefined variable: data D:\wamp\www\myProject\thinkphpFrame\Application\Runtime\Cache\Admin\25ecfde752835b67ed3f37f6c907f738.php 第 451 行.
NOTIC: [8] Undefined variable: data D:\wamp\www\myProject\thinkphpFrame\Application\Runtime\Cache\Admin\25ecfde752835b67ed3f37f6c907f738.php 第 456 行.
NOTIC: [8] Undefined variable: data D:\wamp\www\myProject\thinkphpFrame\Application\Runtime\Cache\Admin\25ecfde752835b67ed3f37f6c907f738.php 第 461 行.
NOTIC: [8] Undefined variable: data D:\wamp\www\myProject\thinkphpFrame\Application\Runtime\Cache\Admin\25ecfde752835b67ed3f37f6c907f738.php 第 468 行.
NOTIC: [8] Undefined variable: data D:\wamp\www\myProject\thinkphpFrame\Application\Runtime\Cache\Admin\25ecfde752835b67ed3f37f6c907f738.php 第 476 行.
INFO: Run Behavior\ParseTemplateBehavior [ RunTime:0.013159s ]
INFO: [ view_parse ] --END-- [ RunTime:0.013239s ]
INFO: [ view_filter ] --START--
INFO: Run Behavior\WriteHtmlCacheBehavior [ RunTime:0.000792s ]
INFO: [ view_filter ] --END-- [ RunTime:0.000875s ]
INFO: [ app_end ] --START--
INFO: Run Behavior\ShowPageTraceBehavior [ RunTime:0.000577s ]
INFO: [ app_end ] --END-- [ RunTime:0.000646s ]

[ 2015-09-23T17:44:49+08:00 ] 127.0.0.1 /myProject/thinkphpFrame/index.php/Admin/Task/show_baoming/id/resources/images/loading.gif
INFO: [ app_init ] --START--
INFO: Run Behavior\BuildLiteBehavior [ RunTime:0.000017s ]
INFO: [ app_init ] --END-- [ RunTime:0.000407s ]

[ 2015-09-23T17:44:49+08:00 ] 127.0.0.1 /myProject/thinkphpFrame/index.php/Admin/Task/show_baoming/id/resources/images/closelabel.gif
INFO: [ app_init ] --START--
INFO: Run Behavior\BuildLiteBehavior [ RunTime:0.000017s ]
INFO: [ app_init ] --END-- [ RunTime:0.000428s ]

[ 2015-09-23T17:47:33+08:00 ] 127.0.0.1 /myProject/thinkphpFrame/index.php/Admin/Task/show_baoming/id/40
INFO: [ app_init ] --START--
INFO: Run Behavior\BuildLiteBehavior [ RunTime:0.000021s ]
INFO: [ app_init ] --END-- [ RunTime:0.000557s ]
INFO: [ app_begin ] --START--
INFO: Run Behavior\ReadHtmlCacheBehavior [ RunTime:0.001142s ]
INFO: [ app_begin ] --END-- [ RunTime:0.001245s ]
SQL: SHOW COLUMNS FROM `task_user` [ RunTime:0.0030s ]
SQL: SELECT COUNT(*) AS tp_count FROM `task_user` INNER JOIN tasks ON tasks.id=task_user.task_id INNER JOIN user_info ON task_user.user_id=user_info.id AND task_id=40  LIMIT 1   [ RunTime:0.0004s ]
SQL: SELECT * FROM `task_user` INNER JOIN tasks ON tasks.id=task_user.task_id INNER JOIN user_info ON task_user.user_id=user_info.id AND task_id=40  ORDER BY time desc LIMIT 0,10   [ RunTime:0.0005s ]
INFO: [ view_parse ] --START--
INFO: [ template_filter ] --START--
INFO: Run Behavior\ContentReplaceBehavior [ RunTime:0.000154s ]
INFO: [ template_filter ] --END-- [ RunTime:0.000201s ]
NOTIC: [8] Undefined variable: id D:\wamp\www\myProject\thinkphpFrame\Application\Runtime\Cache\Admin\25ecfde752835b67ed3f37f6c907f738.php 第 125 行.
NOTIC: [8] Undefined variable: data D:\wamp\www\myProject\thinkphpFrame\Application\Runtime\Cache\Admin\25ecfde752835b67ed3f37f6c907f738.php 第 408 行.
NOTIC: [8] Undefined variable: data D:\wamp\www\myProject\thinkphpFrame\Application\Runtime\Cache\Admin\25ecfde752835b67ed3f37f6c907f738.php 第 409 行.
NOTIC: [8] Undefined variable: data D:\wamp\www\myProject\thinkphpFrame\Application\Runtime\Cache\Admin\25ecfde752835b67ed3f37f6c907f738.php 第 419 行.
NOTIC: [8] Undefined variable: data D:\wamp\www\myProject\thinkphpFrame\Application\Runtime\Cache\Admin\25ecfde752835b67ed3f37f6c907f738.php 第 421 行.
NOTIC: [8] Undefined variable: data D:\wamp\www\myProject\thinkphpFrame\Application\Runtime\Cache\Admin\25ecfde752835b67ed3f37f6c907f738.php 第 426 行.
NOTIC: [8] Undefined variable: data D:\wamp\www\myProject\thinkphpFrame\Application\Runtime\Cache\Admin\25ecfde752835b67ed3f37f6c907f738.php 第 431 行.
NOTIC: [8] Undefined variable: data D:\wamp\www\myProject\thinkphpFrame\Application\Runtime\Cache\Admin\25ecfde752835b67ed3f37f6c907f738.php 第 436 行.
NOTIC: [8] Undefined variable: data D:\wamp\www\myProject\thinkphpFrame\Application\Runtime\Cache\Admin\25ecfde752835b67ed3f37f6c907f738.php 第 441 行.
NOTIC: [8] Undefined variable: data D:\wamp\www\myProject\thinkphpFrame\Application\Runtime\Cache\Admin\25ecfde752835b67ed3f37f6c907f738.php 第 446 行.
NOTIC: [8] Undefined variable: data D:\wamp\www\myProject\thinkphpFrame\Application\Runtime\Cache\Admin\25ecfde752835b67ed3f37f6c907f738.php 第 451 行.
NOTIC: [8] Undefined variable: data D:\wamp\www\myProject\thinkphpFrame\Application\Runtime\Cache\Admin\25ecfde752835b67ed3f37f6c907f738.php 第 456 行.
NOTIC: [8] Undefined variable: data D:\wamp\www\myProject\thinkphpFrame\Application\Runtime\Cache\Admin\25ecfde752835b67ed3f37f6c907f738.php 第 461 行.
NOTIC: [8] Undefined variable: data D:\wamp\www\myProject\thinkphpFrame\Application\Runtime\Cache\Admin\25ecfde752835b67ed3f37f6c907f738.php 第 468 行.
NOTIC: [8] Undefined variable: data D:\wamp\www\myProject\thinkphpFrame\Application\Runtime\Cache\Admin\25ecfde752835b67ed3f37f6c907f738.php 第 476 行.
INFO: Run Behavior\ParseTemplateBehavior [ RunTime:0.012056s ]
INFO: [ view_parse ] --END-- [ RunTime:0.012103s ]
INFO: [ view_filter ] --START--
INFO: Run Behavior\WriteHtmlCacheBehavior [ RunTime:0.000354s ]
INFO: [ view_filter ] --END-- [ RunTime:0.000391s ]
INFO: [ app_end ] --START--
INFO: Run Behavior\ShowPageTraceBehavior [ RunTime:0.000533s ]
INFO: [ app_end ] --END-- [ RunTime:0.000571s ]

[ 2015-09-23T17:47:33+08:00 ] 127.0.0.1 /myProject/thinkphpFrame/index.php/Admin/Task/show_baoming/id/resources/images/closelabel.gif
INFO: [ app_init ] --START--
INFO: Run Behavior\BuildLiteBehavior [ RunTime:0.000018s ]
INFO: [ app_init ] --END-- [ RunTime:0.000450s ]

[ 2015-09-23T17:47:33+08:00 ] 127.0.0.1 /myProject/thinkphpFrame/index.php/Admin/Task/show_baoming/id/resources/images/loading.gif
INFO: [ app_init ] --START--
INFO: Run Behavior\BuildLiteBehavior [ RunTime:0.000019s ]
INFO: [ app_init ] --END-- [ RunTime:0.000459s ]

[ 2015-09-23T17:47:38+08:00 ] 127.0.0.1 /myProject/thinkphpFrame/index.php/Admin/Task/checkAjax/userid/1093/taskid/40
INFO: [ app_init ] --START--
INFO: Run Behavior\BuildLiteBehavior [ RunTime:0.000011s ]
INFO: [ app_init ] --END-- [ RunTime:0.000260s ]
INFO: [ app_begin ] --START--
INFO: Run Behavior\ReadHtmlCacheBehavior [ RunTime:0.000458s ]
INFO: [ app_begin ] --END-- [ RunTime:0.000499s ]
SQL: SHOW COLUMNS FROM `task_user` [ RunTime:0.0032s ]
NOTIC: [2] vsprintf() [<a href='function.vsprintf'>function.vsprintf</a>]: Too few arguments D:\wamp\www\myProject\thinkphpFrame\ThinkPHP\Library\Think\Model.class.php 第 1784 行.
SQL: SELECT `state` FROM `task_user` LIMIT 1   [ RunTime:0.0003s ]

[ 2015-09-23T17:47:49+08:00 ] 127.0.0.1 /myProject/thinkphpFrame/index.php/Admin/Task/checkAjax/userid/1093/taskid/40
INFO: [ app_init ] --START--
INFO: Run Behavior\BuildLiteBehavior [ RunTime:0.000017s ]
INFO: [ app_init ] --END-- [ RunTime:0.000417s ]
INFO: [ app_begin ] --START--
INFO: Run Behavior\ReadHtmlCacheBehavior [ RunTime:0.000714s ]
INFO: [ app_begin ] --END-- [ RunTime:0.000782s ]
SQL: SHOW COLUMNS FROM `task_user` [ RunTime:0.0029s ]
NOTIC: [2] vsprintf() [<a href='function.vsprintf'>function.vsprintf</a>]: Too few arguments D:\wamp\www\myProject\thinkphpFrame\ThinkPHP\Library\Think\Model.class.php 第 1784 行.
SQL: SELECT `state` FROM `task_user` LIMIT 1   [ RunTime:0.0003s ]

[ 2015-09-23T17:47:51+08:00 ] 127.0.0.1 /myProject/thinkphpFrame/index.php/Admin/Task/show_baoming/id/40
INFO: [ app_init ] --START--
INFO: Run Behavior\BuildLiteBehavior [ RunTime:0.000017s ]
INFO: [ app_init ] --END-- [ RunTime:0.000419s ]
INFO: [ app_begin ] --START--
INFO: Run Behavior\ReadHtmlCacheBehavior [ RunTime:0.000729s ]
INFO: [ app_begin ] --END-- [ RunTime:0.000804s ]
SQL: SHOW COLUMNS FROM `task_user` [ RunTime:0.0038s ]
SQL: SELECT COUNT(*) AS tp_count FROM `task_user` INNER JOIN tasks ON tasks.id=task_user.task_id INNER JOIN user_info ON task_user.user_id=user_info.id AND task_id=40  LIMIT 1   [ RunTime:0.0004s ]
SQL: SELECT * FROM `task_user` INNER JOIN tasks ON tasks.id=task_user.task_id INNER JOIN user_info ON task_user.user_id=user_info.id AND task_id=40  ORDER BY time desc LIMIT 0,10   [ RunTime:0.0008s ]
INFO: [ view_parse ] --START--
INFO: [ template_filter ] --START--
INFO: Run Behavior\ContentReplaceBehavior [ RunTime:0.000209s ]
INFO: [ template_filter ] --END-- [ RunTime:0.000270s ]
NOTIC: [8] Undefined variable: id D:\wamp\www\myProject\thinkphpFrame\Application\Runtime\Cache\Admin\25ecfde752835b67ed3f37f6c907f738.php 第 125 行.
NOTIC: [8] Undefined variable: data D:\wamp\www\myProject\thinkphpFrame\Application\Runtime\Cache\Admin\25ecfde752835b67ed3f37f6c907f738.php 第 408 行.
NOTIC: [8] Undefined variable: data D:\wamp\www\myProject\thinkphpFrame\Application\Runtime\Cache\Admin\25ecfde752835b67ed3f37f6c907f738.php 第 409 行.
NOTIC: [8] Undefined variable: data D:\wamp\www\myProject\thinkphpFrame\Application\Runtime\Cache\Admin\25ecfde752835b67ed3f37f6c907f738.php 第 419 行.
NOTIC: [8] Undefined variable: data D:\wamp\www\myProject\thinkphpFrame\Application\Runtime\Cache\Admin\25ecfde752835b67ed3f37f6c907f738.php 第 421 行.
NOTIC: [8] Undefined variable: data D:\wamp\www\myProject\thinkphpFrame\Application\Runtime\Cache\Admin\25ecfde752835b67ed3f37f6c907f738.php 第 426 行.
NOTIC: [8] Undefined variable: data D:\wamp\www\myProject\thinkphpFrame\Application\Runtime\Cache\Admin\25ecfde752835b67ed3f37f6c907f738.php 第 431 行.
NOTIC: [8] Undefined variable: data D:\wamp\www\myProject\thinkphpFrame\Application\Runtime\Cache\Admin\25ecfde752835b67ed3f37f6c907f738.php 第 436 行.
NOTIC: [8] Undefined variable: data D:\wamp\www\myProject\thinkphpFrame\Application\Runtime\Cache\Admin\25ecfde752835b67ed3f37f6c907f738.php 第 441 行.
NOTIC: [8] Undefined variable: data D:\wamp\www\myProject\thinkphpFrame\Application\Runtime\Cache\Admin\25ecfde752835b67ed3f37f6c907f738.php 第 446 行.
NOTIC: [8] Undefined variable: data D:\wamp\www\myProject\thinkphpFrame\Application\Runtime\Cache\Admin\25ecfde752835b67ed3f37f6c907f738.php 第 451 行.
NOTIC: [8] Undefined variable: data D:\wamp\www\myProject\thinkphpFrame\Application\Runtime\Cache\Admin\25ecfde752835b67ed3f37f6c907f738.php 第 456 行.
NOTIC: [8] Undefined variable: data D:\wamp\www\myProject\thinkphpFrame\Application\Runtime\Cache\Admin\25ecfde752835b67ed3f37f6c907f738.php 第 461 行.
NOTIC: [8] Undefined variable: data D:\wamp\www\myProject\thinkphpFrame\Application\Runtime\Cache\Admin\25ecfde752835b67ed3f37f6c907f738.php 第 468 行.
NOTIC: [8] Undefined variable: data D:\wamp\www\myProject\thinkphpFrame\Application\Runtime\Cache\Admin\25ecfde752835b67ed3f37f6c907f738.php 第 476 行.
INFO: Run Behavior\ParseTemplateBehavior [ RunTime:0.016214s ]
INFO: [ view_parse ] --END-- [ RunTime:0.016276s ]
INFO: [ view_filter ] --START--
INFO: Run Behavior\WriteHtmlCacheBehavior [ RunTime:0.000360s ]
INFO: [ view_filter ] --END-- [ RunTime:0.000409s ]
INFO: [ app_end ] --START--
INFO: Run Behavior\ShowPageTraceBehavior [ RunTime:0.000635s ]
INFO: [ app_end ] --END-- [ RunTime:0.000688s ]

[ 2015-09-23T17:47:51+08:00 ] 127.0.0.1 /myProject/thinkphpFrame/index.php/Admin/Task/show_baoming/id/resources/images/loading.gif
INFO: [ app_init ] --START--
INFO: Run Behavior\BuildLiteBehavior [ RunTime:0.000016s ]
INFO: [ app_init ] --END-- [ RunTime:0.000449s ]

[ 2015-09-23T17:47:51+08:00 ] 127.0.0.1 /myProject/thinkphpFrame/index.php/Admin/Task/show_baoming/id/resources/images/closelabel.gif
INFO: [ app_init ] --START--
INFO: Run Behavior\BuildLiteBehavior [ RunTime:0.000018s ]
INFO: [ app_init ] --END-- [ RunTime:0.000451s ]

[ 2015-09-23T17:47:55+08:00 ] 127.0.0.1 /myProject/thinkphpFrame/index.php/Admin/Task/checkAjax/userid/1093/taskid/40
INFO: [ app_init ] --START--
INFO: Run Behavior\BuildLiteBehavior [ RunTime:0.000020s ]
INFO: [ app_init ] --END-- [ RunTime:0.000555s ]
INFO: [ app_begin ] --START--
INFO: Run Behavior\ReadHtmlCacheBehavior [ RunTime:0.000923s ]
INFO: [ app_begin ] --END-- [ RunTime:0.001012s ]
SQL: SHOW COLUMNS FROM `task_user` [ RunTime:0.0031s ]
NOTIC: [2] vsprintf() [<a href='function.vsprintf'>function.vsprintf</a>]: Too few arguments D:\wamp\www\myProject\thinkphpFrame\ThinkPHP\Library\Think\Model.class.php 第 1784 行.
SQL: SELECT `state` FROM `task_user` LIMIT 1   [ RunTime:0.0003s ]

[ 2015-09-23T17:47:57+08:00 ] 127.0.0.1 /myProject/thinkphpFrame/index.php/Admin/Task/show_baoming/id/40
INFO: [ app_init ] --START--
INFO: Run Behavior\BuildLiteBehavior [ RunTime:0.000010s ]
INFO: [ app_init ] --END-- [ RunTime:0.000274s ]
INFO: [ app_begin ] --START--
INFO: Run Behavior\ReadHtmlCacheBehavior [ RunTime:0.000449s ]
INFO: [ app_begin ] --END-- [ RunTime:0.000492s ]
SQL: SHOW COLUMNS FROM `task_user` [ RunTime:0.0032s ]
SQL: SELECT COUNT(*) AS tp_count FROM `task_user` INNER JOIN tasks ON tasks.id=task_user.task_id INNER JOIN user_info ON task_user.user_id=user_info.id AND task_id=40  LIMIT 1   [ RunTime:0.0004s ]
SQL: SELECT * FROM `task_user` INNER JOIN tasks ON tasks.id=task_user.task_id INNER JOIN user_info ON task_user.user_id=user_info.id AND task_id=40  ORDER BY time desc LIMIT 0,10   [ RunTime:0.0006s ]
INFO: [ view_parse ] --START--
INFO: [ template_filter ] --START--
INFO: Run Behavior\ContentReplaceBehavior [ RunTime:0.000153s ]
INFO: [ template_filter ] --END-- [ RunTime:0.000200s ]
NOTIC: [8] Undefined variable: id D:\wamp\www\myProject\thinkphpFrame\Application\Runtime\Cache\Admin\25ecfde752835b67ed3f37f6c907f738.php 第 125 行.
NOTIC: [8] Undefined variable: data D:\wamp\www\myProject\thinkphpFrame\Application\Runtime\Cache\Admin\25ecfde752835b67ed3f37f6c907f738.php 第 408 行.
NOTIC: [8] Undefined variable: data D:\wamp\www\myProject\thinkphpFrame\Application\Runtime\Cache\Admin\25ecfde752835b67ed3f37f6c907f738.php 第 409 行.
NOTIC: [8] Undefined variable: data D:\wamp\www\myProject\thinkphpFrame\Application\Runtime\Cache\Admin\25ecfde752835b67ed3f37f6c907f738.php 第 419 行.
NOTIC: [8] Undefined variable: data D:\wamp\www\myProject\thinkphpFrame\Application\Runtime\Cache\Admin\25ecfde752835b67ed3f37f6c907f738.php 第 421 行.
NOTIC: [8] Undefined variable: data D:\wamp\www\myProject\thinkphpFrame\Application\Runtime\Cache\Admin\25ecfde752835b67ed3f37f6c907f738.php 第 426 行.
NOTIC: [8] Undefined variable: data D:\wamp\www\myProject\thinkphpFrame\Application\Runtime\Cache\Admin\25ecfde752835b67ed3f37f6c907f738.php 第 431 行.
NOTIC: [8] Undefined variable: data D:\wamp\www\myProject\thinkphpFrame\Application\Runtime\Cache\Admin\25ecfde752835b67ed3f37f6c907f738.php 第 436 行.
NOTIC: [8] Undefined variable: data D:\wamp\www\myProject\thinkphpFrame\Application\Runtime\Cache\Admin\25ecfde752835b67ed3f37f6c907f738.php 第 441 行.
NOTIC: [8] Undefined variable: data D:\wamp\www\myProject\thinkphpFrame\Application\Runtime\Cache\Admin\25ecfde752835b67ed3f37f6c907f738.php 第 446 行.
NOTIC: [8] Undefined variable: data D:\wamp\www\myProject\thinkphpFrame\Application\Runtime\Cache\Admin\25ecfde752835b67ed3f37f6c907f738.php 第 451 行.
NOTIC: [8] Undefined variable: data D:\wamp\www\myProject\thinkphpFrame\Application\Runtime\Cache\Admin\25ecfde752835b67ed3f37f6c907f738.php 第 456 行.
NOTIC: [8] Undefined variable: data D:\wamp\www\myProject\thinkphpFrame\Application\Runtime\Cache\Admin\25ecfde752835b67ed3f37f6c907f738.php 第 461 行.
NOTIC: [8] Undefined variable: data D:\wamp\www\myProject\thinkphpFrame\Application\Runtime\Cache\Admin\25ecfde752835b67ed3f37f6c907f738.php 第 468 行.
NOTIC: [8] Undefined variable: data D:\wamp\www\myProject\thinkphpFrame\Application\Runtime\Cache\Admin\25ecfde752835b67ed3f37f6c907f738.php 第 476 行.
INFO: Run Behavior\ParseTemplateBehavior [ RunTime:0.012248s ]
INFO: [ view_parse ] --END-- [ RunTime:0.012296s ]
INFO: [ view_filter ] --START--
INFO: Run Behavior\WriteHtmlCacheBehavior [ RunTime:0.000256s ]
INFO: [ view_filter ] --END-- [ RunTime:0.000293s ]
INFO: [ app_end ] --START--
INFO: Run Behavior\ShowPageTraceBehavior [ RunTime:0.000488s ]
INFO: [ app_end ] --END-- [ RunTime:0.000526s ]

[ 2015-09-23T17:47:57+08:00 ] 127.0.0.1 /myProject/thinkphpFrame/index.php/Admin/Task/show_baoming/id/resources/images/closelabel.gif
INFO: [ app_init ] --START--
INFO: Run Behavior\BuildLiteBehavior [ RunTime:0.000012s ]
INFO: [ app_init ] --END-- [ RunTime:0.000291s ]

[ 2015-09-23T17:47:57+08:00 ] 127.0.0.1 /myProject/thinkphpFrame/index.php/Admin/Task/show_baoming/id/resources/images/loading.gif
INFO: [ app_init ] --START--
INFO: Run Behavior\BuildLiteBehavior [ RunTime:0.000012s ]
INFO: [ app_init ] --END-- [ RunTime:0.000303s ]

[ 2015-09-23T17:55:38+08:00 ] 127.0.0.1 /myProject/thinkphpFrame/index.php/Admin/Task/show_baoming/id/40
INFO: [ app_init ] --START--
INFO: Run Behavior\BuildLiteBehavior [ RunTime:0.000027s ]
INFO: [ app_init ] --END-- [ RunTime:0.000740s ]
INFO: [ app_begin ] --START--
INFO: Run Behavior\ReadHtmlCacheBehavior [ RunTime:0.000712s ]
INFO: [ app_begin ] --END-- [ RunTime:0.000781s ]
SQL: SHOW COLUMNS FROM `task_user` [ RunTime:0.0045s ]
SQL: SELECT COUNT(*) AS tp_count FROM `task_user` INNER JOIN tasks ON tasks.id=task_user.task_id INNER JOIN user_info ON task_user.user_id=user_info.id AND task_id=40  LIMIT 1   [ RunTime:0.0006s ]
SQL: SELECT * FROM `task_user` INNER JOIN tasks ON tasks.id=task_user.task_id INNER JOIN user_info ON task_user.user_id=user_info.id AND task_id=40  ORDER BY time desc LIMIT 0,10   [ RunTime:0.0008s ]
INFO: [ view_parse ] --START--
INFO: [ template_filter ] --START--
INFO: Run Behavior\ContentReplaceBehavior [ RunTime:0.000236s ]
INFO: [ template_filter ] --END-- [ RunTime:0.000310s ]
NOTIC: [8] Undefined variable: id D:\wamp\www\myProject\thinkphpFrame\Application\Runtime\Cache\Admin\25ecfde752835b67ed3f37f6c907f738.php 第 125 行.
NOTIC: [8] Undefined variable: data D:\wamp\www\myProject\thinkphpFrame\Application\Runtime\Cache\Admin\25ecfde752835b67ed3f37f6c907f738.php 第 408 行.
NOTIC: [8] Undefined variable: data D:\wamp\www\myProject\thinkphpFrame\Application\Runtime\Cache\Admin\25ecfde752835b67ed3f37f6c907f738.php 第 409 行.
NOTIC: [8] Undefined variable: data D:\wamp\www\myProject\thinkphpFrame\Application\Runtime\Cache\Admin\25ecfde752835b67ed3f37f6c907f738.php 第 419 行.
NOTIC: [8] Undefined variable: data D:\wamp\www\myProject\thinkphpFrame\Application\Runtime\Cache\Admin\25ecfde752835b67ed3f37f6c907f738.php 第 421 行.
NOTIC: [8] Undefined variable: data D:\wamp\www\myProject\thinkphpFrame\Application\Runtime\Cache\Admin\25ecfde752835b67ed3f37f6c907f738.php 第 426 行.
NOTIC: [8] Undefined variable: data D:\wamp\www\myProject\thinkphpFrame\Application\Runtime\Cache\Admin\25ecfde752835b67ed3f37f6c907f738.php 第 431 行.
NOTIC: [8] Undefined variable: data D:\wamp\www\myProject\thinkphpFrame\Application\Runtime\Cache\Admin\25ecfde752835b67ed3f37f6c907f738.php 第 436 行.
NOTIC: [8] Undefined variable: data D:\wamp\www\myProject\thinkphpFrame\Application\Runtime\Cache\Admin\25ecfde752835b67ed3f37f6c907f738.php 第 441 行.
NOTIC: [8] Undefined variable: data D:\wamp\www\myProject\thinkphpFrame\Application\Runtime\Cache\Admin\25ecfde752835b67ed3f37f6c907f738.php 第 446 行.
NOTIC: [8] Undefined variable: data D:\wamp\www\myProject\thinkphpFrame\Application\Runtime\Cache\Admin\25ecfde752835b67ed3f37f6c907f738.php 第 451 行.
NOTIC: [8] Undefined variable: data D:\wamp\www\myProject\thinkphpFrame\Application\Runtime\Cache\Admin\25ecfde752835b67ed3f37f6c907f738.php 第 456 行.
NOTIC: [8] Undefined variable: data D:\wamp\www\myProject\thinkphpFrame\Application\Runtime\Cache\Admin\25ecfde752835b67ed3f37f6c907f738.php 第 461 行.
NOTIC: [8] Undefined variable: data D:\wamp\www\myProject\thinkphpFrame\Application\Runtime\Cache\Admin\25ecfde752835b67ed3f37f6c907f738.php 第 468 行.
NOTIC: [8] Undefined variable: data D:\wamp\www\myProject\thinkphpFrame\Application\Runtime\Cache\Admin\25ecfde752835b67ed3f37f6c907f738.php 第 476 行.
INFO: Run Behavior\ParseTemplateBehavior [ RunTime:0.019051s ]
INFO: [ view_parse ] --END-- [ RunTime:0.019118s ]
INFO: [ view_filter ] --START--
INFO: Run Behavior\WriteHtmlCacheBehavior [ RunTime:0.000457s ]
INFO: [ view_filter ] --END-- [ RunTime:0.000514s ]
INFO: [ app_end ] --START--
INFO: Run Behavior\ShowPageTraceBehavior [ RunTime:0.000717s ]
INFO: [ app_end ] --END-- [ RunTime:0.000776s ]

[ 2015-09-23T17:55:39+08:00 ] 127.0.0.1 /myProject/thinkphpFrame/index.php/Admin/Task/show_baoming/id/resources/images/closelabel.gif
INFO: [ app_init ] --START--
INFO: Run Behavior\BuildLiteBehavior [ RunTime:0.000018s ]
INFO: [ app_init ] --END-- [ RunTime:0.000446s ]

[ 2015-09-23T17:55:39+08:00 ] 127.0.0.1 /myProject/thinkphpFrame/index.php/Admin/Task/show_baoming/id/resources/images/loading.gif
INFO: [ app_init ] --START--
INFO: Run Behavior\BuildLiteBehavior [ RunTime:0.000018s ]
INFO: [ app_init ] --END-- [ RunTime:0.000463s ]

[ 2015-09-23T18:01:52+08:00 ] 127.0.0.1 /myProject/thinkphpFrame/index.php/Admin/Task/show_baoming/id/40
INFO: [ app_init ] --START--
INFO: Run Behavior\BuildLiteBehavior [ RunTime:0.000014s ]
INFO: [ app_init ] --END-- [ RunTime:0.000345s ]
INFO: [ app_begin ] --START--
INFO: Run Behavior\ReadHtmlCacheBehavior [ RunTime:0.000567s ]
INFO: [ app_begin ] --END-- [ RunTime:0.000622s ]
SQL: SHOW COLUMNS FROM `task_user` [ RunTime:0.0035s ]
SQL: SELECT COUNT(*) AS tp_count FROM `task_user` INNER JOIN tasks ON tasks.id=task_user.task_id INNER JOIN user_info ON task_user.user_id=user_info.id AND task_id=40  LIMIT 1   [ RunTime:0.0005s ]
SQL: SELECT * FROM `task_user` INNER JOIN tasks ON tasks.id=task_user.task_id INNER JOIN user_info ON task_user.user_id=user_info.id AND task_id=40  ORDER BY time desc LIMIT 0,10   [ RunTime:0.0007s ]
INFO: [ view_parse ] --START--
INFO: [ template_filter ] --START--
INFO: Run Behavior\ContentReplaceBehavior [ RunTime:0.000155s ]
INFO: [ template_filter ] --END-- [ RunTime:0.000205s ]
NOTIC: [8] Undefined variable: id D:\wamp\www\myProject\thinkphpFrame\Application\Runtime\Cache\Admin\25ecfde752835b67ed3f37f6c907f738.php 第 125 行.
NOTIC: [8] Undefined variable: data D:\wamp\www\myProject\thinkphpFrame\Application\Runtime\Cache\Admin\25ecfde752835b67ed3f37f6c907f738.php 第 408 行.
NOTIC: [8] Undefined variable: data D:\wamp\www\myProject\thinkphpFrame\Application\Runtime\Cache\Admin\25ecfde752835b67ed3f37f6c907f738.php 第 409 行.
NOTIC: [8] Undefined variable: data D:\wamp\www\myProject\thinkphpFrame\Application\Runtime\Cache\Admin\25ecfde752835b67ed3f37f6c907f738.php 第 419 行.
NOTIC: [8] Undefined variable: data D:\wamp\www\myProject\thinkphpFrame\Application\Runtime\Cache\Admin\25ecfde752835b67ed3f37f6c907f738.php 第 421 行.
NOTIC: [8] Undefined variable: data D:\wamp\www\myProject\thinkphpFrame\Application\Runtime\Cache\Admin\25ecfde752835b67ed3f37f6c907f738.php 第 426 行.
NOTIC: [8] Undefined variable: data D:\wamp\www\myProject\thinkphpFrame\Application\Runtime\Cache\Admin\25ecfde752835b67ed3f37f6c907f738.php 第 431 行.
NOTIC: [8] Undefined variable: data D:\wamp\www\myProject\thinkphpFrame\Application\Runtime\Cache\Admin\25ecfde752835b67ed3f37f6c907f738.php 第 436 行.
NOTIC: [8] Undefined variable: data D:\wamp\www\myProject\thinkphpFrame\Application\Runtime\Cache\Admin\25ecfde752835b67ed3f37f6c907f738.php 第 441 行.
NOTIC: [8] Undefined variable: data D:\wamp\www\myProject\thinkphpFrame\Application\Runtime\Cache\Admin\25ecfde752835b67ed3f37f6c907f738.php 第 446 行.
NOTIC: [8] Undefined variable: data D:\wamp\www\myProject\thinkphpFrame\Application\Runtime\Cache\Admin\25ecfde752835b67ed3f37f6c907f738.php 第 451 行.
NOTIC: [8] Undefined variable: data D:\wamp\www\myProject\thinkphpFrame\Application\Runtime\Cache\Admin\25ecfde752835b67ed3f37f6c907f738.php 第 456 行.
NOTIC: [8] Undefined variable: data D:\wamp\www\myProject\thinkphpFrame\Application\Runtime\Cache\Admin\25ecfde752835b67ed3f37f6c907f738.php 第 461 行.
NOTIC: [8] Undefined variable: data D:\wamp\www\myProject\thinkphpFrame\Application\Runtime\Cache\Admin\25ecfde752835b67ed3f37f6c907f738.php 第 468 行.
NOTIC: [8] Undefined variable: data D:\wamp\www\myProject\thinkphpFrame\Application\Runtime\Cache\Admin\25ecfde752835b67ed3f37f6c907f738.php 第 476 行.
INFO: Run Behavior\ParseTemplateBehavior [ RunTime:0.012352s ]
INFO: [ view_parse ] --END-- [ RunTime:0.012400s ]
INFO: [ view_filter ] --START--
INFO: Run Behavior\WriteHtmlCacheBehavior [ RunTime:0.000252s ]
INFO: [ view_filter ] --END-- [ RunTime:0.000287s ]
INFO: [ app_end ] --START--
INFO: Run Behavior\ShowPageTraceBehavior [ RunTime:0.000483s ]
INFO: [ app_end ] --END-- [ RunTime:0.000521s ]

[ 2015-09-23T18:01:53+08:00 ] 127.0.0.1 /myProject/thinkphpFrame/index.php/Admin/Task/show_baoming/id/resources/images/closelabel.gif
INFO: [ app_init ] --START--
INFO: Run Behavior\BuildLiteBehavior [ RunTime:0.000019s ]
INFO: [ app_init ] --END-- [ RunTime:0.000438s ]

[ 2015-09-23T18:01:53+08:00 ] 127.0.0.1 /myProject/thinkphpFrame/index.php/Admin/Task/show_baoming/id/resources/images/loading.gif
INFO: [ app_init ] --START--
INFO: Run Behavior\BuildLiteBehavior [ RunTime:0.000020s ]
INFO: [ app_init ] --END-- [ RunTime:0.000489s ]

