[ 2015-10-15T14:34:41+08:00 ] 127.0.0.1 /myProject/thinkphpFrame/index.php/Admin/Index/
INFO: [ app_init ] --START--
INFO: Run Behavior\BuildLiteBehavior [ RunTime:0.000011s ]
INFO: [ app_init ] --END-- [ RunTime:0.000281s ]
INFO: [ app_begin ] --START--
INFO: Run Behavior\ReadHtmlCacheBehavior [ RunTime:0.000414s ]
INFO: [ app_begin ] --END-- [ RunTime:0.000458s ]

[ 2015-10-15T14:34:41+08:00 ] 127.0.0.1 /myProject/thinkphpFrame/index.php/Admin/login/index.html
INFO: [ app_init ] --START--
INFO: Run Behavior\BuildLiteBehavior [ RunTime:0.000012s ]
INFO: [ app_init ] --END-- [ RunTime:0.000257s ]
INFO: [ app_begin ] --START--
INFO: Run Behavior\ReadHtmlCacheBehavior [ RunTime:0.000351s ]
INFO: [ app_begin ] --END-- [ RunTime:0.000393s ]
INFO: [ view_parse ] --START--
INFO: [ template_filter ] --START--
INFO: Run Behavior\ContentReplaceBehavior [ RunTime:0.000043s ]
INFO: [ template_filter ] --END-- [ RunTime:0.000100s ]
INFO: Run Behavior\ParseTemplateBehavior [ RunTime:0.019836s ]
INFO: [ view_parse ] --END-- [ RunTime:0.019894s ]
INFO: [ view_filter ] --START--
INFO: Run Behavior\WriteHtmlCacheBehavior [ RunTime:0.000220s ]
INFO: [ view_filter ] --END-- [ RunTime:0.000256s ]
INFO: [ app_end ] --START--
INFO: Run Behavior\ShowPageTraceBehavior [ RunTime:0.000418s ]
INFO: [ app_end ] --END-- [ RunTime:0.000455s ]

[ 2015-10-15T14:34:42+08:00 ] 127.0.0.1 /myProject/thinkphpFrame/index.php/Admin/login/resources/images/closelabel.gif
INFO: [ app_init ] --START--
INFO: Run Behavior\BuildLiteBehavior [ RunTime:0.000017s ]
INFO: [ app_init ] --END-- [ RunTime:0.000389s ]

[ 2015-10-15T14:34:42+08:00 ] 127.0.0.1 /myProject/thinkphpFrame/index.php/Admin/login/resources/images/loading.gif
INFO: [ app_init ] --START--
INFO: Run Behavior\BuildLiteBehavior [ RunTime:0.000017s ]
INFO: [ app_init ] --END-- [ RunTime:0.000381s ]

[ 2015-10-15T14:34:48+08:00 ] 127.0.0.1 /myProject/thinkphpFrame/index.php/Admin/Login/update
INFO: [ app_init ] --START--
INFO: Run Behavior\BuildLiteBehavior [ RunTime:0.000017s ]
INFO: [ app_init ] --END-- [ RunTime:0.000420s ]
INFO: [ app_begin ] --START--
INFO: Run Behavior\ReadHtmlCacheBehavior [ RunTime:0.000577s ]
INFO: [ app_begin ] --END-- [ RunTime:0.000651s ]
SQL: SHOW COLUMNS FROM `user` [ RunTime:0.0272s ]
SQL: SELECT * FROM `user` WHERE ( username = 'aaaaaa' AND password = 'e10adc3949ba59abbe56e057f20f883e' ) LIMIT 1   [ RunTime:0.0086s ]

[ 2015-10-15T14:34:48+08:00 ] 127.0.0.1 /myProject/thinkphpFrame/index.php/Admin/Index/index.html
INFO: [ app_init ] --START--
INFO: Run Behavior\BuildLiteBehavior [ RunTime:0.000013s ]
INFO: [ app_init ] --END-- [ RunTime:0.000336s ]
INFO: [ app_begin ] --START--
INFO: Run Behavior\ReadHtmlCacheBehavior [ RunTime:0.000472s ]
INFO: [ app_begin ] --END-- [ RunTime:0.000531s ]
SQL: SHOW COLUMNS FROM `user_info` [ RunTime:0.0287s ]
SQL: SELECT COUNT(*) AS tp_count FROM `user_info` WHERE ( 1 ) LIMIT 1   [ RunTime:0.0003s ]
SQL: SELECT * FROM `user_info` WHERE ( 1 ) ORDER BY posttime desc LIMIT 0,10   [ RunTime:0.0006s ]
INFO: [ view_parse ] --START--
INFO: [ template_filter ] --START--
INFO: Run Behavior\ContentReplaceBehavior [ RunTime:0.000334s ]
INFO: [ template_filter ] --END-- [ RunTime:0.000452s ]
INFO: Run Behavior\ParseTemplateBehavior [ RunTime:0.061159s ]
INFO: [ view_parse ] --END-- [ RunTime:0.061244s ]
INFO: [ view_filter ] --START--
INFO: Run Behavior\WriteHtmlCacheBehavior [ RunTime:0.000206s ]
INFO: [ view_filter ] --END-- [ RunTime:0.000255s ]
INFO: [ app_end ] --START--
INFO: Run Behavior\ShowPageTraceBehavior [ RunTime:0.000469s ]
INFO: [ app_end ] --END-- [ RunTime:0.000520s ]

[ 2015-10-15T14:34:48+08:00 ] 127.0.0.1 /myProject/thinkphpFrame/index.php/Admin/Index/resources/images/closelabel.gif
INFO: [ app_init ] --START--
INFO: Run Behavior\BuildLiteBehavior [ RunTime:0.000016s ]
INFO: [ app_init ] --END-- [ RunTime:0.000318s ]

[ 2015-10-15T14:34:48+08:00 ] 127.0.0.1 /myProject/thinkphpFrame/index.php/Admin/Index/resources/images/loading.gif
INFO: [ app_init ] --START--
INFO: Run Behavior\BuildLiteBehavior [ RunTime:0.000016s ]
INFO: [ app_init ] --END-- [ RunTime:0.000367s ]

[ 2015-10-15T14:34:53+08:00 ] 127.0.0.1 /myProject/thinkphpFrame/index.php/Admin/News/index
INFO: [ app_init ] --START--
INFO: Run Behavior\BuildLiteBehavior [ RunTime:0.000019s ]
INFO: [ app_init ] --END-- [ RunTime:0.000558s ]
INFO: [ app_begin ] --START--
INFO: Run Behavior\ReadHtmlCacheBehavior [ RunTime:0.000638s ]
INFO: [ app_begin ] --END-- [ RunTime:0.000720s ]
SQL: SHOW COLUMNS FROM `news` [ RunTime:0.0056s ]
SQL: SELECT COUNT(*) AS tp_count FROM `news` WHERE ( 1 ) LIMIT 1   [ RunTime:0.0005s ]
SQL: SELECT * FROM `news` WHERE ( 1 ) ORDER BY post_time desc LIMIT 0,10   [ RunTime:0.0019s ]
INFO: [ view_parse ] --START--
INFO: [ template_filter ] --START--
INFO: Run Behavior\ContentReplaceBehavior [ RunTime:0.000136s ]
INFO: [ template_filter ] --END-- [ RunTime:0.000193s ]
NOTIC: [8] Undefined index: cat_name D:\wamp\www\myProject\thinkphpFrame\Application\Runtime\Cache\Admin\36087655c6ab8580337cdc45b35a926d.php 第 331 行.
NOTIC: [8] Undefined index: cat_name D:\wamp\www\myProject\thinkphpFrame\Application\Runtime\Cache\Admin\36087655c6ab8580337cdc45b35a926d.php 第 331 行.
NOTIC: [8] Undefined index: cat_name D:\wamp\www\myProject\thinkphpFrame\Application\Runtime\Cache\Admin\36087655c6ab8580337cdc45b35a926d.php 第 331 行.
NOTIC: [8] Undefined index: cat_name D:\wamp\www\myProject\thinkphpFrame\Application\Runtime\Cache\Admin\36087655c6ab8580337cdc45b35a926d.php 第 331 行.
NOTIC: [8] Undefined index: cat_name D:\wamp\www\myProject\thinkphpFrame\Application\Runtime\Cache\Admin\36087655c6ab8580337cdc45b35a926d.php 第 331 行.
NOTIC: [8] Undefined index: cat_name D:\wamp\www\myProject\thinkphpFrame\Application\Runtime\Cache\Admin\36087655c6ab8580337cdc45b35a926d.php 第 331 行.
NOTIC: [8] Undefined index: cat_name D:\wamp\www\myProject\thinkphpFrame\Application\Runtime\Cache\Admin\36087655c6ab8580337cdc45b35a926d.php 第 331 行.
NOTIC: [8] Undefined index: cat_name D:\wamp\www\myProject\thinkphpFrame\Application\Runtime\Cache\Admin\36087655c6ab8580337cdc45b35a926d.php 第 331 行.
NOTIC: [8] Undefined index: cat_name D:\wamp\www\myProject\thinkphpFrame\Application\Runtime\Cache\Admin\36087655c6ab8580337cdc45b35a926d.php 第 331 行.
NOTIC: [8] Undefined index: cat_name D:\wamp\www\myProject\thinkphpFrame\Application\Runtime\Cache\Admin\36087655c6ab8580337cdc45b35a926d.php 第 331 行.
INFO: Run Behavior\ParseTemplateBehavior [ RunTime:0.026869s ]
INFO: [ view_parse ] --END-- [ RunTime:0.026937s ]
INFO: [ view_filter ] --START--
INFO: Run Behavior\WriteHtmlCacheBehavior [ RunTime:0.000174s ]
INFO: [ view_filter ] --END-- [ RunTime:0.000212s ]
INFO: [ app_end ] --START--
INFO: Run Behavior\ShowPageTraceBehavior [ RunTime:0.000393s ]
INFO: [ app_end ] --END-- [ RunTime:0.000432s ]

[ 2015-10-15T14:34:53+08:00 ] 127.0.0.1 /myProject/thinkphpFrame/index.php/Admin/News/resources/images/closelabel.gif
INFO: [ app_init ] --START--
INFO: Run Behavior\BuildLiteBehavior [ RunTime:0.000014s ]
INFO: [ app_init ] --END-- [ RunTime:0.000977s ]

[ 2015-10-15T14:34:53+08:00 ] 127.0.0.1 /myProject/thinkphpFrame/index.php/Admin/News/resources/images/loading.gif
INFO: [ app_init ] --START--
INFO: Run Behavior\BuildLiteBehavior [ RunTime:0.000018s ]
INFO: [ app_init ] --END-- [ RunTime:0.000378s ]

[ 2015-10-15T14:34:54+08:00 ] 127.0.0.1 /myProject/thinkphpFrame/index.php/Admin/News/index
INFO: [ app_init ] --START--
INFO: Run Behavior\BuildLiteBehavior [ RunTime:0.000011s ]
INFO: [ app_init ] --END-- [ RunTime:0.000270s ]
INFO: [ app_begin ] --START--
INFO: Run Behavior\ReadHtmlCacheBehavior [ RunTime:0.000449s ]
INFO: [ app_begin ] --END-- [ RunTime:0.000497s ]
SQL: SHOW COLUMNS FROM `news` [ RunTime:0.0031s ]
SQL: SELECT COUNT(*) AS tp_count FROM `news` WHERE ( 1 ) LIMIT 1   [ RunTime:0.0003s ]
SQL: SELECT * FROM `news` WHERE ( 1 ) ORDER BY post_time desc LIMIT 0,10   [ RunTime:0.0009s ]
INFO: [ view_parse ] --START--
INFO: [ template_filter ] --START--
INFO: Run Behavior\ContentReplaceBehavior [ RunTime:0.000122s ]
INFO: [ template_filter ] --END-- [ RunTime:0.000174s ]
NOTIC: [8] Undefined index: cat_name D:\wamp\www\myProject\thinkphpFrame\Application\Runtime\Cache\Admin\36087655c6ab8580337cdc45b35a926d.php 第 331 行.
NOTIC: [8] Undefined index: cat_name D:\wamp\www\myProject\thinkphpFrame\Application\Runtime\Cache\Admin\36087655c6ab8580337cdc45b35a926d.php 第 331 行.
NOTIC: [8] Undefined index: cat_name D:\wamp\www\myProject\thinkphpFrame\Application\Runtime\Cache\Admin\36087655c6ab8580337cdc45b35a926d.php 第 331 行.
NOTIC: [8] Undefined index: cat_name D:\wamp\www\myProject\thinkphpFrame\Application\Runtime\Cache\Admin\36087655c6ab8580337cdc45b35a926d.php 第 331 行.
NOTIC: [8] Undefined index: cat_name D:\wamp\www\myProject\thinkphpFrame\Application\Runtime\Cache\Admin\36087655c6ab8580337cdc45b35a926d.php 第 331 行.
NOTIC: [8] Undefined index: cat_name D:\wamp\www\myProject\thinkphpFrame\Application\Runtime\Cache\Admin\36087655c6ab8580337cdc45b35a926d.php 第 331 行.
NOTIC: [8] Undefined index: cat_name D:\wamp\www\myProject\thinkphpFrame\Application\Runtime\Cache\Admin\36087655c6ab8580337cdc45b35a926d.php 第 331 行.
NOTIC: [8] Undefined index: cat_name D:\wamp\www\myProject\thinkphpFrame\Application\Runtime\Cache\Admin\36087655c6ab8580337cdc45b35a926d.php 第 331 行.
NOTIC: [8] Undefined index: cat_name D:\wamp\www\myProject\thinkphpFrame\Application\Runtime\Cache\Admin\36087655c6ab8580337cdc45b35a926d.php 第 331 行.
NOTIC: [8] Undefined index: cat_name D:\wamp\www\myProject\thinkphpFrame\Application\Runtime\Cache\Admin\36087655c6ab8580337cdc45b35a926d.php 第 331 行.
INFO: Run Behavior\ParseTemplateBehavior [ RunTime:0.014676s ]
INFO: [ view_parse ] --END-- [ RunTime:0.014726s ]
INFO: [ view_filter ] --START--
INFO: Run Behavior\WriteHtmlCacheBehavior [ RunTime:0.000257s ]
INFO: [ view_filter ] --END-- [ RunTime:0.000295s ]
INFO: [ app_end ] --START--
INFO: Run Behavior\ShowPageTraceBehavior [ RunTime:0.000453s ]
INFO: [ app_end ] --END-- [ RunTime:0.000492s ]

[ 2015-10-15T14:34:54+08:00 ] 127.0.0.1 /myProject/thinkphpFrame/index.php/Admin/News/resources/images/closelabel.gif
INFO: [ app_init ] --START--
INFO: Run Behavior\BuildLiteBehavior [ RunTime:0.000019s ]
INFO: [ app_init ] --END-- [ RunTime:0.000395s ]

[ 2015-10-15T14:34:54+08:00 ] 127.0.0.1 /myProject/thinkphpFrame/index.php/Admin/News/resources/images/loading.gif
INFO: [ app_init ] --START--
INFO: Run Behavior\BuildLiteBehavior [ RunTime:0.000015s ]
INFO: [ app_init ] --END-- [ RunTime:0.000354s ]

[ 2015-10-15T14:34:57+08:00 ] 127.0.0.1 /myProject/thinkphpFrame/index.php/Admin/News/index
INFO: [ app_init ] --START--
INFO: Run Behavior\BuildLiteBehavior [ RunTime:0.000025s ]
INFO: [ app_init ] --END-- [ RunTime:0.000502s ]
INFO: [ app_begin ] --START--
INFO: Run Behavior\ReadHtmlCacheBehavior [ RunTime:0.000660s ]
INFO: [ app_begin ] --END-- [ RunTime:0.000739s ]
SQL: SHOW COLUMNS FROM `news` [ RunTime:0.0066s ]
SQL: SELECT COUNT(*) AS tp_count FROM `news` WHERE ( 1 ) LIMIT 1   [ RunTime:0.0006s ]
SQL: SELECT * FROM `news` WHERE ( 1 ) ORDER BY post_time desc LIMIT 0,10   [ RunTime:0.0021s ]
INFO: [ view_parse ] --START--
INFO: [ template_filter ] --START--
INFO: Run Behavior\ContentReplaceBehavior [ RunTime:0.000143s ]
INFO: [ template_filter ] --END-- [ RunTime:0.000202s ]
NOTIC: [8] Undefined index: cat_name D:\wamp\www\myProject\thinkphpFrame\Application\Runtime\Cache\Admin\36087655c6ab8580337cdc45b35a926d.php 第 331 行.
NOTIC: [8] Undefined index: cat_name D:\wamp\www\myProject\thinkphpFrame\Application\Runtime\Cache\Admin\36087655c6ab8580337cdc45b35a926d.php 第 331 行.
NOTIC: [8] Undefined index: cat_name D:\wamp\www\myProject\thinkphpFrame\Application\Runtime\Cache\Admin\36087655c6ab8580337cdc45b35a926d.php 第 331 行.
NOTIC: [8] Undefined index: cat_name D:\wamp\www\myProject\thinkphpFrame\Application\Runtime\Cache\Admin\36087655c6ab8580337cdc45b35a926d.php 第 331 行.
NOTIC: [8] Undefined index: cat_name D:\wamp\www\myProject\thinkphpFrame\Application\Runtime\Cache\Admin\36087655c6ab8580337cdc45b35a926d.php 第 331 行.
NOTIC: [8] Undefined index: cat_name D:\wamp\www\myProject\thinkphpFrame\Application\Runtime\Cache\Admin\36087655c6ab8580337cdc45b35a926d.php 第 331 行.
NOTIC: [8] Undefined index: cat_name D:\wamp\www\myProject\thinkphpFrame\Application\Runtime\Cache\Admin\36087655c6ab8580337cdc45b35a926d.php 第 331 行.
NOTIC: [8] Undefined index: cat_name D:\wamp\www\myProject\thinkphpFrame\Application\Runtime\Cache\Admin\36087655c6ab8580337cdc45b35a926d.php 第 331 行.
NOTIC: [8] Undefined index: cat_name D:\wamp\www\myProject\thinkphpFrame\Application\Runtime\Cache\Admin\36087655c6ab8580337cdc45b35a926d.php 第 331 行.
NOTIC: [8] Undefined index: cat_name D:\wamp\www\myProject\thinkphpFrame\Application\Runtime\Cache\Admin\36087655c6ab8580337cdc45b35a926d.php 第 331 行.
INFO: Run Behavior\ParseTemplateBehavior [ RunTime:0.011214s ]
INFO: [ view_parse ] --END-- [ RunTime:0.011267s ]
INFO: [ view_filter ] --START--
INFO: Run Behavior\WriteHtmlCacheBehavior [ RunTime:0.000180s ]
INFO: [ view_filter ] --END-- [ RunTime:0.000221s ]
INFO: [ app_end ] --START--
INFO: Run Behavior\ShowPageTraceBehavior [ RunTime:0.000425s ]
INFO: [ app_end ] --END-- [ RunTime:0.000469s ]

[ 2015-10-15T14:34:57+08:00 ] 127.0.0.1 /myProject/thinkphpFrame/index.php/Admin/News/resources/images/closelabel.gif
INFO: [ app_init ] --START--
INFO: Run Behavior\BuildLiteBehavior [ RunTime:0.000017s ]
INFO: [ app_init ] --END-- [ RunTime:0.000387s ]

[ 2015-10-15T14:34:57+08:00 ] 127.0.0.1 /myProject/thinkphpFrame/index.php/Admin/News/resources/images/loading.gif
INFO: [ app_init ] --START--
INFO: Run Behavior\BuildLiteBehavior [ RunTime:0.000016s ]
INFO: [ app_init ] --END-- [ RunTime:0.000362s ]

[ 2015-10-15T14:34:59+08:00 ] 127.0.0.1 /myProject/thinkphpFrame/index.php/Admin/News/index
INFO: [ app_init ] --START--
INFO: Run Behavior\BuildLiteBehavior [ RunTime:0.000020s ]
INFO: [ app_init ] --END-- [ RunTime:0.000502s ]
INFO: [ app_begin ] --START--
INFO: Run Behavior\ReadHtmlCacheBehavior [ RunTime:0.000681s ]
INFO: [ app_begin ] --END-- [ RunTime:0.000768s ]
SQL: SHOW COLUMNS FROM `news` [ RunTime:0.0029s ]
SQL: SELECT COUNT(*) AS tp_count FROM `news` WHERE ( 1 ) LIMIT 1   [ RunTime:0.0003s ]
SQL: SELECT * FROM `news` WHERE ( 1 ) ORDER BY post_time desc LIMIT 0,10   [ RunTime:0.0007s ]
INFO: [ view_parse ] --START--
INFO: [ template_filter ] --START--
INFO: Run Behavior\ContentReplaceBehavior [ RunTime:0.000124s ]
INFO: [ template_filter ] --END-- [ RunTime:0.000173s ]
NOTIC: [8] Undefined index: cat_name D:\wamp\www\myProject\thinkphpFrame\Application\Runtime\Cache\Admin\36087655c6ab8580337cdc45b35a926d.php 第 331 行.
NOTIC: [8] Undefined index: cat_name D:\wamp\www\myProject\thinkphpFrame\Application\Runtime\Cache\Admin\36087655c6ab8580337cdc45b35a926d.php 第 331 行.
NOTIC: [8] Undefined index: cat_name D:\wamp\www\myProject\thinkphpFrame\Application\Runtime\Cache\Admin\36087655c6ab8580337cdc45b35a926d.php 第 331 行.
NOTIC: [8] Undefined index: cat_name D:\wamp\www\myProject\thinkphpFrame\Application\Runtime\Cache\Admin\36087655c6ab8580337cdc45b35a926d.php 第 331 行.
NOTIC: [8] Undefined index: cat_name D:\wamp\www\myProject\thinkphpFrame\Application\Runtime\Cache\Admin\36087655c6ab8580337cdc45b35a926d.php 第 331 行.
NOTIC: [8] Undefined index: cat_name D:\wamp\www\myProject\thinkphpFrame\Application\Runtime\Cache\Admin\36087655c6ab8580337cdc45b35a926d.php 第 331 行.
NOTIC: [8] Undefined index: cat_name D:\wamp\www\myProject\thinkphpFrame\Application\Runtime\Cache\Admin\36087655c6ab8580337cdc45b35a926d.php 第 331 行.
NOTIC: [8] Undefined index: cat_name D:\wamp\www\myProject\thinkphpFrame\Application\Runtime\Cache\Admin\36087655c6ab8580337cdc45b35a926d.php 第 331 行.
NOTIC: [8] Undefined index: cat_name D:\wamp\www\myProject\thinkphpFrame\Application\Runtime\Cache\Admin\36087655c6ab8580337cdc45b35a926d.php 第 331 行.
NOTIC: [8] Undefined index: cat_name D:\wamp\www\myProject\thinkphpFrame\Application\Runtime\Cache\Admin\36087655c6ab8580337cdc45b35a926d.php 第 331 行.
INFO: Run Behavior\ParseTemplateBehavior [ RunTime:0.010769s ]
INFO: [ view_parse ] --END-- [ RunTime:0.010810s ]
INFO: [ view_filter ] --START--
INFO: Run Behavior\WriteHtmlCacheBehavior [ RunTime:0.000264s ]
INFO: [ view_filter ] --END-- [ RunTime:0.000303s ]
INFO: [ app_end ] --START--
INFO: Run Behavior\ShowPageTraceBehavior [ RunTime:0.000462s ]
INFO: [ app_end ] --END-- [ RunTime:0.000505s ]

[ 2015-10-15T14:34:59+08:00 ] 127.0.0.1 /myProject/thinkphpFrame/index.php/Admin/News/resources/images/closelabel.gif
INFO: [ app_init ] --START--
INFO: Run Behavior\BuildLiteBehavior [ RunTime:0.000016s ]
INFO: [ app_init ] --END-- [ RunTime:0.000368s ]

[ 2015-10-15T14:34:59+08:00 ] 127.0.0.1 /myProject/thinkphpFrame/index.php/Admin/News/resources/images/loading.gif
INFO: [ app_init ] --START--
INFO: Run Behavior\BuildLiteBehavior [ RunTime:0.000047s ]
INFO: [ app_init ] --END-- [ RunTime:0.003213s ]

[ 2015-10-15T14:35:02+08:00 ] 127.0.0.1 /myProject/thinkphpFrame/index.php/Admin/News/index
INFO: [ app_init ] --START--
INFO: Run Behavior\BuildLiteBehavior [ RunTime:0.000016s ]
INFO: [ app_init ] --END-- [ RunTime:0.000416s ]
INFO: [ app_begin ] --START--
INFO: Run Behavior\ReadHtmlCacheBehavior [ RunTime:0.000503s ]
INFO: [ app_begin ] --END-- [ RunTime:0.000564s ]
SQL: SHOW COLUMNS FROM `news` [ RunTime:0.0026s ]
SQL: SELECT COUNT(*) AS tp_count FROM `news` WHERE ( 1 ) LIMIT 1   [ RunTime:0.0003s ]
SQL: SELECT * FROM `news` WHERE ( 1 ) ORDER BY post_time desc LIMIT 0,10   [ RunTime:0.0008s ]
INFO: [ view_parse ] --START--
INFO: [ template_filter ] --START--
INFO: Run Behavior\ContentReplaceBehavior [ RunTime:0.000125s ]
INFO: [ template_filter ] --END-- [ RunTime:0.000177s ]
NOTIC: [8] Undefined index: cat_name D:\wamp\www\myProject\thinkphpFrame\Application\Runtime\Cache\Admin\36087655c6ab8580337cdc45b35a926d.php 第 331 行.
NOTIC: [8] Undefined index: cat_name D:\wamp\www\myProject\thinkphpFrame\Application\Runtime\Cache\Admin\36087655c6ab8580337cdc45b35a926d.php 第 331 行.
NOTIC: [8] Undefined index: cat_name D:\wamp\www\myProject\thinkphpFrame\Application\Runtime\Cache\Admin\36087655c6ab8580337cdc45b35a926d.php 第 331 行.
NOTIC: [8] Undefined index: cat_name D:\wamp\www\myProject\thinkphpFrame\Application\Runtime\Cache\Admin\36087655c6ab8580337cdc45b35a926d.php 第 331 行.
NOTIC: [8] Undefined index: cat_name D:\wamp\www\myProject\thinkphpFrame\Application\Runtime\Cache\Admin\36087655c6ab8580337cdc45b35a926d.php 第 331 行.
NOTIC: [8] Undefined index: cat_name D:\wamp\www\myProject\thinkphpFrame\Application\Runtime\Cache\Admin\36087655c6ab8580337cdc45b35a926d.php 第 331 行.
NOTIC: [8] Undefined index: cat_name D:\wamp\www\myProject\thinkphpFrame\Application\Runtime\Cache\Admin\36087655c6ab8580337cdc45b35a926d.php 第 331 行.
NOTIC: [8] Undefined index: cat_name D:\wamp\www\myProject\thinkphpFrame\Application\Runtime\Cache\Admin\36087655c6ab8580337cdc45b35a926d.php 第 331 行.
NOTIC: [8] Undefined index: cat_name D:\wamp\www\myProject\thinkphpFrame\Application\Runtime\Cache\Admin\36087655c6ab8580337cdc45b35a926d.php 第 331 行.
NOTIC: [8] Undefined index: cat_name D:\wamp\www\myProject\thinkphpFrame\Application\Runtime\Cache\Admin\36087655c6ab8580337cdc45b35a926d.php 第 331 行.
INFO: Run Behavior\ParseTemplateBehavior [ RunTime:0.010051s ]
INFO: [ view_parse ] --END-- [ RunTime:0.010098s ]
INFO: [ view_filter ] --START--
INFO: Run Behavior\WriteHtmlCacheBehavior [ RunTime:0.000149s ]
INFO: [ view_filter ] --END-- [ RunTime:0.000183s ]
INFO: [ app_end ] --START--
INFO: Run Behavior\ShowPageTraceBehavior [ RunTime:0.000369s ]
INFO: [ app_end ] --END-- [ RunTime:0.000405s ]

[ 2015-10-15T14:35:02+08:00 ] 127.0.0.1 /myProject/thinkphpFrame/index.php/Admin/News/resources/images/closelabel.gif
INFO: [ app_init ] --START--
INFO: Run Behavior\BuildLiteBehavior [ RunTime:0.000021s ]
INFO: [ app_init ] --END-- [ RunTime:0.000384s ]

[ 2015-10-15T14:35:02+08:00 ] 127.0.0.1 /myProject/thinkphpFrame/index.php/Admin/News/resources/images/loading.gif
INFO: [ app_init ] --START--
INFO: Run Behavior\BuildLiteBehavior [ RunTime:0.000017s ]
INFO: [ app_init ] --END-- [ RunTime:0.000364s ]

[ 2015-10-15T14:35:10+08:00 ] 127.0.0.1 /myProject/thinkphpFrame/index.php/Admin/News/index
INFO: [ app_init ] --START--
INFO: Run Behavior\BuildLiteBehavior [ RunTime:0.000019s ]
INFO: [ app_init ] --END-- [ RunTime:0.000476s ]
INFO: [ app_begin ] --START--
INFO: Run Behavior\ReadHtmlCacheBehavior [ RunTime:0.000692s ]
INFO: [ app_begin ] --END-- [ RunTime:0.000780s ]
SQL: SHOW COLUMNS FROM `news` [ RunTime:0.0051s ]
SQL: SELECT COUNT(*) AS tp_count FROM `news` WHERE ( 1 ) LIMIT 1   [ RunTime:0.0005s ]
SQL: SELECT * FROM `news` WHERE ( 1 ) ORDER BY post_time desc LIMIT 0,10   [ RunTime:0.0015s ]
INFO: [ view_parse ] --START--
INFO: [ template_filter ] --START--
INFO: Run Behavior\ContentReplaceBehavior [ RunTime:0.000243s ]
INFO: [ template_filter ] --END-- [ RunTime:0.000333s ]
NOTIC: [8] Undefined index: cat_name D:\wamp\www\myProject\thinkphpFrame\Application\Runtime\Cache\Admin\36087655c6ab8580337cdc45b35a926d.php 第 331 行.
NOTIC: [8] Undefined index: cat_name D:\wamp\www\myProject\thinkphpFrame\Application\Runtime\Cache\Admin\36087655c6ab8580337cdc45b35a926d.php 第 331 行.
NOTIC: [8] Undefined index: cat_name D:\wamp\www\myProject\thinkphpFrame\Application\Runtime\Cache\Admin\36087655c6ab8580337cdc45b35a926d.php 第 331 行.
NOTIC: [8] Undefined index: cat_name D:\wamp\www\myProject\thinkphpFrame\Application\Runtime\Cache\Admin\36087655c6ab8580337cdc45b35a926d.php 第 331 行.
NOTIC: [8] Undefined index: cat_name D:\wamp\www\myProject\thinkphpFrame\Application\Runtime\Cache\Admin\36087655c6ab8580337cdc45b35a926d.php 第 331 行.
NOTIC: [8] Undefined index: cat_name D:\wamp\www\myProject\thinkphpFrame\Application\Runtime\Cache\Admin\36087655c6ab8580337cdc45b35a926d.php 第 331 行.
NOTIC: [8] Undefined index: cat_name D:\wamp\www\myProject\thinkphpFrame\Application\Runtime\Cache\Admin\36087655c6ab8580337cdc45b35a926d.php 第 331 行.
NOTIC: [8] Undefined index: cat_name D:\wamp\www\myProject\thinkphpFrame\Application\Runtime\Cache\Admin\36087655c6ab8580337cdc45b35a926d.php 第 331 行.
NOTIC: [8] Undefined index: cat_name D:\wamp\www\myProject\thinkphpFrame\Application\Runtime\Cache\Admin\36087655c6ab8580337cdc45b35a926d.php 第 331 行.
NOTIC: [8] Undefined index: cat_name D:\wamp\www\myProject\thinkphpFrame\Application\Runtime\Cache\Admin\36087655c6ab8580337cdc45b35a926d.php 第 331 行.
INFO: Run Behavior\ParseTemplateBehavior [ RunTime:0.018417s ]
INFO: [ view_parse ] --END-- [ RunTime:0.018478s ]
INFO: [ view_filter ] --START--
INFO: Run Behavior\WriteHtmlCacheBehavior [ RunTime:0.000283s ]
INFO: [ view_filter ] --END-- [ RunTime:0.000324s ]
INFO: [ app_end ] --START--
INFO: Run Behavior\ShowPageTraceBehavior [ RunTime:0.000624s ]
INFO: [ app_end ] --END-- [ RunTime:0.000695s ]

[ 2015-10-15T14:35:10+08:00 ] 127.0.0.1 /myProject/thinkphpFrame/index.php/Admin/News/resources/images/closelabel.gif
INFO: [ app_init ] --START--
INFO: Run Behavior\BuildLiteBehavior [ RunTime:0.000018s ]
INFO: [ app_init ] --END-- [ RunTime:0.000380s ]

[ 2015-10-15T14:35:10+08:00 ] 127.0.0.1 /myProject/thinkphpFrame/index.php/Admin/News/resources/images/loading.gif
INFO: [ app_init ] --START--
INFO: Run Behavior\BuildLiteBehavior [ RunTime:0.000019s ]
INFO: [ app_init ] --END-- [ RunTime:0.000454s ]

[ 2015-10-15T14:35:57+08:00 ] 127.0.0.1 /myProject/thinkphpFrame/index.php/Admin/Index/index
INFO: [ app_init ] --START--
INFO: Run Behavior\BuildLiteBehavior [ RunTime:0.000022s ]
INFO: [ app_init ] --END-- [ RunTime:0.000552s ]
INFO: [ app_begin ] --START--
INFO: Run Behavior\ReadHtmlCacheBehavior [ RunTime:0.000760s ]
INFO: [ app_begin ] --END-- [ RunTime:0.000855s ]
SQL: SHOW COLUMNS FROM `user_info` [ RunTime:0.0027s ]
SQL: SELECT COUNT(*) AS tp_count FROM `user_info` WHERE ( 1 ) LIMIT 1   [ RunTime:0.0003s ]
SQL: SELECT * FROM `user_info` WHERE ( 1 ) ORDER BY posttime desc LIMIT 0,10   [ RunTime:0.0005s ]
INFO: [ view_parse ] --START--
INFO: [ template_filter ] --START--
INFO: Run Behavior\ContentReplaceBehavior [ RunTime:0.000145s ]
INFO: [ template_filter ] --END-- [ RunTime:0.000197s ]
INFO: Run Behavior\ParseTemplateBehavior [ RunTime:0.010018s ]
INFO: [ view_parse ] --END-- [ RunTime:0.010077s ]
INFO: [ view_filter ] --START--
INFO: Run Behavior\WriteHtmlCacheBehavior [ RunTime:0.000158s ]
INFO: [ view_filter ] --END-- [ RunTime:0.000193s ]
INFO: [ app_end ] --START--
INFO: Run Behavior\ShowPageTraceBehavior [ RunTime:0.000350s ]
INFO: [ app_end ] --END-- [ RunTime:0.000388s ]

[ 2015-10-15T14:35:58+08:00 ] 127.0.0.1 /myProject/thinkphpFrame/index.php/Admin/Index/resources/images/loading.gif
INFO: [ app_init ] --START--
INFO: Run Behavior\BuildLiteBehavior [ RunTime:0.000019s ]
INFO: [ app_init ] --END-- [ RunTime:0.000379s ]

[ 2015-10-15T14:35:58+08:00 ] 127.0.0.1 /myProject/thinkphpFrame/index.php/Admin/Index/resources/images/closelabel.gif
INFO: [ app_init ] --START--
INFO: Run Behavior\BuildLiteBehavior [ RunTime:0.000020s ]
INFO: [ app_init ] --END-- [ RunTime:0.000415s ]

[ 2015-10-15T14:36:03+08:00 ] 127.0.0.1 /myProject/thinkphpFrame/index.php/Admin/Task/index
INFO: [ app_init ] --START--
INFO: Run Behavior\BuildLiteBehavior [ RunTime:0.000013s ]
INFO: [ app_init ] --END-- [ RunTime:0.000321s ]
INFO: [ app_begin ] --START--
INFO: Run Behavior\ReadHtmlCacheBehavior [ RunTime:0.000430s ]
INFO: [ app_begin ] --END-- [ RunTime:0.000480s ]
SQL: SHOW COLUMNS FROM `tasks` [ RunTime:0.0032s ]
SQL: SELECT COUNT(*) AS tp_count FROM `tasks` WHERE ( 1 ) LIMIT 1   [ RunTime:0.0003s ]
SQL: SELECT * FROM `tasks` WHERE ( 1 ) ORDER BY task_posttime desc LIMIT 0,10   [ RunTime:0.0005s ]
INFO: [ view_parse ] --START--
INFO: [ template_filter ] --START--
INFO: Run Behavior\ContentReplaceBehavior [ RunTime:0.000149s ]
INFO: [ template_filter ] --END-- [ RunTime:0.000200s ]
INFO: Run Behavior\ParseTemplateBehavior [ RunTime:0.013670s ]
INFO: [ view_parse ] --END-- [ RunTime:0.013733s ]
INFO: [ view_filter ] --START--
INFO: Run Behavior\WriteHtmlCacheBehavior [ RunTime:0.000155s ]
INFO: [ view_filter ] --END-- [ RunTime:0.000190s ]
INFO: [ app_end ] --START--
INFO: Run Behavior\ShowPageTraceBehavior [ RunTime:0.000349s ]
INFO: [ app_end ] --END-- [ RunTime:0.000385s ]

[ 2015-10-15T14:36:03+08:00 ] 127.0.0.1 /myProject/thinkphpFrame/index.php/Admin/Task/resources/images/closelabel.gif
INFO: [ app_init ] --START--
INFO: Run Behavior\BuildLiteBehavior [ RunTime:0.000021s ]
INFO: [ app_init ] --END-- [ RunTime:0.000375s ]

[ 2015-10-15T14:36:03+08:00 ] 127.0.0.1 /myProject/thinkphpFrame/index.php/Admin/Task/resources/images/loading.gif
INFO: [ app_init ] --START--
INFO: Run Behavior\BuildLiteBehavior [ RunTime:0.000016s ]
INFO: [ app_init ] --END-- [ RunTime:0.000353s ]

[ 2015-10-15T14:36:04+08:00 ] 127.0.0.1 /myProject/thinkphpFrame/index.php/Admin/Task/show_baoming/id/49
INFO: [ app_init ] --START--
INFO: Run Behavior\BuildLiteBehavior [ RunTime:0.000018s ]
INFO: [ app_init ] --END-- [ RunTime:0.000424s ]
INFO: [ app_begin ] --START--
INFO: Run Behavior\ReadHtmlCacheBehavior [ RunTime:0.000578s ]
INFO: [ app_begin ] --END-- [ RunTime:0.000649s ]
SQL: SHOW COLUMNS FROM `task_user` [ RunTime:0.0035s ]
SQL: SELECT COUNT(*) AS tp_count FROM `task_user` INNER JOIN tasks ON tasks.id=task_user.task_id INNER JOIN user_info ON task_user.user_id=user_info.id AND task_id=49  LIMIT 1   [ RunTime:0.0125s ]
SQL: SELECT * FROM `task_user` INNER JOIN tasks ON tasks.id=task_user.task_id INNER JOIN user_info ON task_user.user_id=user_info.id AND task_id=49  ORDER BY time desc LIMIT 0,10   [ RunTime:0.0006s ]
INFO: [ view_parse ] --START--
INFO: [ template_filter ] --START--
INFO: Run Behavior\ContentReplaceBehavior [ RunTime:0.000164s ]
INFO: [ template_filter ] --END-- [ RunTime:0.000214s ]
NOTIC: [8] Undefined variable: id D:\wamp\www\myProject\thinkphpFrame\Application\Runtime\Cache\Admin\25ecfde752835b67ed3f37f6c907f738.php 第 125 行.
NOTIC: [8] Undefined variable: data D:\wamp\www\myProject\thinkphpFrame\Application\Runtime\Cache\Admin\25ecfde752835b67ed3f37f6c907f738.php 第 411 行.
NOTIC: [8] Undefined variable: data D:\wamp\www\myProject\thinkphpFrame\Application\Runtime\Cache\Admin\25ecfde752835b67ed3f37f6c907f738.php 第 412 行.
NOTIC: [8] Undefined variable: data D:\wamp\www\myProject\thinkphpFrame\Application\Runtime\Cache\Admin\25ecfde752835b67ed3f37f6c907f738.php 第 422 行.
NOTIC: [8] Undefined variable: data D:\wamp\www\myProject\thinkphpFrame\Application\Runtime\Cache\Admin\25ecfde752835b67ed3f37f6c907f738.php 第 424 行.
NOTIC: [8] Undefined variable: data D:\wamp\www\myProject\thinkphpFrame\Application\Runtime\Cache\Admin\25ecfde752835b67ed3f37f6c907f738.php 第 429 行.
NOTIC: [8] Undefined variable: data D:\wamp\www\myProject\thinkphpFrame\Application\Runtime\Cache\Admin\25ecfde752835b67ed3f37f6c907f738.php 第 434 行.
NOTIC: [8] Undefined variable: data D:\wamp\www\myProject\thinkphpFrame\Application\Runtime\Cache\Admin\25ecfde752835b67ed3f37f6c907f738.php 第 439 行.
NOTIC: [8] Undefined variable: data D:\wamp\www\myProject\thinkphpFrame\Application\Runtime\Cache\Admin\25ecfde752835b67ed3f37f6c907f738.php 第 444 行.
NOTIC: [8] Undefined variable: data D:\wamp\www\myProject\thinkphpFrame\Application\Runtime\Cache\Admin\25ecfde752835b67ed3f37f6c907f738.php 第 449 行.
NOTIC: [8] Undefined variable: data D:\wamp\www\myProject\thinkphpFrame\Application\Runtime\Cache\Admin\25ecfde752835b67ed3f37f6c907f738.php 第 454 行.
NOTIC: [8] Undefined variable: data D:\wamp\www\myProject\thinkphpFrame\Application\Runtime\Cache\Admin\25ecfde752835b67ed3f37f6c907f738.php 第 459 行.
NOTIC: [8] Undefined variable: data D:\wamp\www\myProject\thinkphpFrame\Application\Runtime\Cache\Admin\25ecfde752835b67ed3f37f6c907f738.php 第 464 行.
NOTIC: [8] Undefined variable: data D:\wamp\www\myProject\thinkphpFrame\Application\Runtime\Cache\Admin\25ecfde752835b67ed3f37f6c907f738.php 第 471 行.
NOTIC: [8] Undefined variable: data D:\wamp\www\myProject\thinkphpFrame\Application\Runtime\Cache\Admin\25ecfde752835b67ed3f37f6c907f738.php 第 479 行.
INFO: Run Behavior\ParseTemplateBehavior [ RunTime:0.028434s ]
INFO: [ view_parse ] --END-- [ RunTime:0.028488s ]
INFO: [ view_filter ] --START--
INFO: Run Behavior\WriteHtmlCacheBehavior [ RunTime:0.000156s ]
INFO: [ view_filter ] --END-- [ RunTime:0.000191s ]
INFO: [ app_end ] --START--
INFO: Run Behavior\ShowPageTraceBehavior [ RunTime:0.000367s ]
INFO: [ app_end ] --END-- [ RunTime:0.000403s ]

[ 2015-10-15T14:36:04+08:00 ] 127.0.0.1 /myProject/thinkphpFrame/index.php/Admin/Task/show_baoming/id/resources/images/closelabel.gif
INFO: [ app_init ] --START--
INFO: Run Behavior\BuildLiteBehavior [ RunTime:0.000019s ]
INFO: [ app_init ] --END-- [ RunTime:0.000393s ]

[ 2015-10-15T14:36:04+08:00 ] 127.0.0.1 /myProject/thinkphpFrame/index.php/Admin/Task/show_baoming/id/resources/images/loading.gif
INFO: [ app_init ] --START--
INFO: Run Behavior\BuildLiteBehavior [ RunTime:0.000016s ]
INFO: [ app_init ] --END-- [ RunTime:0.000377s ]

[ 2015-10-15T14:36:10+08:00 ] 127.0.0.1 /myProject/thinkphpFrame/index.php/Admin/News/index
INFO: [ app_init ] --START--
INFO: Run Behavior\BuildLiteBehavior [ RunTime:0.000015s ]
INFO: [ app_init ] --END-- [ RunTime:0.000394s ]
INFO: [ app_begin ] --START--
INFO: Run Behavior\ReadHtmlCacheBehavior [ RunTime:0.000609s ]
INFO: [ app_begin ] --END-- [ RunTime:0.000678s ]
SQL: SHOW COLUMNS FROM `news` [ RunTime:0.0034s ]
SQL: SELECT COUNT(*) AS tp_count FROM `news` WHERE ( 1 ) LIMIT 1   [ RunTime:0.0003s ]
SQL: SELECT * FROM `news` WHERE ( 1 ) ORDER BY post_time desc LIMIT 0,10   [ RunTime:0.0011s ]
INFO: [ view_parse ] --START--
INFO: [ template_filter ] --START--
INFO: Run Behavior\ContentReplaceBehavior [ RunTime:0.000122s ]
INFO: [ template_filter ] --END-- [ RunTime:0.000173s ]
NOTIC: [8] Undefined index: cat_name D:\wamp\www\myProject\thinkphpFrame\Application\Runtime\Cache\Admin\36087655c6ab8580337cdc45b35a926d.php 第 331 行.
NOTIC: [8] Undefined index: cat_name D:\wamp\www\myProject\thinkphpFrame\Application\Runtime\Cache\Admin\36087655c6ab8580337cdc45b35a926d.php 第 331 行.
NOTIC: [8] Undefined index: cat_name D:\wamp\www\myProject\thinkphpFrame\Application\Runtime\Cache\Admin\36087655c6ab8580337cdc45b35a926d.php 第 331 行.
NOTIC: [8] Undefined index: cat_name D:\wamp\www\myProject\thinkphpFrame\Application\Runtime\Cache\Admin\36087655c6ab8580337cdc45b35a926d.php 第 331 行.
NOTIC: [8] Undefined index: cat_name D:\wamp\www\myProject\thinkphpFrame\Application\Runtime\Cache\Admin\36087655c6ab8580337cdc45b35a926d.php 第 331 行.
NOTIC: [8] Undefined index: cat_name D:\wamp\www\myProject\thinkphpFrame\Application\Runtime\Cache\Admin\36087655c6ab8580337cdc45b35a926d.php 第 331 行.
NOTIC: [8] Undefined index: cat_name D:\wamp\www\myProject\thinkphpFrame\Application\Runtime\Cache\Admin\36087655c6ab8580337cdc45b35a926d.php 第 331 行.
NOTIC: [8] Undefined index: cat_name D:\wamp\www\myProject\thinkphpFrame\Application\Runtime\Cache\Admin\36087655c6ab8580337cdc45b35a926d.php 第 331 行.
NOTIC: [8] Undefined index: cat_name D:\wamp\www\myProject\thinkphpFrame\Application\Runtime\Cache\Admin\36087655c6ab8580337cdc45b35a926d.php 第 331 行.
NOTIC: [8] Undefined index: cat_name D:\wamp\www\myProject\thinkphpFrame\Application\Runtime\Cache\Admin\36087655c6ab8580337cdc45b35a926d.php 第 331 行.
INFO: Run Behavior\ParseTemplateBehavior [ RunTime:0.010851s ]
INFO: [ view_parse ] --END-- [ RunTime:0.010904s ]
INFO: [ view_filter ] --START--
INFO: Run Behavior\WriteHtmlCacheBehavior [ RunTime:0.000257s ]
INFO: [ view_filter ] --END-- [ RunTime:0.000292s ]
INFO: [ app_end ] --START--
INFO: Run Behavior\ShowPageTraceBehavior [ RunTime:0.000438s ]
INFO: [ app_end ] --END-- [ RunTime:0.000478s ]

[ 2015-10-15T14:36:10+08:00 ] 127.0.0.1 /myProject/thinkphpFrame/index.php/Admin/News/resources/images/closelabel.gif
INFO: [ app_init ] --START--
INFO: Run Behavior\BuildLiteBehavior [ RunTime:0.000018s ]
INFO: [ app_init ] --END-- [ RunTime:0.000380s ]

[ 2015-10-15T14:36:10+08:00 ] 127.0.0.1 /myProject/thinkphpFrame/index.php/Admin/News/resources/images/loading.gif
INFO: [ app_init ] --START--
INFO: Run Behavior\BuildLiteBehavior [ RunTime:0.000021s ]
INFO: [ app_init ] --END-- [ RunTime:0.000505s ]

[ 2015-10-15T14:36:12+08:00 ] 127.0.0.1 /myProject/thinkphpFrame/index.php/Admin/Index/changeAdminPass
INFO: [ app_init ] --START--
INFO: Run Behavior\BuildLiteBehavior [ RunTime:0.000018s ]
INFO: [ app_init ] --END-- [ RunTime:0.000408s ]
INFO: [ app_begin ] --START--
INFO: Run Behavior\ReadHtmlCacheBehavior [ RunTime:0.000489s ]
INFO: [ app_begin ] --END-- [ RunTime:0.000551s ]
SQL: SHOW COLUMNS FROM `user` [ RunTime:0.0039s ]
SQL: SELECT * FROM `user` WHERE `id` = 17 LIMIT 1   [ RunTime:0.0004s ]
INFO: [ view_parse ] --START--
INFO: [ template_filter ] --START--
INFO: Run Behavior\ContentReplaceBehavior [ RunTime:0.000130s ]
INFO: [ template_filter ] --END-- [ RunTime:0.000185s ]
INFO: Run Behavior\ParseTemplateBehavior [ RunTime:0.042724s ]
INFO: [ view_parse ] --END-- [ RunTime:0.042796s ]
INFO: [ view_filter ] --START--
INFO: Run Behavior\WriteHtmlCacheBehavior [ RunTime:0.000269s ]
INFO: [ view_filter ] --END-- [ RunTime:0.000309s ]
INFO: [ app_end ] --START--
INFO: Run Behavior\ShowPageTraceBehavior [ RunTime:0.000506s ]
INFO: [ app_end ] --END-- [ RunTime:0.000545s ]

[ 2015-10-15T14:36:13+08:00 ] 127.0.0.1 /myProject/thinkphpFrame/index.php/Admin/Index/resources/images/closelabel.gif
INFO: [ app_init ] --START--
INFO: Run Behavior\BuildLiteBehavior [ RunTime:0.000012s ]
INFO: [ app_init ] --END-- [ RunTime:0.000272s ]

[ 2015-10-15T14:36:13+08:00 ] 127.0.0.1 /myProject/thinkphpFrame/index.php/Admin/Index/resources/images/loading.gif
INFO: [ app_init ] --START--
INFO: Run Behavior\BuildLiteBehavior [ RunTime:0.000018s ]
INFO: [ app_init ] --END-- [ RunTime:0.000398s ]

[ 2015-10-15T14:36:16+08:00 ] 127.0.0.1 /myProject/thinkphpFrame/index.php/Admin/Index/checkPass
INFO: [ app_init ] --START--
INFO: Run Behavior\BuildLiteBehavior [ RunTime:0.000012s ]
INFO: [ app_init ] --END-- [ RunTime:0.000286s ]
INFO: [ app_begin ] --START--
INFO: Run Behavior\ReadHtmlCacheBehavior [ RunTime:0.000390s ]
INFO: [ app_begin ] --END-- [ RunTime:0.000435s ]
SQL: SHOW COLUMNS FROM `user` [ RunTime:0.0031s ]
SQL: SELECT * FROM `user` WHERE `id` = 17 LIMIT 1   [ RunTime:0.0003s ]
INFO: [ app_end ] --START--
INFO: Run Behavior\ShowPageTraceBehavior [ RunTime:0.000543s ]
INFO: [ app_end ] --END-- [ RunTime:0.000590s ]

[ 2015-10-15T14:36:23+08:00 ] 127.0.0.1 /myProject/thinkphpFrame/index.php/Admin/Index/index
INFO: [ app_init ] --START--
INFO: Run Behavior\BuildLiteBehavior [ RunTime:0.000020s ]
INFO: [ app_init ] --END-- [ RunTime:0.000500s ]
INFO: [ app_begin ] --START--
INFO: Run Behavior\ReadHtmlCacheBehavior [ RunTime:0.000649s ]
INFO: [ app_begin ] --END-- [ RunTime:0.000729s ]
SQL: SHOW COLUMNS FROM `user_info` [ RunTime:0.0049s ]
SQL: SELECT COUNT(*) AS tp_count FROM `user_info` WHERE ( 1 ) LIMIT 1   [ RunTime:0.0005s ]
SQL: SELECT * FROM `user_info` WHERE ( 1 ) ORDER BY posttime desc LIMIT 0,10   [ RunTime:0.0009s ]
INFO: [ view_parse ] --START--
INFO: [ template_filter ] --START--
INFO: Run Behavior\ContentReplaceBehavior [ RunTime:0.000154s ]
INFO: [ template_filter ] --END-- [ RunTime:0.000211s ]
INFO: Run Behavior\ParseTemplateBehavior [ RunTime:0.012555s ]
INFO: [ view_parse ] --END-- [ RunTime:0.012634s ]
INFO: [ view_filter ] --START--
INFO: Run Behavior\WriteHtmlCacheBehavior [ RunTime:0.000336s ]
INFO: [ view_filter ] --END-- [ RunTime:0.000382s ]
INFO: [ app_end ] --START--
INFO: Run Behavior\ShowPageTraceBehavior [ RunTime:0.000513s ]
INFO: [ app_end ] --END-- [ RunTime:0.000559s ]

[ 2015-10-15T14:36:24+08:00 ] 127.0.0.1 /myProject/thinkphpFrame/index.php/Admin/Index/resources/images/closelabel.gif
INFO: [ app_init ] --START--
INFO: Run Behavior\BuildLiteBehavior [ RunTime:0.000010s ]
INFO: [ app_init ] --END-- [ RunTime:0.000247s ]

[ 2015-10-15T14:36:24+08:00 ] 127.0.0.1 /myProject/thinkphpFrame/index.php/Admin/Index/resources/images/loading.gif
INFO: [ app_init ] --START--
INFO: Run Behavior\BuildLiteBehavior [ RunTime:0.000014s ]
INFO: [ app_init ] --END-- [ RunTime:0.000287s ]

[ 2015-10-15T14:36:36+08:00 ] 127.0.0.1 /myProject/thinkphpFrame/index.php/Admin/Index/index
INFO: [ app_init ] --START--
INFO: Run Behavior\BuildLiteBehavior [ RunTime:0.000017s ]
INFO: [ app_init ] --END-- [ RunTime:0.000409s ]
INFO: [ app_begin ] --START--
INFO: Run Behavior\ReadHtmlCacheBehavior [ RunTime:0.000635s ]
INFO: [ app_begin ] --END-- [ RunTime:0.000713s ]
SQL: SHOW COLUMNS FROM `user_info` [ RunTime:0.0048s ]
SQL: SELECT COUNT(*) AS tp_count FROM `user_info` WHERE ( mobile like '%18292708781%' OR name like '%18292708781%' ) LIMIT 1   [ RunTime:0.0148s ]
SQL: SELECT * FROM `user_info` WHERE ( mobile like '%18292708781%' OR name like '%18292708781%' ) ORDER BY posttime desc LIMIT 0,10   [ RunTime:0.0005s ]
INFO: [ view_parse ] --START--
INFO: [ template_filter ] --START--
INFO: Run Behavior\ContentReplaceBehavior [ RunTime:0.000134s ]
INFO: [ template_filter ] --END-- [ RunTime:0.000192s ]
INFO: Run Behavior\ParseTemplateBehavior [ RunTime:0.010287s ]
INFO: [ view_parse ] --END-- [ RunTime:0.010337s ]
INFO: [ view_filter ] --START--
INFO: Run Behavior\WriteHtmlCacheBehavior [ RunTime:0.000243s ]
INFO: [ view_filter ] --END-- [ RunTime:0.000280s ]
INFO: [ app_end ] --START--
INFO: Run Behavior\ShowPageTraceBehavior [ RunTime:0.000436s ]
INFO: [ app_end ] --END-- [ RunTime:0.000473s ]

[ 2015-10-15T14:36:38+08:00 ] 127.0.0.1 /myProject/thinkphpFrame/index.php/Admin/Index/resources/images/closelabel.gif
INFO: [ app_init ] --START--
INFO: Run Behavior\BuildLiteBehavior [ RunTime:0.000012s ]
INFO: [ app_init ] --END-- [ RunTime:0.000262s ]

[ 2015-10-15T14:36:38+08:00 ] 127.0.0.1 /myProject/thinkphpFrame/index.php/Admin/Index/resources/images/loading.gif
INFO: [ app_init ] --START--
INFO: Run Behavior\BuildLiteBehavior [ RunTime:0.000017s ]
INFO: [ app_init ] --END-- [ RunTime:0.000377s ]

[ 2015-10-15T14:36:43+08:00 ] 127.0.0.1 /myProject/thinkphpFrame/index.php/Admin/Index/index
INFO: [ app_init ] --START--
INFO: Run Behavior\BuildLiteBehavior [ RunTime:0.000012s ]
INFO: [ app_init ] --END-- [ RunTime:0.000277s ]
INFO: [ app_begin ] --START--
INFO: Run Behavior\ReadHtmlCacheBehavior [ RunTime:0.000382s ]
INFO: [ app_begin ] --END-- [ RunTime:0.000428s ]
SQL: SHOW COLUMNS FROM `user_info` [ RunTime:0.0035s ]
SQL: SELECT COUNT(*) AS tp_count FROM `user_info` WHERE ( 1 ) LIMIT 1   [ RunTime:0.0003s ]
SQL: SELECT * FROM `user_info` WHERE ( 1 ) ORDER BY posttime desc LIMIT 0,10   [ RunTime:0.0006s ]
INFO: [ view_parse ] --START--
INFO: [ template_filter ] --START--
INFO: Run Behavior\ContentReplaceBehavior [ RunTime:0.000151s ]
INFO: [ template_filter ] --END-- [ RunTime:0.000211s ]
INFO: Run Behavior\ParseTemplateBehavior [ RunTime:0.011213s ]
INFO: [ view_parse ] --END-- [ RunTime:0.011274s ]
INFO: [ view_filter ] --START--
INFO: Run Behavior\WriteHtmlCacheBehavior [ RunTime:0.000369s ]
INFO: [ view_filter ] --END-- [ RunTime:0.000413s ]
INFO: [ app_end ] --START--
INFO: Run Behavior\ShowPageTraceBehavior [ RunTime:0.000494s ]
INFO: [ app_end ] --END-- [ RunTime:0.000536s ]

[ 2015-10-15T14:36:43+08:00 ] 127.0.0.1 /myProject/thinkphpFrame/index.php/Admin/Index/resources/images/closelabel.gif
INFO: [ app_init ] --START--
INFO: Run Behavior\BuildLiteBehavior [ RunTime:0.000017s ]
INFO: [ app_init ] --END-- [ RunTime:0.000361s ]

[ 2015-10-15T14:36:43+08:00 ] 127.0.0.1 /myProject/thinkphpFrame/index.php/Admin/Index/resources/images/loading.gif
INFO: [ app_init ] --START--
INFO: Run Behavior\BuildLiteBehavior [ RunTime:0.000020s ]
INFO: [ app_init ] --END-- [ RunTime:0.000963s ]

