[ 2015-10-08T09:32:23+08:00 ] 127.0.0.1 /myProject/thinkphpFrame/index.php/Admin/Index/showPage/id/20
INFO: [ app_init ] --START--
INFO: Run Behavior\BuildLiteBehavior [ RunTime:0.000011s ]
INFO: [ app_init ] --END-- [ RunTime:0.000273s ]
INFO: [ app_begin ] --START--
INFO: Run Behavior\ReadHtmlCacheBehavior [ RunTime:0.000418s ]
INFO: [ app_begin ] --END-- [ RunTime:0.000463s ]

[ 2015-10-08T09:32:23+08:00 ] 127.0.0.1 /myProject/thinkphpFrame/index.php/Admin/login/index.html
INFO: [ app_init ] --START--
INFO: Run Behavior\BuildLiteBehavior [ RunTime:0.000011s ]
INFO: [ app_init ] --END-- [ RunTime:0.000247s ]
INFO: [ app_begin ] --START--
INFO: Run Behavior\ReadHtmlCacheBehavior [ RunTime:0.000350s ]
INFO: [ app_begin ] --END-- [ RunTime:0.000395s ]
INFO: [ view_parse ] --START--
INFO: [ template_filter ] --START--
INFO: Run Behavior\ContentReplaceBehavior [ RunTime:0.000043s ]
INFO: [ template_filter ] --END-- [ RunTime:0.000095s ]
INFO: Run Behavior\ParseTemplateBehavior [ RunTime:0.028457s ]
INFO: [ view_parse ] --END-- [ RunTime:0.028517s ]
INFO: [ view_filter ] --START--
INFO: Run Behavior\WriteHtmlCacheBehavior [ RunTime:0.000226s ]
INFO: [ view_filter ] --END-- [ RunTime:0.000263s ]
INFO: [ app_end ] --START--
INFO: Run Behavior\ShowPageTraceBehavior [ RunTime:0.000433s ]
INFO: [ app_end ] --END-- [ RunTime:0.000473s ]

[ 2015-10-08T09:32:24+08:00 ] 127.0.0.1 /myProject/thinkphpFrame/index.php/Admin/login/resources/images/closelabel.gif
INFO: [ app_init ] --START--
INFO: Run Behavior\BuildLiteBehavior [ RunTime:0.000012s ]
INFO: [ app_init ] --END-- [ RunTime:0.000289s ]

[ 2015-10-08T09:32:24+08:00 ] 127.0.0.1 /myProject/thinkphpFrame/index.php/Admin/login/resources/images/loading.gif
INFO: [ app_init ] --START--
INFO: Run Behavior\BuildLiteBehavior [ RunTime:0.000021s ]
INFO: [ app_init ] --END-- [ RunTime:0.000468s ]

[ 2015-10-08T09:32:31+08:00 ] 127.0.0.1 /myProject/thinkphpFrame/index.php/Admin/Login/update
INFO: [ app_init ] --START--
INFO: Run Behavior\BuildLiteBehavior [ RunTime:0.000023s ]
INFO: [ app_init ] --END-- [ RunTime:0.000552s ]
INFO: [ app_begin ] --START--
INFO: Run Behavior\ReadHtmlCacheBehavior [ RunTime:0.001298s ]
INFO: [ app_begin ] --END-- [ RunTime:0.002118s ]
SQL: SHOW COLUMNS FROM `user` [ RunTime:0.0031s ]
SQL: SELECT * FROM `user` WHERE ( username = 'aaaaaa' AND password = 'e10adc3949ba59abbe56e057f20f883e' ) LIMIT 1   [ RunTime:0.0004s ]

[ 2015-10-08T09:32:31+08:00 ] 127.0.0.1 /myProject/thinkphpFrame/index.php/Admin/Index/index.html
INFO: [ app_init ] --START--
INFO: Run Behavior\BuildLiteBehavior [ RunTime:0.000011s ]
INFO: [ app_init ] --END-- [ RunTime:0.000245s ]
INFO: [ app_begin ] --START--
INFO: Run Behavior\ReadHtmlCacheBehavior [ RunTime:0.000337s ]
INFO: [ app_begin ] --END-- [ RunTime:0.000379s ]
SQL: SHOW COLUMNS FROM `user_info` [ RunTime:0.0029s ]
SQL: SELECT COUNT(*) AS tp_count FROM `user_info` WHERE ( 1 ) LIMIT 1   [ RunTime:0.0003s ]
SQL: SELECT * FROM `user_info` WHERE ( 1 ) ORDER BY posttime desc LIMIT 0,10   [ RunTime:0.0005s ]
INFO: [ view_parse ] --START--
INFO: [ template_filter ] --START--
INFO: Run Behavior\ContentReplaceBehavior [ RunTime:0.000403s ]
INFO: [ template_filter ] --END-- [ RunTime:0.000537s ]
INFO: Run Behavior\ParseTemplateBehavior [ RunTime:0.067495s ]
INFO: [ view_parse ] --END-- [ RunTime:0.067607s ]
INFO: [ view_filter ] --START--
INFO: Run Behavior\WriteHtmlCacheBehavior [ RunTime:0.000636s ]
INFO: [ view_filter ] --END-- [ RunTime:0.000747s ]
INFO: [ app_end ] --START--
INFO: Run Behavior\ShowPageTraceBehavior [ RunTime:0.001396s ]
INFO: [ app_end ] --END-- [ RunTime:0.001518s ]

[ 2015-10-08T09:32:32+08:00 ] 127.0.0.1 /myProject/thinkphpFrame/index.php/Admin/Index/resources/images/closelabel.gif
INFO: [ app_init ] --START--
INFO: Run Behavior\BuildLiteBehavior [ RunTime:0.000019s ]
INFO: [ app_init ] --END-- [ RunTime:0.000391s ]

[ 2015-10-08T09:32:32+08:00 ] 127.0.0.1 /myProject/thinkphpFrame/index.php/Admin/Index/resources/images/loading.gif
INFO: [ app_init ] --START--
INFO: Run Behavior\BuildLiteBehavior [ RunTime:0.000019s ]
INFO: [ app_init ] --END-- [ RunTime:0.000444s ]

[ 2015-10-08T09:32:41+08:00 ] 127.0.0.1 /myProject/thinkphpFrame/index.php/Admin/Task/index
INFO: [ app_init ] --START--
INFO: Run Behavior\BuildLiteBehavior [ RunTime:0.000034s ]
INFO: [ app_init ] --END-- [ RunTime:0.000823s ]
INFO: [ app_begin ] --START--
INFO: Run Behavior\ReadHtmlCacheBehavior [ RunTime:0.001202s ]
INFO: [ app_begin ] --END-- [ RunTime:0.001347s ]
SQL: SHOW COLUMNS FROM `tasks` [ RunTime:0.0054s ]
SQL: SELECT COUNT(*) AS tp_count FROM `tasks` WHERE ( 1 ) LIMIT 1   [ RunTime:0.0005s ]
SQL: SELECT * FROM `tasks` WHERE ( 1 ) ORDER BY task_posttime desc LIMIT 0,10   [ RunTime:0.0016s ]
INFO: [ view_parse ] --START--
INFO: [ template_filter ] --START--
INFO: Run Behavior\ContentReplaceBehavior [ RunTime:0.000302s ]
INFO: [ template_filter ] --END-- [ RunTime:0.000392s ]
INFO: Run Behavior\ParseTemplateBehavior [ RunTime:0.032131s ]
INFO: [ view_parse ] --END-- [ RunTime:0.032247s ]
INFO: [ view_filter ] --START--
INFO: Run Behavior\WriteHtmlCacheBehavior [ RunTime:0.000291s ]
INFO: [ view_filter ] --END-- [ RunTime:0.000358s ]
INFO: [ app_end ] --START--
INFO: Run Behavior\ShowPageTraceBehavior [ RunTime:0.000647s ]
INFO: [ app_end ] --END-- [ RunTime:0.000715s ]

[ 2015-10-08T09:32:41+08:00 ] 127.0.0.1 /myProject/thinkphpFrame/index.php/Admin/Task/resources/images/closelabel.gif
INFO: [ app_init ] --START--
INFO: Run Behavior\BuildLiteBehavior [ RunTime:0.000018s ]
INFO: [ app_init ] --END-- [ RunTime:0.000449s ]

[ 2015-10-08T09:32:41+08:00 ] 127.0.0.1 /myProject/thinkphpFrame/index.php/Admin/Task/resources/images/loading.gif
INFO: [ app_init ] --START--
INFO: Run Behavior\BuildLiteBehavior [ RunTime:0.000102s ]
INFO: [ app_init ] --END-- [ RunTime:0.000515s ]

[ 2015-10-08T09:33:36+08:00 ] 127.0.0.1 /myProject/thinkphpFrame/index.php/Admin/Task/insert
INFO: [ app_init ] --START--
INFO: Run Behavior\BuildLiteBehavior [ RunTime:0.000036s ]
INFO: [ app_init ] --END-- [ RunTime:0.001099s ]
INFO: [ app_begin ] --START--
INFO: Run Behavior\ReadHtmlCacheBehavior [ RunTime:0.001599s ]
INFO: [ app_begin ] --END-- [ RunTime:0.001774s ]
SQL: SHOW COLUMNS FROM `tasks` [ RunTime:0.0041s ]
NOTIC: [8] Undefined offset: 2 D:\wamp\www\myProject\thinkphpFrame\ThinkPHP\Library\Think\Model.class.php 第 1196 行.
NOTIC: [8] Undefined offset: 2 D:\wamp\www\myProject\thinkphpFrame\ThinkPHP\Library\Think\Model.class.php 第 1196 行.
NOTIC: [8] Undefined offset: 0 D:\wamp\www\myProject\thinkphpFrame\ThinkPHP\Library\Think\Model.class.php 第 1213 行.
NOTIC: [8] Undefined offset: 2 D:\wamp\www\myProject\thinkphpFrame\ThinkPHP\Library\Think\Model.class.php 第 1196 行.
NOTIC: [8] Undefined offset: 2 D:\wamp\www\myProject\thinkphpFrame\ThinkPHP\Library\Think\Model.class.php 第 1196 行.
NOTIC: [8] Undefined offset: 0 D:\wamp\www\myProject\thinkphpFrame\ThinkPHP\Library\Think\Model.class.php 第 1213 行.
SQL: INSERT INTO `tasks` (`task_name`,`task_img_url`,`task_start_time`,`task_end_time`,`period`,`task_car_num`,`have_cars`,`car_color`,`task_money`,`task_jifeng`,`money_distribute`,`car_append`,`brand_introduce`,`collect_activity_intro`,`task_posttime`) VALUES ('新任务1','','1444233600','1446134400','22天','30','10','白色','780','5','200元现金+2瓶轩辕酒-龙窖9年（288元/瓶）','QQ、面包车、比亚迪、工具车除外','&lt;strong&gt;HTML内容&lt;/strong&gt;','&lt;strong&gt;HTML内容&lt;/strong&gt;','1444268016') [ RunTime:0.0423s ]
INFO: [ view_parse ] --START--
INFO: [ template_filter ] --START--
INFO: Run Behavior\ContentReplaceBehavior [ RunTime:0.000044s ]
INFO: [ template_filter ] --END-- [ RunTime:0.000111s ]
INFO: Run Behavior\ParseTemplateBehavior [ RunTime:0.018199s ]
INFO: [ view_parse ] --END-- [ RunTime:0.018278s ]
INFO: [ view_filter ] --START--
INFO: Run Behavior\WriteHtmlCacheBehavior [ RunTime:0.000384s ]
INFO: [ view_filter ] --END-- [ RunTime:0.000436s ]
INFO: [ app_end ] --START--
INFO: Run Behavior\ShowPageTraceBehavior [ RunTime:0.000652s ]
INFO: [ app_end ] --END-- [ RunTime:0.000705s ]

[ 2015-10-08T09:33:37+08:00 ] 127.0.0.1 /myProject/thinkphpFrame/index.php/Admin/Task/index
INFO: [ app_init ] --START--
INFO: Run Behavior\BuildLiteBehavior [ RunTime:0.000018s ]
INFO: [ app_init ] --END-- [ RunTime:0.000476s ]
INFO: [ app_begin ] --START--
INFO: Run Behavior\ReadHtmlCacheBehavior [ RunTime:0.000734s ]
INFO: [ app_begin ] --END-- [ RunTime:0.000807s ]
SQL: SHOW COLUMNS FROM `tasks` [ RunTime:0.0030s ]
SQL: SELECT COUNT(*) AS tp_count FROM `tasks` WHERE ( 1 ) LIMIT 1   [ RunTime:0.0003s ]
SQL: SELECT * FROM `tasks` WHERE ( 1 ) ORDER BY task_posttime desc LIMIT 0,10   [ RunTime:0.0005s ]
INFO: [ view_parse ] --START--
INFO: [ template_filter ] --START--
INFO: Run Behavior\ContentReplaceBehavior [ RunTime:0.000142s ]
INFO: [ template_filter ] --END-- [ RunTime:0.000189s ]
INFO: Run Behavior\ParseTemplateBehavior [ RunTime:0.010716s ]
INFO: [ view_parse ] --END-- [ RunTime:0.010774s ]
INFO: [ view_filter ] --START--
INFO: Run Behavior\WriteHtmlCacheBehavior [ RunTime:0.000257s ]
INFO: [ view_filter ] --END-- [ RunTime:0.000294s ]
INFO: [ app_end ] --START--
INFO: Run Behavior\ShowPageTraceBehavior [ RunTime:0.000450s ]
INFO: [ app_end ] --END-- [ RunTime:0.000487s ]

[ 2015-10-08T09:33:38+08:00 ] 127.0.0.1 /myProject/thinkphpFrame/index.php/Admin/Task/resources/images/loading.gif
INFO: [ app_init ] --START--
INFO: Run Behavior\BuildLiteBehavior [ RunTime:0.000020s ]
INFO: [ app_init ] --END-- [ RunTime:0.000388s ]

[ 2015-10-08T09:33:38+08:00 ] 127.0.0.1 /myProject/thinkphpFrame/index.php/Admin/Task/resources/images/closelabel.gif
INFO: [ app_init ] --START--
INFO: Run Behavior\BuildLiteBehavior [ RunTime:0.000019s ]
INFO: [ app_init ] --END-- [ RunTime:0.000630s ]

[ 2015-10-08T09:33:56+08:00 ] 127.0.0.1 /myProject/thinkphpFrame/index.php/Admin/Task/show_edit/id/49
INFO: [ app_init ] --START--
INFO: Run Behavior\BuildLiteBehavior [ RunTime:0.000017s ]
INFO: [ app_init ] --END-- [ RunTime:0.000459s ]
INFO: [ app_begin ] --START--
INFO: Run Behavior\ReadHtmlCacheBehavior [ RunTime:0.000694s ]
INFO: [ app_begin ] --END-- [ RunTime:0.000768s ]
SQL: SHOW COLUMNS FROM `tasks` [ RunTime:0.0044s ]
SQL: SELECT * FROM `tasks` WHERE ( id=49 ) LIMIT 1   [ RunTime:0.0005s ]
INFO: [ view_parse ] --START--
INFO: [ template_filter ] --START--
INFO: Run Behavior\ContentReplaceBehavior [ RunTime:0.000229s ]
INFO: [ template_filter ] --END-- [ RunTime:0.000301s ]
NOTIC: [8] Undefined variable: page D:\wamp\www\myProject\thinkphpFrame\Application\Runtime\Cache\Admin\26277d3be42e7aef19fe5fe8df24603e.php 第 323 行.
NOTIC: [8] Undefined variable: list D:\wamp\www\myProject\thinkphpFrame\Application\Runtime\Cache\Admin\26277d3be42e7aef19fe5fe8df24603e.php 第 331 行.
INFO: Run Behavior\ParseTemplateBehavior [ RunTime:0.050969s ]
INFO: [ view_parse ] --END-- [ RunTime:0.051039s ]
INFO: [ view_filter ] --START--
INFO: Run Behavior\WriteHtmlCacheBehavior [ RunTime:0.000388s ]
INFO: [ view_filter ] --END-- [ RunTime:0.000445s ]
INFO: [ app_end ] --START--
INFO: Run Behavior\ShowPageTraceBehavior [ RunTime:0.000676s ]
INFO: [ app_end ] --END-- [ RunTime:0.000734s ]

[ 2015-10-08T09:33:56+08:00 ] 127.0.0.1 /myProject/thinkphpFrame/index.php/Admin/Task/show_edit/id/resources/images/closelabel.gif
INFO: [ app_init ] --START--
INFO: Run Behavior\BuildLiteBehavior [ RunTime:0.000018s ]
INFO: [ app_init ] --END-- [ RunTime:0.000388s ]

[ 2015-10-08T09:33:56+08:00 ] 127.0.0.1 /myProject/thinkphpFrame/index.php/Admin/Task/show_edit/id/resources/images/loading.gif
INFO: [ app_init ] --START--
INFO: Run Behavior\BuildLiteBehavior [ RunTime:0.000017s ]
INFO: [ app_init ] --END-- [ RunTime:0.000399s ]

[ 2015-10-08T09:34:03+08:00 ] 127.0.0.1 /myProject/thinkphpFrame/index.php/Admin/Task/update
INFO: [ app_init ] --START--
INFO: Run Behavior\BuildLiteBehavior [ RunTime:0.000015s ]
INFO: [ app_init ] --END-- [ RunTime:0.000350s ]
INFO: [ app_begin ] --START--
INFO: Run Behavior\ReadHtmlCacheBehavior [ RunTime:0.000476s ]
INFO: [ app_begin ] --END-- [ RunTime:0.000537s ]
SQL: SHOW COLUMNS FROM `tasks` [ RunTime:0.0040s ]
SQL: UPDATE `tasks` SET `task_name`='新任务1',`task_img_url`='',`task_start_time`='1444233600',`task_end_time`='1446134400',`period`='22天',`task_car_num`='30',`have_cars`='30',`car_color`='白色',`task_money`='780',`task_jifeng`='5',`money_distribute`='200元现金+2瓶轩辕酒-龙窖9年（288元/瓶）',`car_append`='QQ、面包车、比亚迪、工具车除外',`brand_introduce`='&lt;strong&gt;HTML内容&lt;/strong&gt;',`collect_activity_intro`='&lt;strong&gt;HTML内容&lt;/strong&gt;' WHERE `id` = 49 [ RunTime:0.0632s ]
INFO: [ view_parse ] --START--
INFO: [ template_filter ] --START--
INFO: Run Behavior\ContentReplaceBehavior [ RunTime:0.000118s ]
INFO: [ template_filter ] --END-- [ RunTime:0.000290s ]
INFO: Run Behavior\ParseTemplateBehavior [ RunTime:0.017732s ]
INFO: [ view_parse ] --END-- [ RunTime:0.017925s ]
INFO: [ view_filter ] --START--
INFO: Run Behavior\WriteHtmlCacheBehavior [ RunTime:0.000606s ]
INFO: [ view_filter ] --END-- [ RunTime:0.000748s ]
INFO: [ app_end ] --START--
INFO: Run Behavior\ShowPageTraceBehavior [ RunTime:0.001460s ]
INFO: [ app_end ] --END-- [ RunTime:0.001623s ]

[ 2015-10-08T09:34:04+08:00 ] 127.0.0.1 /myProject/thinkphpFrame/index.php/Admin/Task/show_edit/id/49
INFO: [ app_init ] --START--
INFO: Run Behavior\BuildLiteBehavior [ RunTime:0.000020s ]
INFO: [ app_init ] --END-- [ RunTime:0.000487s ]
INFO: [ app_begin ] --START--
INFO: Run Behavior\ReadHtmlCacheBehavior [ RunTime:0.000673s ]
INFO: [ app_begin ] --END-- [ RunTime:0.000757s ]
SQL: SHOW COLUMNS FROM `tasks` [ RunTime:0.0029s ]
SQL: SELECT * FROM `tasks` WHERE ( id=49 ) LIMIT 1   [ RunTime:0.0003s ]
INFO: [ view_parse ] --START--
INFO: [ template_filter ] --START--
INFO: Run Behavior\ContentReplaceBehavior [ RunTime:0.000150s ]
INFO: [ template_filter ] --END-- [ RunTime:0.000202s ]
NOTIC: [8] Undefined variable: page D:\wamp\www\myProject\thinkphpFrame\Application\Runtime\Cache\Admin\26277d3be42e7aef19fe5fe8df24603e.php 第 323 行.
NOTIC: [8] Undefined variable: list D:\wamp\www\myProject\thinkphpFrame\Application\Runtime\Cache\Admin\26277d3be42e7aef19fe5fe8df24603e.php 第 331 行.
INFO: Run Behavior\ParseTemplateBehavior [ RunTime:0.010742s ]
INFO: [ view_parse ] --END-- [ RunTime:0.010789s ]
INFO: [ view_filter ] --START--
INFO: Run Behavior\WriteHtmlCacheBehavior [ RunTime:0.000173s ]
INFO: [ view_filter ] --END-- [ RunTime:0.000209s ]
INFO: [ app_end ] --START--
INFO: Run Behavior\ShowPageTraceBehavior [ RunTime:0.000359s ]
INFO: [ app_end ] --END-- [ RunTime:0.000397s ]

[ 2015-10-08T09:34:04+08:00 ] 127.0.0.1 /myProject/thinkphpFrame/index.php/Admin/Task/show_edit/id/resources/images/closelabel.gif
INFO: [ app_init ] --START--
INFO: Run Behavior\BuildLiteBehavior [ RunTime:0.000020s ]
INFO: [ app_init ] --END-- [ RunTime:0.000391s ]

[ 2015-10-08T09:34:04+08:00 ] 127.0.0.1 /myProject/thinkphpFrame/index.php/Admin/Task/show_edit/id/resources/images/loading.gif
INFO: [ app_init ] --START--
INFO: Run Behavior\BuildLiteBehavior [ RunTime:0.000023s ]
INFO: [ app_init ] --END-- [ RunTime:0.001290s ]

[ 2015-10-08T09:34:16+08:00 ] 127.0.0.1 /myProject/thinkphpFrame/index.php/Admin/Task/index
INFO: [ app_init ] --START--
INFO: Run Behavior\BuildLiteBehavior [ RunTime:0.000022s ]
INFO: [ app_init ] --END-- [ RunTime:0.000666s ]
INFO: [ app_begin ] --START--
INFO: Run Behavior\ReadHtmlCacheBehavior [ RunTime:0.000833s ]
INFO: [ app_begin ] --END-- [ RunTime:0.000923s ]
SQL: SHOW COLUMNS FROM `tasks` [ RunTime:0.0030s ]
SQL: SELECT COUNT(*) AS tp_count FROM `tasks` WHERE ( 1 ) LIMIT 1   [ RunTime:0.0003s ]
SQL: SELECT * FROM `tasks` WHERE ( 1 ) ORDER BY task_posttime desc LIMIT 0,10   [ RunTime:0.0004s ]
INFO: [ view_parse ] --START--
INFO: [ template_filter ] --START--
INFO: Run Behavior\ContentReplaceBehavior [ RunTime:0.000207s ]
INFO: [ template_filter ] --END-- [ RunTime:0.000283s ]
INFO: Run Behavior\ParseTemplateBehavior [ RunTime:0.012069s ]
INFO: [ view_parse ] --END-- [ RunTime:0.012135s ]
INFO: [ view_filter ] --START--
INFO: Run Behavior\WriteHtmlCacheBehavior [ RunTime:0.000232s ]
INFO: [ view_filter ] --END-- [ RunTime:0.000269s ]
INFO: [ app_end ] --START--
INFO: Run Behavior\ShowPageTraceBehavior [ RunTime:0.000406s ]
INFO: [ app_end ] --END-- [ RunTime:0.000443s ]

[ 2015-10-08T09:34:16+08:00 ] 127.0.0.1 /myProject/thinkphpFrame/index.php/Admin/Task/resources/images/closelabel.gif
INFO: [ app_init ] --START--
INFO: Run Behavior\BuildLiteBehavior [ RunTime:0.000017s ]
INFO: [ app_init ] --END-- [ RunTime:0.000370s ]

[ 2015-10-08T09:34:16+08:00 ] 127.0.0.1 /myProject/thinkphpFrame/index.php/Admin/Task/resources/images/loading.gif
INFO: [ app_init ] --START--
INFO: Run Behavior\BuildLiteBehavior [ RunTime:0.000019s ]
INFO: [ app_init ] --END-- [ RunTime:0.000455s ]

[ 2015-10-08T09:34:57+08:00 ] 127.0.0.1 /myProject/thinkphpFrame/index.php/Admin/Index/index
INFO: [ app_init ] --START--
INFO: Run Behavior\BuildLiteBehavior [ RunTime:0.000017s ]
INFO: [ app_init ] --END-- [ RunTime:0.000411s ]
INFO: [ app_begin ] --START--
INFO: Run Behavior\ReadHtmlCacheBehavior [ RunTime:0.000569s ]
INFO: [ app_begin ] --END-- [ RunTime:0.000640s ]
SQL: SHOW COLUMNS FROM `user_info` [ RunTime:0.0041s ]
SQL: SELECT COUNT(*) AS tp_count FROM `user_info` WHERE ( 1 ) LIMIT 1   [ RunTime:0.0003s ]
SQL: SELECT * FROM `user_info` WHERE ( 1 ) ORDER BY posttime desc LIMIT 0,10   [ RunTime:0.0005s ]
INFO: [ view_parse ] --START--
INFO: [ template_filter ] --START--
INFO: Run Behavior\ContentReplaceBehavior [ RunTime:0.000134s ]
INFO: [ template_filter ] --END-- [ RunTime:0.000185s ]
INFO: Run Behavior\ParseTemplateBehavior [ RunTime:0.009954s ]
INFO: [ view_parse ] --END-- [ RunTime:0.010006s ]
INFO: [ view_filter ] --START--
INFO: Run Behavior\WriteHtmlCacheBehavior [ RunTime:0.000155s ]
INFO: [ view_filter ] --END-- [ RunTime:0.000191s ]
INFO: [ app_end ] --START--
INFO: Run Behavior\ShowPageTraceBehavior [ RunTime:0.000349s ]
INFO: [ app_end ] --END-- [ RunTime:0.000406s ]

[ 2015-10-08T09:34:57+08:00 ] 127.0.0.1 /myProject/thinkphpFrame/index.php/Admin/Index/resources/images/closelabel.gif
INFO: [ app_init ] --START--
INFO: Run Behavior\BuildLiteBehavior [ RunTime:0.000017s ]
INFO: [ app_init ] --END-- [ RunTime:0.000368s ]

[ 2015-10-08T09:34:57+08:00 ] 127.0.0.1 /myProject/thinkphpFrame/index.php/Admin/Index/resources/images/loading.gif
INFO: [ app_init ] --START--
INFO: Run Behavior\BuildLiteBehavior [ RunTime:0.000019s ]
INFO: [ app_init ] --END-- [ RunTime:0.000575s ]

[ 2015-10-08T09:35:01+08:00 ] 127.0.0.1 /myProject/thinkphpFrame/index.php/Admin/Task/index
INFO: [ app_init ] --START--
INFO: Run Behavior\BuildLiteBehavior [ RunTime:0.000022s ]
INFO: [ app_init ] --END-- [ RunTime:0.000538s ]
INFO: [ app_begin ] --START--
INFO: Run Behavior\ReadHtmlCacheBehavior [ RunTime:0.000434s ]
INFO: [ app_begin ] --END-- [ RunTime:0.000496s ]
SQL: SHOW COLUMNS FROM `tasks` [ RunTime:0.0030s ]
SQL: SELECT COUNT(*) AS tp_count FROM `tasks` WHERE ( 1 ) LIMIT 1   [ RunTime:0.0002s ]
SQL: SELECT * FROM `tasks` WHERE ( 1 ) ORDER BY task_posttime desc LIMIT 0,10   [ RunTime:0.0004s ]
INFO: [ view_parse ] --START--
INFO: [ template_filter ] --START--
INFO: Run Behavior\ContentReplaceBehavior [ RunTime:0.000144s ]
INFO: [ template_filter ] --END-- [ RunTime:0.000194s ]
INFO: Run Behavior\ParseTemplateBehavior [ RunTime:0.010818s ]
INFO: [ view_parse ] --END-- [ RunTime:0.010882s ]
INFO: [ view_filter ] --START--
INFO: Run Behavior\WriteHtmlCacheBehavior [ RunTime:0.000261s ]
INFO: [ view_filter ] --END-- [ RunTime:0.000299s ]
INFO: [ app_end ] --START--
INFO: Run Behavior\ShowPageTraceBehavior [ RunTime:0.000445s ]
INFO: [ app_end ] --END-- [ RunTime:0.000483s ]

[ 2015-10-08T09:35:02+08:00 ] 127.0.0.1 /myProject/thinkphpFrame/index.php/Admin/Task/resources/images/closelabel.gif
INFO: [ app_init ] --START--
INFO: Run Behavior\BuildLiteBehavior [ RunTime:0.000018s ]
INFO: [ app_init ] --END-- [ RunTime:0.000385s ]

[ 2015-10-08T09:35:02+08:00 ] 127.0.0.1 /myProject/thinkphpFrame/index.php/Admin/Task/resources/images/loading.gif
INFO: [ app_init ] --START--
INFO: Run Behavior\BuildLiteBehavior [ RunTime:0.000022s ]
INFO: [ app_init ] --END-- [ RunTime:0.001454s ]

[ 2015-10-08T09:35:04+08:00 ] 127.0.0.1 /myProject/thinkphpFrame/index.php/Admin/News/index
INFO: [ app_init ] --START--
INFO: Run Behavior\BuildLiteBehavior [ RunTime:0.000015s ]
INFO: [ app_init ] --END-- [ RunTime:0.000344s ]
INFO: [ app_begin ] --START--
INFO: Run Behavior\ReadHtmlCacheBehavior [ RunTime:0.000394s ]
INFO: [ app_begin ] --END-- [ RunTime:0.000446s ]
SQL: SHOW COLUMNS FROM `news` [ RunTime:0.0042s ]
SQL: SELECT COUNT(*) AS tp_count FROM `news` WHERE ( 1 ) LIMIT 1   [ RunTime:0.0003s ]
SQL: SELECT * FROM `news` WHERE ( 1 ) ORDER BY post_time desc LIMIT 0,10   [ RunTime:0.0009s ]
INFO: [ view_parse ] --START--
INFO: [ template_filter ] --START--
INFO: Run Behavior\ContentReplaceBehavior [ RunTime:0.000136s ]
INFO: [ template_filter ] --END-- [ RunTime:0.000191s ]
NOTIC: [8] Undefined index: cat_name D:\wamp\www\myProject\thinkphpFrame\Application\Runtime\Cache\Admin\36087655c6ab8580337cdc45b35a926d.php 第 331 行.
NOTIC: [8] Undefined index: cat_name D:\wamp\www\myProject\thinkphpFrame\Application\Runtime\Cache\Admin\36087655c6ab8580337cdc45b35a926d.php 第 331 行.
NOTIC: [8] Undefined index: cat_name D:\wamp\www\myProject\thinkphpFrame\Application\Runtime\Cache\Admin\36087655c6ab8580337cdc45b35a926d.php 第 331 行.
NOTIC: [8] Undefined index: cat_name D:\wamp\www\myProject\thinkphpFrame\Application\Runtime\Cache\Admin\36087655c6ab8580337cdc45b35a926d.php 第 331 行.
NOTIC: [8] Undefined index: cat_name D:\wamp\www\myProject\thinkphpFrame\Application\Runtime\Cache\Admin\36087655c6ab8580337cdc45b35a926d.php 第 331 行.
NOTIC: [8] Undefined index: cat_name D:\wamp\www\myProject\thinkphpFrame\Application\Runtime\Cache\Admin\36087655c6ab8580337cdc45b35a926d.php 第 331 行.
NOTIC: [8] Undefined index: cat_name D:\wamp\www\myProject\thinkphpFrame\Application\Runtime\Cache\Admin\36087655c6ab8580337cdc45b35a926d.php 第 331 行.
NOTIC: [8] Undefined index: cat_name D:\wamp\www\myProject\thinkphpFrame\Application\Runtime\Cache\Admin\36087655c6ab8580337cdc45b35a926d.php 第 331 行.
NOTIC: [8] Undefined index: cat_name D:\wamp\www\myProject\thinkphpFrame\Application\Runtime\Cache\Admin\36087655c6ab8580337cdc45b35a926d.php 第 331 行.
NOTIC: [8] Undefined index: cat_name D:\wamp\www\myProject\thinkphpFrame\Application\Runtime\Cache\Admin\36087655c6ab8580337cdc45b35a926d.php 第 331 行.
INFO: Run Behavior\ParseTemplateBehavior [ RunTime:0.017380s ]
INFO: [ view_parse ] --END-- [ RunTime:0.017427s ]
INFO: [ view_filter ] --START--
INFO: Run Behavior\WriteHtmlCacheBehavior [ RunTime:0.000157s ]
INFO: [ view_filter ] --END-- [ RunTime:0.000192s ]
INFO: [ app_end ] --START--
INFO: Run Behavior\ShowPageTraceBehavior [ RunTime:0.000358s ]
INFO: [ app_end ] --END-- [ RunTime:0.000395s ]

[ 2015-10-08T09:35:04+08:00 ] 127.0.0.1 /myProject/thinkphpFrame/index.php/Admin/News/resources/images/loading.gif
INFO: [ app_init ] --START--
INFO: Run Behavior\BuildLiteBehavior [ RunTime:0.000019s ]
INFO: [ app_init ] --END-- [ RunTime:0.000405s ]

[ 2015-10-08T09:35:04+08:00 ] 127.0.0.1 /myProject/thinkphpFrame/index.php/Admin/News/resources/images/closelabel.gif
INFO: [ app_init ] --START--
INFO: Run Behavior\BuildLiteBehavior [ RunTime:0.000017s ]
INFO: [ app_init ] --END-- [ RunTime:0.000384s ]

[ 2015-10-08T09:35:09+08:00 ] 127.0.0.1 /myProject/thinkphpFrame/index.php/Admin/News/index
INFO: [ app_init ] --START--
INFO: Run Behavior\BuildLiteBehavior [ RunTime:0.000011s ]
INFO: [ app_init ] --END-- [ RunTime:0.000252s ]
INFO: [ app_begin ] --START--
INFO: Run Behavior\ReadHtmlCacheBehavior [ RunTime:0.000423s ]
INFO: [ app_begin ] --END-- [ RunTime:0.000493s ]
SQL: SHOW COLUMNS FROM `news` [ RunTime:0.0027s ]
SQL: SELECT COUNT(*) AS tp_count FROM `news` WHERE ( 1 ) LIMIT 1   [ RunTime:0.0003s ]
SQL: SELECT * FROM `news` WHERE ( 1 ) ORDER BY post_time desc LIMIT 0,10   [ RunTime:0.0009s ]
INFO: [ view_parse ] --START--
INFO: [ template_filter ] --START--
INFO: Run Behavior\ContentReplaceBehavior [ RunTime:0.000135s ]
INFO: [ template_filter ] --END-- [ RunTime:0.000188s ]
NOTIC: [8] Undefined index: cat_name D:\wamp\www\myProject\thinkphpFrame\Application\Runtime\Cache\Admin\36087655c6ab8580337cdc45b35a926d.php 第 331 行.
NOTIC: [8] Undefined index: cat_name D:\wamp\www\myProject\thinkphpFrame\Application\Runtime\Cache\Admin\36087655c6ab8580337cdc45b35a926d.php 第 331 行.
NOTIC: [8] Undefined index: cat_name D:\wamp\www\myProject\thinkphpFrame\Application\Runtime\Cache\Admin\36087655c6ab8580337cdc45b35a926d.php 第 331 行.
NOTIC: [8] Undefined index: cat_name D:\wamp\www\myProject\thinkphpFrame\Application\Runtime\Cache\Admin\36087655c6ab8580337cdc45b35a926d.php 第 331 行.
NOTIC: [8] Undefined index: cat_name D:\wamp\www\myProject\thinkphpFrame\Application\Runtime\Cache\Admin\36087655c6ab8580337cdc45b35a926d.php 第 331 行.
NOTIC: [8] Undefined index: cat_name D:\wamp\www\myProject\thinkphpFrame\Application\Runtime\Cache\Admin\36087655c6ab8580337cdc45b35a926d.php 第 331 行.
NOTIC: [8] Undefined index: cat_name D:\wamp\www\myProject\thinkphpFrame\Application\Runtime\Cache\Admin\36087655c6ab8580337cdc45b35a926d.php 第 331 行.
NOTIC: [8] Undefined index: cat_name D:\wamp\www\myProject\thinkphpFrame\Application\Runtime\Cache\Admin\36087655c6ab8580337cdc45b35a926d.php 第 331 行.
NOTIC: [8] Undefined index: cat_name D:\wamp\www\myProject\thinkphpFrame\Application\Runtime\Cache\Admin\36087655c6ab8580337cdc45b35a926d.php 第 331 行.
NOTIC: [8] Undefined index: cat_name D:\wamp\www\myProject\thinkphpFrame\Application\Runtime\Cache\Admin\36087655c6ab8580337cdc45b35a926d.php 第 331 行.
INFO: Run Behavior\ParseTemplateBehavior [ RunTime:0.010127s ]
INFO: [ view_parse ] --END-- [ RunTime:0.010171s ]
INFO: [ view_filter ] --START--
INFO: Run Behavior\WriteHtmlCacheBehavior [ RunTime:0.000156s ]
INFO: [ view_filter ] --END-- [ RunTime:0.000190s ]
INFO: [ app_end ] --START--
INFO: Run Behavior\ShowPageTraceBehavior [ RunTime:0.000357s ]
INFO: [ app_end ] --END-- [ RunTime:0.000393s ]

[ 2015-10-08T09:35:09+08:00 ] 127.0.0.1 /myProject/thinkphpFrame/index.php/Admin/News/resources/images/loading.gif
INFO: [ app_init ] --START--
INFO: Run Behavior\BuildLiteBehavior [ RunTime:0.000020s ]
INFO: [ app_init ] --END-- [ RunTime:0.000411s ]

[ 2015-10-08T09:35:09+08:00 ] 127.0.0.1 /myProject/thinkphpFrame/index.php/Admin/News/resources/images/closelabel.gif
INFO: [ app_init ] --START--
INFO: Run Behavior\BuildLiteBehavior [ RunTime:0.000019s ]
INFO: [ app_init ] --END-- [ RunTime:0.003054s ]

[ 2015-10-08T09:35:11+08:00 ] 127.0.0.1 /myProject/thinkphpFrame/index.php/Admin/News/index
INFO: [ app_init ] --START--
INFO: Run Behavior\BuildLiteBehavior [ RunTime:0.000012s ]
INFO: [ app_init ] --END-- [ RunTime:0.000264s ]
INFO: [ app_begin ] --START--
INFO: Run Behavior\ReadHtmlCacheBehavior [ RunTime:0.000485s ]
INFO: [ app_begin ] --END-- [ RunTime:0.000541s ]
SQL: SHOW COLUMNS FROM `news` [ RunTime:0.0029s ]
SQL: SELECT COUNT(*) AS tp_count FROM `news` WHERE ( 1 ) LIMIT 1   [ RunTime:0.0002s ]
SQL: SELECT * FROM `news` WHERE ( 1 ) ORDER BY post_time desc LIMIT 0,10   [ RunTime:0.0007s ]
INFO: [ view_parse ] --START--
INFO: [ template_filter ] --START--
INFO: Run Behavior\ContentReplaceBehavior [ RunTime:0.000142s ]
INFO: [ template_filter ] --END-- [ RunTime:0.000196s ]
NOTIC: [8] Undefined index: cat_name D:\wamp\www\myProject\thinkphpFrame\Application\Runtime\Cache\Admin\36087655c6ab8580337cdc45b35a926d.php 第 331 行.
NOTIC: [8] Undefined index: cat_name D:\wamp\www\myProject\thinkphpFrame\Application\Runtime\Cache\Admin\36087655c6ab8580337cdc45b35a926d.php 第 331 行.
NOTIC: [8] Undefined index: cat_name D:\wamp\www\myProject\thinkphpFrame\Application\Runtime\Cache\Admin\36087655c6ab8580337cdc45b35a926d.php 第 331 行.
NOTIC: [8] Undefined index: cat_name D:\wamp\www\myProject\thinkphpFrame\Application\Runtime\Cache\Admin\36087655c6ab8580337cdc45b35a926d.php 第 331 行.
NOTIC: [8] Undefined index: cat_name D:\wamp\www\myProject\thinkphpFrame\Application\Runtime\Cache\Admin\36087655c6ab8580337cdc45b35a926d.php 第 331 行.
NOTIC: [8] Undefined index: cat_name D:\wamp\www\myProject\thinkphpFrame\Application\Runtime\Cache\Admin\36087655c6ab8580337cdc45b35a926d.php 第 331 行.
NOTIC: [8] Undefined index: cat_name D:\wamp\www\myProject\thinkphpFrame\Application\Runtime\Cache\Admin\36087655c6ab8580337cdc45b35a926d.php 第 331 行.
NOTIC: [8] Undefined index: cat_name D:\wamp\www\myProject\thinkphpFrame\Application\Runtime\Cache\Admin\36087655c6ab8580337cdc45b35a926d.php 第 331 行.
NOTIC: [8] Undefined index: cat_name D:\wamp\www\myProject\thinkphpFrame\Application\Runtime\Cache\Admin\36087655c6ab8580337cdc45b35a926d.php 第 331 行.
NOTIC: [8] Undefined index: cat_name D:\wamp\www\myProject\thinkphpFrame\Application\Runtime\Cache\Admin\36087655c6ab8580337cdc45b35a926d.php 第 331 行.
INFO: Run Behavior\ParseTemplateBehavior [ RunTime:0.010306s ]
INFO: [ view_parse ] --END-- [ RunTime:0.010351s ]
INFO: [ view_filter ] --START--
INFO: Run Behavior\WriteHtmlCacheBehavior [ RunTime:0.000159s ]
INFO: [ view_filter ] --END-- [ RunTime:0.000194s ]
INFO: [ app_end ] --START--
INFO: Run Behavior\ShowPageTraceBehavior [ RunTime:0.000360s ]
INFO: [ app_end ] --END-- [ RunTime:0.000397s ]

[ 2015-10-08T09:35:11+08:00 ] 127.0.0.1 /myProject/thinkphpFrame/index.php/Admin/News/resources/images/loading.gif
INFO: [ app_init ] --START--
INFO: Run Behavior\BuildLiteBehavior [ RunTime:0.000019s ]
INFO: [ app_init ] --END-- [ RunTime:0.000383s ]

[ 2015-10-08T09:35:11+08:00 ] 127.0.0.1 /myProject/thinkphpFrame/index.php/Admin/News/resources/images/closelabel.gif
INFO: [ app_init ] --START--
INFO: Run Behavior\BuildLiteBehavior [ RunTime:0.000021s ]
INFO: [ app_init ] --END-- [ RunTime:0.000539s ]

[ 2015-10-08T09:45:45+08:00 ] 127.0.0.1 /myProject/thinkphpFrame/index.php/Admin/Task/index
INFO: [ app_init ] --START--
INFO: Run Behavior\BuildLiteBehavior [ RunTime:0.000030s ]
INFO: [ app_init ] --END-- [ RunTime:0.000637s ]
INFO: [ app_begin ] --START--
INFO: Run Behavior\ReadHtmlCacheBehavior [ RunTime:0.000958s ]
INFO: [ app_begin ] --END-- [ RunTime:0.001069s ]
SQL: SHOW COLUMNS FROM `tasks` [ RunTime:0.0029s ]
SQL: SELECT COUNT(*) AS tp_count FROM `tasks` WHERE ( 1 ) LIMIT 1   [ RunTime:0.0002s ]
SQL: SELECT * FROM `tasks` WHERE ( 1 ) ORDER BY task_posttime desc LIMIT 0,10   [ RunTime:0.0004s ]
INFO: [ view_parse ] --START--
INFO: [ template_filter ] --START--
INFO: Run Behavior\ContentReplaceBehavior [ RunTime:0.000144s ]
INFO: [ template_filter ] --END-- [ RunTime:0.000192s ]
INFO: Run Behavior\ParseTemplateBehavior [ RunTime:0.010029s ]
INFO: [ view_parse ] --END-- [ RunTime:0.010085s ]
INFO: [ view_filter ] --START--
INFO: Run Behavior\WriteHtmlCacheBehavior [ RunTime:0.000153s ]
INFO: [ view_filter ] --END-- [ RunTime:0.000188s ]
INFO: [ app_end ] --START--
INFO: Run Behavior\ShowPageTraceBehavior [ RunTime:0.000348s ]
INFO: [ app_end ] --END-- [ RunTime:0.000385s ]

[ 2015-10-08T09:45:46+08:00 ] 127.0.0.1 /myProject/thinkphpFrame/index.php/Admin/Task/resources/images/closelabel.gif
INFO: [ app_init ] --START--
INFO: Run Behavior\BuildLiteBehavior [ RunTime:0.000017s ]
INFO: [ app_init ] --END-- [ RunTime:0.000355s ]

[ 2015-10-08T09:45:46+08:00 ] 127.0.0.1 /myProject/thinkphpFrame/index.php/Admin/Task/resources/images/loading.gif
INFO: [ app_init ] --START--
INFO: Run Behavior\BuildLiteBehavior [ RunTime:0.000019s ]
INFO: [ app_init ] --END-- [ RunTime:0.000465s ]

[ 2015-10-08T09:45:48+08:00 ] 127.0.0.1 /myProject/thinkphpFrame/index.php/Admin/Task/show_edit/id/49
INFO: [ app_init ] --START--
INFO: Run Behavior\BuildLiteBehavior [ RunTime:0.000013s ]
INFO: [ app_init ] --END-- [ RunTime:0.000321s ]
INFO: [ app_begin ] --START--
INFO: Run Behavior\ReadHtmlCacheBehavior [ RunTime:0.000522s ]
INFO: [ app_begin ] --END-- [ RunTime:0.000570s ]
SQL: SHOW COLUMNS FROM `tasks` [ RunTime:0.0029s ]
SQL: SELECT * FROM `tasks` WHERE ( id=49 ) LIMIT 1   [ RunTime:0.0004s ]
INFO: [ view_parse ] --START--
INFO: [ template_filter ] --START--
INFO: Run Behavior\ContentReplaceBehavior [ RunTime:0.000150s ]
INFO: [ template_filter ] --END-- [ RunTime:0.000199s ]
NOTIC: [8] Undefined variable: page D:\wamp\www\myProject\thinkphpFrame\Application\Runtime\Cache\Admin\26277d3be42e7aef19fe5fe8df24603e.php 第 323 行.
NOTIC: [8] Undefined variable: list D:\wamp\www\myProject\thinkphpFrame\Application\Runtime\Cache\Admin\26277d3be42e7aef19fe5fe8df24603e.php 第 331 行.
INFO: Run Behavior\ParseTemplateBehavior [ RunTime:0.011417s ]
INFO: [ view_parse ] --END-- [ RunTime:0.011469s ]
INFO: [ view_filter ] --START--
INFO: Run Behavior\WriteHtmlCacheBehavior [ RunTime:0.000336s ]
INFO: [ view_filter ] --END-- [ RunTime:0.000381s ]
INFO: [ app_end ] --START--
INFO: Run Behavior\ShowPageTraceBehavior [ RunTime:0.000473s ]
INFO: [ app_end ] --END-- [ RunTime:0.000515s ]

[ 2015-10-08T09:45:48+08:00 ] 127.0.0.1 /myProject/thinkphpFrame/index.php/Admin/Task/show_edit/id/resources/images/loading.gif
INFO: [ app_init ] --START--
INFO: Run Behavior\BuildLiteBehavior [ RunTime:0.000019s ]
INFO: [ app_init ] --END-- [ RunTime:0.000397s ]

[ 2015-10-08T09:45:48+08:00 ] 127.0.0.1 /myProject/thinkphpFrame/index.php/Admin/Task/show_edit/id/resources/images/closelabel.gif
INFO: [ app_init ] --START--
INFO: Run Behavior\BuildLiteBehavior [ RunTime:0.000022s ]
INFO: [ app_init ] --END-- [ RunTime:0.000544s ]

[ 2015-10-08T09:45:54+08:00 ] 127.0.0.1 /myProject/thinkphpFrame/index.php/Admin/Task/update
INFO: [ app_init ] --START--
INFO: Run Behavior\BuildLiteBehavior [ RunTime:0.000017s ]
INFO: [ app_init ] --END-- [ RunTime:0.000452s ]
INFO: [ app_begin ] --START--
INFO: Run Behavior\ReadHtmlCacheBehavior [ RunTime:0.000687s ]
INFO: [ app_begin ] --END-- [ RunTime:0.000759s ]
SQL: SHOW COLUMNS FROM `tasks` [ RunTime:0.0042s ]
SQL: UPDATE `tasks` SET `task_name`='新任务1',`task_img_url`='xiuxiu/55e6a11657bae.jpg',`task_start_time`='1444233600',`task_end_time`='1446134400',`period`='22天',`task_car_num`='30',`have_cars`='15',`car_color`='白色',`task_money`='780',`task_jifeng`='5',`money_distribute`='200元现金+2瓶轩辕酒-龙窖9年（288元/瓶）',`car_append`='QQ、面包车、比亚迪、工具车除外',`brand_introduce`='&lt;strong&gt;HTML内容&lt;/strong&gt;',`collect_activity_intro`='&lt;strong&gt;HTML内容&lt;/strong&gt;' WHERE `id` = 49 [ RunTime:0.0478s ]
INFO: [ view_parse ] --START--
INFO: [ template_filter ] --START--
INFO: Run Behavior\ContentReplaceBehavior [ RunTime:0.000046s ]
INFO: [ template_filter ] --END-- [ RunTime:0.000116s ]
INFO: Run Behavior\ParseTemplateBehavior [ RunTime:0.007402s ]
INFO: [ view_parse ] --END-- [ RunTime:0.007482s ]
INFO: [ view_filter ] --START--
INFO: Run Behavior\WriteHtmlCacheBehavior [ RunTime:0.000390s ]
INFO: [ view_filter ] --END-- [ RunTime:0.000445s ]
INFO: [ app_end ] --START--
INFO: Run Behavior\ShowPageTraceBehavior [ RunTime:0.000691s ]
INFO: [ app_end ] --END-- [ RunTime:0.000752s ]

[ 2015-10-08T09:45:56+08:00 ] 127.0.0.1 /myProject/thinkphpFrame/index.php/Admin/Task/show_edit/id/49
INFO: [ app_init ] --START--
INFO: Run Behavior\BuildLiteBehavior [ RunTime:0.000017s ]
INFO: [ app_init ] --END-- [ RunTime:0.000482s ]
INFO: [ app_begin ] --START--
INFO: Run Behavior\ReadHtmlCacheBehavior [ RunTime:0.000793s ]
INFO: [ app_begin ] --END-- [ RunTime:0.000871s ]
SQL: SHOW COLUMNS FROM `tasks` [ RunTime:0.0032s ]
SQL: SELECT * FROM `tasks` WHERE ( id=49 ) LIMIT 1   [ RunTime:0.0003s ]
INFO: [ view_parse ] --START--
INFO: [ template_filter ] --START--
INFO: Run Behavior\ContentReplaceBehavior [ RunTime:0.000154s ]
INFO: [ template_filter ] --END-- [ RunTime:0.000209s ]
NOTIC: [8] Undefined variable: page D:\wamp\www\myProject\thinkphpFrame\Application\Runtime\Cache\Admin\26277d3be42e7aef19fe5fe8df24603e.php 第 323 行.
NOTIC: [8] Undefined variable: list D:\wamp\www\myProject\thinkphpFrame\Application\Runtime\Cache\Admin\26277d3be42e7aef19fe5fe8df24603e.php 第 331 行.
INFO: Run Behavior\ParseTemplateBehavior [ RunTime:0.011656s ]
INFO: [ view_parse ] --END-- [ RunTime:0.011700s ]
INFO: [ view_filter ] --START--
INFO: Run Behavior\WriteHtmlCacheBehavior [ RunTime:0.000265s ]
INFO: [ view_filter ] --END-- [ RunTime:0.000301s ]
INFO: [ app_end ] --START--
INFO: Run Behavior\ShowPageTraceBehavior [ RunTime:0.000456s ]
INFO: [ app_end ] --END-- [ RunTime:0.000494s ]

[ 2015-10-08T09:45:56+08:00 ] 127.0.0.1 /myProject/thinkphpFrame/index.php/Admin/Task/show_edit/id/resources/images/loading.gif
INFO: [ app_init ] --START--
INFO: Run Behavior\BuildLiteBehavior [ RunTime:0.000019s ]
INFO: [ app_init ] --END-- [ RunTime:0.000384s ]

[ 2015-10-08T09:45:56+08:00 ] 127.0.0.1 /myProject/thinkphpFrame/index.php/Admin/Task/show_edit/id/resources/images/closelabel.gif
INFO: [ app_init ] --START--
INFO: Run Behavior\BuildLiteBehavior [ RunTime:0.000019s ]
INFO: [ app_init ] --END-- [ RunTime:0.000444s ]

[ 2015-10-08T09:51:05+08:00 ] 127.0.0.1 /myProject/thinkphpFrame/index.php/Admin/News/index
INFO: [ app_init ] --START--
INFO: Run Behavior\BuildLiteBehavior [ RunTime:0.000021s ]
INFO: [ app_init ] --END-- [ RunTime:0.000538s ]
INFO: [ app_begin ] --START--
INFO: Run Behavior\ReadHtmlCacheBehavior [ RunTime:0.000858s ]
INFO: [ app_begin ] --END-- [ RunTime:0.000945s ]
SQL: SHOW COLUMNS FROM `news` [ RunTime:0.0030s ]
SQL: SELECT COUNT(*) AS tp_count FROM `news` WHERE ( 1 ) LIMIT 1   [ RunTime:0.0003s ]
SQL: SELECT * FROM `news` WHERE ( 1 ) ORDER BY post_time desc LIMIT 0,10   [ RunTime:0.0008s ]
INFO: [ view_parse ] --START--
INFO: [ template_filter ] --START--
INFO: Run Behavior\ContentReplaceBehavior [ RunTime:0.000136s ]
INFO: [ template_filter ] --END-- [ RunTime:0.000186s ]
NOTIC: [8] Undefined index: cat_name D:\wamp\www\myProject\thinkphpFrame\Application\Runtime\Cache\Admin\36087655c6ab8580337cdc45b35a926d.php 第 331 行.
NOTIC: [8] Undefined index: cat_name D:\wamp\www\myProject\thinkphpFrame\Application\Runtime\Cache\Admin\36087655c6ab8580337cdc45b35a926d.php 第 331 行.
NOTIC: [8] Undefined index: cat_name D:\wamp\www\myProject\thinkphpFrame\Application\Runtime\Cache\Admin\36087655c6ab8580337cdc45b35a926d.php 第 331 行.
NOTIC: [8] Undefined index: cat_name D:\wamp\www\myProject\thinkphpFrame\Application\Runtime\Cache\Admin\36087655c6ab8580337cdc45b35a926d.php 第 331 行.
NOTIC: [8] Undefined index: cat_name D:\wamp\www\myProject\thinkphpFrame\Application\Runtime\Cache\Admin\36087655c6ab8580337cdc45b35a926d.php 第 331 行.
NOTIC: [8] Undefined index: cat_name D:\wamp\www\myProject\thinkphpFrame\Application\Runtime\Cache\Admin\36087655c6ab8580337cdc45b35a926d.php 第 331 行.
NOTIC: [8] Undefined index: cat_name D:\wamp\www\myProject\thinkphpFrame\Application\Runtime\Cache\Admin\36087655c6ab8580337cdc45b35a926d.php 第 331 行.
NOTIC: [8] Undefined index: cat_name D:\wamp\www\myProject\thinkphpFrame\Application\Runtime\Cache\Admin\36087655c6ab8580337cdc45b35a926d.php 第 331 行.
NOTIC: [8] Undefined index: cat_name D:\wamp\www\myProject\thinkphpFrame\Application\Runtime\Cache\Admin\36087655c6ab8580337cdc45b35a926d.php 第 331 行.
NOTIC: [8] Undefined index: cat_name D:\wamp\www\myProject\thinkphpFrame\Application\Runtime\Cache\Admin\36087655c6ab8580337cdc45b35a926d.php 第 331 行.
INFO: Run Behavior\ParseTemplateBehavior [ RunTime:0.010140s ]
INFO: [ view_parse ] --END-- [ RunTime:0.010183s ]
INFO: [ view_filter ] --START--
INFO: Run Behavior\WriteHtmlCacheBehavior [ RunTime:0.000265s ]
INFO: [ view_filter ] --END-- [ RunTime:0.000303s ]
INFO: [ app_end ] --START--
INFO: Run Behavior\ShowPageTraceBehavior [ RunTime:0.000460s ]
INFO: [ app_end ] --END-- [ RunTime:0.000498s ]

[ 2015-10-08T09:51:06+08:00 ] 127.0.0.1 /myProject/thinkphpFrame/index.php/Admin/News/resources/images/loading.gif
INFO: [ app_init ] --START--
INFO: Run Behavior\BuildLiteBehavior [ RunTime:0.000019s ]
INFO: [ app_init ] --END-- [ RunTime:0.000428s ]

[ 2015-10-08T09:51:06+08:00 ] 127.0.0.1 /myProject/thinkphpFrame/index.php/Admin/News/resources/images/closelabel.gif
INFO: [ app_init ] --START--
INFO: Run Behavior\BuildLiteBehavior [ RunTime:0.000020s ]
INFO: [ app_init ] --END-- [ RunTime:0.000482s ]

[ 2015-10-08T09:51:30+08:00 ] 127.0.0.1 /myProject/thinkphpFrame/index.php/Admin/Task/index
INFO: [ app_init ] --START--
INFO: Run Behavior\BuildLiteBehavior [ RunTime:0.000013s ]
INFO: [ app_init ] --END-- [ RunTime:0.000318s ]
INFO: [ app_begin ] --START--
INFO: Run Behavior\ReadHtmlCacheBehavior [ RunTime:0.000532s ]
INFO: [ app_begin ] --END-- [ RunTime:0.000585s ]
SQL: SHOW COLUMNS FROM `tasks` [ RunTime:0.0035s ]
SQL: SELECT COUNT(*) AS tp_count FROM `tasks` WHERE ( 1 ) LIMIT 1   [ RunTime:0.0003s ]
SQL: SELECT * FROM `tasks` WHERE ( 1 ) ORDER BY task_posttime desc LIMIT 0,10   [ RunTime:0.0005s ]
INFO: [ view_parse ] --START--
INFO: [ template_filter ] --START--
INFO: Run Behavior\ContentReplaceBehavior [ RunTime:0.000167s ]
INFO: [ template_filter ] --END-- [ RunTime:0.000219s ]
INFO: Run Behavior\ParseTemplateBehavior [ RunTime:0.012217s ]
INFO: [ view_parse ] --END-- [ RunTime:0.012290s ]
INFO: [ view_filter ] --START--
INFO: Run Behavior\WriteHtmlCacheBehavior [ RunTime:0.000332s ]
INFO: [ view_filter ] --END-- [ RunTime:0.000380s ]
INFO: [ app_end ] --START--
INFO: Run Behavior\ShowPageTraceBehavior [ RunTime:0.000556s ]
INFO: [ app_end ] --END-- [ RunTime:0.000604s ]

[ 2015-10-08T09:51:30+08:00 ] 127.0.0.1 /myProject/thinkphpFrame/index.php/Admin/Task/resources/images/closelabel.gif
INFO: [ app_init ] --START--
INFO: Run Behavior\BuildLiteBehavior [ RunTime:0.000018s ]
INFO: [ app_init ] --END-- [ RunTime:0.000426s ]

[ 2015-10-08T09:51:30+08:00 ] 127.0.0.1 /myProject/thinkphpFrame/index.php/Admin/Task/resources/images/loading.gif
INFO: [ app_init ] --START--
INFO: Run Behavior\BuildLiteBehavior [ RunTime:0.000018s ]
INFO: [ app_init ] --END-- [ RunTime:0.000386s ]

[ 2015-10-08T09:51:34+08:00 ] 127.0.0.1 /myProject/thinkphpFrame/index.php/Admin/Task/show_edit/id/49
INFO: [ app_init ] --START--
INFO: Run Behavior\BuildLiteBehavior [ RunTime:0.000017s ]
INFO: [ app_init ] --END-- [ RunTime:0.000419s ]
INFO: [ app_begin ] --START--
INFO: Run Behavior\ReadHtmlCacheBehavior [ RunTime:0.000810s ]
INFO: [ app_begin ] --END-- [ RunTime:0.000889s ]
SQL: SHOW COLUMNS FROM `tasks` [ RunTime:0.0032s ]
SQL: SELECT * FROM `tasks` WHERE ( id=49 ) LIMIT 1   [ RunTime:0.0004s ]
INFO: [ view_parse ] --START--
INFO: [ template_filter ] --START--
INFO: Run Behavior\ContentReplaceBehavior [ RunTime:0.000153s ]
INFO: [ template_filter ] --END-- [ RunTime:0.000200s ]
NOTIC: [8] Undefined variable: page D:\wamp\www\myProject\thinkphpFrame\Application\Runtime\Cache\Admin\26277d3be42e7aef19fe5fe8df24603e.php 第 323 行.
NOTIC: [8] Undefined variable: list D:\wamp\www\myProject\thinkphpFrame\Application\Runtime\Cache\Admin\26277d3be42e7aef19fe5fe8df24603e.php 第 331 行.
INFO: Run Behavior\ParseTemplateBehavior [ RunTime:0.010974s ]
INFO: [ view_parse ] --END-- [ RunTime:0.011025s ]
INFO: [ view_filter ] --START--
INFO: Run Behavior\WriteHtmlCacheBehavior [ RunTime:0.000278s ]
INFO: [ view_filter ] --END-- [ RunTime:0.000317s ]
INFO: [ app_end ] --START--
INFO: Run Behavior\ShowPageTraceBehavior [ RunTime:0.000497s ]
INFO: [ app_end ] --END-- [ RunTime:0.000537s ]

[ 2015-10-08T09:51:35+08:00 ] 127.0.0.1 /myProject/thinkphpFrame/index.php/Admin/Task/show_edit/id/resources/images/closelabel.gif
INFO: [ app_init ] --START--
INFO: Run Behavior\BuildLiteBehavior [ RunTime:0.000018s ]
INFO: [ app_init ] --END-- [ RunTime:0.000401s ]

[ 2015-10-08T09:51:35+08:00 ] 127.0.0.1 /myProject/thinkphpFrame/index.php/Admin/Task/show_edit/id/resources/images/loading.gif
INFO: [ app_init ] --START--
INFO: Run Behavior\BuildLiteBehavior [ RunTime:0.000017s ]
INFO: [ app_init ] --END-- [ RunTime:0.000433s ]

[ 2015-10-08T09:52:20+08:00 ] 127.0.0.1 /myProject/thinkphpFrame/index.php/Admin/Task/show_baoming/id/49
INFO: [ app_init ] --START--
INFO: Run Behavior\BuildLiteBehavior [ RunTime:0.000017s ]
INFO: [ app_init ] --END-- [ RunTime:0.000422s ]
INFO: [ app_begin ] --START--
INFO: Run Behavior\ReadHtmlCacheBehavior [ RunTime:0.000696s ]
INFO: [ app_begin ] --END-- [ RunTime:0.000770s ]
SQL: SHOW COLUMNS FROM `task_user` [ RunTime:0.0040s ]
SQL: SELECT COUNT(*) AS tp_count FROM `task_user` INNER JOIN tasks ON tasks.id=task_user.task_id INNER JOIN user_info ON task_user.user_id=user_info.id AND task_id=49  LIMIT 1   [ RunTime:0.0003s ]
SQL: SELECT * FROM `task_user` INNER JOIN tasks ON tasks.id=task_user.task_id INNER JOIN user_info ON task_user.user_id=user_info.id AND task_id=49  ORDER BY time desc LIMIT 0,10   [ RunTime:0.0005s ]
INFO: [ view_parse ] --START--
INFO: [ template_filter ] --START--
INFO: Run Behavior\ContentReplaceBehavior [ RunTime:0.000165s ]
INFO: [ template_filter ] --END-- [ RunTime:0.000223s ]
NOTIC: [8] Undefined variable: id D:\wamp\www\myProject\thinkphpFrame\Application\Runtime\Cache\Admin\25ecfde752835b67ed3f37f6c907f738.php 第 125 行.
NOTIC: [8] Undefined index: 0 D:\wamp\www\myProject\thinkphpFrame\Application\Runtime\Cache\Admin\25ecfde752835b67ed3f37f6c907f738.php 第 291 行.
NOTIC: [8] Undefined variable: data D:\wamp\www\myProject\thinkphpFrame\Application\Runtime\Cache\Admin\25ecfde752835b67ed3f37f6c907f738.php 第 411 行.
NOTIC: [8] Undefined variable: data D:\wamp\www\myProject\thinkphpFrame\Application\Runtime\Cache\Admin\25ecfde752835b67ed3f37f6c907f738.php 第 412 行.
NOTIC: [8] Undefined variable: data D:\wamp\www\myProject\thinkphpFrame\Application\Runtime\Cache\Admin\25ecfde752835b67ed3f37f6c907f738.php 第 422 行.
NOTIC: [8] Undefined variable: data D:\wamp\www\myProject\thinkphpFrame\Application\Runtime\Cache\Admin\25ecfde752835b67ed3f37f6c907f738.php 第 424 行.
NOTIC: [8] Undefined variable: data D:\wamp\www\myProject\thinkphpFrame\Application\Runtime\Cache\Admin\25ecfde752835b67ed3f37f6c907f738.php 第 429 行.
NOTIC: [8] Undefined variable: data D:\wamp\www\myProject\thinkphpFrame\Application\Runtime\Cache\Admin\25ecfde752835b67ed3f37f6c907f738.php 第 434 行.
NOTIC: [8] Undefined variable: data D:\wamp\www\myProject\thinkphpFrame\Application\Runtime\Cache\Admin\25ecfde752835b67ed3f37f6c907f738.php 第 439 行.
NOTIC: [8] Undefined variable: data D:\wamp\www\myProject\thinkphpFrame\Application\Runtime\Cache\Admin\25ecfde752835b67ed3f37f6c907f738.php 第 444 行.
NOTIC: [8] Undefined variable: data D:\wamp\www\myProject\thinkphpFrame\Application\Runtime\Cache\Admin\25ecfde752835b67ed3f37f6c907f738.php 第 449 行.
NOTIC: [8] Undefined variable: data D:\wamp\www\myProject\thinkphpFrame\Application\Runtime\Cache\Admin\25ecfde752835b67ed3f37f6c907f738.php 第 454 行.
NOTIC: [8] Undefined variable: data D:\wamp\www\myProject\thinkphpFrame\Application\Runtime\Cache\Admin\25ecfde752835b67ed3f37f6c907f738.php 第 459 行.
NOTIC: [8] Undefined variable: data D:\wamp\www\myProject\thinkphpFrame\Application\Runtime\Cache\Admin\25ecfde752835b67ed3f37f6c907f738.php 第 464 行.
NOTIC: [8] Undefined variable: data D:\wamp\www\myProject\thinkphpFrame\Application\Runtime\Cache\Admin\25ecfde752835b67ed3f37f6c907f738.php 第 471 行.
NOTIC: [8] Undefined variable: data D:\wamp\www\myProject\thinkphpFrame\Application\Runtime\Cache\Admin\25ecfde752835b67ed3f37f6c907f738.php 第 479 行.
INFO: Run Behavior\ParseTemplateBehavior [ RunTime:0.022197s ]
INFO: [ view_parse ] --END-- [ RunTime:0.022258s ]
INFO: [ view_filter ] --START--
INFO: Run Behavior\WriteHtmlCacheBehavior [ RunTime:0.000298s ]
INFO: [ view_filter ] --END-- [ RunTime:0.000335s ]
INFO: [ app_end ] --START--
INFO: Run Behavior\ShowPageTraceBehavior [ RunTime:0.000449s ]
INFO: [ app_end ] --END-- [ RunTime:0.000487s ]

[ 2015-10-08T09:52:20+08:00 ] 127.0.0.1 /myProject/thinkphpFrame/index.php/Admin/Task/show_baoming/id/resources/images/closelabel.gif
INFO: [ app_init ] --START--
INFO: Run Behavior\BuildLiteBehavior [ RunTime:0.000019s ]
INFO: [ app_init ] --END-- [ RunTime:0.000395s ]

[ 2015-10-08T09:52:20+08:00 ] 127.0.0.1 /myProject/thinkphpFrame/index.php/Admin/Task/show_baoming/id/resources/images/loading.gif
INFO: [ app_init ] --START--
INFO: Run Behavior\BuildLiteBehavior [ RunTime:0.000017s ]
INFO: [ app_init ] --END-- [ RunTime:0.000433s ]

[ 2015-10-08T09:52:23+08:00 ] 127.0.0.1 /myProject/thinkphpFrame/index.php/Admin/Task/index
INFO: [ app_init ] --START--
INFO: Run Behavior\BuildLiteBehavior [ RunTime:0.000016s ]
INFO: [ app_init ] --END-- [ RunTime:0.000454s ]
INFO: [ app_begin ] --START--
INFO: Run Behavior\ReadHtmlCacheBehavior [ RunTime:0.000768s ]
INFO: [ app_begin ] --END-- [ RunTime:0.000841s ]
SQL: SHOW COLUMNS FROM `tasks` [ RunTime:0.0038s ]
SQL: SELECT COUNT(*) AS tp_count FROM `tasks` WHERE ( 1 ) LIMIT 1   [ RunTime:0.0003s ]
SQL: SELECT * FROM `tasks` WHERE ( 1 ) ORDER BY task_posttime desc LIMIT 0,10   [ RunTime:0.0005s ]
INFO: [ view_parse ] --START--
INFO: [ template_filter ] --START--
INFO: Run Behavior\ContentReplaceBehavior [ RunTime:0.000169s ]
INFO: [ template_filter ] --END-- [ RunTime:0.000230s ]
INFO: Run Behavior\ParseTemplateBehavior [ RunTime:0.013705s ]
INFO: [ view_parse ] --END-- [ RunTime:0.013776s ]
INFO: [ view_filter ] --START--
INFO: Run Behavior\WriteHtmlCacheBehavior [ RunTime:0.000309s ]
INFO: [ view_filter ] --END-- [ RunTime:0.000352s ]
INFO: [ app_end ] --START--
INFO: Run Behavior\ShowPageTraceBehavior [ RunTime:0.000553s ]
INFO: [ app_end ] --END-- [ RunTime:0.000598s ]

[ 2015-10-08T09:52:23+08:00 ] 127.0.0.1 /myProject/thinkphpFrame/index.php/Admin/Task/resources/images/closelabel.gif
INFO: [ app_init ] --START--
INFO: Run Behavior\BuildLiteBehavior [ RunTime:0.000018s ]
INFO: [ app_init ] --END-- [ RunTime:0.000424s ]

[ 2015-10-08T09:52:23+08:00 ] 127.0.0.1 /myProject/thinkphpFrame/index.php/Admin/Task/resources/images/loading.gif
INFO: [ app_init ] --START--
INFO: Run Behavior\BuildLiteBehavior [ RunTime:0.000017s ]
INFO: [ app_init ] --END-- [ RunTime:0.000400s ]

[ 2015-10-08T10:09:58+08:00 ] 127.0.0.1 /myProject/thinkphpFrame/index.php/Admin/Task/index
INFO: [ app_init ] --START--
INFO: Run Behavior\BuildLiteBehavior [ RunTime:0.000017s ]
INFO: [ app_init ] --END-- [ RunTime:0.000486s ]
INFO: [ app_begin ] --START--
INFO: Run Behavior\ReadHtmlCacheBehavior [ RunTime:0.000847s ]
INFO: [ app_begin ] --END-- [ RunTime:0.000922s ]
SQL: SHOW COLUMNS FROM `tasks` [ RunTime:0.0038s ]
SQL: SELECT COUNT(*) AS tp_count FROM `tasks` WHERE ( 1 ) LIMIT 1   [ RunTime:0.0003s ]
SQL: SELECT * FROM `tasks` WHERE ( 1 ) ORDER BY task_posttime desc LIMIT 0,10   [ RunTime:0.0004s ]
INFO: [ view_parse ] --START--
INFO: [ template_filter ] --START--
INFO: Run Behavior\ContentReplaceBehavior [ RunTime:0.000141s ]
INFO: [ template_filter ] --END-- [ RunTime:0.000191s ]
INFO: Run Behavior\ParseTemplateBehavior [ RunTime:0.010948s ]
INFO: [ view_parse ] --END-- [ RunTime:0.011017s ]
INFO: [ view_filter ] --START--
INFO: Run Behavior\WriteHtmlCacheBehavior [ RunTime:0.000290s ]
INFO: [ view_filter ] --END-- [ RunTime:0.000329s ]
INFO: [ app_end ] --START--
INFO: Run Behavior\ShowPageTraceBehavior [ RunTime:0.000449s ]
INFO: [ app_end ] --END-- [ RunTime:0.000487s ]

[ 2015-10-08T10:09:58+08:00 ] 127.0.0.1 /myProject/thinkphpFrame/index.php/Admin/Task/resources/images/closelabel.gif
INFO: [ app_init ] --START--
INFO: Run Behavior\BuildLiteBehavior [ RunTime:0.000019s ]
INFO: [ app_init ] --END-- [ RunTime:0.000384s ]

[ 2015-10-08T10:09:58+08:00 ] 127.0.0.1 /myProject/thinkphpFrame/index.php/Admin/Task/resources/images/loading.gif
INFO: [ app_init ] --START--
INFO: Run Behavior\BuildLiteBehavior [ RunTime:0.000012s ]
INFO: [ app_init ] --END-- [ RunTime:0.000280s ]

[ 2015-10-08T14:04:48+08:00 ] 127.0.0.1 /myProject/thinkphpFrame/index.php/Admin/Task/index
INFO: [ app_init ] --START--
INFO: Run Behavior\BuildLiteBehavior [ RunTime:0.000021s ]
INFO: [ app_init ] --END-- [ RunTime:0.000666s ]
INFO: [ app_begin ] --START--
INFO: Run Behavior\ReadHtmlCacheBehavior [ RunTime:0.002667s ]
INFO: [ app_begin ] --END-- [ RunTime:0.002790s ]

[ 2015-10-08T14:04:48+08:00 ] 127.0.0.1 /myProject/thinkphpFrame/index.php/Admin/login/index.html
INFO: [ app_init ] --START--
INFO: Run Behavior\BuildLiteBehavior [ RunTime:0.000018s ]
INFO: [ app_init ] --END-- [ RunTime:0.000613s ]
INFO: [ app_begin ] --START--
INFO: Run Behavior\ReadHtmlCacheBehavior [ RunTime:0.001420s ]
INFO: [ app_begin ] --END-- [ RunTime:0.001509s ]
INFO: [ view_parse ] --START--
INFO: [ template_filter ] --START--
INFO: Run Behavior\ContentReplaceBehavior [ RunTime:0.000076s ]
INFO: [ template_filter ] --END-- [ RunTime:0.000174s ]
INFO: Run Behavior\ParseTemplateBehavior [ RunTime:0.036021s ]
INFO: [ view_parse ] --END-- [ RunTime:0.036127s ]
INFO: [ view_filter ] --START--
INFO: Run Behavior\WriteHtmlCacheBehavior [ RunTime:0.001221s ]
INFO: [ view_filter ] --END-- [ RunTime:0.001292s ]
INFO: [ app_end ] --START--
INFO: Run Behavior\ShowPageTraceBehavior [ RunTime:0.002093s ]
INFO: [ app_end ] --END-- [ RunTime:0.002188s ]

[ 2015-10-08T14:04:51+08:00 ] 127.0.0.1 /myProject/thinkphpFrame/index.php/Admin/login/resources/images/closelabel.gif
INFO: [ app_init ] --START--
INFO: Run Behavior\BuildLiteBehavior [ RunTime:0.000020s ]
INFO: [ app_init ] --END-- [ RunTime:0.000641s ]

[ 2015-10-08T14:04:51+08:00 ] 127.0.0.1 /myProject/thinkphpFrame/index.php/Admin/login/resources/images/loading.gif
INFO: [ app_init ] --START--
INFO: Run Behavior\BuildLiteBehavior [ RunTime:0.000019s ]
INFO: [ app_init ] --END-- [ RunTime:0.000672s ]

